CRITICAL - 2024-05-23 02:23:01 --> explode(): Argument #2 ($string) must be of type string, array given
in APPPATH\Controllers\AdminController.php on line 103.
 1 APPPATH\Controllers\AdminController.php(103): explode('/', [...])
 2 SYSTEMPATH\CodeIgniter.php(919): App\Controllers\AdminController->AdminSalesTable()
 3 SYSTEMPATH\CodeIgniter.php(494): CodeIgniter\CodeIgniter->runController(Object(App\Controllers\AdminController))
 4 SYSTEMPATH\CodeIgniter.php(353): CodeIgniter\CodeIgniter->handleRequest(null, Object(Config\Cache), false)
 5 FCPATH\index.php(91): CodeIgniter\CodeIgniter->run()
CRITICAL - 2024-05-23 02:23:01 --> explode(): Argument #2 ($string) must be of type string, array given
in APPPATH\Controllers\AdminController.php on line 103.
 1 APPPATH\Controllers\AdminController.php(103): explode('/', [...])
 2 SYSTEMPATH\CodeIgniter.php(919): App\Controllers\AdminController->AdminSalesTable()
 3 SYSTEMPATH\CodeIgniter.php(494): CodeIgniter\CodeIgniter->runController(Object(App\Controllers\AdminController))
 4 SYSTEMPATH\CodeIgniter.php(353): CodeIgniter\CodeIgniter->handleRequest(null, Object(Config\Cache), false)
 5 FCPATH\index.php(91): CodeIgniter\CodeIgniter->run()
CRITICAL - 2024-05-23 02:23:02 --> explode(): Argument #2 ($string) must be of type string, array given
in APPPATH\Controllers\AdminController.php on line 103.
 1 APPPATH\Controllers\AdminController.php(103): explode('/', [...])
 2 SYSTEMPATH\CodeIgniter.php(919): App\Controllers\AdminController->AdminSalesTable()
 3 SYSTEMPATH\CodeIgniter.php(494): CodeIgniter\CodeIgniter->runController(Object(App\Controllers\AdminController))
 4 SYSTEMPATH\CodeIgniter.php(353): CodeIgniter\CodeIgniter->handleRequest(null, Object(Config\Cache), false)
 5 FCPATH\index.php(91): CodeIgniter\CodeIgniter->run()
CRITICAL - 2024-05-23 02:23:03 --> explode(): Argument #2 ($string) must be of type string, array given
in APPPATH\Controllers\AdminController.php on line 103.
 1 APPPATH\Controllers\AdminController.php(103): explode('/', [...])
 2 SYSTEMPATH\CodeIgniter.php(919): App\Controllers\AdminController->AdminSalesTable()
 3 SYSTEMPATH\CodeIgniter.php(494): CodeIgniter\CodeIgniter->runController(Object(App\Controllers\AdminController))
 4 SYSTEMPATH\CodeIgniter.php(353): CodeIgniter\CodeIgniter->handleRequest(null, Object(Config\Cache), false)
 5 FCPATH\index.php(91): CodeIgniter\CodeIgniter->run()
CRITICAL - 2024-05-23 02:23:04 --> explode(): Argument #2 ($string) must be of type string, array given
in APPPATH\Controllers\AdminController.php on line 103.
 1 APPPATH\Controllers\AdminController.php(103): explode('/', [...])
 2 SYSTEMPATH\CodeIgniter.php(919): App\Controllers\AdminController->AdminSalesTable()
 3 SYSTEMPATH\CodeIgniter.php(494): CodeIgniter\CodeIgniter->runController(Object(App\Controllers\AdminController))
 4 SYSTEMPATH\CodeIgniter.php(353): CodeIgniter\CodeIgniter->handleRequest(null, Object(Config\Cache), false)
 5 FCPATH\index.php(91): CodeIgniter\CodeIgniter->run()
CRITICAL - 2024-05-23 02:23:05 --> explode(): Argument #2 ($string) must be of type string, array given
in APPPATH\Controllers\AdminController.php on line 103.
 1 APPPATH\Controllers\AdminController.php(103): explode('/', [...])
 2 SYSTEMPATH\CodeIgniter.php(919): App\Controllers\AdminController->AdminSalesTable()
 3 SYSTEMPATH\CodeIgniter.php(494): CodeIgniter\CodeIgniter->runController(Object(App\Controllers\AdminController))
 4 SYSTEMPATH\CodeIgniter.php(353): CodeIgniter\CodeIgniter->handleRequest(null, Object(Config\Cache), false)
 5 FCPATH\index.php(91): CodeIgniter\CodeIgniter->run()
CRITICAL - 2024-05-23 07:03:02 --> Unsupported operand types: string / int
in APPPATH\Controllers\CurrentTransactionController.php on line 280.
 1 SYSTEMPATH\CodeIgniter.php(919): App\Controllers\CurrentTransactionController->SubmitCurrentTransaction()
 2 SYSTEMPATH\CodeIgniter.php(494): CodeIgniter\CodeIgniter->runController(Object(App\Controllers\CurrentTransactionController))
 3 SYSTEMPATH\CodeIgniter.php(353): CodeIgniter\CodeIgniter->handleRequest(null, Object(Config\Cache), false)
 4 FCPATH\index.php(91): CodeIgniter\CodeIgniter->run()
CRITICAL - 2024-05-23 15:28:11 --> Trying to access array offset on value of type null
in APPPATH\Controllers\ProductController.php on line 305.
 1 APPPATH\Controllers\ProductController.php(305): CodeIgniter\Debug\Exceptions->errorHandler(2, 'Trying to access array offset on value of type null', 'C:\\laragon\\www\\cipharmaplus\\app\\Controllers\\ProductController.php', 305)
 2 SYSTEMPATH\CodeIgniter.php(919): App\Controllers\ProductController->countBranchUniqueItems('')
 3 SYSTEMPATH\CodeIgniter.php(494): CodeIgniter\CodeIgniter->runController(Object(App\Controllers\ProductController))
 4 SYSTEMPATH\CodeIgniter.php(353): CodeIgniter\CodeIgniter->handleRequest(null, Object(Config\Cache), false)
 5 FCPATH\index.php(91): CodeIgniter\CodeIgniter->run()
CRITICAL - 2024-05-23 15:28:11 --> Trying to access array offset on value of type null
in APPPATH\Controllers\AuditController.php on line 33.
 1 APPPATH\Controllers\AuditController.php(33): CodeIgniter\Debug\Exceptions->errorHandler(2, 'Trying to access array offset on value of type null', 'C:\\laragon\\www\\cipharmaplus\\app\\Controllers\\AuditController.php', 33)
 2 SYSTEMPATH\CodeIgniter.php(919): App\Controllers\AuditController->TopSellingProductPerWeek()
 3 SYSTEMPATH\CodeIgniter.php(494): CodeIgniter\CodeIgniter->runController(Object(App\Controllers\AuditController))
 4 SYSTEMPATH\CodeIgniter.php(353): CodeIgniter\CodeIgniter->handleRequest(null, Object(Config\Cache), false)
 5 FCPATH\index.php(91): CodeIgniter\CodeIgniter->run()
CRITICAL - 2024-05-23 15:28:11 --> Trying to access array offset on value of type null
in APPPATH\Controllers\BranchController.php on line 23.
 1 APPPATH\Controllers\BranchController.php(23): CodeIgniter\Debug\Exceptions->errorHandler(2, 'Trying to access array offset on value of type null', 'C:\\laragon\\www\\cipharmaplus\\app\\Controllers\\BranchController.php', 23)
 2 SYSTEMPATH\CodeIgniter.php(919): App\Controllers\BranchController->TotalBranchWorker()
 3 SYSTEMPATH\CodeIgniter.php(494): CodeIgniter\CodeIgniter->runController(Object(App\Controllers\BranchController))
 4 SYSTEMPATH\CodeIgniter.php(353): CodeIgniter\CodeIgniter->handleRequest(null, Object(Config\Cache), false)
 5 FCPATH\index.php(91): CodeIgniter\CodeIgniter->run()
CRITICAL - 2024-05-23 15:28:11 --> Trying to access array offset on value of type null
in APPPATH\Controllers\OrderController.php on line 72.
 1 APPPATH\Controllers\OrderController.php(72): CodeIgniter\Debug\Exceptions->errorHandler(2, 'Trying to access array offset on value of type null', 'C:\\laragon\\www\\cipharmaplus\\app\\Controllers\\OrderController.php', 72)
 2 SYSTEMPATH\CodeIgniter.php(919): App\Controllers\OrderController->EarningsPerWeek()
 3 SYSTEMPATH\CodeIgniter.php(494): CodeIgniter\CodeIgniter->runController(Object(App\Controllers\OrderController))
 4 SYSTEMPATH\CodeIgniter.php(353): CodeIgniter\CodeIgniter->handleRequest(null, Object(Config\Cache), false)
 5 FCPATH\index.php(91): CodeIgniter\CodeIgniter->run()
CRITICAL - 2024-05-23 15:28:11 --> Trying to access array offset on value of type null
in APPPATH\Controllers\OrderController.php on line 31.
 1 APPPATH\Controllers\OrderController.php(31): CodeIgniter\Debug\Exceptions->errorHandler(2, 'Trying to access array offset on value of type null', 'C:\\laragon\\www\\cipharmaplus\\app\\Controllers\\OrderController.php', 31)
 2 SYSTEMPATH\CodeIgniter.php(919): App\Controllers\OrderController->TransactionToday()
 3 SYSTEMPATH\CodeIgniter.php(494): CodeIgniter\CodeIgniter->runController(Object(App\Controllers\OrderController))
 4 SYSTEMPATH\CodeIgniter.php(353): CodeIgniter\CodeIgniter->handleRequest(null, Object(Config\Cache), false)
 5 FCPATH\index.php(91): CodeIgniter\CodeIgniter->run()
CRITICAL - 2024-05-23 15:28:11 --> Trying to access array offset on value of type null
in APPPATH\Controllers\OrderController.php on line 114.
 1 APPPATH\Controllers\OrderController.php(114): CodeIgniter\Debug\Exceptions->errorHandler(2, 'Trying to access array offset on value of type null', 'C:\\laragon\\www\\cipharmaplus\\app\\Controllers\\OrderController.php', 114)
 2 SYSTEMPATH\CodeIgniter.php(919): App\Controllers\OrderController->AverageOrderValuePerWeek()
 3 SYSTEMPATH\CodeIgniter.php(494): CodeIgniter\CodeIgniter->runController(Object(App\Controllers\OrderController))
 4 SYSTEMPATH\CodeIgniter.php(353): CodeIgniter\CodeIgniter->handleRequest(null, Object(Config\Cache), false)
 5 FCPATH\index.php(91): CodeIgniter\CodeIgniter->run()
CRITICAL - 2024-05-23 15:28:11 --> Trying to access array offset on value of type null
in APPPATH\Controllers\OrderController.php on line 114.
 1 APPPATH\Controllers\OrderController.php(114): CodeIgniter\Debug\Exceptions->errorHandler(2, 'Trying to access array offset on value of type null', 'C:\\laragon\\www\\cipharmaplus\\app\\Controllers\\OrderController.php', 114)
 2 SYSTEMPATH\CodeIgniter.php(919): App\Controllers\OrderController->AverageOrderValuePerWeek()
 3 SYSTEMPATH\CodeIgniter.php(494): CodeIgniter\CodeIgniter->runController(Object(App\Controllers\OrderController))
 4 SYSTEMPATH\CodeIgniter.php(353): CodeIgniter\CodeIgniter->handleRequest(null, Object(Config\Cache), false)
 5 FCPATH\index.php(91): CodeIgniter\CodeIgniter->run()
CRITICAL - 2024-05-23 15:28:11 --> Trying to access array offset on value of type null
in APPPATH\Controllers\ProductController.php on line 305.
 1 APPPATH\Controllers\ProductController.php(305): CodeIgniter\Debug\Exceptions->errorHandler(2, 'Trying to access array offset on value of type null', 'C:\\laragon\\www\\cipharmaplus\\app\\Controllers\\ProductController.php', 305)
 2 SYSTEMPATH\CodeIgniter.php(919): App\Controllers\ProductController->countBranchUniqueItems('')
 3 SYSTEMPATH\CodeIgniter.php(494): CodeIgniter\CodeIgniter->runController(Object(App\Controllers\ProductController))
 4 SYSTEMPATH\CodeIgniter.php(353): CodeIgniter\CodeIgniter->handleRequest(null, Object(Config\Cache), false)
 5 FCPATH\index.php(91): CodeIgniter\CodeIgniter->run()
CRITICAL - 2024-05-23 15:28:11 --> Trying to access array offset on value of type null
in APPPATH\Controllers\OrderController.php on line 31.
 1 APPPATH\Controllers\OrderController.php(31): CodeIgniter\Debug\Exceptions->errorHandler(2, 'Trying to access array offset on value of type null', 'C:\\laragon\\www\\cipharmaplus\\app\\Controllers\\OrderController.php', 31)
 2 SYSTEMPATH\CodeIgniter.php(919): App\Controllers\OrderController->TransactionToday()
 3 SYSTEMPATH\CodeIgniter.php(494): CodeIgniter\CodeIgniter->runController(Object(App\Controllers\OrderController))
 4 SYSTEMPATH\CodeIgniter.php(353): CodeIgniter\CodeIgniter->handleRequest(null, Object(Config\Cache), false)
 5 FCPATH\index.php(91): CodeIgniter\CodeIgniter->run()
CRITICAL - 2024-05-23 15:28:11 --> Trying to access array offset on value of type null
in APPPATH\Controllers\OrderController.php on line 72.
 1 APPPATH\Controllers\OrderController.php(72): CodeIgniter\Debug\Exceptions->errorHandler(2, 'Trying to access array offset on value of type null', 'C:\\laragon\\www\\cipharmaplus\\app\\Controllers\\OrderController.php', 72)
 2 SYSTEMPATH\CodeIgniter.php(919): App\Controllers\OrderController->EarningsPerWeek()
 3 SYSTEMPATH\CodeIgniter.php(494): CodeIgniter\CodeIgniter->runController(Object(App\Controllers\OrderController))
 4 SYSTEMPATH\CodeIgniter.php(353): CodeIgniter\CodeIgniter->handleRequest(null, Object(Config\Cache), false)
 5 FCPATH\index.php(91): CodeIgniter\CodeIgniter->run()
CRITICAL - 2024-05-23 15:28:11 --> Trying to access array offset on value of type null
in APPPATH\Controllers\BranchController.php on line 23.
 1 APPPATH\Controllers\BranchController.php(23): CodeIgniter\Debug\Exceptions->errorHandler(2, 'Trying to access array offset on value of type null', 'C:\\laragon\\www\\cipharmaplus\\app\\Controllers\\BranchController.php', 23)
 2 SYSTEMPATH\CodeIgniter.php(919): App\Controllers\BranchController->TotalBranchWorker()
 3 SYSTEMPATH\CodeIgniter.php(494): CodeIgniter\CodeIgniter->runController(Object(App\Controllers\BranchController))
 4 SYSTEMPATH\CodeIgniter.php(353): CodeIgniter\CodeIgniter->handleRequest(null, Object(Config\Cache), false)
 5 FCPATH\index.php(91): CodeIgniter\CodeIgniter->run()
CRITICAL - 2024-05-23 15:28:12 --> Trying to access array offset on value of type null
in APPPATH\Controllers\AuditController.php on line 33.
 1 APPPATH\Controllers\AuditController.php(33): CodeIgniter\Debug\Exceptions->errorHandler(2, 'Trying to access array offset on value of type null', 'C:\\laragon\\www\\cipharmaplus\\app\\Controllers\\AuditController.php', 33)
 2 SYSTEMPATH\CodeIgniter.php(919): App\Controllers\AuditController->TopSellingProductPerWeek()
 3 SYSTEMPATH\CodeIgniter.php(494): CodeIgniter\CodeIgniter->runController(Object(App\Controllers\AuditController))
 4 SYSTEMPATH\CodeIgniter.php(353): CodeIgniter\CodeIgniter->handleRequest(null, Object(Config\Cache), false)
 5 FCPATH\index.php(91): CodeIgniter\CodeIgniter->run()
CRITICAL - 2024-05-23 15:28:12 --> Trying to access array offset on value of type null
in APPPATH\Controllers\BranchAdminController.php on line 36.
 1 APPPATH\Controllers\BranchAdminController.php(36): CodeIgniter\Debug\Exceptions->errorHandler(2, 'Trying to access array offset on value of type null', 'C:\\laragon\\www\\cipharmaplus\\app\\Controllers\\BranchAdminController.php', 36)
 2 SYSTEMPATH\CodeIgniter.php(919): App\Controllers\BranchAdminController->Graph()
 3 SYSTEMPATH\CodeIgniter.php(494): CodeIgniter\CodeIgniter->runController(Object(App\Controllers\BranchAdminController))
 4 SYSTEMPATH\CodeIgniter.php(353): CodeIgniter\CodeIgniter->handleRequest(null, Object(Config\Cache), false)
 5 FCPATH\index.php(91): CodeIgniter\CodeIgniter->run()
CRITICAL - 2024-05-23 15:28:12 --> Trying to access array offset on value of type null
in APPPATH\Controllers\OrderController.php on line 31.
 1 APPPATH\Controllers\OrderController.php(31): CodeIgniter\Debug\Exceptions->errorHandler(2, 'Trying to access array offset on value of type null', 'C:\\laragon\\www\\cipharmaplus\\app\\Controllers\\OrderController.php', 31)
 2 SYSTEMPATH\CodeIgniter.php(919): App\Controllers\OrderController->TransactionToday()
 3 SYSTEMPATH\CodeIgniter.php(494): CodeIgniter\CodeIgniter->runController(Object(App\Controllers\OrderController))
 4 SYSTEMPATH\CodeIgniter.php(353): CodeIgniter\CodeIgniter->handleRequest(null, Object(Config\Cache), false)
 5 FCPATH\index.php(91): CodeIgniter\CodeIgniter->run()
CRITICAL - 2024-05-23 15:28:12 --> Trying to access array offset on value of type null
in APPPATH\Controllers\OrderController.php on line 114.
 1 APPPATH\Controllers\OrderController.php(114): CodeIgniter\Debug\Exceptions->errorHandler(2, 'Trying to access array offset on value of type null', 'C:\\laragon\\www\\cipharmaplus\\app\\Controllers\\OrderController.php', 114)
 2 SYSTEMPATH\CodeIgniter.php(919): App\Controllers\OrderController->AverageOrderValuePerWeek()
 3 SYSTEMPATH\CodeIgniter.php(494): CodeIgniter\CodeIgniter->runController(Object(App\Controllers\OrderController))
 4 SYSTEMPATH\CodeIgniter.php(353): CodeIgniter\CodeIgniter->handleRequest(null, Object(Config\Cache), false)
 5 FCPATH\index.php(91): CodeIgniter\CodeIgniter->run()
CRITICAL - 2024-05-23 15:28:12 --> Trying to access array offset on value of type null
in APPPATH\Controllers\BranchController.php on line 23.
 1 APPPATH\Controllers\BranchController.php(23): CodeIgniter\Debug\Exceptions->errorHandler(2, 'Trying to access array offset on value of type null', 'C:\\laragon\\www\\cipharmaplus\\app\\Controllers\\BranchController.php', 23)
 2 SYSTEMPATH\CodeIgniter.php(919): App\Controllers\BranchController->TotalBranchWorker()
 3 SYSTEMPATH\CodeIgniter.php(494): CodeIgniter\CodeIgniter->runController(Object(App\Controllers\BranchController))
 4 SYSTEMPATH\CodeIgniter.php(353): CodeIgniter\CodeIgniter->handleRequest(null, Object(Config\Cache), false)
 5 FCPATH\index.php(91): CodeIgniter\CodeIgniter->run()
CRITICAL - 2024-05-23 15:28:12 --> Trying to access array offset on value of type null
in APPPATH\Controllers\ProductController.php on line 305.
 1 APPPATH\Controllers\ProductController.php(305): CodeIgniter\Debug\Exceptions->errorHandler(2, 'Trying to access array offset on value of type null', 'C:\\laragon\\www\\cipharmaplus\\app\\Controllers\\ProductController.php', 305)
 2 SYSTEMPATH\CodeIgniter.php(919): App\Controllers\ProductController->countBranchUniqueItems('')
 3 SYSTEMPATH\CodeIgniter.php(494): CodeIgniter\CodeIgniter->runController(Object(App\Controllers\ProductController))
 4 SYSTEMPATH\CodeIgniter.php(353): CodeIgniter\CodeIgniter->handleRequest(null, Object(Config\Cache), false)
 5 FCPATH\index.php(91): CodeIgniter\CodeIgniter->run()
CRITICAL - 2024-05-23 15:28:12 --> Trying to access array offset on value of type null
in APPPATH\Controllers\AuditController.php on line 33.
 1 APPPATH\Controllers\AuditController.php(33): CodeIgniter\Debug\Exceptions->errorHandler(2, 'Trying to access array offset on value of type null', 'C:\\laragon\\www\\cipharmaplus\\app\\Controllers\\AuditController.php', 33)
 2 SYSTEMPATH\CodeIgniter.php(919): App\Controllers\AuditController->TopSellingProductPerWeek()
 3 SYSTEMPATH\CodeIgniter.php(494): CodeIgniter\CodeIgniter->runController(Object(App\Controllers\AuditController))
 4 SYSTEMPATH\CodeIgniter.php(353): CodeIgniter\CodeIgniter->handleRequest(null, Object(Config\Cache), false)
 5 FCPATH\index.php(91): CodeIgniter\CodeIgniter->run()
CRITICAL - 2024-05-23 15:28:12 --> Trying to access array offset on value of type null
in APPPATH\Controllers\OrderController.php on line 72.
 1 APPPATH\Controllers\OrderController.php(72): CodeIgniter\Debug\Exceptions->errorHandler(2, 'Trying to access array offset on value of type null', 'C:\\laragon\\www\\cipharmaplus\\app\\Controllers\\OrderController.php', 72)
 2 SYSTEMPATH\CodeIgniter.php(919): App\Controllers\OrderController->EarningsPerWeek()
 3 SYSTEMPATH\CodeIgniter.php(494): CodeIgniter\CodeIgniter->runController(Object(App\Controllers\OrderController))
 4 SYSTEMPATH\CodeIgniter.php(353): CodeIgniter\CodeIgniter->handleRequest(null, Object(Config\Cache), false)
 5 FCPATH\index.php(91): CodeIgniter\CodeIgniter->run()
CRITICAL - 2024-05-23 15:28:12 --> Trying to access array offset on value of type null
in APPPATH\Controllers\BranchController.php on line 199.
 1 APPPATH\Controllers\BranchController.php(199): CodeIgniter\Debug\Exceptions->errorHandler(2, 'Trying to access array offset on value of type null', 'C:\\laragon\\www\\cipharmaplus\\app\\Controllers\\BranchController.php', 199)
 2 SYSTEMPATH\CodeIgniter.php(919): App\Controllers\BranchController->IsOpenForInvitation()
 3 SYSTEMPATH\CodeIgniter.php(494): CodeIgniter\CodeIgniter->runController(Object(App\Controllers\BranchController))
 4 SYSTEMPATH\CodeIgniter.php(353): CodeIgniter\CodeIgniter->handleRequest(null, Object(Config\Cache), false)
 5 FCPATH\index.php(91): CodeIgniter\CodeIgniter->run()
CRITICAL - 2024-05-23 15:28:12 --> Trying to access array offset on value of type null
in APPPATH\Controllers\BranchController.php on line 233.
 1 APPPATH\Controllers\BranchController.php(233): CodeIgniter\Debug\Exceptions->errorHandler(2, 'Trying to access array offset on value of type null', 'C:\\laragon\\www\\cipharmaplus\\app\\Controllers\\BranchController.php', 233)
 2 SYSTEMPATH\CodeIgniter.php(919): App\Controllers\BranchController->BranchInfo()
 3 SYSTEMPATH\CodeIgniter.php(494): CodeIgniter\CodeIgniter->runController(Object(App\Controllers\BranchController))
 4 SYSTEMPATH\CodeIgniter.php(353): CodeIgniter\CodeIgniter->handleRequest(null, Object(Config\Cache), false)
 5 FCPATH\index.php(91): CodeIgniter\CodeIgniter->run()
CRITICAL - 2024-05-23 15:28:12 --> Trying to access array offset on value of type null
in APPPATH\Controllers\BranchController.php on line 23.
 1 APPPATH\Controllers\BranchController.php(23): CodeIgniter\Debug\Exceptions->errorHandler(2, 'Trying to access array offset on value of type null', 'C:\\laragon\\www\\cipharmaplus\\app\\Controllers\\BranchController.php', 23)
 2 SYSTEMPATH\CodeIgniter.php(919): App\Controllers\BranchController->TotalBranchWorker()
 3 SYSTEMPATH\CodeIgniter.php(494): CodeIgniter\CodeIgniter->runController(Object(App\Controllers\BranchController))
 4 SYSTEMPATH\CodeIgniter.php(353): CodeIgniter\CodeIgniter->handleRequest(null, Object(Config\Cache), false)
 5 FCPATH\index.php(91): CodeIgniter\CodeIgniter->run()
CRITICAL - 2024-05-23 15:28:12 --> Trying to access array offset on value of type null
in APPPATH\Controllers\ProductController.php on line 305.
 1 APPPATH\Controllers\ProductController.php(305): CodeIgniter\Debug\Exceptions->errorHandler(2, 'Trying to access array offset on value of type null', 'C:\\laragon\\www\\cipharmaplus\\app\\Controllers\\ProductController.php', 305)
 2 SYSTEMPATH\CodeIgniter.php(919): App\Controllers\ProductController->countBranchUniqueItems('')
 3 SYSTEMPATH\CodeIgniter.php(494): CodeIgniter\CodeIgniter->runController(Object(App\Controllers\ProductController))
 4 SYSTEMPATH\CodeIgniter.php(353): CodeIgniter\CodeIgniter->handleRequest(null, Object(Config\Cache), false)
 5 FCPATH\index.php(91): CodeIgniter\CodeIgniter->run()
CRITICAL - 2024-05-23 15:28:12 --> Trying to access array offset on value of type null
in APPPATH\Controllers\OrderController.php on line 31.
 1 APPPATH\Controllers\OrderController.php(31): CodeIgniter\Debug\Exceptions->errorHandler(2, 'Trying to access array offset on value of type null', 'C:\\laragon\\www\\cipharmaplus\\app\\Controllers\\OrderController.php', 31)
 2 SYSTEMPATH\CodeIgniter.php(919): App\Controllers\OrderController->TransactionToday()
 3 SYSTEMPATH\CodeIgniter.php(494): CodeIgniter\CodeIgniter->runController(Object(App\Controllers\OrderController))
 4 SYSTEMPATH\CodeIgniter.php(353): CodeIgniter\CodeIgniter->handleRequest(null, Object(Config\Cache), false)
 5 FCPATH\index.php(91): CodeIgniter\CodeIgniter->run()
CRITICAL - 2024-05-23 15:28:12 --> Trying to access array offset on value of type null
in APPPATH\Controllers\OrderController.php on line 114.
 1 APPPATH\Controllers\OrderController.php(114): CodeIgniter\Debug\Exceptions->errorHandler(2, 'Trying to access array offset on value of type null', 'C:\\laragon\\www\\cipharmaplus\\app\\Controllers\\OrderController.php', 114)
 2 SYSTEMPATH\CodeIgniter.php(919): App\Controllers\OrderController->AverageOrderValuePerWeek()
 3 SYSTEMPATH\CodeIgniter.php(494): CodeIgniter\CodeIgniter->runController(Object(App\Controllers\OrderController))
 4 SYSTEMPATH\CodeIgniter.php(353): CodeIgniter\CodeIgniter->handleRequest(null, Object(Config\Cache), false)
 5 FCPATH\index.php(91): CodeIgniter\CodeIgniter->run()
CRITICAL - 2024-05-23 15:28:12 --> Trying to access array offset on value of type null
in APPPATH\Controllers\AuditController.php on line 33.
 1 APPPATH\Controllers\AuditController.php(33): CodeIgniter\Debug\Exceptions->errorHandler(2, 'Trying to access array offset on value of type null', 'C:\\laragon\\www\\cipharmaplus\\app\\Controllers\\AuditController.php', 33)
 2 SYSTEMPATH\CodeIgniter.php(919): App\Controllers\AuditController->TopSellingProductPerWeek()
 3 SYSTEMPATH\CodeIgniter.php(494): CodeIgniter\CodeIgniter->runController(Object(App\Controllers\AuditController))
 4 SYSTEMPATH\CodeIgniter.php(353): CodeIgniter\CodeIgniter->handleRequest(null, Object(Config\Cache), false)
 5 FCPATH\index.php(91): CodeIgniter\CodeIgniter->run()
CRITICAL - 2024-05-23 15:28:12 --> Trying to access array offset on value of type null
in APPPATH\Controllers\OrderController.php on line 72.
 1 APPPATH\Controllers\OrderController.php(72): CodeIgniter\Debug\Exceptions->errorHandler(2, 'Trying to access array offset on value of type null', 'C:\\laragon\\www\\cipharmaplus\\app\\Controllers\\OrderController.php', 72)
 2 SYSTEMPATH\CodeIgniter.php(919): App\Controllers\OrderController->EarningsPerWeek()
 3 SYSTEMPATH\CodeIgniter.php(494): CodeIgniter\CodeIgniter->runController(Object(App\Controllers\OrderController))
 4 SYSTEMPATH\CodeIgniter.php(353): CodeIgniter\CodeIgniter->handleRequest(null, Object(Config\Cache), false)
 5 FCPATH\index.php(91): CodeIgniter\CodeIgniter->run()
CRITICAL - 2024-05-23 15:28:13 --> Trying to access array offset on value of type null
in APPPATH\Controllers\OrderController.php on line 72.
 1 APPPATH\Controllers\OrderController.php(72): CodeIgniter\Debug\Exceptions->errorHandler(2, 'Trying to access array offset on value of type null', 'C:\\laragon\\www\\cipharmaplus\\app\\Controllers\\OrderController.php', 72)
 2 SYSTEMPATH\CodeIgniter.php(919): App\Controllers\OrderController->EarningsPerWeek()
 3 SYSTEMPATH\CodeIgniter.php(494): CodeIgniter\CodeIgniter->runController(Object(App\Controllers\OrderController))
 4 SYSTEMPATH\CodeIgniter.php(353): CodeIgniter\CodeIgniter->handleRequest(null, Object(Config\Cache), false)
 5 FCPATH\index.php(91): CodeIgniter\CodeIgniter->run()
CRITICAL - 2024-05-23 15:28:13 --> Trying to access array offset on value of type null
in APPPATH\Controllers\BranchController.php on line 23.
 1 APPPATH\Controllers\BranchController.php(23): CodeIgniter\Debug\Exceptions->errorHandler(2, 'Trying to access array offset on value of type null', 'C:\\laragon\\www\\cipharmaplus\\app\\Controllers\\BranchController.php', 23)
 2 SYSTEMPATH\CodeIgniter.php(919): App\Controllers\BranchController->TotalBranchWorker()
 3 SYSTEMPATH\CodeIgniter.php(494): CodeIgniter\CodeIgniter->runController(Object(App\Controllers\BranchController))
 4 SYSTEMPATH\CodeIgniter.php(353): CodeIgniter\CodeIgniter->handleRequest(null, Object(Config\Cache), false)
 5 FCPATH\index.php(91): CodeIgniter\CodeIgniter->run()
CRITICAL - 2024-05-23 15:28:13 --> Trying to access array offset on value of type null
in APPPATH\Controllers\OrderController.php on line 114.
 1 APPPATH\Controllers\OrderController.php(114): CodeIgniter\Debug\Exceptions->errorHandler(2, 'Trying to access array offset on value of type null', 'C:\\laragon\\www\\cipharmaplus\\app\\Controllers\\OrderController.php', 114)
 2 SYSTEMPATH\CodeIgniter.php(919): App\Controllers\OrderController->AverageOrderValuePerWeek()
 3 SYSTEMPATH\CodeIgniter.php(494): CodeIgniter\CodeIgniter->runController(Object(App\Controllers\OrderController))
 4 SYSTEMPATH\CodeIgniter.php(353): CodeIgniter\CodeIgniter->handleRequest(null, Object(Config\Cache), false)
 5 FCPATH\index.php(91): CodeIgniter\CodeIgniter->run()
CRITICAL - 2024-05-23 15:28:13 --> Trying to access array offset on value of type null
in APPPATH\Controllers\ProductController.php on line 305.
 1 APPPATH\Controllers\ProductController.php(305): CodeIgniter\Debug\Exceptions->errorHandler(2, 'Trying to access array offset on value of type null', 'C:\\laragon\\www\\cipharmaplus\\app\\Controllers\\ProductController.php', 305)
 2 SYSTEMPATH\CodeIgniter.php(919): App\Controllers\ProductController->countBranchUniqueItems('')
 3 SYSTEMPATH\CodeIgniter.php(494): CodeIgniter\CodeIgniter->runController(Object(App\Controllers\ProductController))
 4 SYSTEMPATH\CodeIgniter.php(353): CodeIgniter\CodeIgniter->handleRequest(null, Object(Config\Cache), false)
 5 FCPATH\index.php(91): CodeIgniter\CodeIgniter->run()
CRITICAL - 2024-05-23 15:28:13 --> Trying to access array offset on value of type null
in APPPATH\Controllers\OrderController.php on line 31.
 1 APPPATH\Controllers\OrderController.php(31): CodeIgniter\Debug\Exceptions->errorHandler(2, 'Trying to access array offset on value of type null', 'C:\\laragon\\www\\cipharmaplus\\app\\Controllers\\OrderController.php', 31)
 2 SYSTEMPATH\CodeIgniter.php(919): App\Controllers\OrderController->TransactionToday()
 3 SYSTEMPATH\CodeIgniter.php(494): CodeIgniter\CodeIgniter->runController(Object(App\Controllers\OrderController))
 4 SYSTEMPATH\CodeIgniter.php(353): CodeIgniter\CodeIgniter->handleRequest(null, Object(Config\Cache), false)
 5 FCPATH\index.php(91): CodeIgniter\CodeIgniter->run()
CRITICAL - 2024-05-23 15:28:13 --> Trying to access array offset on value of type null
in APPPATH\Controllers\AuditController.php on line 33.
 1 APPPATH\Controllers\AuditController.php(33): CodeIgniter\Debug\Exceptions->errorHandler(2, 'Trying to access array offset on value of type null', 'C:\\laragon\\www\\cipharmaplus\\app\\Controllers\\AuditController.php', 33)
 2 SYSTEMPATH\CodeIgniter.php(919): App\Controllers\AuditController->TopSellingProductPerWeek()
 3 SYSTEMPATH\CodeIgniter.php(494): CodeIgniter\CodeIgniter->runController(Object(App\Controllers\AuditController))
 4 SYSTEMPATH\CodeIgniter.php(353): CodeIgniter\CodeIgniter->handleRequest(null, Object(Config\Cache), false)
 5 FCPATH\index.php(91): CodeIgniter\CodeIgniter->run()
CRITICAL - 2024-05-23 15:28:13 --> Trying to access array offset on value of type null
in APPPATH\Controllers\BranchController.php on line 23.
 1 APPPATH\Controllers\BranchController.php(23): CodeIgniter\Debug\Exceptions->errorHandler(2, 'Trying to access array offset on value of type null', 'C:\\laragon\\www\\cipharmaplus\\app\\Controllers\\BranchController.php', 23)
 2 SYSTEMPATH\CodeIgniter.php(919): App\Controllers\BranchController->TotalBranchWorker()
 3 SYSTEMPATH\CodeIgniter.php(494): CodeIgniter\CodeIgniter->runController(Object(App\Controllers\BranchController))
 4 SYSTEMPATH\CodeIgniter.php(353): CodeIgniter\CodeIgniter->handleRequest(null, Object(Config\Cache), false)
 5 FCPATH\index.php(91): CodeIgniter\CodeIgniter->run()
CRITICAL - 2024-05-23 15:28:13 --> Trying to access array offset on value of type null
in APPPATH\Controllers\OrderController.php on line 114.
 1 APPPATH\Controllers\OrderController.php(114): CodeIgniter\Debug\Exceptions->errorHandler(2, 'Trying to access array offset on value of type null', 'C:\\laragon\\www\\cipharmaplus\\app\\Controllers\\OrderController.php', 114)
 2 SYSTEMPATH\CodeIgniter.php(919): App\Controllers\OrderController->AverageOrderValuePerWeek()
 3 SYSTEMPATH\CodeIgniter.php(494): CodeIgniter\CodeIgniter->runController(Object(App\Controllers\OrderController))
 4 SYSTEMPATH\CodeIgniter.php(353): CodeIgniter\CodeIgniter->handleRequest(null, Object(Config\Cache), false)
 5 FCPATH\index.php(91): CodeIgniter\CodeIgniter->run()
CRITICAL - 2024-05-23 15:28:13 --> Trying to access array offset on value of type null
in APPPATH\Controllers\ProductController.php on line 305.
 1 APPPATH\Controllers\ProductController.php(305): CodeIgniter\Debug\Exceptions->errorHandler(2, 'Trying to access array offset on value of type null', 'C:\\laragon\\www\\cipharmaplus\\app\\Controllers\\ProductController.php', 305)
 2 SYSTEMPATH\CodeIgniter.php(919): App\Controllers\ProductController->countBranchUniqueItems('')
 3 SYSTEMPATH\CodeIgniter.php(494): CodeIgniter\CodeIgniter->runController(Object(App\Controllers\ProductController))
 4 SYSTEMPATH\CodeIgniter.php(353): CodeIgniter\CodeIgniter->handleRequest(null, Object(Config\Cache), false)
 5 FCPATH\index.php(91): CodeIgniter\CodeIgniter->run()
CRITICAL - 2024-05-23 15:28:13 --> Trying to access array offset on value of type null
in APPPATH\Controllers\OrderController.php on line 72.
 1 APPPATH\Controllers\OrderController.php(72): CodeIgniter\Debug\Exceptions->errorHandler(2, 'Trying to access array offset on value of type null', 'C:\\laragon\\www\\cipharmaplus\\app\\Controllers\\OrderController.php', 72)
 2 SYSTEMPATH\CodeIgniter.php(919): App\Controllers\OrderController->EarningsPerWeek()
 3 SYSTEMPATH\CodeIgniter.php(494): CodeIgniter\CodeIgniter->runController(Object(App\Controllers\OrderController))
 4 SYSTEMPATH\CodeIgniter.php(353): CodeIgniter\CodeIgniter->handleRequest(null, Object(Config\Cache), false)
 5 FCPATH\index.php(91): CodeIgniter\CodeIgniter->run()
CRITICAL - 2024-05-23 15:28:13 --> Trying to access array offset on value of type null
in APPPATH\Controllers\OrderController.php on line 31.
 1 APPPATH\Controllers\OrderController.php(31): CodeIgniter\Debug\Exceptions->errorHandler(2, 'Trying to access array offset on value of type null', 'C:\\laragon\\www\\cipharmaplus\\app\\Controllers\\OrderController.php', 31)
 2 SYSTEMPATH\CodeIgniter.php(919): App\Controllers\OrderController->TransactionToday()
 3 SYSTEMPATH\CodeIgniter.php(494): CodeIgniter\CodeIgniter->runController(Object(App\Controllers\OrderController))
 4 SYSTEMPATH\CodeIgniter.php(353): CodeIgniter\CodeIgniter->handleRequest(null, Object(Config\Cache), false)
 5 FCPATH\index.php(91): CodeIgniter\CodeIgniter->run()
CRITICAL - 2024-05-23 15:28:13 --> Trying to access array offset on value of type null
in APPPATH\Controllers\AuditController.php on line 33.
 1 APPPATH\Controllers\AuditController.php(33): CodeIgniter\Debug\Exceptions->errorHandler(2, 'Trying to access array offset on value of type null', 'C:\\laragon\\www\\cipharmaplus\\app\\Controllers\\AuditController.php', 33)
 2 SYSTEMPATH\CodeIgniter.php(919): App\Controllers\AuditController->TopSellingProductPerWeek()
 3 SYSTEMPATH\CodeIgniter.php(494): CodeIgniter\CodeIgniter->runController(Object(App\Controllers\AuditController))
 4 SYSTEMPATH\CodeIgniter.php(353): CodeIgniter\CodeIgniter->handleRequest(null, Object(Config\Cache), false)
 5 FCPATH\index.php(91): CodeIgniter\CodeIgniter->run()
CRITICAL - 2024-05-23 15:28:13 --> Trying to access array offset on value of type null
in APPPATH\Controllers\BranchController.php on line 233.
 1 APPPATH\Controllers\BranchController.php(233): CodeIgniter\Debug\Exceptions->errorHandler(2, 'Trying to access array offset on value of type null', 'C:\\laragon\\www\\cipharmaplus\\app\\Controllers\\BranchController.php', 233)
 2 SYSTEMPATH\CodeIgniter.php(919): App\Controllers\BranchController->BranchInfo()
 3 SYSTEMPATH\CodeIgniter.php(494): CodeIgniter\CodeIgniter->runController(Object(App\Controllers\BranchController))
 4 SYSTEMPATH\CodeIgniter.php(353): CodeIgniter\CodeIgniter->handleRequest(null, Object(Config\Cache), false)
 5 FCPATH\index.php(91): CodeIgniter\CodeIgniter->run()
CRITICAL - 2024-05-23 15:28:13 --> Trying to access array offset on value of type null
in APPPATH\Controllers\OrderController.php on line 31.
 1 APPPATH\Controllers\OrderController.php(31): CodeIgniter\Debug\Exceptions->errorHandler(2, 'Trying to access array offset on value of type null', 'C:\\laragon\\www\\cipharmaplus\\app\\Controllers\\OrderController.php', 31)
 2 SYSTEMPATH\CodeIgniter.php(919): App\Controllers\OrderController->TransactionToday()
 3 SYSTEMPATH\CodeIgniter.php(494): CodeIgniter\CodeIgniter->runController(Object(App\Controllers\OrderController))
 4 SYSTEMPATH\CodeIgniter.php(353): CodeIgniter\CodeIgniter->handleRequest(null, Object(Config\Cache), false)
 5 FCPATH\index.php(91): CodeIgniter\CodeIgniter->run()
CRITICAL - 2024-05-23 15:28:13 --> Trying to access array offset on value of type null
in APPPATH\Controllers\BranchController.php on line 23.
 1 APPPATH\Controllers\BranchController.php(23): CodeIgniter\Debug\Exceptions->errorHandler(2, 'Trying to access array offset on value of type null', 'C:\\laragon\\www\\cipharmaplus\\app\\Controllers\\BranchController.php', 23)
 2 SYSTEMPATH\CodeIgniter.php(919): App\Controllers\BranchController->TotalBranchWorker()
 3 SYSTEMPATH\CodeIgniter.php(494): CodeIgniter\CodeIgniter->runController(Object(App\Controllers\BranchController))
 4 SYSTEMPATH\CodeIgniter.php(353): CodeIgniter\CodeIgniter->handleRequest(null, Object(Config\Cache), false)
 5 FCPATH\index.php(91): CodeIgniter\CodeIgniter->run()
CRITICAL - 2024-05-23 15:28:13 --> Trying to access array offset on value of type null
in APPPATH\Controllers\ProductController.php on line 305.
 1 APPPATH\Controllers\ProductController.php(305): CodeIgniter\Debug\Exceptions->errorHandler(2, 'Trying to access array offset on value of type null', 'C:\\laragon\\www\\cipharmaplus\\app\\Controllers\\ProductController.php', 305)
 2 SYSTEMPATH\CodeIgniter.php(919): App\Controllers\ProductController->countBranchUniqueItems('')
 3 SYSTEMPATH\CodeIgniter.php(494): CodeIgniter\CodeIgniter->runController(Object(App\Controllers\ProductController))
 4 SYSTEMPATH\CodeIgniter.php(353): CodeIgniter\CodeIgniter->handleRequest(null, Object(Config\Cache), false)
 5 FCPATH\index.php(91): CodeIgniter\CodeIgniter->run()
CRITICAL - 2024-05-23 15:28:13 --> Trying to access array offset on value of type null
in APPPATH\Controllers\OrderController.php on line 72.
 1 APPPATH\Controllers\OrderController.php(72): CodeIgniter\Debug\Exceptions->errorHandler(2, 'Trying to access array offset on value of type null', 'C:\\laragon\\www\\cipharmaplus\\app\\Controllers\\OrderController.php', 72)
 2 SYSTEMPATH\CodeIgniter.php(919): App\Controllers\OrderController->EarningsPerWeek()
 3 SYSTEMPATH\CodeIgniter.php(494): CodeIgniter\CodeIgniter->runController(Object(App\Controllers\OrderController))
 4 SYSTEMPATH\CodeIgniter.php(353): CodeIgniter\CodeIgniter->handleRequest(null, Object(Config\Cache), false)
 5 FCPATH\index.php(91): CodeIgniter\CodeIgniter->run()
CRITICAL - 2024-05-23 15:28:13 --> Trying to access array offset on value of type null
in APPPATH\Controllers\AuditController.php on line 33.
 1 APPPATH\Controllers\AuditController.php(33): CodeIgniter\Debug\Exceptions->errorHandler(2, 'Trying to access array offset on value of type null', 'C:\\laragon\\www\\cipharmaplus\\app\\Controllers\\AuditController.php', 33)
 2 SYSTEMPATH\CodeIgniter.php(919): App\Controllers\AuditController->TopSellingProductPerWeek()
 3 SYSTEMPATH\CodeIgniter.php(494): CodeIgniter\CodeIgniter->runController(Object(App\Controllers\AuditController))
 4 SYSTEMPATH\CodeIgniter.php(353): CodeIgniter\CodeIgniter->handleRequest(null, Object(Config\Cache), false)
 5 FCPATH\index.php(91): CodeIgniter\CodeIgniter->run()
CRITICAL - 2024-05-23 15:28:13 --> Trying to access array offset on value of type null
in APPPATH\Controllers\OrderController.php on line 114.
 1 APPPATH\Controllers\OrderController.php(114): CodeIgniter\Debug\Exceptions->errorHandler(2, 'Trying to access array offset on value of type null', 'C:\\laragon\\www\\cipharmaplus\\app\\Controllers\\OrderController.php', 114)
 2 SYSTEMPATH\CodeIgniter.php(919): App\Controllers\OrderController->AverageOrderValuePerWeek()
 3 SYSTEMPATH\CodeIgniter.php(494): CodeIgniter\CodeIgniter->runController(Object(App\Controllers\OrderController))
 4 SYSTEMPATH\CodeIgniter.php(353): CodeIgniter\CodeIgniter->handleRequest(null, Object(Config\Cache), false)
 5 FCPATH\index.php(91): CodeIgniter\CodeIgniter->run()
CRITICAL - 2024-05-23 15:28:13 --> Trying to access array offset on value of type null
in APPPATH\Controllers\BranchController.php on line 23.
 1 APPPATH\Controllers\BranchController.php(23): CodeIgniter\Debug\Exceptions->errorHandler(2, 'Trying to access array offset on value of type null', 'C:\\laragon\\www\\cipharmaplus\\app\\Controllers\\BranchController.php', 23)
 2 SYSTEMPATH\CodeIgniter.php(919): App\Controllers\BranchController->TotalBranchWorker()
 3 SYSTEMPATH\CodeIgniter.php(494): CodeIgniter\CodeIgniter->runController(Object(App\Controllers\BranchController))
 4 SYSTEMPATH\CodeIgniter.php(353): CodeIgniter\CodeIgniter->handleRequest(null, Object(Config\Cache), false)
 5 FCPATH\index.php(91): CodeIgniter\CodeIgniter->run()
CRITICAL - 2024-05-23 15:28:13 --> Trying to access array offset on value of type null
in APPPATH\Controllers\ProductController.php on line 305.
 1 APPPATH\Controllers\ProductController.php(305): CodeIgniter\Debug\Exceptions->errorHandler(2, 'Trying to access array offset on value of type null', 'C:\\laragon\\www\\cipharmaplus\\app\\Controllers\\ProductController.php', 305)
 2 SYSTEMPATH\CodeIgniter.php(919): App\Controllers\ProductController->countBranchUniqueItems('')
 3 SYSTEMPATH\CodeIgniter.php(494): CodeIgniter\CodeIgniter->runController(Object(App\Controllers\ProductController))
 4 SYSTEMPATH\CodeIgniter.php(353): CodeIgniter\CodeIgniter->handleRequest(null, Object(Config\Cache), false)
 5 FCPATH\index.php(91): CodeIgniter\CodeIgniter->run()
CRITICAL - 2024-05-23 15:28:13 --> Trying to access array offset on value of type null
in APPPATH\Controllers\OrderController.php on line 72.
 1 APPPATH\Controllers\OrderController.php(72): CodeIgniter\Debug\Exceptions->errorHandler(2, 'Trying to access array offset on value of type null', 'C:\\laragon\\www\\cipharmaplus\\app\\Controllers\\OrderController.php', 72)
 2 SYSTEMPATH\CodeIgniter.php(919): App\Controllers\OrderController->EarningsPerWeek()
 3 SYSTEMPATH\CodeIgniter.php(494): CodeIgniter\CodeIgniter->runController(Object(App\Controllers\OrderController))
 4 SYSTEMPATH\CodeIgniter.php(353): CodeIgniter\CodeIgniter->handleRequest(null, Object(Config\Cache), false)
 5 FCPATH\index.php(91): CodeIgniter\CodeIgniter->run()
CRITICAL - 2024-05-23 15:28:13 --> Trying to access array offset on value of type null
in APPPATH\Controllers\AuditController.php on line 33.
 1 APPPATH\Controllers\AuditController.php(33): CodeIgniter\Debug\Exceptions->errorHandler(2, 'Trying to access array offset on value of type null', 'C:\\laragon\\www\\cipharmaplus\\app\\Controllers\\AuditController.php', 33)
 2 SYSTEMPATH\CodeIgniter.php(919): App\Controllers\AuditController->TopSellingProductPerWeek()
 3 SYSTEMPATH\CodeIgniter.php(494): CodeIgniter\CodeIgniter->runController(Object(App\Controllers\AuditController))
 4 SYSTEMPATH\CodeIgniter.php(353): CodeIgniter\CodeIgniter->handleRequest(null, Object(Config\Cache), false)
 5 FCPATH\index.php(91): CodeIgniter\CodeIgniter->run()
CRITICAL - 2024-05-23 15:28:13 --> Trying to access array offset on value of type null
in APPPATH\Controllers\OrderController.php on line 114.
 1 APPPATH\Controllers\OrderController.php(114): CodeIgniter\Debug\Exceptions->errorHandler(2, 'Trying to access array offset on value of type null', 'C:\\laragon\\www\\cipharmaplus\\app\\Controllers\\OrderController.php', 114)
 2 SYSTEMPATH\CodeIgniter.php(919): App\Controllers\OrderController->AverageOrderValuePerWeek()
 3 SYSTEMPATH\CodeIgniter.php(494): CodeIgniter\CodeIgniter->runController(Object(App\Controllers\OrderController))
 4 SYSTEMPATH\CodeIgniter.php(353): CodeIgniter\CodeIgniter->handleRequest(null, Object(Config\Cache), false)
 5 FCPATH\index.php(91): CodeIgniter\CodeIgniter->run()
CRITICAL - 2024-05-23 15:28:13 --> Trying to access array offset on value of type null
in APPPATH\Controllers\OrderController.php on line 31.
 1 APPPATH\Controllers\OrderController.php(31): CodeIgniter\Debug\Exceptions->errorHandler(2, 'Trying to access array offset on value of type null', 'C:\\laragon\\www\\cipharmaplus\\app\\Controllers\\OrderController.php', 31)
 2 SYSTEMPATH\CodeIgniter.php(919): App\Controllers\OrderController->TransactionToday()
 3 SYSTEMPATH\CodeIgniter.php(494): CodeIgniter\CodeIgniter->runController(Object(App\Controllers\OrderController))
 4 SYSTEMPATH\CodeIgniter.php(353): CodeIgniter\CodeIgniter->handleRequest(null, Object(Config\Cache), false)
 5 FCPATH\index.php(91): CodeIgniter\CodeIgniter->run()
CRITICAL - 2024-05-23 15:28:14 --> Trying to access array offset on value of type null
in APPPATH\Controllers\OrderController.php on line 114.
 1 APPPATH\Controllers\OrderController.php(114): CodeIgniter\Debug\Exceptions->errorHandler(2, 'Trying to access array offset on value of type null', 'C:\\laragon\\www\\cipharmaplus\\app\\Controllers\\OrderController.php', 114)
 2 SYSTEMPATH\CodeIgniter.php(919): App\Controllers\OrderController->AverageOrderValuePerWeek()
 3 SYSTEMPATH\CodeIgniter.php(494): CodeIgniter\CodeIgniter->runController(Object(App\Controllers\OrderController))
 4 SYSTEMPATH\CodeIgniter.php(353): CodeIgniter\CodeIgniter->handleRequest(null, Object(Config\Cache), false)
 5 FCPATH\index.php(91): CodeIgniter\CodeIgniter->run()
CRITICAL - 2024-05-23 15:28:14 --> Trying to access array offset on value of type null
in APPPATH\Controllers\BranchController.php on line 23.
 1 APPPATH\Controllers\BranchController.php(23): CodeIgniter\Debug\Exceptions->errorHandler(2, 'Trying to access array offset on value of type null', 'C:\\laragon\\www\\cipharmaplus\\app\\Controllers\\BranchController.php', 23)
 2 SYSTEMPATH\CodeIgniter.php(919): App\Controllers\BranchController->TotalBranchWorker()
 3 SYSTEMPATH\CodeIgniter.php(494): CodeIgniter\CodeIgniter->runController(Object(App\Controllers\BranchController))
 4 SYSTEMPATH\CodeIgniter.php(353): CodeIgniter\CodeIgniter->handleRequest(null, Object(Config\Cache), false)
 5 FCPATH\index.php(91): CodeIgniter\CodeIgniter->run()
CRITICAL - 2024-05-23 15:28:14 --> Trying to access array offset on value of type null
in APPPATH\Controllers\OrderController.php on line 72.
 1 APPPATH\Controllers\OrderController.php(72): CodeIgniter\Debug\Exceptions->errorHandler(2, 'Trying to access array offset on value of type null', 'C:\\laragon\\www\\cipharmaplus\\app\\Controllers\\OrderController.php', 72)
 2 SYSTEMPATH\CodeIgniter.php(919): App\Controllers\OrderController->EarningsPerWeek()
 3 SYSTEMPATH\CodeIgniter.php(494): CodeIgniter\CodeIgniter->runController(Object(App\Controllers\OrderController))
 4 SYSTEMPATH\CodeIgniter.php(353): CodeIgniter\CodeIgniter->handleRequest(null, Object(Config\Cache), false)
 5 FCPATH\index.php(91): CodeIgniter\CodeIgniter->run()
CRITICAL - 2024-05-23 15:28:14 --> Trying to access array offset on value of type null
in APPPATH\Controllers\ProductController.php on line 305.
 1 APPPATH\Controllers\ProductController.php(305): CodeIgniter\Debug\Exceptions->errorHandler(2, 'Trying to access array offset on value of type null', 'C:\\laragon\\www\\cipharmaplus\\app\\Controllers\\ProductController.php', 305)
 2 SYSTEMPATH\CodeIgniter.php(919): App\Controllers\ProductController->countBranchUniqueItems('')
 3 SYSTEMPATH\CodeIgniter.php(494): CodeIgniter\CodeIgniter->runController(Object(App\Controllers\ProductController))
 4 SYSTEMPATH\CodeIgniter.php(353): CodeIgniter\CodeIgniter->handleRequest(null, Object(Config\Cache), false)
 5 FCPATH\index.php(91): CodeIgniter\CodeIgniter->run()
CRITICAL - 2024-05-23 15:28:14 --> Trying to access array offset on value of type null
in APPPATH\Controllers\AuditController.php on line 33.
 1 APPPATH\Controllers\AuditController.php(33): CodeIgniter\Debug\Exceptions->errorHandler(2, 'Trying to access array offset on value of type null', 'C:\\laragon\\www\\cipharmaplus\\app\\Controllers\\AuditController.php', 33)
 2 SYSTEMPATH\CodeIgniter.php(919): App\Controllers\AuditController->TopSellingProductPerWeek()
 3 SYSTEMPATH\CodeIgniter.php(494): CodeIgniter\CodeIgniter->runController(Object(App\Controllers\AuditController))
 4 SYSTEMPATH\CodeIgniter.php(353): CodeIgniter\CodeIgniter->handleRequest(null, Object(Config\Cache), false)
 5 FCPATH\index.php(91): CodeIgniter\CodeIgniter->run()
CRITICAL - 2024-05-23 15:28:14 --> Trying to access array offset on value of type null
in APPPATH\Controllers\OrderController.php on line 31.
 1 APPPATH\Controllers\OrderController.php(31): CodeIgniter\Debug\Exceptions->errorHandler(2, 'Trying to access array offset on value of type null', 'C:\\laragon\\www\\cipharmaplus\\app\\Controllers\\OrderController.php', 31)
 2 SYSTEMPATH\CodeIgniter.php(919): App\Controllers\OrderController->TransactionToday()
 3 SYSTEMPATH\CodeIgniter.php(494): CodeIgniter\CodeIgniter->runController(Object(App\Controllers\OrderController))
 4 SYSTEMPATH\CodeIgniter.php(353): CodeIgniter\CodeIgniter->handleRequest(null, Object(Config\Cache), false)
 5 FCPATH\index.php(91): CodeIgniter\CodeIgniter->run()
CRITICAL - 2024-05-23 15:28:14 --> Trying to access array offset on value of type null
in APPPATH\Controllers\BranchController.php on line 233.
 1 APPPATH\Controllers\BranchController.php(233): CodeIgniter\Debug\Exceptions->errorHandler(2, 'Trying to access array offset on value of type null', 'C:\\laragon\\www\\cipharmaplus\\app\\Controllers\\BranchController.php', 233)
 2 SYSTEMPATH\CodeIgniter.php(919): App\Controllers\BranchController->BranchInfo()
 3 SYSTEMPATH\CodeIgniter.php(494): CodeIgniter\CodeIgniter->runController(Object(App\Controllers\BranchController))
 4 SYSTEMPATH\CodeIgniter.php(353): CodeIgniter\CodeIgniter->handleRequest(null, Object(Config\Cache), false)
 5 FCPATH\index.php(91): CodeIgniter\CodeIgniter->run()
CRITICAL - 2024-05-23 15:28:14 --> Trying to access array offset on value of type null
in APPPATH\Controllers\BranchController.php on line 199.
 1 APPPATH\Controllers\BranchController.php(199): CodeIgniter\Debug\Exceptions->errorHandler(2, 'Trying to access array offset on value of type null', 'C:\\laragon\\www\\cipharmaplus\\app\\Controllers\\BranchController.php', 199)
 2 SYSTEMPATH\CodeIgniter.php(919): App\Controllers\BranchController->IsOpenForInvitation()
 3 SYSTEMPATH\CodeIgniter.php(494): CodeIgniter\CodeIgniter->runController(Object(App\Controllers\BranchController))
 4 SYSTEMPATH\CodeIgniter.php(353): CodeIgniter\CodeIgniter->handleRequest(null, Object(Config\Cache), false)
 5 FCPATH\index.php(91): CodeIgniter\CodeIgniter->run()
