CRITICAL - 2024-01-29 00:30:21 --> Trying to access array offset on value of type null
in APPPATH\Controllers\ProductController.php on line 141.
 1 APPPATH\Controllers\ProductController.php(141): CodeIgniter\Debug\Exceptions->errorHandler(2, 'Trying to access array offset on value of type null', 'C:\\laragon\\www\\cipharmaplus\\app\\Controllers\\ProductController.php', 141)
 2 SYSTEMPATH\CodeIgniter.php(919): App\Controllers\ProductController->countBranchUniqueItems('')
 3 SYSTEMPATH\CodeIgniter.php(494): CodeIgniter\CodeIgniter->runController(Object(App\Controllers\ProductController))
 4 SYSTEMPATH\CodeIgniter.php(353): CodeIgniter\CodeIgniter->handleRequest(null, Object(Config\Cache), false)
 5 FCPATH\index.php(91): CodeIgniter\CodeIgniter->run()
CRITICAL - 2024-01-29 00:30:21 --> Trying to access array offset on value of type null
in APPPATH\Controllers\BranchController.php on line 23.
 1 APPPATH\Controllers\BranchController.php(23): CodeIgniter\Debug\Exceptions->errorHandler(2, 'Trying to access array offset on value of type null', 'C:\\laragon\\www\\cipharmaplus\\app\\Controllers\\BranchController.php', 23)
 2 SYSTEMPATH\CodeIgniter.php(919): App\Controllers\BranchController->TotalBranchWorker()
 3 SYSTEMPATH\CodeIgniter.php(494): CodeIgniter\CodeIgniter->runController(Object(App\Controllers\BranchController))
 4 SYSTEMPATH\CodeIgniter.php(353): CodeIgniter\CodeIgniter->handleRequest(null, Object(Config\Cache), false)
 5 FCPATH\index.php(91): CodeIgniter\CodeIgniter->run()
CRITICAL - 2024-01-29 00:30:21 --> Trying to access array offset on value of type null
in APPPATH\Controllers\AuditController.php on line 33.
 1 APPPATH\Controllers\AuditController.php(33): CodeIgniter\Debug\Exceptions->errorHandler(2, 'Trying to access array offset on value of type null', 'C:\\laragon\\www\\cipharmaplus\\app\\Controllers\\AuditController.php', 33)
 2 SYSTEMPATH\CodeIgniter.php(919): App\Controllers\AuditController->TopSellingProductPerWeek()
 3 SYSTEMPATH\CodeIgniter.php(494): CodeIgniter\CodeIgniter->runController(Object(App\Controllers\AuditController))
 4 SYSTEMPATH\CodeIgniter.php(353): CodeIgniter\CodeIgniter->handleRequest(null, Object(Config\Cache), false)
 5 FCPATH\index.php(91): CodeIgniter\CodeIgniter->run()
CRITICAL - 2024-01-29 00:30:21 --> Trying to access array offset on value of type null
in APPPATH\Controllers\OrderController.php on line 64.
 1 APPPATH\Controllers\OrderController.php(64): CodeIgniter\Debug\Exceptions->errorHandler(2, 'Trying to access array offset on value of type null', 'C:\\laragon\\www\\cipharmaplus\\app\\Controllers\\OrderController.php', 64)
 2 SYSTEMPATH\CodeIgniter.php(919): App\Controllers\OrderController->EarningsPerWeek()
 3 SYSTEMPATH\CodeIgniter.php(494): CodeIgniter\CodeIgniter->runController(Object(App\Controllers\OrderController))
 4 SYSTEMPATH\CodeIgniter.php(353): CodeIgniter\CodeIgniter->handleRequest(null, Object(Config\Cache), false)
 5 FCPATH\index.php(91): CodeIgniter\CodeIgniter->run()
CRITICAL - 2024-01-29 00:30:21 --> Trying to access array offset on value of type null
in APPPATH\Controllers\OrderController.php on line 31.
 1 APPPATH\Controllers\OrderController.php(31): CodeIgniter\Debug\Exceptions->errorHandler(2, 'Trying to access array offset on value of type null', 'C:\\laragon\\www\\cipharmaplus\\app\\Controllers\\OrderController.php', 31)
 2 SYSTEMPATH\CodeIgniter.php(919): App\Controllers\OrderController->TransactionToday()
 3 SYSTEMPATH\CodeIgniter.php(494): CodeIgniter\CodeIgniter->runController(Object(App\Controllers\OrderController))
 4 SYSTEMPATH\CodeIgniter.php(353): CodeIgniter\CodeIgniter->handleRequest(null, Object(Config\Cache), false)
 5 FCPATH\index.php(91): CodeIgniter\CodeIgniter->run()
CRITICAL - 2024-01-29 00:30:21 --> Trying to access array offset on value of type null
in APPPATH\Controllers\OrderController.php on line 106.
 1 APPPATH\Controllers\OrderController.php(106): CodeIgniter\Debug\Exceptions->errorHandler(2, 'Trying to access array offset on value of type null', 'C:\\laragon\\www\\cipharmaplus\\app\\Controllers\\OrderController.php', 106)
 2 SYSTEMPATH\CodeIgniter.php(919): App\Controllers\OrderController->AverageOrderValuePerWeek()
 3 SYSTEMPATH\CodeIgniter.php(494): CodeIgniter\CodeIgniter->runController(Object(App\Controllers\OrderController))
 4 SYSTEMPATH\CodeIgniter.php(353): CodeIgniter\CodeIgniter->handleRequest(null, Object(Config\Cache), false)
 5 FCPATH\index.php(91): CodeIgniter\CodeIgniter->run()
CRITICAL - 2024-01-29 00:30:22 --> Trying to access array offset on value of type null
in APPPATH\Controllers\OrderController.php on line 64.
 1 APPPATH\Controllers\OrderController.php(64): CodeIgniter\Debug\Exceptions->errorHandler(2, 'Trying to access array offset on value of type null', 'C:\\laragon\\www\\cipharmaplus\\app\\Controllers\\OrderController.php', 64)
 2 SYSTEMPATH\CodeIgniter.php(919): App\Controllers\OrderController->EarningsPerWeek()
 3 SYSTEMPATH\CodeIgniter.php(494): CodeIgniter\CodeIgniter->runController(Object(App\Controllers\OrderController))
 4 SYSTEMPATH\CodeIgniter.php(353): CodeIgniter\CodeIgniter->handleRequest(null, Object(Config\Cache), false)
 5 FCPATH\index.php(91): CodeIgniter\CodeIgniter->run()
CRITICAL - 2024-01-29 00:30:22 --> Trying to access array offset on value of type null
in APPPATH\Controllers\OrderController.php on line 106.
 1 APPPATH\Controllers\OrderController.php(106): CodeIgniter\Debug\Exceptions->errorHandler(2, 'Trying to access array offset on value of type null', 'C:\\laragon\\www\\cipharmaplus\\app\\Controllers\\OrderController.php', 106)
 2 SYSTEMPATH\CodeIgniter.php(919): App\Controllers\OrderController->AverageOrderValuePerWeek()
 3 SYSTEMPATH\CodeIgniter.php(494): CodeIgniter\CodeIgniter->runController(Object(App\Controllers\OrderController))
 4 SYSTEMPATH\CodeIgniter.php(353): CodeIgniter\CodeIgniter->handleRequest(null, Object(Config\Cache), false)
 5 FCPATH\index.php(91): CodeIgniter\CodeIgniter->run()
CRITICAL - 2024-01-29 00:30:22 --> Trying to access array offset on value of type null
in APPPATH\Controllers\AuditController.php on line 33.
 1 APPPATH\Controllers\AuditController.php(33): CodeIgniter\Debug\Exceptions->errorHandler(2, 'Trying to access array offset on value of type null', 'C:\\laragon\\www\\cipharmaplus\\app\\Controllers\\AuditController.php', 33)
 2 SYSTEMPATH\CodeIgniter.php(919): App\Controllers\AuditController->TopSellingProductPerWeek()
 3 SYSTEMPATH\CodeIgniter.php(494): CodeIgniter\CodeIgniter->runController(Object(App\Controllers\AuditController))
 4 SYSTEMPATH\CodeIgniter.php(353): CodeIgniter\CodeIgniter->handleRequest(null, Object(Config\Cache), false)
 5 FCPATH\index.php(91): CodeIgniter\CodeIgniter->run()
CRITICAL - 2024-01-29 00:30:22 --> Trying to access array offset on value of type null
in APPPATH\Controllers\OrderController.php on line 31.
 1 APPPATH\Controllers\OrderController.php(31): CodeIgniter\Debug\Exceptions->errorHandler(2, 'Trying to access array offset on value of type null', 'C:\\laragon\\www\\cipharmaplus\\app\\Controllers\\OrderController.php', 31)
 2 SYSTEMPATH\CodeIgniter.php(919): App\Controllers\OrderController->TransactionToday()
 3 SYSTEMPATH\CodeIgniter.php(494): CodeIgniter\CodeIgniter->runController(Object(App\Controllers\OrderController))
 4 SYSTEMPATH\CodeIgniter.php(353): CodeIgniter\CodeIgniter->handleRequest(null, Object(Config\Cache), false)
 5 FCPATH\index.php(91): CodeIgniter\CodeIgniter->run()
CRITICAL - 2024-01-29 00:30:22 --> Trying to access array offset on value of type null
in APPPATH\Controllers\ProductController.php on line 141.
 1 APPPATH\Controllers\ProductController.php(141): CodeIgniter\Debug\Exceptions->errorHandler(2, 'Trying to access array offset on value of type null', 'C:\\laragon\\www\\cipharmaplus\\app\\Controllers\\ProductController.php', 141)
 2 SYSTEMPATH\CodeIgniter.php(919): App\Controllers\ProductController->countBranchUniqueItems('')
 3 SYSTEMPATH\CodeIgniter.php(494): CodeIgniter\CodeIgniter->runController(Object(App\Controllers\ProductController))
 4 SYSTEMPATH\CodeIgniter.php(353): CodeIgniter\CodeIgniter->handleRequest(null, Object(Config\Cache), false)
 5 FCPATH\index.php(91): CodeIgniter\CodeIgniter->run()
CRITICAL - 2024-01-29 00:30:22 --> Trying to access array offset on value of type null
in APPPATH\Controllers\BranchController.php on line 23.
 1 APPPATH\Controllers\BranchController.php(23): CodeIgniter\Debug\Exceptions->errorHandler(2, 'Trying to access array offset on value of type null', 'C:\\laragon\\www\\cipharmaplus\\app\\Controllers\\BranchController.php', 23)
 2 SYSTEMPATH\CodeIgniter.php(919): App\Controllers\BranchController->TotalBranchWorker()
 3 SYSTEMPATH\CodeIgniter.php(494): CodeIgniter\CodeIgniter->runController(Object(App\Controllers\BranchController))
 4 SYSTEMPATH\CodeIgniter.php(353): CodeIgniter\CodeIgniter->handleRequest(null, Object(Config\Cache), false)
 5 FCPATH\index.php(91): CodeIgniter\CodeIgniter->run()
CRITICAL - 2024-01-29 00:30:23 --> Trying to access array offset on value of type null
in APPPATH\Controllers\OrderController.php on line 106.
 1 APPPATH\Controllers\OrderController.php(106): CodeIgniter\Debug\Exceptions->errorHandler(2, 'Trying to access array offset on value of type null', 'C:\\laragon\\www\\cipharmaplus\\app\\Controllers\\OrderController.php', 106)
 2 SYSTEMPATH\CodeIgniter.php(919): App\Controllers\OrderController->AverageOrderValuePerWeek()
 3 SYSTEMPATH\CodeIgniter.php(494): CodeIgniter\CodeIgniter->runController(Object(App\Controllers\OrderController))
 4 SYSTEMPATH\CodeIgniter.php(353): CodeIgniter\CodeIgniter->handleRequest(null, Object(Config\Cache), false)
 5 FCPATH\index.php(91): CodeIgniter\CodeIgniter->run()
CRITICAL - 2024-01-29 00:30:23 --> Trying to access array offset on value of type null
in APPPATH\Controllers\ProductController.php on line 141.
 1 APPPATH\Controllers\ProductController.php(141): CodeIgniter\Debug\Exceptions->errorHandler(2, 'Trying to access array offset on value of type null', 'C:\\laragon\\www\\cipharmaplus\\app\\Controllers\\ProductController.php', 141)
 2 SYSTEMPATH\CodeIgniter.php(919): App\Controllers\ProductController->countBranchUniqueItems('')
 3 SYSTEMPATH\CodeIgniter.php(494): CodeIgniter\CodeIgniter->runController(Object(App\Controllers\ProductController))
 4 SYSTEMPATH\CodeIgniter.php(353): CodeIgniter\CodeIgniter->handleRequest(null, Object(Config\Cache), false)
 5 FCPATH\index.php(91): CodeIgniter\CodeIgniter->run()
CRITICAL - 2024-01-29 00:30:23 --> Trying to access array offset on value of type null
in APPPATH\Controllers\BranchController.php on line 23.
 1 APPPATH\Controllers\BranchController.php(23): CodeIgniter\Debug\Exceptions->errorHandler(2, 'Trying to access array offset on value of type null', 'C:\\laragon\\www\\cipharmaplus\\app\\Controllers\\BranchController.php', 23)
 2 SYSTEMPATH\CodeIgniter.php(919): App\Controllers\BranchController->TotalBranchWorker()
 3 SYSTEMPATH\CodeIgniter.php(494): CodeIgniter\CodeIgniter->runController(Object(App\Controllers\BranchController))
 4 SYSTEMPATH\CodeIgniter.php(353): CodeIgniter\CodeIgniter->handleRequest(null, Object(Config\Cache), false)
 5 FCPATH\index.php(91): CodeIgniter\CodeIgniter->run()
CRITICAL - 2024-01-29 00:30:23 --> Trying to access array offset on value of type null
in APPPATH\Controllers\OrderController.php on line 31.
 1 APPPATH\Controllers\OrderController.php(31): CodeIgniter\Debug\Exceptions->errorHandler(2, 'Trying to access array offset on value of type null', 'C:\\laragon\\www\\cipharmaplus\\app\\Controllers\\OrderController.php', 31)
 2 SYSTEMPATH\CodeIgniter.php(919): App\Controllers\OrderController->TransactionToday()
 3 SYSTEMPATH\CodeIgniter.php(494): CodeIgniter\CodeIgniter->runController(Object(App\Controllers\OrderController))
 4 SYSTEMPATH\CodeIgniter.php(353): CodeIgniter\CodeIgniter->handleRequest(null, Object(Config\Cache), false)
 5 FCPATH\index.php(91): CodeIgniter\CodeIgniter->run()
CRITICAL - 2024-01-29 00:30:23 --> Trying to access array offset on value of type null
in APPPATH\Controllers\OrderController.php on line 64.
 1 APPPATH\Controllers\OrderController.php(64): CodeIgniter\Debug\Exceptions->errorHandler(2, 'Trying to access array offset on value of type null', 'C:\\laragon\\www\\cipharmaplus\\app\\Controllers\\OrderController.php', 64)
 2 SYSTEMPATH\CodeIgniter.php(919): App\Controllers\OrderController->EarningsPerWeek()
 3 SYSTEMPATH\CodeIgniter.php(494): CodeIgniter\CodeIgniter->runController(Object(App\Controllers\OrderController))
 4 SYSTEMPATH\CodeIgniter.php(353): CodeIgniter\CodeIgniter->handleRequest(null, Object(Config\Cache), false)
 5 FCPATH\index.php(91): CodeIgniter\CodeIgniter->run()
CRITICAL - 2024-01-29 00:30:23 --> Trying to access array offset on value of type null
in APPPATH\Controllers\AuditController.php on line 33.
 1 APPPATH\Controllers\AuditController.php(33): CodeIgniter\Debug\Exceptions->errorHandler(2, 'Trying to access array offset on value of type null', 'C:\\laragon\\www\\cipharmaplus\\app\\Controllers\\AuditController.php', 33)
 2 SYSTEMPATH\CodeIgniter.php(919): App\Controllers\AuditController->TopSellingProductPerWeek()
 3 SYSTEMPATH\CodeIgniter.php(494): CodeIgniter\CodeIgniter->runController(Object(App\Controllers\AuditController))
 4 SYSTEMPATH\CodeIgniter.php(353): CodeIgniter\CodeIgniter->handleRequest(null, Object(Config\Cache), false)
 5 FCPATH\index.php(91): CodeIgniter\CodeIgniter->run()
CRITICAL - 2024-01-29 00:30:24 --> Trying to access array offset on value of type null
in APPPATH\Controllers\ProductController.php on line 141.
 1 APPPATH\Controllers\ProductController.php(141): CodeIgniter\Debug\Exceptions->errorHandler(2, 'Trying to access array offset on value of type null', 'C:\\laragon\\www\\cipharmaplus\\app\\Controllers\\ProductController.php', 141)
 2 SYSTEMPATH\CodeIgniter.php(919): App\Controllers\ProductController->countBranchUniqueItems('')
 3 SYSTEMPATH\CodeIgniter.php(494): CodeIgniter\CodeIgniter->runController(Object(App\Controllers\ProductController))
 4 SYSTEMPATH\CodeIgniter.php(353): CodeIgniter\CodeIgniter->handleRequest(null, Object(Config\Cache), false)
 5 FCPATH\index.php(91): CodeIgniter\CodeIgniter->run()
CRITICAL - 2024-01-29 00:30:24 --> Trying to access array offset on value of type null
in APPPATH\Controllers\OrderController.php on line 106.
 1 APPPATH\Controllers\OrderController.php(106): CodeIgniter\Debug\Exceptions->errorHandler(2, 'Trying to access array offset on value of type null', 'C:\\laragon\\www\\cipharmaplus\\app\\Controllers\\OrderController.php', 106)
 2 SYSTEMPATH\CodeIgniter.php(919): App\Controllers\OrderController->AverageOrderValuePerWeek()
 3 SYSTEMPATH\CodeIgniter.php(494): CodeIgniter\CodeIgniter->runController(Object(App\Controllers\OrderController))
 4 SYSTEMPATH\CodeIgniter.php(353): CodeIgniter\CodeIgniter->handleRequest(null, Object(Config\Cache), false)
 5 FCPATH\index.php(91): CodeIgniter\CodeIgniter->run()
CRITICAL - 2024-01-29 00:30:24 --> Trying to access array offset on value of type null
in APPPATH\Controllers\OrderController.php on line 64.
 1 APPPATH\Controllers\OrderController.php(64): CodeIgniter\Debug\Exceptions->errorHandler(2, 'Trying to access array offset on value of type null', 'C:\\laragon\\www\\cipharmaplus\\app\\Controllers\\OrderController.php', 64)
 2 SYSTEMPATH\CodeIgniter.php(919): App\Controllers\OrderController->EarningsPerWeek()
 3 SYSTEMPATH\CodeIgniter.php(494): CodeIgniter\CodeIgniter->runController(Object(App\Controllers\OrderController))
 4 SYSTEMPATH\CodeIgniter.php(353): CodeIgniter\CodeIgniter->handleRequest(null, Object(Config\Cache), false)
 5 FCPATH\index.php(91): CodeIgniter\CodeIgniter->run()
CRITICAL - 2024-01-29 00:30:24 --> Trying to access array offset on value of type null
in APPPATH\Controllers\OrderController.php on line 31.
 1 APPPATH\Controllers\OrderController.php(31): CodeIgniter\Debug\Exceptions->errorHandler(2, 'Trying to access array offset on value of type null', 'C:\\laragon\\www\\cipharmaplus\\app\\Controllers\\OrderController.php', 31)
 2 SYSTEMPATH\CodeIgniter.php(919): App\Controllers\OrderController->TransactionToday()
 3 SYSTEMPATH\CodeIgniter.php(494): CodeIgniter\CodeIgniter->runController(Object(App\Controllers\OrderController))
 4 SYSTEMPATH\CodeIgniter.php(353): CodeIgniter\CodeIgniter->handleRequest(null, Object(Config\Cache), false)
 5 FCPATH\index.php(91): CodeIgniter\CodeIgniter->run()
CRITICAL - 2024-01-29 00:30:24 --> Trying to access array offset on value of type null
in APPPATH\Controllers\BranchController.php on line 23.
 1 APPPATH\Controllers\BranchController.php(23): CodeIgniter\Debug\Exceptions->errorHandler(2, 'Trying to access array offset on value of type null', 'C:\\laragon\\www\\cipharmaplus\\app\\Controllers\\BranchController.php', 23)
 2 SYSTEMPATH\CodeIgniter.php(919): App\Controllers\BranchController->TotalBranchWorker()
 3 SYSTEMPATH\CodeIgniter.php(494): CodeIgniter\CodeIgniter->runController(Object(App\Controllers\BranchController))
 4 SYSTEMPATH\CodeIgniter.php(353): CodeIgniter\CodeIgniter->handleRequest(null, Object(Config\Cache), false)
 5 FCPATH\index.php(91): CodeIgniter\CodeIgniter->run()
CRITICAL - 2024-01-29 00:30:24 --> Trying to access array offset on value of type null
in APPPATH\Controllers\AuditController.php on line 33.
 1 APPPATH\Controllers\AuditController.php(33): CodeIgniter\Debug\Exceptions->errorHandler(2, 'Trying to access array offset on value of type null', 'C:\\laragon\\www\\cipharmaplus\\app\\Controllers\\AuditController.php', 33)
 2 SYSTEMPATH\CodeIgniter.php(919): App\Controllers\AuditController->TopSellingProductPerWeek()
 3 SYSTEMPATH\CodeIgniter.php(494): CodeIgniter\CodeIgniter->runController(Object(App\Controllers\AuditController))
 4 SYSTEMPATH\CodeIgniter.php(353): CodeIgniter\CodeIgniter->handleRequest(null, Object(Config\Cache), false)
 5 FCPATH\index.php(91): CodeIgniter\CodeIgniter->run()
CRITICAL - 2024-01-29 00:30:25 --> Trying to access array offset on value of type null
in APPPATH\Controllers\OrderController.php on line 64.
 1 APPPATH\Controllers\OrderController.php(64): CodeIgniter\Debug\Exceptions->errorHandler(2, 'Trying to access array offset on value of type null', 'C:\\laragon\\www\\cipharmaplus\\app\\Controllers\\OrderController.php', 64)
 2 SYSTEMPATH\CodeIgniter.php(919): App\Controllers\OrderController->EarningsPerWeek()
 3 SYSTEMPATH\CodeIgniter.php(494): CodeIgniter\CodeIgniter->runController(Object(App\Controllers\OrderController))
 4 SYSTEMPATH\CodeIgniter.php(353): CodeIgniter\CodeIgniter->handleRequest(null, Object(Config\Cache), false)
 5 FCPATH\index.php(91): CodeIgniter\CodeIgniter->run()
CRITICAL - 2024-01-29 00:30:25 --> Trying to access array offset on value of type null
in APPPATH\Controllers\OrderController.php on line 31.
 1 APPPATH\Controllers\OrderController.php(31): CodeIgniter\Debug\Exceptions->errorHandler(2, 'Trying to access array offset on value of type null', 'C:\\laragon\\www\\cipharmaplus\\app\\Controllers\\OrderController.php', 31)
 2 SYSTEMPATH\CodeIgniter.php(919): App\Controllers\OrderController->TransactionToday()
 3 SYSTEMPATH\CodeIgniter.php(494): CodeIgniter\CodeIgniter->runController(Object(App\Controllers\OrderController))
 4 SYSTEMPATH\CodeIgniter.php(353): CodeIgniter\CodeIgniter->handleRequest(null, Object(Config\Cache), false)
 5 FCPATH\index.php(91): CodeIgniter\CodeIgniter->run()
CRITICAL - 2024-01-29 00:30:25 --> Trying to access array offset on value of type null
in APPPATH\Controllers\OrderController.php on line 106.
 1 APPPATH\Controllers\OrderController.php(106): CodeIgniter\Debug\Exceptions->errorHandler(2, 'Trying to access array offset on value of type null', 'C:\\laragon\\www\\cipharmaplus\\app\\Controllers\\OrderController.php', 106)
 2 SYSTEMPATH\CodeIgniter.php(919): App\Controllers\OrderController->AverageOrderValuePerWeek()
 3 SYSTEMPATH\CodeIgniter.php(494): CodeIgniter\CodeIgniter->runController(Object(App\Controllers\OrderController))
 4 SYSTEMPATH\CodeIgniter.php(353): CodeIgniter\CodeIgniter->handleRequest(null, Object(Config\Cache), false)
 5 FCPATH\index.php(91): CodeIgniter\CodeIgniter->run()
CRITICAL - 2024-01-29 00:30:25 --> Trying to access array offset on value of type null
in APPPATH\Controllers\ProductController.php on line 141.
 1 APPPATH\Controllers\ProductController.php(141): CodeIgniter\Debug\Exceptions->errorHandler(2, 'Trying to access array offset on value of type null', 'C:\\laragon\\www\\cipharmaplus\\app\\Controllers\\ProductController.php', 141)
 2 SYSTEMPATH\CodeIgniter.php(919): App\Controllers\ProductController->countBranchUniqueItems('')
 3 SYSTEMPATH\CodeIgniter.php(494): CodeIgniter\CodeIgniter->runController(Object(App\Controllers\ProductController))
 4 SYSTEMPATH\CodeIgniter.php(353): CodeIgniter\CodeIgniter->handleRequest(null, Object(Config\Cache), false)
 5 FCPATH\index.php(91): CodeIgniter\CodeIgniter->run()
CRITICAL - 2024-01-29 00:30:25 --> Trying to access array offset on value of type null
in APPPATH\Controllers\AuditController.php on line 33.
 1 APPPATH\Controllers\AuditController.php(33): CodeIgniter\Debug\Exceptions->errorHandler(2, 'Trying to access array offset on value of type null', 'C:\\laragon\\www\\cipharmaplus\\app\\Controllers\\AuditController.php', 33)
 2 SYSTEMPATH\CodeIgniter.php(919): App\Controllers\AuditController->TopSellingProductPerWeek()
 3 SYSTEMPATH\CodeIgniter.php(494): CodeIgniter\CodeIgniter->runController(Object(App\Controllers\AuditController))
 4 SYSTEMPATH\CodeIgniter.php(353): CodeIgniter\CodeIgniter->handleRequest(null, Object(Config\Cache), false)
 5 FCPATH\index.php(91): CodeIgniter\CodeIgniter->run()
CRITICAL - 2024-01-29 00:30:25 --> Trying to access array offset on value of type null
in APPPATH\Controllers\BranchController.php on line 23.
 1 APPPATH\Controllers\BranchController.php(23): CodeIgniter\Debug\Exceptions->errorHandler(2, 'Trying to access array offset on value of type null', 'C:\\laragon\\www\\cipharmaplus\\app\\Controllers\\BranchController.php', 23)
 2 SYSTEMPATH\CodeIgniter.php(919): App\Controllers\BranchController->TotalBranchWorker()
 3 SYSTEMPATH\CodeIgniter.php(494): CodeIgniter\CodeIgniter->runController(Object(App\Controllers\BranchController))
 4 SYSTEMPATH\CodeIgniter.php(353): CodeIgniter\CodeIgniter->handleRequest(null, Object(Config\Cache), false)
 5 FCPATH\index.php(91): CodeIgniter\CodeIgniter->run()
CRITICAL - 2024-01-29 00:30:26 --> Trying to access array offset on value of type null
in APPPATH\Controllers\BranchController.php on line 23.
 1 APPPATH\Controllers\BranchController.php(23): CodeIgniter\Debug\Exceptions->errorHandler(2, 'Trying to access array offset on value of type null', 'C:\\laragon\\www\\cipharmaplus\\app\\Controllers\\BranchController.php', 23)
 2 SYSTEMPATH\CodeIgniter.php(919): App\Controllers\BranchController->TotalBranchWorker()
 3 SYSTEMPATH\CodeIgniter.php(494): CodeIgniter\CodeIgniter->runController(Object(App\Controllers\BranchController))
 4 SYSTEMPATH\CodeIgniter.php(353): CodeIgniter\CodeIgniter->handleRequest(null, Object(Config\Cache), false)
 5 FCPATH\index.php(91): CodeIgniter\CodeIgniter->run()
CRITICAL - 2024-01-29 00:30:26 --> Trying to access array offset on value of type null
in APPPATH\Controllers\OrderController.php on line 31.
 1 APPPATH\Controllers\OrderController.php(31): CodeIgniter\Debug\Exceptions->errorHandler(2, 'Trying to access array offset on value of type null', 'C:\\laragon\\www\\cipharmaplus\\app\\Controllers\\OrderController.php', 31)
 2 SYSTEMPATH\CodeIgniter.php(919): App\Controllers\OrderController->TransactionToday()
 3 SYSTEMPATH\CodeIgniter.php(494): CodeIgniter\CodeIgniter->runController(Object(App\Controllers\OrderController))
 4 SYSTEMPATH\CodeIgniter.php(353): CodeIgniter\CodeIgniter->handleRequest(null, Object(Config\Cache), false)
 5 FCPATH\index.php(91): CodeIgniter\CodeIgniter->run()
CRITICAL - 2024-01-29 00:30:26 --> Trying to access array offset on value of type null
in APPPATH\Controllers\ProductController.php on line 141.
 1 APPPATH\Controllers\ProductController.php(141): CodeIgniter\Debug\Exceptions->errorHandler(2, 'Trying to access array offset on value of type null', 'C:\\laragon\\www\\cipharmaplus\\app\\Controllers\\ProductController.php', 141)
 2 SYSTEMPATH\CodeIgniter.php(919): App\Controllers\ProductController->countBranchUniqueItems('')
 3 SYSTEMPATH\CodeIgniter.php(494): CodeIgniter\CodeIgniter->runController(Object(App\Controllers\ProductController))
 4 SYSTEMPATH\CodeIgniter.php(353): CodeIgniter\CodeIgniter->handleRequest(null, Object(Config\Cache), false)
 5 FCPATH\index.php(91): CodeIgniter\CodeIgniter->run()
CRITICAL - 2024-01-29 00:30:26 --> Trying to access array offset on value of type null
in APPPATH\Controllers\OrderController.php on line 64.
 1 APPPATH\Controllers\OrderController.php(64): CodeIgniter\Debug\Exceptions->errorHandler(2, 'Trying to access array offset on value of type null', 'C:\\laragon\\www\\cipharmaplus\\app\\Controllers\\OrderController.php', 64)
 2 SYSTEMPATH\CodeIgniter.php(919): App\Controllers\OrderController->EarningsPerWeek()
 3 SYSTEMPATH\CodeIgniter.php(494): CodeIgniter\CodeIgniter->runController(Object(App\Controllers\OrderController))
 4 SYSTEMPATH\CodeIgniter.php(353): CodeIgniter\CodeIgniter->handleRequest(null, Object(Config\Cache), false)
 5 FCPATH\index.php(91): CodeIgniter\CodeIgniter->run()
CRITICAL - 2024-01-29 00:30:26 --> Trying to access array offset on value of type null
in APPPATH\Controllers\AuditController.php on line 33.
 1 APPPATH\Controllers\AuditController.php(33): CodeIgniter\Debug\Exceptions->errorHandler(2, 'Trying to access array offset on value of type null', 'C:\\laragon\\www\\cipharmaplus\\app\\Controllers\\AuditController.php', 33)
 2 SYSTEMPATH\CodeIgniter.php(919): App\Controllers\AuditController->TopSellingProductPerWeek()
 3 SYSTEMPATH\CodeIgniter.php(494): CodeIgniter\CodeIgniter->runController(Object(App\Controllers\AuditController))
 4 SYSTEMPATH\CodeIgniter.php(353): CodeIgniter\CodeIgniter->handleRequest(null, Object(Config\Cache), false)
 5 FCPATH\index.php(91): CodeIgniter\CodeIgniter->run()
CRITICAL - 2024-01-29 00:30:26 --> Trying to access array offset on value of type null
in APPPATH\Controllers\OrderController.php on line 106.
 1 APPPATH\Controllers\OrderController.php(106): CodeIgniter\Debug\Exceptions->errorHandler(2, 'Trying to access array offset on value of type null', 'C:\\laragon\\www\\cipharmaplus\\app\\Controllers\\OrderController.php', 106)
 2 SYSTEMPATH\CodeIgniter.php(919): App\Controllers\OrderController->AverageOrderValuePerWeek()
 3 SYSTEMPATH\CodeIgniter.php(494): CodeIgniter\CodeIgniter->runController(Object(App\Controllers\OrderController))
 4 SYSTEMPATH\CodeIgniter.php(353): CodeIgniter\CodeIgniter->handleRequest(null, Object(Config\Cache), false)
 5 FCPATH\index.php(91): CodeIgniter\CodeIgniter->run()
CRITICAL - 2024-01-29 00:30:27 --> Trying to access array offset on value of type null
in APPPATH\Controllers\ProductController.php on line 141.
 1 APPPATH\Controllers\ProductController.php(141): CodeIgniter\Debug\Exceptions->errorHandler(2, 'Trying to access array offset on value of type null', 'C:\\laragon\\www\\cipharmaplus\\app\\Controllers\\ProductController.php', 141)
 2 SYSTEMPATH\CodeIgniter.php(919): App\Controllers\ProductController->countBranchUniqueItems('')
 3 SYSTEMPATH\CodeIgniter.php(494): CodeIgniter\CodeIgniter->runController(Object(App\Controllers\ProductController))
 4 SYSTEMPATH\CodeIgniter.php(353): CodeIgniter\CodeIgniter->handleRequest(null, Object(Config\Cache), false)
 5 FCPATH\index.php(91): CodeIgniter\CodeIgniter->run()
CRITICAL - 2024-01-29 00:30:27 --> Trying to access array offset on value of type null
in APPPATH\Controllers\OrderController.php on line 106.
 1 APPPATH\Controllers\OrderController.php(106): CodeIgniter\Debug\Exceptions->errorHandler(2, 'Trying to access array offset on value of type null', 'C:\\laragon\\www\\cipharmaplus\\app\\Controllers\\OrderController.php', 106)
 2 SYSTEMPATH\CodeIgniter.php(919): App\Controllers\OrderController->AverageOrderValuePerWeek()
 3 SYSTEMPATH\CodeIgniter.php(494): CodeIgniter\CodeIgniter->runController(Object(App\Controllers\OrderController))
 4 SYSTEMPATH\CodeIgniter.php(353): CodeIgniter\CodeIgniter->handleRequest(null, Object(Config\Cache), false)
 5 FCPATH\index.php(91): CodeIgniter\CodeIgniter->run()
CRITICAL - 2024-01-29 00:30:27 --> Trying to access array offset on value of type null
in APPPATH\Controllers\AuditController.php on line 33.
 1 APPPATH\Controllers\AuditController.php(33): CodeIgniter\Debug\Exceptions->errorHandler(2, 'Trying to access array offset on value of type null', 'C:\\laragon\\www\\cipharmaplus\\app\\Controllers\\AuditController.php', 33)
 2 SYSTEMPATH\CodeIgniter.php(919): App\Controllers\AuditController->TopSellingProductPerWeek()
 3 SYSTEMPATH\CodeIgniter.php(494): CodeIgniter\CodeIgniter->runController(Object(App\Controllers\AuditController))
 4 SYSTEMPATH\CodeIgniter.php(353): CodeIgniter\CodeIgniter->handleRequest(null, Object(Config\Cache), false)
 5 FCPATH\index.php(91): CodeIgniter\CodeIgniter->run()
CRITICAL - 2024-01-29 00:30:27 --> Trying to access array offset on value of type null
in APPPATH\Controllers\OrderController.php on line 64.
 1 APPPATH\Controllers\OrderController.php(64): CodeIgniter\Debug\Exceptions->errorHandler(2, 'Trying to access array offset on value of type null', 'C:\\laragon\\www\\cipharmaplus\\app\\Controllers\\OrderController.php', 64)
 2 SYSTEMPATH\CodeIgniter.php(919): App\Controllers\OrderController->EarningsPerWeek()
 3 SYSTEMPATH\CodeIgniter.php(494): CodeIgniter\CodeIgniter->runController(Object(App\Controllers\OrderController))
 4 SYSTEMPATH\CodeIgniter.php(353): CodeIgniter\CodeIgniter->handleRequest(null, Object(Config\Cache), false)
 5 FCPATH\index.php(91): CodeIgniter\CodeIgniter->run()
CRITICAL - 2024-01-29 00:30:27 --> Trying to access array offset on value of type null
in APPPATH\Controllers\OrderController.php on line 31.
 1 APPPATH\Controllers\OrderController.php(31): CodeIgniter\Debug\Exceptions->errorHandler(2, 'Trying to access array offset on value of type null', 'C:\\laragon\\www\\cipharmaplus\\app\\Controllers\\OrderController.php', 31)
 2 SYSTEMPATH\CodeIgniter.php(919): App\Controllers\OrderController->TransactionToday()
 3 SYSTEMPATH\CodeIgniter.php(494): CodeIgniter\CodeIgniter->runController(Object(App\Controllers\OrderController))
 4 SYSTEMPATH\CodeIgniter.php(353): CodeIgniter\CodeIgniter->handleRequest(null, Object(Config\Cache), false)
 5 FCPATH\index.php(91): CodeIgniter\CodeIgniter->run()
CRITICAL - 2024-01-29 00:30:27 --> Trying to access array offset on value of type null
in APPPATH\Controllers\BranchController.php on line 23.
 1 APPPATH\Controllers\BranchController.php(23): CodeIgniter\Debug\Exceptions->errorHandler(2, 'Trying to access array offset on value of type null', 'C:\\laragon\\www\\cipharmaplus\\app\\Controllers\\BranchController.php', 23)
 2 SYSTEMPATH\CodeIgniter.php(919): App\Controllers\BranchController->TotalBranchWorker()
 3 SYSTEMPATH\CodeIgniter.php(494): CodeIgniter\CodeIgniter->runController(Object(App\Controllers\BranchController))
 4 SYSTEMPATH\CodeIgniter.php(353): CodeIgniter\CodeIgniter->handleRequest(null, Object(Config\Cache), false)
 5 FCPATH\index.php(91): CodeIgniter\CodeIgniter->run()
CRITICAL - 2024-01-29 00:30:28 --> Trying to access array offset on value of type null
in APPPATH\Controllers\ProductController.php on line 141.
 1 APPPATH\Controllers\ProductController.php(141): CodeIgniter\Debug\Exceptions->errorHandler(2, 'Trying to access array offset on value of type null', 'C:\\laragon\\www\\cipharmaplus\\app\\Controllers\\ProductController.php', 141)
 2 SYSTEMPATH\CodeIgniter.php(919): App\Controllers\ProductController->countBranchUniqueItems('')
 3 SYSTEMPATH\CodeIgniter.php(494): CodeIgniter\CodeIgniter->runController(Object(App\Controllers\ProductController))
 4 SYSTEMPATH\CodeIgniter.php(353): CodeIgniter\CodeIgniter->handleRequest(null, Object(Config\Cache), false)
 5 FCPATH\index.php(91): CodeIgniter\CodeIgniter->run()
CRITICAL - 2024-01-29 00:30:28 --> Trying to access array offset on value of type null
in APPPATH\Controllers\OrderController.php on line 31.
 1 APPPATH\Controllers\OrderController.php(31): CodeIgniter\Debug\Exceptions->errorHandler(2, 'Trying to access array offset on value of type null', 'C:\\laragon\\www\\cipharmaplus\\app\\Controllers\\OrderController.php', 31)
 2 SYSTEMPATH\CodeIgniter.php(919): App\Controllers\OrderController->TransactionToday()
 3 SYSTEMPATH\CodeIgniter.php(494): CodeIgniter\CodeIgniter->runController(Object(App\Controllers\OrderController))
 4 SYSTEMPATH\CodeIgniter.php(353): CodeIgniter\CodeIgniter->handleRequest(null, Object(Config\Cache), false)
 5 FCPATH\index.php(91): CodeIgniter\CodeIgniter->run()
CRITICAL - 2024-01-29 00:30:28 --> Trying to access array offset on value of type null
in APPPATH\Controllers\OrderController.php on line 106.
 1 APPPATH\Controllers\OrderController.php(106): CodeIgniter\Debug\Exceptions->errorHandler(2, 'Trying to access array offset on value of type null', 'C:\\laragon\\www\\cipharmaplus\\app\\Controllers\\OrderController.php', 106)
 2 SYSTEMPATH\CodeIgniter.php(919): App\Controllers\OrderController->AverageOrderValuePerWeek()
 3 SYSTEMPATH\CodeIgniter.php(494): CodeIgniter\CodeIgniter->runController(Object(App\Controllers\OrderController))
 4 SYSTEMPATH\CodeIgniter.php(353): CodeIgniter\CodeIgniter->handleRequest(null, Object(Config\Cache), false)
 5 FCPATH\index.php(91): CodeIgniter\CodeIgniter->run()
CRITICAL - 2024-01-29 00:30:28 --> Trying to access array offset on value of type null
in APPPATH\Controllers\OrderController.php on line 64.
 1 APPPATH\Controllers\OrderController.php(64): CodeIgniter\Debug\Exceptions->errorHandler(2, 'Trying to access array offset on value of type null', 'C:\\laragon\\www\\cipharmaplus\\app\\Controllers\\OrderController.php', 64)
 2 SYSTEMPATH\CodeIgniter.php(919): App\Controllers\OrderController->EarningsPerWeek()
 3 SYSTEMPATH\CodeIgniter.php(494): CodeIgniter\CodeIgniter->runController(Object(App\Controllers\OrderController))
 4 SYSTEMPATH\CodeIgniter.php(353): CodeIgniter\CodeIgniter->handleRequest(null, Object(Config\Cache), false)
 5 FCPATH\index.php(91): CodeIgniter\CodeIgniter->run()
CRITICAL - 2024-01-29 00:30:28 --> Trying to access array offset on value of type null
in APPPATH\Controllers\AuditController.php on line 33.
 1 APPPATH\Controllers\AuditController.php(33): CodeIgniter\Debug\Exceptions->errorHandler(2, 'Trying to access array offset on value of type null', 'C:\\laragon\\www\\cipharmaplus\\app\\Controllers\\AuditController.php', 33)
 2 SYSTEMPATH\CodeIgniter.php(919): App\Controllers\AuditController->TopSellingProductPerWeek()
 3 SYSTEMPATH\CodeIgniter.php(494): CodeIgniter\CodeIgniter->runController(Object(App\Controllers\AuditController))
 4 SYSTEMPATH\CodeIgniter.php(353): CodeIgniter\CodeIgniter->handleRequest(null, Object(Config\Cache), false)
 5 FCPATH\index.php(91): CodeIgniter\CodeIgniter->run()
CRITICAL - 2024-01-29 00:30:28 --> Trying to access array offset on value of type null
in APPPATH\Controllers\BranchController.php on line 23.
 1 APPPATH\Controllers\BranchController.php(23): CodeIgniter\Debug\Exceptions->errorHandler(2, 'Trying to access array offset on value of type null', 'C:\\laragon\\www\\cipharmaplus\\app\\Controllers\\BranchController.php', 23)
 2 SYSTEMPATH\CodeIgniter.php(919): App\Controllers\BranchController->TotalBranchWorker()
 3 SYSTEMPATH\CodeIgniter.php(494): CodeIgniter\CodeIgniter->runController(Object(App\Controllers\BranchController))
 4 SYSTEMPATH\CodeIgniter.php(353): CodeIgniter\CodeIgniter->handleRequest(null, Object(Config\Cache), false)
 5 FCPATH\index.php(91): CodeIgniter\CodeIgniter->run()
CRITICAL - 2024-01-29 00:30:29 --> Trying to access array offset on value of type null
in APPPATH\Controllers\OrderController.php on line 106.
 1 APPPATH\Controllers\OrderController.php(106): CodeIgniter\Debug\Exceptions->errorHandler(2, 'Trying to access array offset on value of type null', 'C:\\laragon\\www\\cipharmaplus\\app\\Controllers\\OrderController.php', 106)
 2 SYSTEMPATH\CodeIgniter.php(919): App\Controllers\OrderController->AverageOrderValuePerWeek()
 3 SYSTEMPATH\CodeIgniter.php(494): CodeIgniter\CodeIgniter->runController(Object(App\Controllers\OrderController))
 4 SYSTEMPATH\CodeIgniter.php(353): CodeIgniter\CodeIgniter->handleRequest(null, Object(Config\Cache), false)
 5 FCPATH\index.php(91): CodeIgniter\CodeIgniter->run()
CRITICAL - 2024-01-29 00:30:29 --> Trying to access array offset on value of type null
in APPPATH\Controllers\AuditController.php on line 33.
 1 APPPATH\Controllers\AuditController.php(33): CodeIgniter\Debug\Exceptions->errorHandler(2, 'Trying to access array offset on value of type null', 'C:\\laragon\\www\\cipharmaplus\\app\\Controllers\\AuditController.php', 33)
 2 SYSTEMPATH\CodeIgniter.php(919): App\Controllers\AuditController->TopSellingProductPerWeek()
 3 SYSTEMPATH\CodeIgniter.php(494): CodeIgniter\CodeIgniter->runController(Object(App\Controllers\AuditController))
 4 SYSTEMPATH\CodeIgniter.php(353): CodeIgniter\CodeIgniter->handleRequest(null, Object(Config\Cache), false)
 5 FCPATH\index.php(91): CodeIgniter\CodeIgniter->run()
CRITICAL - 2024-01-29 00:30:29 --> Trying to access array offset on value of type null
in APPPATH\Controllers\OrderController.php on line 64.
 1 APPPATH\Controllers\OrderController.php(64): CodeIgniter\Debug\Exceptions->errorHandler(2, 'Trying to access array offset on value of type null', 'C:\\laragon\\www\\cipharmaplus\\app\\Controllers\\OrderController.php', 64)
 2 SYSTEMPATH\CodeIgniter.php(919): App\Controllers\OrderController->EarningsPerWeek()
 3 SYSTEMPATH\CodeIgniter.php(494): CodeIgniter\CodeIgniter->runController(Object(App\Controllers\OrderController))
 4 SYSTEMPATH\CodeIgniter.php(353): CodeIgniter\CodeIgniter->handleRequest(null, Object(Config\Cache), false)
 5 FCPATH\index.php(91): CodeIgniter\CodeIgniter->run()
CRITICAL - 2024-01-29 00:30:29 --> Trying to access array offset on value of type null
in APPPATH\Controllers\ProductController.php on line 141.
 1 APPPATH\Controllers\ProductController.php(141): CodeIgniter\Debug\Exceptions->errorHandler(2, 'Trying to access array offset on value of type null', 'C:\\laragon\\www\\cipharmaplus\\app\\Controllers\\ProductController.php', 141)
 2 SYSTEMPATH\CodeIgniter.php(919): App\Controllers\ProductController->countBranchUniqueItems('')
 3 SYSTEMPATH\CodeIgniter.php(494): CodeIgniter\CodeIgniter->runController(Object(App\Controllers\ProductController))
 4 SYSTEMPATH\CodeIgniter.php(353): CodeIgniter\CodeIgniter->handleRequest(null, Object(Config\Cache), false)
 5 FCPATH\index.php(91): CodeIgniter\CodeIgniter->run()
CRITICAL - 2024-01-29 00:30:29 --> Trying to access array offset on value of type null
in APPPATH\Controllers\OrderController.php on line 31.
 1 APPPATH\Controllers\OrderController.php(31): CodeIgniter\Debug\Exceptions->errorHandler(2, 'Trying to access array offset on value of type null', 'C:\\laragon\\www\\cipharmaplus\\app\\Controllers\\OrderController.php', 31)
 2 SYSTEMPATH\CodeIgniter.php(919): App\Controllers\OrderController->TransactionToday()
 3 SYSTEMPATH\CodeIgniter.php(494): CodeIgniter\CodeIgniter->runController(Object(App\Controllers\OrderController))
 4 SYSTEMPATH\CodeIgniter.php(353): CodeIgniter\CodeIgniter->handleRequest(null, Object(Config\Cache), false)
 5 FCPATH\index.php(91): CodeIgniter\CodeIgniter->run()
CRITICAL - 2024-01-29 00:30:29 --> Trying to access array offset on value of type null
in APPPATH\Controllers\BranchController.php on line 23.
 1 APPPATH\Controllers\BranchController.php(23): CodeIgniter\Debug\Exceptions->errorHandler(2, 'Trying to access array offset on value of type null', 'C:\\laragon\\www\\cipharmaplus\\app\\Controllers\\BranchController.php', 23)
 2 SYSTEMPATH\CodeIgniter.php(919): App\Controllers\BranchController->TotalBranchWorker()
 3 SYSTEMPATH\CodeIgniter.php(494): CodeIgniter\CodeIgniter->runController(Object(App\Controllers\BranchController))
 4 SYSTEMPATH\CodeIgniter.php(353): CodeIgniter\CodeIgniter->handleRequest(null, Object(Config\Cache), false)
 5 FCPATH\index.php(91): CodeIgniter\CodeIgniter->run()
CRITICAL - 2024-01-29 00:30:30 --> Trying to access array offset on value of type null
in APPPATH\Controllers\OrderController.php on line 106.
 1 APPPATH\Controllers\OrderController.php(106): CodeIgniter\Debug\Exceptions->errorHandler(2, 'Trying to access array offset on value of type null', 'C:\\laragon\\www\\cipharmaplus\\app\\Controllers\\OrderController.php', 106)
 2 SYSTEMPATH\CodeIgniter.php(919): App\Controllers\OrderController->AverageOrderValuePerWeek()
 3 SYSTEMPATH\CodeIgniter.php(494): CodeIgniter\CodeIgniter->runController(Object(App\Controllers\OrderController))
 4 SYSTEMPATH\CodeIgniter.php(353): CodeIgniter\CodeIgniter->handleRequest(null, Object(Config\Cache), false)
 5 FCPATH\index.php(91): CodeIgniter\CodeIgniter->run()
CRITICAL - 2024-01-29 00:30:30 --> Trying to access array offset on value of type null
in APPPATH\Controllers\ProductController.php on line 141.
 1 APPPATH\Controllers\ProductController.php(141): CodeIgniter\Debug\Exceptions->errorHandler(2, 'Trying to access array offset on value of type null', 'C:\\laragon\\www\\cipharmaplus\\app\\Controllers\\ProductController.php', 141)
 2 SYSTEMPATH\CodeIgniter.php(919): App\Controllers\ProductController->countBranchUniqueItems('')
 3 SYSTEMPATH\CodeIgniter.php(494): CodeIgniter\CodeIgniter->runController(Object(App\Controllers\ProductController))
 4 SYSTEMPATH\CodeIgniter.php(353): CodeIgniter\CodeIgniter->handleRequest(null, Object(Config\Cache), false)
 5 FCPATH\index.php(91): CodeIgniter\CodeIgniter->run()
CRITICAL - 2024-01-29 00:30:30 --> Trying to access array offset on value of type null
in APPPATH\Controllers\OrderController.php on line 31.
 1 APPPATH\Controllers\OrderController.php(31): CodeIgniter\Debug\Exceptions->errorHandler(2, 'Trying to access array offset on value of type null', 'C:\\laragon\\www\\cipharmaplus\\app\\Controllers\\OrderController.php', 31)
 2 SYSTEMPATH\CodeIgniter.php(919): App\Controllers\OrderController->TransactionToday()
 3 SYSTEMPATH\CodeIgniter.php(494): CodeIgniter\CodeIgniter->runController(Object(App\Controllers\OrderController))
 4 SYSTEMPATH\CodeIgniter.php(353): CodeIgniter\CodeIgniter->handleRequest(null, Object(Config\Cache), false)
 5 FCPATH\index.php(91): CodeIgniter\CodeIgniter->run()
CRITICAL - 2024-01-29 00:30:30 --> Trying to access array offset on value of type null
in APPPATH\Controllers\OrderController.php on line 64.
 1 APPPATH\Controllers\OrderController.php(64): CodeIgniter\Debug\Exceptions->errorHandler(2, 'Trying to access array offset on value of type null', 'C:\\laragon\\www\\cipharmaplus\\app\\Controllers\\OrderController.php', 64)
 2 SYSTEMPATH\CodeIgniter.php(919): App\Controllers\OrderController->EarningsPerWeek()
 3 SYSTEMPATH\CodeIgniter.php(494): CodeIgniter\CodeIgniter->runController(Object(App\Controllers\OrderController))
 4 SYSTEMPATH\CodeIgniter.php(353): CodeIgniter\CodeIgniter->handleRequest(null, Object(Config\Cache), false)
 5 FCPATH\index.php(91): CodeIgniter\CodeIgniter->run()
CRITICAL - 2024-01-29 00:30:30 --> Trying to access array offset on value of type null
in APPPATH\Controllers\BranchController.php on line 23.
 1 APPPATH\Controllers\BranchController.php(23): CodeIgniter\Debug\Exceptions->errorHandler(2, 'Trying to access array offset on value of type null', 'C:\\laragon\\www\\cipharmaplus\\app\\Controllers\\BranchController.php', 23)
 2 SYSTEMPATH\CodeIgniter.php(919): App\Controllers\BranchController->TotalBranchWorker()
 3 SYSTEMPATH\CodeIgniter.php(494): CodeIgniter\CodeIgniter->runController(Object(App\Controllers\BranchController))
 4 SYSTEMPATH\CodeIgniter.php(353): CodeIgniter\CodeIgniter->handleRequest(null, Object(Config\Cache), false)
 5 FCPATH\index.php(91): CodeIgniter\CodeIgniter->run()
CRITICAL - 2024-01-29 00:30:30 --> Trying to access array offset on value of type null
in APPPATH\Controllers\AuditController.php on line 33.
 1 APPPATH\Controllers\AuditController.php(33): CodeIgniter\Debug\Exceptions->errorHandler(2, 'Trying to access array offset on value of type null', 'C:\\laragon\\www\\cipharmaplus\\app\\Controllers\\AuditController.php', 33)
 2 SYSTEMPATH\CodeIgniter.php(919): App\Controllers\AuditController->TopSellingProductPerWeek()
 3 SYSTEMPATH\CodeIgniter.php(494): CodeIgniter\CodeIgniter->runController(Object(App\Controllers\AuditController))
 4 SYSTEMPATH\CodeIgniter.php(353): CodeIgniter\CodeIgniter->handleRequest(null, Object(Config\Cache), false)
 5 FCPATH\index.php(91): CodeIgniter\CodeIgniter->run()
CRITICAL - 2024-01-29 00:30:31 --> Trying to access array offset on value of type null
in APPPATH\Controllers\OrderController.php on line 31.
 1 APPPATH\Controllers\OrderController.php(31): CodeIgniter\Debug\Exceptions->errorHandler(2, 'Trying to access array offset on value of type null', 'C:\\laragon\\www\\cipharmaplus\\app\\Controllers\\OrderController.php', 31)
 2 SYSTEMPATH\CodeIgniter.php(919): App\Controllers\OrderController->TransactionToday()
 3 SYSTEMPATH\CodeIgniter.php(494): CodeIgniter\CodeIgniter->runController(Object(App\Controllers\OrderController))
 4 SYSTEMPATH\CodeIgniter.php(353): CodeIgniter\CodeIgniter->handleRequest(null, Object(Config\Cache), false)
 5 FCPATH\index.php(91): CodeIgniter\CodeIgniter->run()
CRITICAL - 2024-01-29 00:30:31 --> Trying to access array offset on value of type null
in APPPATH\Controllers\ProductController.php on line 141.
 1 APPPATH\Controllers\ProductController.php(141): CodeIgniter\Debug\Exceptions->errorHandler(2, 'Trying to access array offset on value of type null', 'C:\\laragon\\www\\cipharmaplus\\app\\Controllers\\ProductController.php', 141)
 2 SYSTEMPATH\CodeIgniter.php(919): App\Controllers\ProductController->countBranchUniqueItems('')
 3 SYSTEMPATH\CodeIgniter.php(494): CodeIgniter\CodeIgniter->runController(Object(App\Controllers\ProductController))
 4 SYSTEMPATH\CodeIgniter.php(353): CodeIgniter\CodeIgniter->handleRequest(null, Object(Config\Cache), false)
 5 FCPATH\index.php(91): CodeIgniter\CodeIgniter->run()
CRITICAL - 2024-01-29 00:30:31 --> Trying to access array offset on value of type null
in APPPATH\Controllers\OrderController.php on line 106.
 1 APPPATH\Controllers\OrderController.php(106): CodeIgniter\Debug\Exceptions->errorHandler(2, 'Trying to access array offset on value of type null', 'C:\\laragon\\www\\cipharmaplus\\app\\Controllers\\OrderController.php', 106)
 2 SYSTEMPATH\CodeIgniter.php(919): App\Controllers\OrderController->AverageOrderValuePerWeek()
 3 SYSTEMPATH\CodeIgniter.php(494): CodeIgniter\CodeIgniter->runController(Object(App\Controllers\OrderController))
 4 SYSTEMPATH\CodeIgniter.php(353): CodeIgniter\CodeIgniter->handleRequest(null, Object(Config\Cache), false)
 5 FCPATH\index.php(91): CodeIgniter\CodeIgniter->run()
CRITICAL - 2024-01-29 00:30:31 --> Trying to access array offset on value of type null
in APPPATH\Controllers\OrderController.php on line 64.
 1 APPPATH\Controllers\OrderController.php(64): CodeIgniter\Debug\Exceptions->errorHandler(2, 'Trying to access array offset on value of type null', 'C:\\laragon\\www\\cipharmaplus\\app\\Controllers\\OrderController.php', 64)
 2 SYSTEMPATH\CodeIgniter.php(919): App\Controllers\OrderController->EarningsPerWeek()
 3 SYSTEMPATH\CodeIgniter.php(494): CodeIgniter\CodeIgniter->runController(Object(App\Controllers\OrderController))
 4 SYSTEMPATH\CodeIgniter.php(353): CodeIgniter\CodeIgniter->handleRequest(null, Object(Config\Cache), false)
 5 FCPATH\index.php(91): CodeIgniter\CodeIgniter->run()
CRITICAL - 2024-01-29 00:30:31 --> Trying to access array offset on value of type null
in APPPATH\Controllers\AuditController.php on line 33.
 1 APPPATH\Controllers\AuditController.php(33): CodeIgniter\Debug\Exceptions->errorHandler(2, 'Trying to access array offset on value of type null', 'C:\\laragon\\www\\cipharmaplus\\app\\Controllers\\AuditController.php', 33)
 2 SYSTEMPATH\CodeIgniter.php(919): App\Controllers\AuditController->TopSellingProductPerWeek()
 3 SYSTEMPATH\CodeIgniter.php(494): CodeIgniter\CodeIgniter->runController(Object(App\Controllers\AuditController))
 4 SYSTEMPATH\CodeIgniter.php(353): CodeIgniter\CodeIgniter->handleRequest(null, Object(Config\Cache), false)
 5 FCPATH\index.php(91): CodeIgniter\CodeIgniter->run()
CRITICAL - 2024-01-29 00:30:31 --> Trying to access array offset on value of type null
in APPPATH\Controllers\BranchController.php on line 23.
 1 APPPATH\Controllers\BranchController.php(23): CodeIgniter\Debug\Exceptions->errorHandler(2, 'Trying to access array offset on value of type null', 'C:\\laragon\\www\\cipharmaplus\\app\\Controllers\\BranchController.php', 23)
 2 SYSTEMPATH\CodeIgniter.php(919): App\Controllers\BranchController->TotalBranchWorker()
 3 SYSTEMPATH\CodeIgniter.php(494): CodeIgniter\CodeIgniter->runController(Object(App\Controllers\BranchController))
 4 SYSTEMPATH\CodeIgniter.php(353): CodeIgniter\CodeIgniter->handleRequest(null, Object(Config\Cache), false)
 5 FCPATH\index.php(91): CodeIgniter\CodeIgniter->run()
CRITICAL - 2024-01-29 00:30:32 --> Trying to access array offset on value of type null
in APPPATH\Controllers\ProductController.php on line 141.
 1 APPPATH\Controllers\ProductController.php(141): CodeIgniter\Debug\Exceptions->errorHandler(2, 'Trying to access array offset on value of type null', 'C:\\laragon\\www\\cipharmaplus\\app\\Controllers\\ProductController.php', 141)
 2 SYSTEMPATH\CodeIgniter.php(919): App\Controllers\ProductController->countBranchUniqueItems('')
 3 SYSTEMPATH\CodeIgniter.php(494): CodeIgniter\CodeIgniter->runController(Object(App\Controllers\ProductController))
 4 SYSTEMPATH\CodeIgniter.php(353): CodeIgniter\CodeIgniter->handleRequest(null, Object(Config\Cache), false)
 5 FCPATH\index.php(91): CodeIgniter\CodeIgniter->run()
CRITICAL - 2024-01-29 00:30:32 --> Trying to access array offset on value of type null
in APPPATH\Controllers\OrderController.php on line 31.
 1 APPPATH\Controllers\OrderController.php(31): CodeIgniter\Debug\Exceptions->errorHandler(2, 'Trying to access array offset on value of type null', 'C:\\laragon\\www\\cipharmaplus\\app\\Controllers\\OrderController.php', 31)
 2 SYSTEMPATH\CodeIgniter.php(919): App\Controllers\OrderController->TransactionToday()
 3 SYSTEMPATH\CodeIgniter.php(494): CodeIgniter\CodeIgniter->runController(Object(App\Controllers\OrderController))
 4 SYSTEMPATH\CodeIgniter.php(353): CodeIgniter\CodeIgniter->handleRequest(null, Object(Config\Cache), false)
 5 FCPATH\index.php(91): CodeIgniter\CodeIgniter->run()
CRITICAL - 2024-01-29 00:30:32 --> Trying to access array offset on value of type null
in APPPATH\Controllers\AuditController.php on line 33.
 1 APPPATH\Controllers\AuditController.php(33): CodeIgniter\Debug\Exceptions->errorHandler(2, 'Trying to access array offset on value of type null', 'C:\\laragon\\www\\cipharmaplus\\app\\Controllers\\AuditController.php', 33)
 2 SYSTEMPATH\CodeIgniter.php(919): App\Controllers\AuditController->TopSellingProductPerWeek()
 3 SYSTEMPATH\CodeIgniter.php(494): CodeIgniter\CodeIgniter->runController(Object(App\Controllers\AuditController))
 4 SYSTEMPATH\CodeIgniter.php(353): CodeIgniter\CodeIgniter->handleRequest(null, Object(Config\Cache), false)
 5 FCPATH\index.php(91): CodeIgniter\CodeIgniter->run()
CRITICAL - 2024-01-29 00:30:32 --> Trying to access array offset on value of type null
in APPPATH\Controllers\OrderController.php on line 64.
 1 APPPATH\Controllers\OrderController.php(64): CodeIgniter\Debug\Exceptions->errorHandler(2, 'Trying to access array offset on value of type null', 'C:\\laragon\\www\\cipharmaplus\\app\\Controllers\\OrderController.php', 64)
 2 SYSTEMPATH\CodeIgniter.php(919): App\Controllers\OrderController->EarningsPerWeek()
 3 SYSTEMPATH\CodeIgniter.php(494): CodeIgniter\CodeIgniter->runController(Object(App\Controllers\OrderController))
 4 SYSTEMPATH\CodeIgniter.php(353): CodeIgniter\CodeIgniter->handleRequest(null, Object(Config\Cache), false)
 5 FCPATH\index.php(91): CodeIgniter\CodeIgniter->run()
CRITICAL - 2024-01-29 00:30:32 --> Trying to access array offset on value of type null
in APPPATH\Controllers\OrderController.php on line 106.
 1 APPPATH\Controllers\OrderController.php(106): CodeIgniter\Debug\Exceptions->errorHandler(2, 'Trying to access array offset on value of type null', 'C:\\laragon\\www\\cipharmaplus\\app\\Controllers\\OrderController.php', 106)
 2 SYSTEMPATH\CodeIgniter.php(919): App\Controllers\OrderController->AverageOrderValuePerWeek()
 3 SYSTEMPATH\CodeIgniter.php(494): CodeIgniter\CodeIgniter->runController(Object(App\Controllers\OrderController))
 4 SYSTEMPATH\CodeIgniter.php(353): CodeIgniter\CodeIgniter->handleRequest(null, Object(Config\Cache), false)
 5 FCPATH\index.php(91): CodeIgniter\CodeIgniter->run()
CRITICAL - 2024-01-29 00:30:32 --> Trying to access array offset on value of type null
in APPPATH\Controllers\BranchController.php on line 23.
 1 APPPATH\Controllers\BranchController.php(23): CodeIgniter\Debug\Exceptions->errorHandler(2, 'Trying to access array offset on value of type null', 'C:\\laragon\\www\\cipharmaplus\\app\\Controllers\\BranchController.php', 23)
 2 SYSTEMPATH\CodeIgniter.php(919): App\Controllers\BranchController->TotalBranchWorker()
 3 SYSTEMPATH\CodeIgniter.php(494): CodeIgniter\CodeIgniter->runController(Object(App\Controllers\BranchController))
 4 SYSTEMPATH\CodeIgniter.php(353): CodeIgniter\CodeIgniter->handleRequest(null, Object(Config\Cache), false)
 5 FCPATH\index.php(91): CodeIgniter\CodeIgniter->run()
CRITICAL - 2024-01-29 00:30:33 --> Trying to access array offset on value of type null
in APPPATH\Controllers\ProductController.php on line 141.
 1 APPPATH\Controllers\ProductController.php(141): CodeIgniter\Debug\Exceptions->errorHandler(2, 'Trying to access array offset on value of type null', 'C:\\laragon\\www\\cipharmaplus\\app\\Controllers\\ProductController.php', 141)
 2 SYSTEMPATH\CodeIgniter.php(919): App\Controllers\ProductController->countBranchUniqueItems('')
 3 SYSTEMPATH\CodeIgniter.php(494): CodeIgniter\CodeIgniter->runController(Object(App\Controllers\ProductController))
 4 SYSTEMPATH\CodeIgniter.php(353): CodeIgniter\CodeIgniter->handleRequest(null, Object(Config\Cache), false)
 5 FCPATH\index.php(91): CodeIgniter\CodeIgniter->run()
CRITICAL - 2024-01-29 00:30:33 --> Trying to access array offset on value of type null
in APPPATH\Controllers\OrderController.php on line 106.
 1 APPPATH\Controllers\OrderController.php(106): CodeIgniter\Debug\Exceptions->errorHandler(2, 'Trying to access array offset on value of type null', 'C:\\laragon\\www\\cipharmaplus\\app\\Controllers\\OrderController.php', 106)
 2 SYSTEMPATH\CodeIgniter.php(919): App\Controllers\OrderController->AverageOrderValuePerWeek()
 3 SYSTEMPATH\CodeIgniter.php(494): CodeIgniter\CodeIgniter->runController(Object(App\Controllers\OrderController))
 4 SYSTEMPATH\CodeIgniter.php(353): CodeIgniter\CodeIgniter->handleRequest(null, Object(Config\Cache), false)
 5 FCPATH\index.php(91): CodeIgniter\CodeIgniter->run()
CRITICAL - 2024-01-29 00:30:33 --> Trying to access array offset on value of type null
in APPPATH\Controllers\OrderController.php on line 31.
 1 APPPATH\Controllers\OrderController.php(31): CodeIgniter\Debug\Exceptions->errorHandler(2, 'Trying to access array offset on value of type null', 'C:\\laragon\\www\\cipharmaplus\\app\\Controllers\\OrderController.php', 31)
 2 SYSTEMPATH\CodeIgniter.php(919): App\Controllers\OrderController->TransactionToday()
 3 SYSTEMPATH\CodeIgniter.php(494): CodeIgniter\CodeIgniter->runController(Object(App\Controllers\OrderController))
 4 SYSTEMPATH\CodeIgniter.php(353): CodeIgniter\CodeIgniter->handleRequest(null, Object(Config\Cache), false)
 5 FCPATH\index.php(91): CodeIgniter\CodeIgniter->run()
CRITICAL - 2024-01-29 00:30:33 --> Trying to access array offset on value of type null
in APPPATH\Controllers\OrderController.php on line 64.
 1 APPPATH\Controllers\OrderController.php(64): CodeIgniter\Debug\Exceptions->errorHandler(2, 'Trying to access array offset on value of type null', 'C:\\laragon\\www\\cipharmaplus\\app\\Controllers\\OrderController.php', 64)
 2 SYSTEMPATH\CodeIgniter.php(919): App\Controllers\OrderController->EarningsPerWeek()
 3 SYSTEMPATH\CodeIgniter.php(494): CodeIgniter\CodeIgniter->runController(Object(App\Controllers\OrderController))
 4 SYSTEMPATH\CodeIgniter.php(353): CodeIgniter\CodeIgniter->handleRequest(null, Object(Config\Cache), false)
 5 FCPATH\index.php(91): CodeIgniter\CodeIgniter->run()
CRITICAL - 2024-01-29 00:30:33 --> Trying to access array offset on value of type null
in APPPATH\Controllers\AuditController.php on line 33.
 1 APPPATH\Controllers\AuditController.php(33): CodeIgniter\Debug\Exceptions->errorHandler(2, 'Trying to access array offset on value of type null', 'C:\\laragon\\www\\cipharmaplus\\app\\Controllers\\AuditController.php', 33)
 2 SYSTEMPATH\CodeIgniter.php(919): App\Controllers\AuditController->TopSellingProductPerWeek()
 3 SYSTEMPATH\CodeIgniter.php(494): CodeIgniter\CodeIgniter->runController(Object(App\Controllers\AuditController))
 4 SYSTEMPATH\CodeIgniter.php(353): CodeIgniter\CodeIgniter->handleRequest(null, Object(Config\Cache), false)
 5 FCPATH\index.php(91): CodeIgniter\CodeIgniter->run()
CRITICAL - 2024-01-29 00:30:33 --> Trying to access array offset on value of type null
in APPPATH\Controllers\BranchController.php on line 23.
 1 APPPATH\Controllers\BranchController.php(23): CodeIgniter\Debug\Exceptions->errorHandler(2, 'Trying to access array offset on value of type null', 'C:\\laragon\\www\\cipharmaplus\\app\\Controllers\\BranchController.php', 23)
 2 SYSTEMPATH\CodeIgniter.php(919): App\Controllers\BranchController->TotalBranchWorker()
 3 SYSTEMPATH\CodeIgniter.php(494): CodeIgniter\CodeIgniter->runController(Object(App\Controllers\BranchController))
 4 SYSTEMPATH\CodeIgniter.php(353): CodeIgniter\CodeIgniter->handleRequest(null, Object(Config\Cache), false)
 5 FCPATH\index.php(91): CodeIgniter\CodeIgniter->run()
CRITICAL - 2024-01-29 00:30:34 --> Trying to access array offset on value of type null
in APPPATH\Controllers\ProductController.php on line 141.
 1 APPPATH\Controllers\ProductController.php(141): CodeIgniter\Debug\Exceptions->errorHandler(2, 'Trying to access array offset on value of type null', 'C:\\laragon\\www\\cipharmaplus\\app\\Controllers\\ProductController.php', 141)
 2 SYSTEMPATH\CodeIgniter.php(919): App\Controllers\ProductController->countBranchUniqueItems('')
 3 SYSTEMPATH\CodeIgniter.php(494): CodeIgniter\CodeIgniter->runController(Object(App\Controllers\ProductController))
 4 SYSTEMPATH\CodeIgniter.php(353): CodeIgniter\CodeIgniter->handleRequest(null, Object(Config\Cache), false)
 5 FCPATH\index.php(91): CodeIgniter\CodeIgniter->run()
CRITICAL - 2024-01-29 00:30:34 --> Trying to access array offset on value of type null
in APPPATH\Controllers\OrderController.php on line 64.
 1 APPPATH\Controllers\OrderController.php(64): CodeIgniter\Debug\Exceptions->errorHandler(2, 'Trying to access array offset on value of type null', 'C:\\laragon\\www\\cipharmaplus\\app\\Controllers\\OrderController.php', 64)
 2 SYSTEMPATH\CodeIgniter.php(919): App\Controllers\OrderController->EarningsPerWeek()
 3 SYSTEMPATH\CodeIgniter.php(494): CodeIgniter\CodeIgniter->runController(Object(App\Controllers\OrderController))
 4 SYSTEMPATH\CodeIgniter.php(353): CodeIgniter\CodeIgniter->handleRequest(null, Object(Config\Cache), false)
 5 FCPATH\index.php(91): CodeIgniter\CodeIgniter->run()
CRITICAL - 2024-01-29 00:30:34 --> Trying to access array offset on value of type null
in APPPATH\Controllers\BranchController.php on line 23.
 1 APPPATH\Controllers\BranchController.php(23): CodeIgniter\Debug\Exceptions->errorHandler(2, 'Trying to access array offset on value of type null', 'C:\\laragon\\www\\cipharmaplus\\app\\Controllers\\BranchController.php', 23)
 2 SYSTEMPATH\CodeIgniter.php(919): App\Controllers\BranchController->TotalBranchWorker()
 3 SYSTEMPATH\CodeIgniter.php(494): CodeIgniter\CodeIgniter->runController(Object(App\Controllers\BranchController))
 4 SYSTEMPATH\CodeIgniter.php(353): CodeIgniter\CodeIgniter->handleRequest(null, Object(Config\Cache), false)
 5 FCPATH\index.php(91): CodeIgniter\CodeIgniter->run()
CRITICAL - 2024-01-29 00:30:34 --> Trying to access array offset on value of type null
in APPPATH\Controllers\OrderController.php on line 31.
 1 APPPATH\Controllers\OrderController.php(31): CodeIgniter\Debug\Exceptions->errorHandler(2, 'Trying to access array offset on value of type null', 'C:\\laragon\\www\\cipharmaplus\\app\\Controllers\\OrderController.php', 31)
 2 SYSTEMPATH\CodeIgniter.php(919): App\Controllers\OrderController->TransactionToday()
 3 SYSTEMPATH\CodeIgniter.php(494): CodeIgniter\CodeIgniter->runController(Object(App\Controllers\OrderController))
 4 SYSTEMPATH\CodeIgniter.php(353): CodeIgniter\CodeIgniter->handleRequest(null, Object(Config\Cache), false)
 5 FCPATH\index.php(91): CodeIgniter\CodeIgniter->run()
CRITICAL - 2024-01-29 00:30:34 --> Trying to access array offset on value of type null
in APPPATH\Controllers\AuditController.php on line 33.
 1 APPPATH\Controllers\AuditController.php(33): CodeIgniter\Debug\Exceptions->errorHandler(2, 'Trying to access array offset on value of type null', 'C:\\laragon\\www\\cipharmaplus\\app\\Controllers\\AuditController.php', 33)
 2 SYSTEMPATH\CodeIgniter.php(919): App\Controllers\AuditController->TopSellingProductPerWeek()
 3 SYSTEMPATH\CodeIgniter.php(494): CodeIgniter\CodeIgniter->runController(Object(App\Controllers\AuditController))
 4 SYSTEMPATH\CodeIgniter.php(353): CodeIgniter\CodeIgniter->handleRequest(null, Object(Config\Cache), false)
 5 FCPATH\index.php(91): CodeIgniter\CodeIgniter->run()
CRITICAL - 2024-01-29 00:30:34 --> Trying to access array offset on value of type null
in APPPATH\Controllers\OrderController.php on line 106.
 1 APPPATH\Controllers\OrderController.php(106): CodeIgniter\Debug\Exceptions->errorHandler(2, 'Trying to access array offset on value of type null', 'C:\\laragon\\www\\cipharmaplus\\app\\Controllers\\OrderController.php', 106)
 2 SYSTEMPATH\CodeIgniter.php(919): App\Controllers\OrderController->AverageOrderValuePerWeek()
 3 SYSTEMPATH\CodeIgniter.php(494): CodeIgniter\CodeIgniter->runController(Object(App\Controllers\OrderController))
 4 SYSTEMPATH\CodeIgniter.php(353): CodeIgniter\CodeIgniter->handleRequest(null, Object(Config\Cache), false)
 5 FCPATH\index.php(91): CodeIgniter\CodeIgniter->run()
CRITICAL - 2024-01-29 00:30:35 --> Trying to access array offset on value of type null
in APPPATH\Controllers\AuditController.php on line 33.
 1 APPPATH\Controllers\AuditController.php(33): CodeIgniter\Debug\Exceptions->errorHandler(2, 'Trying to access array offset on value of type null', 'C:\\laragon\\www\\cipharmaplus\\app\\Controllers\\AuditController.php', 33)
 2 SYSTEMPATH\CodeIgniter.php(919): App\Controllers\AuditController->TopSellingProductPerWeek()
 3 SYSTEMPATH\CodeIgniter.php(494): CodeIgniter\CodeIgniter->runController(Object(App\Controllers\AuditController))
 4 SYSTEMPATH\CodeIgniter.php(353): CodeIgniter\CodeIgniter->handleRequest(null, Object(Config\Cache), false)
 5 FCPATH\index.php(91): CodeIgniter\CodeIgniter->run()
CRITICAL - 2024-01-29 00:30:35 --> Trying to access array offset on value of type null
in APPPATH\Controllers\OrderController.php on line 106.
 1 APPPATH\Controllers\OrderController.php(106): CodeIgniter\Debug\Exceptions->errorHandler(2, 'Trying to access array offset on value of type null', 'C:\\laragon\\www\\cipharmaplus\\app\\Controllers\\OrderController.php', 106)
 2 SYSTEMPATH\CodeIgniter.php(919): App\Controllers\OrderController->AverageOrderValuePerWeek()
 3 SYSTEMPATH\CodeIgniter.php(494): CodeIgniter\CodeIgniter->runController(Object(App\Controllers\OrderController))
 4 SYSTEMPATH\CodeIgniter.php(353): CodeIgniter\CodeIgniter->handleRequest(null, Object(Config\Cache), false)
 5 FCPATH\index.php(91): CodeIgniter\CodeIgniter->run()
CRITICAL - 2024-01-29 00:30:35 --> Trying to access array offset on value of type null
in APPPATH\Controllers\OrderController.php on line 64.
 1 APPPATH\Controllers\OrderController.php(64): CodeIgniter\Debug\Exceptions->errorHandler(2, 'Trying to access array offset on value of type null', 'C:\\laragon\\www\\cipharmaplus\\app\\Controllers\\OrderController.php', 64)
 2 SYSTEMPATH\CodeIgniter.php(919): App\Controllers\OrderController->EarningsPerWeek()
 3 SYSTEMPATH\CodeIgniter.php(494): CodeIgniter\CodeIgniter->runController(Object(App\Controllers\OrderController))
 4 SYSTEMPATH\CodeIgniter.php(353): CodeIgniter\CodeIgniter->handleRequest(null, Object(Config\Cache), false)
 5 FCPATH\index.php(91): CodeIgniter\CodeIgniter->run()
CRITICAL - 2024-01-29 00:30:35 --> Trying to access array offset on value of type null
in APPPATH\Controllers\OrderController.php on line 31.
 1 APPPATH\Controllers\OrderController.php(31): CodeIgniter\Debug\Exceptions->errorHandler(2, 'Trying to access array offset on value of type null', 'C:\\laragon\\www\\cipharmaplus\\app\\Controllers\\OrderController.php', 31)
 2 SYSTEMPATH\CodeIgniter.php(919): App\Controllers\OrderController->TransactionToday()
 3 SYSTEMPATH\CodeIgniter.php(494): CodeIgniter\CodeIgniter->runController(Object(App\Controllers\OrderController))
 4 SYSTEMPATH\CodeIgniter.php(353): CodeIgniter\CodeIgniter->handleRequest(null, Object(Config\Cache), false)
 5 FCPATH\index.php(91): CodeIgniter\CodeIgniter->run()
CRITICAL - 2024-01-29 00:30:35 --> Trying to access array offset on value of type null
in APPPATH\Controllers\ProductController.php on line 141.
 1 APPPATH\Controllers\ProductController.php(141): CodeIgniter\Debug\Exceptions->errorHandler(2, 'Trying to access array offset on value of type null', 'C:\\laragon\\www\\cipharmaplus\\app\\Controllers\\ProductController.php', 141)
 2 SYSTEMPATH\CodeIgniter.php(919): App\Controllers\ProductController->countBranchUniqueItems('')
 3 SYSTEMPATH\CodeIgniter.php(494): CodeIgniter\CodeIgniter->runController(Object(App\Controllers\ProductController))
 4 SYSTEMPATH\CodeIgniter.php(353): CodeIgniter\CodeIgniter->handleRequest(null, Object(Config\Cache), false)
 5 FCPATH\index.php(91): CodeIgniter\CodeIgniter->run()
CRITICAL - 2024-01-29 00:30:35 --> Trying to access array offset on value of type null
in APPPATH\Controllers\BranchController.php on line 23.
 1 APPPATH\Controllers\BranchController.php(23): CodeIgniter\Debug\Exceptions->errorHandler(2, 'Trying to access array offset on value of type null', 'C:\\laragon\\www\\cipharmaplus\\app\\Controllers\\BranchController.php', 23)
 2 SYSTEMPATH\CodeIgniter.php(919): App\Controllers\BranchController->TotalBranchWorker()
 3 SYSTEMPATH\CodeIgniter.php(494): CodeIgniter\CodeIgniter->runController(Object(App\Controllers\BranchController))
 4 SYSTEMPATH\CodeIgniter.php(353): CodeIgniter\CodeIgniter->handleRequest(null, Object(Config\Cache), false)
 5 FCPATH\index.php(91): CodeIgniter\CodeIgniter->run()
CRITICAL - 2024-01-29 00:30:36 --> Trying to access array offset on value of type null
in APPPATH\Controllers\BranchController.php on line 23.
 1 APPPATH\Controllers\BranchController.php(23): CodeIgniter\Debug\Exceptions->errorHandler(2, 'Trying to access array offset on value of type null', 'C:\\laragon\\www\\cipharmaplus\\app\\Controllers\\BranchController.php', 23)
 2 SYSTEMPATH\CodeIgniter.php(919): App\Controllers\BranchController->TotalBranchWorker()
 3 SYSTEMPATH\CodeIgniter.php(494): CodeIgniter\CodeIgniter->runController(Object(App\Controllers\BranchController))
 4 SYSTEMPATH\CodeIgniter.php(353): CodeIgniter\CodeIgniter->handleRequest(null, Object(Config\Cache), false)
 5 FCPATH\index.php(91): CodeIgniter\CodeIgniter->run()
CRITICAL - 2024-01-29 00:30:36 --> Trying to access array offset on value of type null
in APPPATH\Controllers\ProductController.php on line 141.
 1 APPPATH\Controllers\ProductController.php(141): CodeIgniter\Debug\Exceptions->errorHandler(2, 'Trying to access array offset on value of type null', 'C:\\laragon\\www\\cipharmaplus\\app\\Controllers\\ProductController.php', 141)
 2 SYSTEMPATH\CodeIgniter.php(919): App\Controllers\ProductController->countBranchUniqueItems('')
 3 SYSTEMPATH\CodeIgniter.php(494): CodeIgniter\CodeIgniter->runController(Object(App\Controllers\ProductController))
 4 SYSTEMPATH\CodeIgniter.php(353): CodeIgniter\CodeIgniter->handleRequest(null, Object(Config\Cache), false)
 5 FCPATH\index.php(91): CodeIgniter\CodeIgniter->run()
CRITICAL - 2024-01-29 00:30:36 --> Trying to access array offset on value of type null
in APPPATH\Controllers\OrderController.php on line 106.
 1 APPPATH\Controllers\OrderController.php(106): CodeIgniter\Debug\Exceptions->errorHandler(2, 'Trying to access array offset on value of type null', 'C:\\laragon\\www\\cipharmaplus\\app\\Controllers\\OrderController.php', 106)
 2 SYSTEMPATH\CodeIgniter.php(919): App\Controllers\OrderController->AverageOrderValuePerWeek()
 3 SYSTEMPATH\CodeIgniter.php(494): CodeIgniter\CodeIgniter->runController(Object(App\Controllers\OrderController))
 4 SYSTEMPATH\CodeIgniter.php(353): CodeIgniter\CodeIgniter->handleRequest(null, Object(Config\Cache), false)
 5 FCPATH\index.php(91): CodeIgniter\CodeIgniter->run()
CRITICAL - 2024-01-29 00:30:36 --> Trying to access array offset on value of type null
in APPPATH\Controllers\OrderController.php on line 64.
 1 APPPATH\Controllers\OrderController.php(64): CodeIgniter\Debug\Exceptions->errorHandler(2, 'Trying to access array offset on value of type null', 'C:\\laragon\\www\\cipharmaplus\\app\\Controllers\\OrderController.php', 64)
 2 SYSTEMPATH\CodeIgniter.php(919): App\Controllers\OrderController->EarningsPerWeek()
 3 SYSTEMPATH\CodeIgniter.php(494): CodeIgniter\CodeIgniter->runController(Object(App\Controllers\OrderController))
 4 SYSTEMPATH\CodeIgniter.php(353): CodeIgniter\CodeIgniter->handleRequest(null, Object(Config\Cache), false)
 5 FCPATH\index.php(91): CodeIgniter\CodeIgniter->run()
CRITICAL - 2024-01-29 00:30:36 --> Trying to access array offset on value of type null
in APPPATH\Controllers\AuditController.php on line 33.
 1 APPPATH\Controllers\AuditController.php(33): CodeIgniter\Debug\Exceptions->errorHandler(2, 'Trying to access array offset on value of type null', 'C:\\laragon\\www\\cipharmaplus\\app\\Controllers\\AuditController.php', 33)
 2 SYSTEMPATH\CodeIgniter.php(919): App\Controllers\AuditController->TopSellingProductPerWeek()
 3 SYSTEMPATH\CodeIgniter.php(494): CodeIgniter\CodeIgniter->runController(Object(App\Controllers\AuditController))
 4 SYSTEMPATH\CodeIgniter.php(353): CodeIgniter\CodeIgniter->handleRequest(null, Object(Config\Cache), false)
 5 FCPATH\index.php(91): CodeIgniter\CodeIgniter->run()
CRITICAL - 2024-01-29 00:30:36 --> Trying to access array offset on value of type null
in APPPATH\Controllers\OrderController.php on line 31.
 1 APPPATH\Controllers\OrderController.php(31): CodeIgniter\Debug\Exceptions->errorHandler(2, 'Trying to access array offset on value of type null', 'C:\\laragon\\www\\cipharmaplus\\app\\Controllers\\OrderController.php', 31)
 2 SYSTEMPATH\CodeIgniter.php(919): App\Controllers\OrderController->TransactionToday()
 3 SYSTEMPATH\CodeIgniter.php(494): CodeIgniter\CodeIgniter->runController(Object(App\Controllers\OrderController))
 4 SYSTEMPATH\CodeIgniter.php(353): CodeIgniter\CodeIgniter->handleRequest(null, Object(Config\Cache), false)
 5 FCPATH\index.php(91): CodeIgniter\CodeIgniter->run()
