CRITICAL - 2024-09-30 01:44:40 --> Undefined array key "product_name"
in APPPATH\Controllers\CurrentTransactionController.php on line 213.
 1 APPPATH\Controllers\CurrentTransactionController.php(213): CodeIgniter\Debug\Exceptions->errorHandler(2, 'Undefined array key "product_name"', 'C:\\laragon\\www\\cipharmaplus\\app\\Controllers\\CurrentTransactionController.php', 213)
 2 SYSTEMPATH\CodeIgniter.php(919): App\Controllers\CurrentTransactionController->AddItemToCurrentTransaction('4yowAQ8qEVL5iYrHSeGRpnb6Pmd93fNt2zjZKvJks0FOx1DhBl', 'i0zdhQJuwU')
 3 SYSTEMPATH\CodeIgniter.php(494): CodeIgniter\CodeIgniter->runController(Object(App\Controllers\CurrentTransactionController))
 4 SYSTEMPATH\CodeIgniter.php(353): CodeIgniter\CodeIgniter->handleRequest(null, Object(Config\Cache), false)
 5 FCPATH\index.php(91): CodeIgniter\CodeIgniter->run()
CRITICAL - 2024-09-30 01:44:42 --> Undefined array key "product_name"
in APPPATH\Controllers\CurrentTransactionController.php on line 213.
 1 APPPATH\Controllers\CurrentTransactionController.php(213): CodeIgniter\Debug\Exceptions->errorHandler(2, 'Undefined array key "product_name"', 'C:\\laragon\\www\\cipharmaplus\\app\\Controllers\\CurrentTransactionController.php', 213)
 2 SYSTEMPATH\CodeIgniter.php(919): App\Controllers\CurrentTransactionController->AddItemToCurrentTransaction('4yowAQ8qEVL5iYrHSeGRpnb6Pmd93fNt2zjZKvJks0FOx1DhBl', 'i0zdhQJuwU')
 3 SYSTEMPATH\CodeIgniter.php(494): CodeIgniter\CodeIgniter->runController(Object(App\Controllers\CurrentTransactionController))
 4 SYSTEMPATH\CodeIgniter.php(353): CodeIgniter\CodeIgniter->handleRequest(null, Object(Config\Cache), false)
 5 FCPATH\index.php(91): CodeIgniter\CodeIgniter->run()
CRITICAL - 2024-09-30 01:53:03 --> Undefined array key "product_name"
in APPPATH\Controllers\CurrentTransactionController.php on line 213.
 1 APPPATH\Controllers\CurrentTransactionController.php(213): CodeIgniter\Debug\Exceptions->errorHandler(2, 'Undefined array key "product_name"', 'C:\\laragon\\www\\cipharmaplus\\app\\Controllers\\CurrentTransactionController.php', 213)
 2 SYSTEMPATH\CodeIgniter.php(919): App\Controllers\CurrentTransactionController->AddItemToCurrentTransaction('4yowAQ8qEVL5iYrHSeGRpnb6Pmd93fNt2zjZKvJks0FOx1DhBl', 'sFapXAmaQ7')
 3 SYSTEMPATH\CodeIgniter.php(494): CodeIgniter\CodeIgniter->runController(Object(App\Controllers\CurrentTransactionController))
 4 SYSTEMPATH\CodeIgniter.php(353): CodeIgniter\CodeIgniter->handleRequest(null, Object(Config\Cache), false)
 5 FCPATH\index.php(91): CodeIgniter\CodeIgniter->run()
CRITICAL - 2024-09-30 01:53:03 --> Undefined array key "product_name"
in APPPATH\Controllers\CurrentTransactionController.php on line 213.
 1 APPPATH\Controllers\CurrentTransactionController.php(213): CodeIgniter\Debug\Exceptions->errorHandler(2, 'Undefined array key "product_name"', 'C:\\laragon\\www\\cipharmaplus\\app\\Controllers\\CurrentTransactionController.php', 213)
 2 SYSTEMPATH\CodeIgniter.php(919): App\Controllers\CurrentTransactionController->AddItemToCurrentTransaction('4yowAQ8qEVL5iYrHSeGRpnb6Pmd93fNt2zjZKvJks0FOx1DhBl', 'sFapXAmaQ7')
 3 SYSTEMPATH\CodeIgniter.php(494): CodeIgniter\CodeIgniter->runController(Object(App\Controllers\CurrentTransactionController))
 4 SYSTEMPATH\CodeIgniter.php(353): CodeIgniter\CodeIgniter->handleRequest(null, Object(Config\Cache), false)
 5 FCPATH\index.php(91): CodeIgniter\CodeIgniter->run()
CRITICAL - 2024-09-30 01:53:04 --> Undefined array key "product_name"
in APPPATH\Controllers\CurrentTransactionController.php on line 213.
 1 APPPATH\Controllers\CurrentTransactionController.php(213): CodeIgniter\Debug\Exceptions->errorHandler(2, 'Undefined array key "product_name"', 'C:\\laragon\\www\\cipharmaplus\\app\\Controllers\\CurrentTransactionController.php', 213)
 2 SYSTEMPATH\CodeIgniter.php(919): App\Controllers\CurrentTransactionController->AddItemToCurrentTransaction('4yowAQ8qEVL5iYrHSeGRpnb6Pmd93fNt2zjZKvJks0FOx1DhBl', 'sFapXAmaQ7')
 3 SYSTEMPATH\CodeIgniter.php(494): CodeIgniter\CodeIgniter->runController(Object(App\Controllers\CurrentTransactionController))
 4 SYSTEMPATH\CodeIgniter.php(353): CodeIgniter\CodeIgniter->handleRequest(null, Object(Config\Cache), false)
 5 FCPATH\index.php(91): CodeIgniter\CodeIgniter->run()
CRITICAL - 2024-09-30 01:53:04 --> Undefined array key "product_name"
in APPPATH\Controllers\CurrentTransactionController.php on line 213.
 1 APPPATH\Controllers\CurrentTransactionController.php(213): CodeIgniter\Debug\Exceptions->errorHandler(2, 'Undefined array key "product_name"', 'C:\\laragon\\www\\cipharmaplus\\app\\Controllers\\CurrentTransactionController.php', 213)
 2 SYSTEMPATH\CodeIgniter.php(919): App\Controllers\CurrentTransactionController->AddItemToCurrentTransaction('4yowAQ8qEVL5iYrHSeGRpnb6Pmd93fNt2zjZKvJks0FOx1DhBl', 'sFapXAmaQ7')
 3 SYSTEMPATH\CodeIgniter.php(494): CodeIgniter\CodeIgniter->runController(Object(App\Controllers\CurrentTransactionController))
 4 SYSTEMPATH\CodeIgniter.php(353): CodeIgniter\CodeIgniter->handleRequest(null, Object(Config\Cache), false)
 5 FCPATH\index.php(91): CodeIgniter\CodeIgniter->run()
CRITICAL - 2024-09-30 01:53:34 --> Undefined array key "product_name"
in APPPATH\Controllers\CurrentTransactionController.php on line 213.
 1 APPPATH\Controllers\CurrentTransactionController.php(213): CodeIgniter\Debug\Exceptions->errorHandler(2, 'Undefined array key "product_name"', 'C:\\laragon\\www\\cipharmaplus\\app\\Controllers\\CurrentTransactionController.php', 213)
 2 SYSTEMPATH\CodeIgniter.php(919): App\Controllers\CurrentTransactionController->AddItemToCurrentTransaction('4yowAQ8qEVL5iYrHSeGRpnb6Pmd93fNt2zjZKvJks0FOx1DhBl', 'aAVNGnawyL')
 3 SYSTEMPATH\CodeIgniter.php(494): CodeIgniter\CodeIgniter->runController(Object(App\Controllers\CurrentTransactionController))
 4 SYSTEMPATH\CodeIgniter.php(353): CodeIgniter\CodeIgniter->handleRequest(null, Object(Config\Cache), false)
 5 FCPATH\index.php(91): CodeIgniter\CodeIgniter->run()
CRITICAL - 2024-09-30 02:14:11 --> Undefined array key "product_name"
in APPPATH\Controllers\CurrentTransactionController.php on line 213.
 1 APPPATH\Controllers\CurrentTransactionController.php(213): CodeIgniter\Debug\Exceptions->errorHandler(2, 'Undefined array key "product_name"', 'C:\\laragon\\www\\cipharmaplus\\app\\Controllers\\CurrentTransactionController.php', 213)
 2 SYSTEMPATH\CodeIgniter.php(919): App\Controllers\CurrentTransactionController->AddItemToCurrentTransaction('4yowAQ8qEVL5iYrHSeGRpnb6Pmd93fNt2zjZKvJks0FOx1DhBl', 'aAVNGnawyL')
 3 SYSTEMPATH\CodeIgniter.php(494): CodeIgniter\CodeIgniter->runController(Object(App\Controllers\CurrentTransactionController))
 4 SYSTEMPATH\CodeIgniter.php(353): CodeIgniter\CodeIgniter->handleRequest(null, Object(Config\Cache), false)
 5 FCPATH\index.php(91): CodeIgniter\CodeIgniter->run()
CRITICAL - 2024-09-30 02:15:02 --> Undefined array key "product_name"
in APPPATH\Controllers\CurrentTransactionController.php on line 213.
 1 APPPATH\Controllers\CurrentTransactionController.php(213): CodeIgniter\Debug\Exceptions->errorHandler(2, 'Undefined array key "product_name"', 'C:\\laragon\\www\\cipharmaplus\\app\\Controllers\\CurrentTransactionController.php', 213)
 2 SYSTEMPATH\CodeIgniter.php(919): App\Controllers\CurrentTransactionController->AddItemToCurrentTransaction('4yowAQ8qEVL5iYrHSeGRpnb6Pmd93fNt2zjZKvJks0FOx1DhBl', 'duqKaKl5km')
 3 SYSTEMPATH\CodeIgniter.php(494): CodeIgniter\CodeIgniter->runController(Object(App\Controllers\CurrentTransactionController))
 4 SYSTEMPATH\CodeIgniter.php(353): CodeIgniter\CodeIgniter->handleRequest(null, Object(Config\Cache), false)
 5 FCPATH\index.php(91): CodeIgniter\CodeIgniter->run()
CRITICAL - 2024-09-30 02:20:23 --> Undefined array key "profit"
in APPPATH\Controllers\CurrentTransactionController.php on line 237.
 1 APPPATH\Controllers\CurrentTransactionController.php(237): CodeIgniter\Debug\Exceptions->errorHandler(2, 'Undefined array key "profit"', 'C:\\laragon\\www\\cipharmaplus\\app\\Controllers\\CurrentTransactionController.php', 237)
 2 SYSTEMPATH\CodeIgniter.php(919): App\Controllers\CurrentTransactionController->AddItemToCurrentTransaction('4yowAQ8qEVL5iYrHSeGRpnb6Pmd93fNt2zjZKvJks0FOx1DhBl', '8IbLMhWOHD')
 3 SYSTEMPATH\CodeIgniter.php(494): CodeIgniter\CodeIgniter->runController(Object(App\Controllers\CurrentTransactionController))
 4 SYSTEMPATH\CodeIgniter.php(353): CodeIgniter\CodeIgniter->handleRequest(null, Object(Config\Cache), false)
 5 FCPATH\index.php(91): CodeIgniter\CodeIgniter->run()
CRITICAL - 2024-09-30 02:20:25 --> Undefined array key "profit"
in APPPATH\Controllers\CurrentTransactionController.php on line 237.
 1 APPPATH\Controllers\CurrentTransactionController.php(237): CodeIgniter\Debug\Exceptions->errorHandler(2, 'Undefined array key "profit"', 'C:\\laragon\\www\\cipharmaplus\\app\\Controllers\\CurrentTransactionController.php', 237)
 2 SYSTEMPATH\CodeIgniter.php(919): App\Controllers\CurrentTransactionController->AddItemToCurrentTransaction('4yowAQ8qEVL5iYrHSeGRpnb6Pmd93fNt2zjZKvJks0FOx1DhBl', '8IbLMhWOHD')
 3 SYSTEMPATH\CodeIgniter.php(494): CodeIgniter\CodeIgniter->runController(Object(App\Controllers\CurrentTransactionController))
 4 SYSTEMPATH\CodeIgniter.php(353): CodeIgniter\CodeIgniter->handleRequest(null, Object(Config\Cache), false)
 5 FCPATH\index.php(91): CodeIgniter\CodeIgniter->run()
CRITICAL - 2024-09-30 02:20:28 --> Undefined array key "profit"
in APPPATH\Controllers\CurrentTransactionController.php on line 237.
 1 APPPATH\Controllers\CurrentTransactionController.php(237): CodeIgniter\Debug\Exceptions->errorHandler(2, 'Undefined array key "profit"', 'C:\\laragon\\www\\cipharmaplus\\app\\Controllers\\CurrentTransactionController.php', 237)
 2 SYSTEMPATH\CodeIgniter.php(919): App\Controllers\CurrentTransactionController->AddItemToCurrentTransaction('4yowAQ8qEVL5iYrHSeGRpnb6Pmd93fNt2zjZKvJks0FOx1DhBl', '8IbLMhWOHD')
 3 SYSTEMPATH\CodeIgniter.php(494): CodeIgniter\CodeIgniter->runController(Object(App\Controllers\CurrentTransactionController))
 4 SYSTEMPATH\CodeIgniter.php(353): CodeIgniter\CodeIgniter->handleRequest(null, Object(Config\Cache), false)
 5 FCPATH\index.php(91): CodeIgniter\CodeIgniter->run()
CRITICAL - 2024-09-30 02:20:46 --> Undefined array key "profit"
in APPPATH\Controllers\CurrentTransactionController.php on line 237.
 1 APPPATH\Controllers\CurrentTransactionController.php(237): CodeIgniter\Debug\Exceptions->errorHandler(2, 'Undefined array key "profit"', 'C:\\laragon\\www\\cipharmaplus\\app\\Controllers\\CurrentTransactionController.php', 237)
 2 SYSTEMPATH\CodeIgniter.php(919): App\Controllers\CurrentTransactionController->AddItemToCurrentTransaction('4yowAQ8qEVL5iYrHSeGRpnb6Pmd93fNt2zjZKvJks0FOx1DhBl', '8IbLMhWOHD')
 3 SYSTEMPATH\CodeIgniter.php(494): CodeIgniter\CodeIgniter->runController(Object(App\Controllers\CurrentTransactionController))
 4 SYSTEMPATH\CodeIgniter.php(353): CodeIgniter\CodeIgniter->handleRequest(null, Object(Config\Cache), false)
 5 FCPATH\index.php(91): CodeIgniter\CodeIgniter->run()
CRITICAL - 2024-09-30 02:21:38 --> Undefined array key "profit"
in APPPATH\Controllers\CurrentTransactionController.php on line 237.
 1 APPPATH\Controllers\CurrentTransactionController.php(237): CodeIgniter\Debug\Exceptions->errorHandler(2, 'Undefined array key "profit"', 'C:\\laragon\\www\\cipharmaplus\\app\\Controllers\\CurrentTransactionController.php', 237)
 2 SYSTEMPATH\CodeIgniter.php(919): App\Controllers\CurrentTransactionController->AddItemToCurrentTransaction('4yowAQ8qEVL5iYrHSeGRpnb6Pmd93fNt2zjZKvJks0FOx1DhBl', '8IbLMhWOHD')
 3 SYSTEMPATH\CodeIgniter.php(494): CodeIgniter\CodeIgniter->runController(Object(App\Controllers\CurrentTransactionController))
 4 SYSTEMPATH\CodeIgniter.php(353): CodeIgniter\CodeIgniter->handleRequest(null, Object(Config\Cache), false)
 5 FCPATH\index.php(91): CodeIgniter\CodeIgniter->run()
CRITICAL - 2024-09-30 02:21:44 --> Undefined array key "profit"
in APPPATH\Controllers\CurrentTransactionController.php on line 237.
 1 APPPATH\Controllers\CurrentTransactionController.php(237): CodeIgniter\Debug\Exceptions->errorHandler(2, 'Undefined array key "profit"', 'C:\\laragon\\www\\cipharmaplus\\app\\Controllers\\CurrentTransactionController.php', 237)
 2 SYSTEMPATH\CodeIgniter.php(919): App\Controllers\CurrentTransactionController->AddItemToCurrentTransaction('4yowAQ8qEVL5iYrHSeGRpnb6Pmd93fNt2zjZKvJks0FOx1DhBl', '8IbLMhWOHD')
 3 SYSTEMPATH\CodeIgniter.php(494): CodeIgniter\CodeIgniter->runController(Object(App\Controllers\CurrentTransactionController))
 4 SYSTEMPATH\CodeIgniter.php(353): CodeIgniter\CodeIgniter->handleRequest(null, Object(Config\Cache), false)
 5 FCPATH\index.php(91): CodeIgniter\CodeIgniter->run()
CRITICAL - 2024-09-30 02:22:00 --> Undefined array key "profit"
in APPPATH\Controllers\CurrentTransactionController.php on line 237.
 1 APPPATH\Controllers\CurrentTransactionController.php(237): CodeIgniter\Debug\Exceptions->errorHandler(2, 'Undefined array key "profit"', 'C:\\laragon\\www\\cipharmaplus\\app\\Controllers\\CurrentTransactionController.php', 237)
 2 SYSTEMPATH\CodeIgniter.php(919): App\Controllers\CurrentTransactionController->AddItemToCurrentTransaction('4yowAQ8qEVL5iYrHSeGRpnb6Pmd93fNt2zjZKvJks0FOx1DhBl', 's7Z7MBjNiS')
 3 SYSTEMPATH\CodeIgniter.php(494): CodeIgniter\CodeIgniter->runController(Object(App\Controllers\CurrentTransactionController))
 4 SYSTEMPATH\CodeIgniter.php(353): CodeIgniter\CodeIgniter->handleRequest(null, Object(Config\Cache), false)
 5 FCPATH\index.php(91): CodeIgniter\CodeIgniter->run()
CRITICAL - 2024-09-30 02:30:51 --> Undefined array key "profit"
in APPPATH\Controllers\CurrentTransactionController.php on line 237.
 1 APPPATH\Controllers\CurrentTransactionController.php(237): CodeIgniter\Debug\Exceptions->errorHandler(2, 'Undefined array key "profit"', 'C:\\laragon\\www\\cipharmaplus\\app\\Controllers\\CurrentTransactionController.php', 237)
 2 SYSTEMPATH\CodeIgniter.php(919): App\Controllers\CurrentTransactionController->AddItemToCurrentTransaction('4yowAQ8qEVL5iYrHSeGRpnb6Pmd93fNt2zjZKvJks0FOx1DhBl', 's7Z7MBjNiS')
 3 SYSTEMPATH\CodeIgniter.php(494): CodeIgniter\CodeIgniter->runController(Object(App\Controllers\CurrentTransactionController))
 4 SYSTEMPATH\CodeIgniter.php(353): CodeIgniter\CodeIgniter->handleRequest(null, Object(Config\Cache), false)
 5 FCPATH\index.php(91): CodeIgniter\CodeIgniter->run()
CRITICAL - 2024-09-30 02:37:16 --> Undefined array key "profit"
in APPPATH\Controllers\CurrentTransactionController.php on line 243.
 1 APPPATH\Controllers\CurrentTransactionController.php(243): CodeIgniter\Debug\Exceptions->errorHandler(2, 'Undefined array key "profit"', 'C:\\laragon\\www\\cipharmaplus\\app\\Controllers\\CurrentTransactionController.php', 243)
 2 SYSTEMPATH\CodeIgniter.php(919): App\Controllers\CurrentTransactionController->AddItemToCurrentTransaction('4yowAQ8qEVL5iYrHSeGRpnb6Pmd93fNt2zjZKvJks0FOx1DhBl', 's7Z7MBjNiS')
 3 SYSTEMPATH\CodeIgniter.php(494): CodeIgniter\CodeIgniter->runController(Object(App\Controllers\CurrentTransactionController))
 4 SYSTEMPATH\CodeIgniter.php(353): CodeIgniter\CodeIgniter->handleRequest(null, Object(Config\Cache), false)
 5 FCPATH\index.php(91): CodeIgniter\CodeIgniter->run()
CRITICAL - 2024-09-30 02:38:13 --> Undefined array key "profit"
in APPPATH\Controllers\CurrentTransactionController.php on line 243.
 1 APPPATH\Controllers\CurrentTransactionController.php(243): CodeIgniter\Debug\Exceptions->errorHandler(2, 'Undefined array key "profit"', 'C:\\laragon\\www\\cipharmaplus\\app\\Controllers\\CurrentTransactionController.php', 243)
 2 SYSTEMPATH\CodeIgniter.php(919): App\Controllers\CurrentTransactionController->AddItemToCurrentTransaction('4yowAQ8qEVL5iYrHSeGRpnb6Pmd93fNt2zjZKvJks0FOx1DhBl', 's7Z7MBjNiS')
 3 SYSTEMPATH\CodeIgniter.php(494): CodeIgniter\CodeIgniter->runController(Object(App\Controllers\CurrentTransactionController))
 4 SYSTEMPATH\CodeIgniter.php(353): CodeIgniter\CodeIgniter->handleRequest(null, Object(Config\Cache), false)
 5 FCPATH\index.php(91): CodeIgniter\CodeIgniter->run()
CRITICAL - 2024-09-30 02:42:46 --> Undefined array key "profit"
in APPPATH\Controllers\CurrentTransactionController.php on line 238.
 1 APPPATH\Controllers\CurrentTransactionController.php(238): CodeIgniter\Debug\Exceptions->errorHandler(2, 'Undefined array key "profit"', 'C:\\laragon\\www\\cipharmaplus\\app\\Controllers\\CurrentTransactionController.php', 238)
 2 SYSTEMPATH\CodeIgniter.php(919): App\Controllers\CurrentTransactionController->AddItemToCurrentTransaction('4yowAQ8qEVL5iYrHSeGRpnb6Pmd93fNt2zjZKvJks0FOx1DhBl', 'XiiXQrv3LQ')
 3 SYSTEMPATH\CodeIgniter.php(494): CodeIgniter\CodeIgniter->runController(Object(App\Controllers\CurrentTransactionController))
 4 SYSTEMPATH\CodeIgniter.php(353): CodeIgniter\CodeIgniter->handleRequest(null, Object(Config\Cache), false)
 5 FCPATH\index.php(91): CodeIgniter\CodeIgniter->run()
CRITICAL - 2024-09-30 02:44:01 --> Undefined array key "profit"
in APPPATH\Controllers\CurrentTransactionController.php on line 237.
 1 APPPATH\Controllers\CurrentTransactionController.php(237): CodeIgniter\Debug\Exceptions->errorHandler(2, 'Undefined array key "profit"', 'C:\\laragon\\www\\cipharmaplus\\app\\Controllers\\CurrentTransactionController.php', 237)
 2 SYSTEMPATH\CodeIgniter.php(919): App\Controllers\CurrentTransactionController->AddItemToCurrentTransaction('4yowAQ8qEVL5iYrHSeGRpnb6Pmd93fNt2zjZKvJks0FOx1DhBl', 'XiiXQrv3LQ')
 3 SYSTEMPATH\CodeIgniter.php(494): CodeIgniter\CodeIgniter->runController(Object(App\Controllers\CurrentTransactionController))
 4 SYSTEMPATH\CodeIgniter.php(353): CodeIgniter\CodeIgniter->handleRequest(null, Object(Config\Cache), false)
 5 FCPATH\index.php(91): CodeIgniter\CodeIgniter->run()
CRITICAL - 2024-09-30 02:44:03 --> Undefined array key "profit"
in APPPATH\Controllers\CurrentTransactionController.php on line 237.
 1 APPPATH\Controllers\CurrentTransactionController.php(237): CodeIgniter\Debug\Exceptions->errorHandler(2, 'Undefined array key "profit"', 'C:\\laragon\\www\\cipharmaplus\\app\\Controllers\\CurrentTransactionController.php', 237)
 2 SYSTEMPATH\CodeIgniter.php(919): App\Controllers\CurrentTransactionController->AddItemToCurrentTransaction('4yowAQ8qEVL5iYrHSeGRpnb6Pmd93fNt2zjZKvJks0FOx1DhBl', 'XiiXQrv3LQ')
 3 SYSTEMPATH\CodeIgniter.php(494): CodeIgniter\CodeIgniter->runController(Object(App\Controllers\CurrentTransactionController))
 4 SYSTEMPATH\CodeIgniter.php(353): CodeIgniter\CodeIgniter->handleRequest(null, Object(Config\Cache), false)
 5 FCPATH\index.php(91): CodeIgniter\CodeIgniter->run()
CRITICAL - 2024-09-30 02:48:05 --> Undefined array key "profit"
in APPPATH\Controllers\CurrentTransactionController.php on line 237.
 1 APPPATH\Controllers\CurrentTransactionController.php(237): CodeIgniter\Debug\Exceptions->errorHandler(2, 'Undefined array key "profit"', 'C:\\laragon\\www\\cipharmaplus\\app\\Controllers\\CurrentTransactionController.php', 237)
 2 SYSTEMPATH\CodeIgniter.php(919): App\Controllers\CurrentTransactionController->AddItemToCurrentTransaction('4yowAQ8qEVL5iYrHSeGRpnb6Pmd93fNt2zjZKvJks0FOx1DhBl', 'XiiXQrv3LQ')
 3 SYSTEMPATH\CodeIgniter.php(494): CodeIgniter\CodeIgniter->runController(Object(App\Controllers\CurrentTransactionController))
 4 SYSTEMPATH\CodeIgniter.php(353): CodeIgniter\CodeIgniter->handleRequest(null, Object(Config\Cache), false)
 5 FCPATH\index.php(91): CodeIgniter\CodeIgniter->run()
CRITICAL - 2024-09-30 02:48:06 --> Undefined array key "profit"
in APPPATH\Controllers\CurrentTransactionController.php on line 237.
 1 APPPATH\Controllers\CurrentTransactionController.php(237): CodeIgniter\Debug\Exceptions->errorHandler(2, 'Undefined array key "profit"', 'C:\\laragon\\www\\cipharmaplus\\app\\Controllers\\CurrentTransactionController.php', 237)
 2 SYSTEMPATH\CodeIgniter.php(919): App\Controllers\CurrentTransactionController->AddItemToCurrentTransaction('4yowAQ8qEVL5iYrHSeGRpnb6Pmd93fNt2zjZKvJks0FOx1DhBl', 'XiiXQrv3LQ')
 3 SYSTEMPATH\CodeIgniter.php(494): CodeIgniter\CodeIgniter->runController(Object(App\Controllers\CurrentTransactionController))
 4 SYSTEMPATH\CodeIgniter.php(353): CodeIgniter\CodeIgniter->handleRequest(null, Object(Config\Cache), false)
 5 FCPATH\index.php(91): CodeIgniter\CodeIgniter->run()
CRITICAL - 2024-09-30 02:48:06 --> Undefined array key "profit"
in APPPATH\Controllers\CurrentTransactionController.php on line 237.
 1 APPPATH\Controllers\CurrentTransactionController.php(237): CodeIgniter\Debug\Exceptions->errorHandler(2, 'Undefined array key "profit"', 'C:\\laragon\\www\\cipharmaplus\\app\\Controllers\\CurrentTransactionController.php', 237)
 2 SYSTEMPATH\CodeIgniter.php(919): App\Controllers\CurrentTransactionController->AddItemToCurrentTransaction('4yowAQ8qEVL5iYrHSeGRpnb6Pmd93fNt2zjZKvJks0FOx1DhBl', 'XiiXQrv3LQ')
 3 SYSTEMPATH\CodeIgniter.php(494): CodeIgniter\CodeIgniter->runController(Object(App\Controllers\CurrentTransactionController))
 4 SYSTEMPATH\CodeIgniter.php(353): CodeIgniter\CodeIgniter->handleRequest(null, Object(Config\Cache), false)
 5 FCPATH\index.php(91): CodeIgniter\CodeIgniter->run()
CRITICAL - 2024-09-30 02:48:06 --> Undefined array key "profit"
in APPPATH\Controllers\CurrentTransactionController.php on line 237.
 1 APPPATH\Controllers\CurrentTransactionController.php(237): CodeIgniter\Debug\Exceptions->errorHandler(2, 'Undefined array key "profit"', 'C:\\laragon\\www\\cipharmaplus\\app\\Controllers\\CurrentTransactionController.php', 237)
 2 SYSTEMPATH\CodeIgniter.php(919): App\Controllers\CurrentTransactionController->AddItemToCurrentTransaction('4yowAQ8qEVL5iYrHSeGRpnb6Pmd93fNt2zjZKvJks0FOx1DhBl', 'XiiXQrv3LQ')
 3 SYSTEMPATH\CodeIgniter.php(494): CodeIgniter\CodeIgniter->runController(Object(App\Controllers\CurrentTransactionController))
 4 SYSTEMPATH\CodeIgniter.php(353): CodeIgniter\CodeIgniter->handleRequest(null, Object(Config\Cache), false)
 5 FCPATH\index.php(91): CodeIgniter\CodeIgniter->run()
CRITICAL - 2024-09-30 02:48:22 --> Undefined array key "profit"
in APPPATH\Controllers\CurrentTransactionController.php on line 237.
 1 APPPATH\Controllers\CurrentTransactionController.php(237): CodeIgniter\Debug\Exceptions->errorHandler(2, 'Undefined array key "profit"', 'C:\\laragon\\www\\cipharmaplus\\app\\Controllers\\CurrentTransactionController.php', 237)
 2 SYSTEMPATH\CodeIgniter.php(919): App\Controllers\CurrentTransactionController->AddItemToCurrentTransaction('4yowAQ8qEVL5iYrHSeGRpnb6Pmd93fNt2zjZKvJks0FOx1DhBl', 'XiiXQrv3LQ')
 3 SYSTEMPATH\CodeIgniter.php(494): CodeIgniter\CodeIgniter->runController(Object(App\Controllers\CurrentTransactionController))
 4 SYSTEMPATH\CodeIgniter.php(353): CodeIgniter\CodeIgniter->handleRequest(null, Object(Config\Cache), false)
 5 FCPATH\index.php(91): CodeIgniter\CodeIgniter->run()
CRITICAL - 2024-09-30 02:48:22 --> Undefined array key "profit"
in APPPATH\Controllers\CurrentTransactionController.php on line 237.
 1 APPPATH\Controllers\CurrentTransactionController.php(237): CodeIgniter\Debug\Exceptions->errorHandler(2, 'Undefined array key "profit"', 'C:\\laragon\\www\\cipharmaplus\\app\\Controllers\\CurrentTransactionController.php', 237)
 2 SYSTEMPATH\CodeIgniter.php(919): App\Controllers\CurrentTransactionController->AddItemToCurrentTransaction('4yowAQ8qEVL5iYrHSeGRpnb6Pmd93fNt2zjZKvJks0FOx1DhBl', 'XiiXQrv3LQ')
 3 SYSTEMPATH\CodeIgniter.php(494): CodeIgniter\CodeIgniter->runController(Object(App\Controllers\CurrentTransactionController))
 4 SYSTEMPATH\CodeIgniter.php(353): CodeIgniter\CodeIgniter->handleRequest(null, Object(Config\Cache), false)
 5 FCPATH\index.php(91): CodeIgniter\CodeIgniter->run()
CRITICAL - 2024-09-30 02:48:33 --> Undefined array key "profit"
in APPPATH\Controllers\CurrentTransactionController.php on line 237.
 1 APPPATH\Controllers\CurrentTransactionController.php(237): CodeIgniter\Debug\Exceptions->errorHandler(2, 'Undefined array key "profit"', 'C:\\laragon\\www\\cipharmaplus\\app\\Controllers\\CurrentTransactionController.php', 237)
 2 SYSTEMPATH\CodeIgniter.php(919): App\Controllers\CurrentTransactionController->AddItemToCurrentTransaction('4yowAQ8qEVL5iYrHSeGRpnb6Pmd93fNt2zjZKvJks0FOx1DhBl', 'XiiXQrv3LQ')
 3 SYSTEMPATH\CodeIgniter.php(494): CodeIgniter\CodeIgniter->runController(Object(App\Controllers\CurrentTransactionController))
 4 SYSTEMPATH\CodeIgniter.php(353): CodeIgniter\CodeIgniter->handleRequest(null, Object(Config\Cache), false)
 5 FCPATH\index.php(91): CodeIgniter\CodeIgniter->run()
CRITICAL - 2024-09-30 02:48:54 --> Undefined array key "profit"
in APPPATH\Controllers\CurrentTransactionController.php on line 237.
 1 APPPATH\Controllers\CurrentTransactionController.php(237): CodeIgniter\Debug\Exceptions->errorHandler(2, 'Undefined array key "profit"', 'C:\\laragon\\www\\cipharmaplus\\app\\Controllers\\CurrentTransactionController.php', 237)
 2 SYSTEMPATH\CodeIgniter.php(919): App\Controllers\CurrentTransactionController->AddItemToCurrentTransaction('4yowAQ8qEVL5iYrHSeGRpnb6Pmd93fNt2zjZKvJks0FOx1DhBl', 'XiiXQrv3LQ')
 3 SYSTEMPATH\CodeIgniter.php(494): CodeIgniter\CodeIgniter->runController(Object(App\Controllers\CurrentTransactionController))
 4 SYSTEMPATH\CodeIgniter.php(353): CodeIgniter\CodeIgniter->handleRequest(null, Object(Config\Cache), false)
 5 FCPATH\index.php(91): CodeIgniter\CodeIgniter->run()
CRITICAL - 2024-09-30 02:48:55 --> Undefined array key "profit"
in APPPATH\Controllers\CurrentTransactionController.php on line 237.
 1 APPPATH\Controllers\CurrentTransactionController.php(237): CodeIgniter\Debug\Exceptions->errorHandler(2, 'Undefined array key "profit"', 'C:\\laragon\\www\\cipharmaplus\\app\\Controllers\\CurrentTransactionController.php', 237)
 2 SYSTEMPATH\CodeIgniter.php(919): App\Controllers\CurrentTransactionController->AddItemToCurrentTransaction('4yowAQ8qEVL5iYrHSeGRpnb6Pmd93fNt2zjZKvJks0FOx1DhBl', 'XiiXQrv3LQ')
 3 SYSTEMPATH\CodeIgniter.php(494): CodeIgniter\CodeIgniter->runController(Object(App\Controllers\CurrentTransactionController))
 4 SYSTEMPATH\CodeIgniter.php(353): CodeIgniter\CodeIgniter->handleRequest(null, Object(Config\Cache), false)
 5 FCPATH\index.php(91): CodeIgniter\CodeIgniter->run()
CRITICAL - 2024-09-30 02:48:55 --> Undefined array key "profit"
in APPPATH\Controllers\CurrentTransactionController.php on line 237.
 1 APPPATH\Controllers\CurrentTransactionController.php(237): CodeIgniter\Debug\Exceptions->errorHandler(2, 'Undefined array key "profit"', 'C:\\laragon\\www\\cipharmaplus\\app\\Controllers\\CurrentTransactionController.php', 237)
 2 SYSTEMPATH\CodeIgniter.php(919): App\Controllers\CurrentTransactionController->AddItemToCurrentTransaction('4yowAQ8qEVL5iYrHSeGRpnb6Pmd93fNt2zjZKvJks0FOx1DhBl', 'XiiXQrv3LQ')
 3 SYSTEMPATH\CodeIgniter.php(494): CodeIgniter\CodeIgniter->runController(Object(App\Controllers\CurrentTransactionController))
 4 SYSTEMPATH\CodeIgniter.php(353): CodeIgniter\CodeIgniter->handleRequest(null, Object(Config\Cache), false)
 5 FCPATH\index.php(91): CodeIgniter\CodeIgniter->run()
CRITICAL - 2024-09-30 02:48:56 --> Undefined array key "profit"
in APPPATH\Controllers\CurrentTransactionController.php on line 237.
 1 APPPATH\Controllers\CurrentTransactionController.php(237): CodeIgniter\Debug\Exceptions->errorHandler(2, 'Undefined array key "profit"', 'C:\\laragon\\www\\cipharmaplus\\app\\Controllers\\CurrentTransactionController.php', 237)
 2 SYSTEMPATH\CodeIgniter.php(919): App\Controllers\CurrentTransactionController->AddItemToCurrentTransaction('4yowAQ8qEVL5iYrHSeGRpnb6Pmd93fNt2zjZKvJks0FOx1DhBl', 'XiiXQrv3LQ')
 3 SYSTEMPATH\CodeIgniter.php(494): CodeIgniter\CodeIgniter->runController(Object(App\Controllers\CurrentTransactionController))
 4 SYSTEMPATH\CodeIgniter.php(353): CodeIgniter\CodeIgniter->handleRequest(null, Object(Config\Cache), false)
 5 FCPATH\index.php(91): CodeIgniter\CodeIgniter->run()
CRITICAL - 2024-09-30 02:48:56 --> Undefined array key "profit"
in APPPATH\Controllers\CurrentTransactionController.php on line 237.
 1 APPPATH\Controllers\CurrentTransactionController.php(237): CodeIgniter\Debug\Exceptions->errorHandler(2, 'Undefined array key "profit"', 'C:\\laragon\\www\\cipharmaplus\\app\\Controllers\\CurrentTransactionController.php', 237)
 2 SYSTEMPATH\CodeIgniter.php(919): App\Controllers\CurrentTransactionController->AddItemToCurrentTransaction('4yowAQ8qEVL5iYrHSeGRpnb6Pmd93fNt2zjZKvJks0FOx1DhBl', 'XiiXQrv3LQ')
 3 SYSTEMPATH\CodeIgniter.php(494): CodeIgniter\CodeIgniter->runController(Object(App\Controllers\CurrentTransactionController))
 4 SYSTEMPATH\CodeIgniter.php(353): CodeIgniter\CodeIgniter->handleRequest(null, Object(Config\Cache), false)
 5 FCPATH\index.php(91): CodeIgniter\CodeIgniter->run()
CRITICAL - 2024-09-30 02:49:26 --> Undefined array key "profit"
in APPPATH\Controllers\CurrentTransactionController.php on line 237.
 1 APPPATH\Controllers\CurrentTransactionController.php(237): CodeIgniter\Debug\Exceptions->errorHandler(2, 'Undefined array key "profit"', 'C:\\laragon\\www\\cipharmaplus\\app\\Controllers\\CurrentTransactionController.php', 237)
 2 SYSTEMPATH\CodeIgniter.php(919): App\Controllers\CurrentTransactionController->AddItemToCurrentTransaction('4yowAQ8qEVL5iYrHSeGRpnb6Pmd93fNt2zjZKvJks0FOx1DhBl', 'XiiXQrv3LQ')
 3 SYSTEMPATH\CodeIgniter.php(494): CodeIgniter\CodeIgniter->runController(Object(App\Controllers\CurrentTransactionController))
 4 SYSTEMPATH\CodeIgniter.php(353): CodeIgniter\CodeIgniter->handleRequest(null, Object(Config\Cache), false)
 5 FCPATH\index.php(91): CodeIgniter\CodeIgniter->run()
CRITICAL - 2024-09-30 02:49:26 --> Undefined array key "profit"
in APPPATH\Controllers\CurrentTransactionController.php on line 237.
 1 APPPATH\Controllers\CurrentTransactionController.php(237): CodeIgniter\Debug\Exceptions->errorHandler(2, 'Undefined array key "profit"', 'C:\\laragon\\www\\cipharmaplus\\app\\Controllers\\CurrentTransactionController.php', 237)
 2 SYSTEMPATH\CodeIgniter.php(919): App\Controllers\CurrentTransactionController->AddItemToCurrentTransaction('4yowAQ8qEVL5iYrHSeGRpnb6Pmd93fNt2zjZKvJks0FOx1DhBl', 'XiiXQrv3LQ')
 3 SYSTEMPATH\CodeIgniter.php(494): CodeIgniter\CodeIgniter->runController(Object(App\Controllers\CurrentTransactionController))
 4 SYSTEMPATH\CodeIgniter.php(353): CodeIgniter\CodeIgniter->handleRequest(null, Object(Config\Cache), false)
 5 FCPATH\index.php(91): CodeIgniter\CodeIgniter->run()
CRITICAL - 2024-09-30 02:49:29 --> Undefined array key "profit"
in APPPATH\Controllers\CurrentTransactionController.php on line 237.
 1 APPPATH\Controllers\CurrentTransactionController.php(237): CodeIgniter\Debug\Exceptions->errorHandler(2, 'Undefined array key "profit"', 'C:\\laragon\\www\\cipharmaplus\\app\\Controllers\\CurrentTransactionController.php', 237)
 2 SYSTEMPATH\CodeIgniter.php(919): App\Controllers\CurrentTransactionController->AddItemToCurrentTransaction('4yowAQ8qEVL5iYrHSeGRpnb6Pmd93fNt2zjZKvJks0FOx1DhBl', 'XiiXQrv3LQ')
 3 SYSTEMPATH\CodeIgniter.php(494): CodeIgniter\CodeIgniter->runController(Object(App\Controllers\CurrentTransactionController))
 4 SYSTEMPATH\CodeIgniter.php(353): CodeIgniter\CodeIgniter->handleRequest(null, Object(Config\Cache), false)
 5 FCPATH\index.php(91): CodeIgniter\CodeIgniter->run()
CRITICAL - 2024-09-30 02:49:57 --> Undefined array key "profit"
in APPPATH\Controllers\CurrentTransactionController.php on line 237.
 1 APPPATH\Controllers\CurrentTransactionController.php(237): CodeIgniter\Debug\Exceptions->errorHandler(2, 'Undefined array key "profit"', 'C:\\laragon\\www\\cipharmaplus\\app\\Controllers\\CurrentTransactionController.php', 237)
 2 SYSTEMPATH\CodeIgniter.php(919): App\Controllers\CurrentTransactionController->AddItemToCurrentTransaction('4yowAQ8qEVL5iYrHSeGRpnb6Pmd93fNt2zjZKvJks0FOx1DhBl', 'XiiXQrv3LQ')
 3 SYSTEMPATH\CodeIgniter.php(494): CodeIgniter\CodeIgniter->runController(Object(App\Controllers\CurrentTransactionController))
 4 SYSTEMPATH\CodeIgniter.php(353): CodeIgniter\CodeIgniter->handleRequest(null, Object(Config\Cache), false)
 5 FCPATH\index.php(91): CodeIgniter\CodeIgniter->run()
CRITICAL - 2024-09-30 02:49:58 --> Undefined array key "profit"
in APPPATH\Controllers\CurrentTransactionController.php on line 237.
 1 APPPATH\Controllers\CurrentTransactionController.php(237): CodeIgniter\Debug\Exceptions->errorHandler(2, 'Undefined array key "profit"', 'C:\\laragon\\www\\cipharmaplus\\app\\Controllers\\CurrentTransactionController.php', 237)
 2 SYSTEMPATH\CodeIgniter.php(919): App\Controllers\CurrentTransactionController->AddItemToCurrentTransaction('4yowAQ8qEVL5iYrHSeGRpnb6Pmd93fNt2zjZKvJks0FOx1DhBl', 'XiiXQrv3LQ')
 3 SYSTEMPATH\CodeIgniter.php(494): CodeIgniter\CodeIgniter->runController(Object(App\Controllers\CurrentTransactionController))
 4 SYSTEMPATH\CodeIgniter.php(353): CodeIgniter\CodeIgniter->handleRequest(null, Object(Config\Cache), false)
 5 FCPATH\index.php(91): CodeIgniter\CodeIgniter->run()
CRITICAL - 2024-09-30 02:49:58 --> Undefined array key "profit"
in APPPATH\Controllers\CurrentTransactionController.php on line 237.
 1 APPPATH\Controllers\CurrentTransactionController.php(237): CodeIgniter\Debug\Exceptions->errorHandler(2, 'Undefined array key "profit"', 'C:\\laragon\\www\\cipharmaplus\\app\\Controllers\\CurrentTransactionController.php', 237)
 2 SYSTEMPATH\CodeIgniter.php(919): App\Controllers\CurrentTransactionController->AddItemToCurrentTransaction('4yowAQ8qEVL5iYrHSeGRpnb6Pmd93fNt2zjZKvJks0FOx1DhBl', 'XiiXQrv3LQ')
 3 SYSTEMPATH\CodeIgniter.php(494): CodeIgniter\CodeIgniter->runController(Object(App\Controllers\CurrentTransactionController))
 4 SYSTEMPATH\CodeIgniter.php(353): CodeIgniter\CodeIgniter->handleRequest(null, Object(Config\Cache), false)
 5 FCPATH\index.php(91): CodeIgniter\CodeIgniter->run()
CRITICAL - 2024-09-30 02:49:58 --> Undefined array key "profit"
in APPPATH\Controllers\CurrentTransactionController.php on line 237.
 1 APPPATH\Controllers\CurrentTransactionController.php(237): CodeIgniter\Debug\Exceptions->errorHandler(2, 'Undefined array key "profit"', 'C:\\laragon\\www\\cipharmaplus\\app\\Controllers\\CurrentTransactionController.php', 237)
 2 SYSTEMPATH\CodeIgniter.php(919): App\Controllers\CurrentTransactionController->AddItemToCurrentTransaction('4yowAQ8qEVL5iYrHSeGRpnb6Pmd93fNt2zjZKvJks0FOx1DhBl', 'XiiXQrv3LQ')
 3 SYSTEMPATH\CodeIgniter.php(494): CodeIgniter\CodeIgniter->runController(Object(App\Controllers\CurrentTransactionController))
 4 SYSTEMPATH\CodeIgniter.php(353): CodeIgniter\CodeIgniter->handleRequest(null, Object(Config\Cache), false)
 5 FCPATH\index.php(91): CodeIgniter\CodeIgniter->run()
CRITICAL - 2024-09-30 02:50:10 --> Undefined array key "profit"
in APPPATH\Controllers\CurrentTransactionController.php on line 237.
 1 APPPATH\Controllers\CurrentTransactionController.php(237): CodeIgniter\Debug\Exceptions->errorHandler(2, 'Undefined array key "profit"', 'C:\\laragon\\www\\cipharmaplus\\app\\Controllers\\CurrentTransactionController.php', 237)
 2 SYSTEMPATH\CodeIgniter.php(919): App\Controllers\CurrentTransactionController->AddItemToCurrentTransaction('4yowAQ8qEVL5iYrHSeGRpnb6Pmd93fNt2zjZKvJks0FOx1DhBl', 'XiiXQrv3LQ')
 3 SYSTEMPATH\CodeIgniter.php(494): CodeIgniter\CodeIgniter->runController(Object(App\Controllers\CurrentTransactionController))
 4 SYSTEMPATH\CodeIgniter.php(353): CodeIgniter\CodeIgniter->handleRequest(null, Object(Config\Cache), false)
 5 FCPATH\index.php(91): CodeIgniter\CodeIgniter->run()
