CRITICAL - 2024-11-05 00:17:32 --> Trying to access array offset on value of type null
in APPPATH\Controllers\CurrentTransactionController.php on line 215.
 1 APPPATH\Controllers\CurrentTransactionController.php(215): CodeIgniter\Debug\Exceptions->errorHandler(2, 'Trying to access array offset on value of type null', 'C:\\laragon\\www\\cipharmaplus\\app\\Controllers\\CurrentTransactionController.php', 215)
 2 SYSTEMPATH\CodeIgniter.php(919): App\Controllers\CurrentTransactionController->AddItemToCurrentTransaction('OdDPTpxmkJwfUhXWEK20cNHvZizbo6g1A5MqtRLnQ7s8yYFC4S', 'e6An4Yf6GC')
 3 SYSTEMPATH\CodeIgniter.php(494): CodeIgniter\CodeIgniter->runController(Object(App\Controllers\CurrentTransactionController))
 4 SYSTEMPATH\CodeIgniter.php(353): CodeIgniter\CodeIgniter->handleRequest(null, Object(Config\Cache), false)
 5 FCPATH\index.php(91): CodeIgniter\CodeIgniter->run()
CRITICAL - 2024-11-05 12:46:07 --> Undefined array key "price"
in APPPATH\Controllers\CurrentTransactionController.php on line 110.
 1 APPPATH\Controllers\CurrentTransactionController.php(110): CodeIgniter\Debug\Exceptions->errorHandler(2, 'Undefined array key "price"', 'C:\\laragon\\www\\cipharmaplus\\app\\Controllers\\CurrentTransactionController.php', 110)
 2 SYSTEMPATH\CodeIgniter.php(919): App\Controllers\CurrentTransactionController->TransactionTotalAmount('3G3VyQjV0a')
 3 SYSTEMPATH\CodeIgniter.php(494): CodeIgniter\CodeIgniter->runController(Object(App\Controllers\CurrentTransactionController))
 4 SYSTEMPATH\CodeIgniter.php(353): CodeIgniter\CodeIgniter->handleRequest(null, Object(Config\Cache), false)
 5 FCPATH\index.php(91): CodeIgniter\CodeIgniter->run()
CRITICAL - 2024-11-05 22:32:16 --> Undefined variable $prod_info
in APPPATH\Controllers\CurrentTransactionController.php on line 241.
 1 APPPATH\Controllers\CurrentTransactionController.php(241): CodeIgniter\Debug\Exceptions->errorHandler(2, 'Undefined variable $prod_info', 'C:\\laragon\\www\\cipharmaplus\\app\\Controllers\\CurrentTransactionController.php', 241)
 2 SYSTEMPATH\CodeIgniter.php(919): App\Controllers\CurrentTransactionController->AddItemToCurrentTransaction('zE1DFsKH6BpMhqG7AcngQvLuoxCkTbtUVWyYI5e8SPXi90adRf', 'qZTSwDmZdy')
 3 SYSTEMPATH\CodeIgniter.php(494): CodeIgniter\CodeIgniter->runController(Object(App\Controllers\CurrentTransactionController))
 4 SYSTEMPATH\CodeIgniter.php(353): CodeIgniter\CodeIgniter->handleRequest(null, Object(Config\Cache), false)
 5 FCPATH\index.php(91): CodeIgniter\CodeIgniter->run()
