CRITICAL - 2024-01-20 01:42:11 --> Trying to access array offset on value of type null
in APPPATH\Controllers\CurrentTransactionController.php on line 71.
 1 APPPATH\Controllers\CurrentTransactionController.php(71): CodeIgniter\Debug\Exceptions->errorHandler(2, 'Trying to access array offset on value of type null', 'C:\\laragon\\www\\cipharmaplus\\app\\Controllers\\CurrentTransactionController.php', 71)
 2 SYSTEMPATH\CodeIgniter.php(919): App\Controllers\CurrentTransactionController->CurrentTransactionList('null', 'hVkTIm4dei')
 3 SYSTEMPATH\CodeIgniter.php(494): CodeIgniter\CodeIgniter->runController(Object(App\Controllers\CurrentTransactionController))
 4 SYSTEMPATH\CodeIgniter.php(353): CodeIgniter\CodeIgniter->handleRequest(null, Object(Config\Cache), false)
 5 FCPATH\index.php(91): CodeIgniter\CodeIgniter->run()
CRITICAL - 2024-01-20 01:42:12 --> Trying to access array offset on value of type null
in APPPATH\Controllers\CurrentTransactionController.php on line 71.
 1 APPPATH\Controllers\CurrentTransactionController.php(71): CodeIgniter\Debug\Exceptions->errorHandler(2, 'Trying to access array offset on value of type null', 'C:\\laragon\\www\\cipharmaplus\\app\\Controllers\\CurrentTransactionController.php', 71)
 2 SYSTEMPATH\CodeIgniter.php(919): App\Controllers\CurrentTransactionController->CurrentTransactionList('null', 'hVkTIm4dei')
 3 SYSTEMPATH\CodeIgniter.php(494): CodeIgniter\CodeIgniter->runController(Object(App\Controllers\CurrentTransactionController))
 4 SYSTEMPATH\CodeIgniter.php(353): CodeIgniter\CodeIgniter->handleRequest(null, Object(Config\Cache), false)
 5 FCPATH\index.php(91): CodeIgniter\CodeIgniter->run()
CRITICAL - 2024-01-20 01:42:13 --> Trying to access array offset on value of type null
in APPPATH\Controllers\CurrentTransactionController.php on line 71.
 1 APPPATH\Controllers\CurrentTransactionController.php(71): CodeIgniter\Debug\Exceptions->errorHandler(2, 'Trying to access array offset on value of type null', 'C:\\laragon\\www\\cipharmaplus\\app\\Controllers\\CurrentTransactionController.php', 71)
 2 SYSTEMPATH\CodeIgniter.php(919): App\Controllers\CurrentTransactionController->CurrentTransactionList('null', 'hVkTIm4dei')
 3 SYSTEMPATH\CodeIgniter.php(494): CodeIgniter\CodeIgniter->runController(Object(App\Controllers\CurrentTransactionController))
 4 SYSTEMPATH\CodeIgniter.php(353): CodeIgniter\CodeIgniter->handleRequest(null, Object(Config\Cache), false)
 5 FCPATH\index.php(91): CodeIgniter\CodeIgniter->run()
CRITICAL - 2024-01-20 01:42:14 --> Trying to access array offset on value of type null
in APPPATH\Controllers\CurrentTransactionController.php on line 71.
 1 APPPATH\Controllers\CurrentTransactionController.php(71): CodeIgniter\Debug\Exceptions->errorHandler(2, 'Trying to access array offset on value of type null', 'C:\\laragon\\www\\cipharmaplus\\app\\Controllers\\CurrentTransactionController.php', 71)
 2 SYSTEMPATH\CodeIgniter.php(919): App\Controllers\CurrentTransactionController->CurrentTransactionList('null', 'hVkTIm4dei')
 3 SYSTEMPATH\CodeIgniter.php(494): CodeIgniter\CodeIgniter->runController(Object(App\Controllers\CurrentTransactionController))
 4 SYSTEMPATH\CodeIgniter.php(353): CodeIgniter\CodeIgniter->handleRequest(null, Object(Config\Cache), false)
 5 FCPATH\index.php(91): CodeIgniter\CodeIgniter->run()
CRITICAL - 2024-01-20 01:42:15 --> Trying to access array offset on value of type null
in APPPATH\Controllers\CurrentTransactionController.php on line 71.
 1 APPPATH\Controllers\CurrentTransactionController.php(71): CodeIgniter\Debug\Exceptions->errorHandler(2, 'Trying to access array offset on value of type null', 'C:\\laragon\\www\\cipharmaplus\\app\\Controllers\\CurrentTransactionController.php', 71)
 2 SYSTEMPATH\CodeIgniter.php(919): App\Controllers\CurrentTransactionController->CurrentTransactionList('null', 'hVkTIm4dei')
 3 SYSTEMPATH\CodeIgniter.php(494): CodeIgniter\CodeIgniter->runController(Object(App\Controllers\CurrentTransactionController))
 4 SYSTEMPATH\CodeIgniter.php(353): CodeIgniter\CodeIgniter->handleRequest(null, Object(Config\Cache), false)
 5 FCPATH\index.php(91): CodeIgniter\CodeIgniter->run()
CRITICAL - 2024-01-20 01:42:16 --> Trying to access array offset on value of type null
in APPPATH\Controllers\CurrentTransactionController.php on line 71.
 1 APPPATH\Controllers\CurrentTransactionController.php(71): CodeIgniter\Debug\Exceptions->errorHandler(2, 'Trying to access array offset on value of type null', 'C:\\laragon\\www\\cipharmaplus\\app\\Controllers\\CurrentTransactionController.php', 71)
 2 SYSTEMPATH\CodeIgniter.php(919): App\Controllers\CurrentTransactionController->CurrentTransactionList('null', 'hVkTIm4dei')
 3 SYSTEMPATH\CodeIgniter.php(494): CodeIgniter\CodeIgniter->runController(Object(App\Controllers\CurrentTransactionController))
 4 SYSTEMPATH\CodeIgniter.php(353): CodeIgniter\CodeIgniter->handleRequest(null, Object(Config\Cache), false)
 5 FCPATH\index.php(91): CodeIgniter\CodeIgniter->run()
CRITICAL - 2024-01-20 01:42:17 --> Trying to access array offset on value of type null
in APPPATH\Controllers\CurrentTransactionController.php on line 71.
 1 APPPATH\Controllers\CurrentTransactionController.php(71): CodeIgniter\Debug\Exceptions->errorHandler(2, 'Trying to access array offset on value of type null', 'C:\\laragon\\www\\cipharmaplus\\app\\Controllers\\CurrentTransactionController.php', 71)
 2 SYSTEMPATH\CodeIgniter.php(919): App\Controllers\CurrentTransactionController->CurrentTransactionList('null', 'hVkTIm4dei')
 3 SYSTEMPATH\CodeIgniter.php(494): CodeIgniter\CodeIgniter->runController(Object(App\Controllers\CurrentTransactionController))
 4 SYSTEMPATH\CodeIgniter.php(353): CodeIgniter\CodeIgniter->handleRequest(null, Object(Config\Cache), false)
 5 FCPATH\index.php(91): CodeIgniter\CodeIgniter->run()
CRITICAL - 2024-01-20 01:42:18 --> Trying to access array offset on value of type null
in APPPATH\Controllers\CurrentTransactionController.php on line 71.
 1 APPPATH\Controllers\CurrentTransactionController.php(71): CodeIgniter\Debug\Exceptions->errorHandler(2, 'Trying to access array offset on value of type null', 'C:\\laragon\\www\\cipharmaplus\\app\\Controllers\\CurrentTransactionController.php', 71)
 2 SYSTEMPATH\CodeIgniter.php(919): App\Controllers\CurrentTransactionController->CurrentTransactionList('null', 'hVkTIm4dei')
 3 SYSTEMPATH\CodeIgniter.php(494): CodeIgniter\CodeIgniter->runController(Object(App\Controllers\CurrentTransactionController))
 4 SYSTEMPATH\CodeIgniter.php(353): CodeIgniter\CodeIgniter->handleRequest(null, Object(Config\Cache), false)
 5 FCPATH\index.php(91): CodeIgniter\CodeIgniter->run()
CRITICAL - 2024-01-20 01:42:19 --> Trying to access array offset on value of type null
in APPPATH\Controllers\CurrentTransactionController.php on line 71.
 1 APPPATH\Controllers\CurrentTransactionController.php(71): CodeIgniter\Debug\Exceptions->errorHandler(2, 'Trying to access array offset on value of type null', 'C:\\laragon\\www\\cipharmaplus\\app\\Controllers\\CurrentTransactionController.php', 71)
 2 SYSTEMPATH\CodeIgniter.php(919): App\Controllers\CurrentTransactionController->CurrentTransactionList('null', 'hVkTIm4dei')
 3 SYSTEMPATH\CodeIgniter.php(494): CodeIgniter\CodeIgniter->runController(Object(App\Controllers\CurrentTransactionController))
 4 SYSTEMPATH\CodeIgniter.php(353): CodeIgniter\CodeIgniter->handleRequest(null, Object(Config\Cache), false)
 5 FCPATH\index.php(91): CodeIgniter\CodeIgniter->run()
CRITICAL - 2024-01-20 01:42:20 --> Trying to access array offset on value of type null
in APPPATH\Controllers\CurrentTransactionController.php on line 71.
 1 APPPATH\Controllers\CurrentTransactionController.php(71): CodeIgniter\Debug\Exceptions->errorHandler(2, 'Trying to access array offset on value of type null', 'C:\\laragon\\www\\cipharmaplus\\app\\Controllers\\CurrentTransactionController.php', 71)
 2 SYSTEMPATH\CodeIgniter.php(919): App\Controllers\CurrentTransactionController->CurrentTransactionList('null', 'hVkTIm4dei')
 3 SYSTEMPATH\CodeIgniter.php(494): CodeIgniter\CodeIgniter->runController(Object(App\Controllers\CurrentTransactionController))
 4 SYSTEMPATH\CodeIgniter.php(353): CodeIgniter\CodeIgniter->handleRequest(null, Object(Config\Cache), false)
 5 FCPATH\index.php(91): CodeIgniter\CodeIgniter->run()
CRITICAL - 2024-01-20 02:16:12 --> Object of class CodeIgniter\HTTP\Response could not be converted to string
in APPPATH\Controllers\BranchController.php on line 21.
 1 SYSTEMPATH\CodeIgniter.php(919): App\Controllers\BranchController->BranchInfo()
 2 SYSTEMPATH\CodeIgniter.php(494): CodeIgniter\CodeIgniter->runController(Object(App\Controllers\BranchController))
 3 SYSTEMPATH\CodeIgniter.php(353): CodeIgniter\CodeIgniter->handleRequest(null, Object(Config\Cache), false)
 4 FCPATH\index.php(91): CodeIgniter\CodeIgniter->run()
