CRITICAL - 2024-04-18 01:14:31 --> Trying to access array offset on value of type null
in APPPATH\Controllers\BranchController.php on line 23.
 1 APPPATH\Controllers\BranchController.php(23): CodeIgniter\Debug\Exceptions->errorHandler(2, 'Trying to access array offset on value of type null', 'C:\\laragon\\www\\cipharmaplus\\app\\Controllers\\BranchController.php', 23)
 2 SYSTEMPATH\CodeIgniter.php(919): App\Controllers\BranchController->TotalBranchWorker()
 3 SYSTEMPATH\CodeIgniter.php(494): CodeIgniter\CodeIgniter->runController(Object(App\Controllers\BranchController))
 4 SYSTEMPATH\CodeIgniter.php(353): CodeIgniter\CodeIgniter->handleRequest(null, Object(Config\Cache), false)
 5 FCPATH\index.php(91): CodeIgniter\CodeIgniter->run()
CRITICAL - 2024-04-18 01:14:31 --> Trying to access array offset on value of type null
in APPPATH\Controllers\OrderController.php on line 114.
 1 APPPATH\Controllers\OrderController.php(114): CodeIgniter\Debug\Exceptions->errorHandler(2, 'Trying to access array offset on value of type null', 'C:\\laragon\\www\\cipharmaplus\\app\\Controllers\\OrderController.php', 114)
 2 SYSTEMPATH\CodeIgniter.php(919): App\Controllers\OrderController->AverageOrderValuePerWeek()
 3 SYSTEMPATH\CodeIgniter.php(494): CodeIgniter\CodeIgniter->runController(Object(App\Controllers\OrderController))
 4 SYSTEMPATH\CodeIgniter.php(353): CodeIgniter\CodeIgniter->handleRequest(null, Object(Config\Cache), false)
 5 FCPATH\index.php(91): CodeIgniter\CodeIgniter->run()
CRITICAL - 2024-04-18 01:14:31 --> Trying to access array offset on value of type null
in APPPATH\Controllers\AuditController.php on line 33.
 1 APPPATH\Controllers\AuditController.php(33): CodeIgniter\Debug\Exceptions->errorHandler(2, 'Trying to access array offset on value of type null', 'C:\\laragon\\www\\cipharmaplus\\app\\Controllers\\AuditController.php', 33)
 2 SYSTEMPATH\CodeIgniter.php(919): App\Controllers\AuditController->TopSellingProductPerWeek()
 3 SYSTEMPATH\CodeIgniter.php(494): CodeIgniter\CodeIgniter->runController(Object(App\Controllers\AuditController))
 4 SYSTEMPATH\CodeIgniter.php(353): CodeIgniter\CodeIgniter->handleRequest(null, Object(Config\Cache), false)
 5 FCPATH\index.php(91): CodeIgniter\CodeIgniter->run()
CRITICAL - 2024-04-18 01:14:31 --> Trying to access array offset on value of type null
in APPPATH\Controllers\OrderController.php on line 31.
 1 APPPATH\Controllers\OrderController.php(31): CodeIgniter\Debug\Exceptions->errorHandler(2, 'Trying to access array offset on value of type null', 'C:\\laragon\\www\\cipharmaplus\\app\\Controllers\\OrderController.php', 31)
 2 SYSTEMPATH\CodeIgniter.php(919): App\Controllers\OrderController->TransactionToday()
 3 SYSTEMPATH\CodeIgniter.php(494): CodeIgniter\CodeIgniter->runController(Object(App\Controllers\OrderController))
 4 SYSTEMPATH\CodeIgniter.php(353): CodeIgniter\CodeIgniter->handleRequest(null, Object(Config\Cache), false)
 5 FCPATH\index.php(91): CodeIgniter\CodeIgniter->run()
CRITICAL - 2024-04-18 01:14:31 --> Trying to access array offset on value of type null
in APPPATH\Controllers\OrderController.php on line 72.
 1 APPPATH\Controllers\OrderController.php(72): CodeIgniter\Debug\Exceptions->errorHandler(2, 'Trying to access array offset on value of type null', 'C:\\laragon\\www\\cipharmaplus\\app\\Controllers\\OrderController.php', 72)
 2 SYSTEMPATH\CodeIgniter.php(919): App\Controllers\OrderController->EarningsPerWeek()
 3 SYSTEMPATH\CodeIgniter.php(494): CodeIgniter\CodeIgniter->runController(Object(App\Controllers\OrderController))
 4 SYSTEMPATH\CodeIgniter.php(353): CodeIgniter\CodeIgniter->handleRequest(null, Object(Config\Cache), false)
 5 FCPATH\index.php(91): CodeIgniter\CodeIgniter->run()
CRITICAL - 2024-04-18 01:14:31 --> Trying to access array offset on value of type null
in APPPATH\Controllers\ProductController.php on line 304.
 1 APPPATH\Controllers\ProductController.php(304): CodeIgniter\Debug\Exceptions->errorHandler(2, 'Trying to access array offset on value of type null', 'C:\\laragon\\www\\cipharmaplus\\app\\Controllers\\ProductController.php', 304)
 2 SYSTEMPATH\CodeIgniter.php(919): App\Controllers\ProductController->countBranchUniqueItems('')
 3 SYSTEMPATH\CodeIgniter.php(494): CodeIgniter\CodeIgniter->runController(Object(App\Controllers\ProductController))
 4 SYSTEMPATH\CodeIgniter.php(353): CodeIgniter\CodeIgniter->handleRequest(null, Object(Config\Cache), false)
 5 FCPATH\index.php(91): CodeIgniter\CodeIgniter->run()
CRITICAL - 2024-04-18 01:14:32 --> Trying to access array offset on value of type null
in APPPATH\Controllers\BranchController.php on line 233.
 1 APPPATH\Controllers\BranchController.php(233): CodeIgniter\Debug\Exceptions->errorHandler(2, 'Trying to access array offset on value of type null', 'C:\\laragon\\www\\cipharmaplus\\app\\Controllers\\BranchController.php', 233)
 2 SYSTEMPATH\CodeIgniter.php(919): App\Controllers\BranchController->BranchInfo()
 3 SYSTEMPATH\CodeIgniter.php(494): CodeIgniter\CodeIgniter->runController(Object(App\Controllers\BranchController))
 4 SYSTEMPATH\CodeIgniter.php(353): CodeIgniter\CodeIgniter->handleRequest(null, Object(Config\Cache), false)
 5 FCPATH\index.php(91): CodeIgniter\CodeIgniter->run()
CRITICAL - 2024-04-18 01:14:32 --> Trying to access array offset on value of type null
in APPPATH\Controllers\BranchController.php on line 199.
 1 APPPATH\Controllers\BranchController.php(199): CodeIgniter\Debug\Exceptions->errorHandler(2, 'Trying to access array offset on value of type null', 'C:\\laragon\\www\\cipharmaplus\\app\\Controllers\\BranchController.php', 199)
 2 SYSTEMPATH\CodeIgniter.php(919): App\Controllers\BranchController->IsOpenForInvitation()
 3 SYSTEMPATH\CodeIgniter.php(494): CodeIgniter\CodeIgniter->runController(Object(App\Controllers\BranchController))
 4 SYSTEMPATH\CodeIgniter.php(353): CodeIgniter\CodeIgniter->handleRequest(null, Object(Config\Cache), false)
 5 FCPATH\index.php(91): CodeIgniter\CodeIgniter->run()
CRITICAL - 2024-04-18 01:14:33 --> Trying to access array offset on value of type null
in APPPATH\Controllers\OrderController.php on line 114.
 1 APPPATH\Controllers\OrderController.php(114): CodeIgniter\Debug\Exceptions->errorHandler(2, 'Trying to access array offset on value of type null', 'C:\\laragon\\www\\cipharmaplus\\app\\Controllers\\OrderController.php', 114)
 2 SYSTEMPATH\CodeIgniter.php(919): App\Controllers\OrderController->AverageOrderValuePerWeek()
 3 SYSTEMPATH\CodeIgniter.php(494): CodeIgniter\CodeIgniter->runController(Object(App\Controllers\OrderController))
 4 SYSTEMPATH\CodeIgniter.php(353): CodeIgniter\CodeIgniter->handleRequest(null, Object(Config\Cache), false)
 5 FCPATH\index.php(91): CodeIgniter\CodeIgniter->run()
CRITICAL - 2024-04-18 01:14:33 --> Trying to access array offset on value of type null
in APPPATH\Controllers\BranchController.php on line 23.
 1 APPPATH\Controllers\BranchController.php(23): CodeIgniter\Debug\Exceptions->errorHandler(2, 'Trying to access array offset on value of type null', 'C:\\laragon\\www\\cipharmaplus\\app\\Controllers\\BranchController.php', 23)
 2 SYSTEMPATH\CodeIgniter.php(919): App\Controllers\BranchController->TotalBranchWorker()
 3 SYSTEMPATH\CodeIgniter.php(494): CodeIgniter\CodeIgniter->runController(Object(App\Controllers\BranchController))
 4 SYSTEMPATH\CodeIgniter.php(353): CodeIgniter\CodeIgniter->handleRequest(null, Object(Config\Cache), false)
 5 FCPATH\index.php(91): CodeIgniter\CodeIgniter->run()
CRITICAL - 2024-04-18 01:14:33 --> Trying to access array offset on value of type null
in APPPATH\Controllers\OrderController.php on line 72.
 1 APPPATH\Controllers\OrderController.php(72): CodeIgniter\Debug\Exceptions->errorHandler(2, 'Trying to access array offset on value of type null', 'C:\\laragon\\www\\cipharmaplus\\app\\Controllers\\OrderController.php', 72)
 2 SYSTEMPATH\CodeIgniter.php(919): App\Controllers\OrderController->EarningsPerWeek()
 3 SYSTEMPATH\CodeIgniter.php(494): CodeIgniter\CodeIgniter->runController(Object(App\Controllers\OrderController))
 4 SYSTEMPATH\CodeIgniter.php(353): CodeIgniter\CodeIgniter->handleRequest(null, Object(Config\Cache), false)
 5 FCPATH\index.php(91): CodeIgniter\CodeIgniter->run()
CRITICAL - 2024-04-18 01:14:33 --> Trying to access array offset on value of type null
in APPPATH\Controllers\ProductController.php on line 304.
 1 APPPATH\Controllers\ProductController.php(304): CodeIgniter\Debug\Exceptions->errorHandler(2, 'Trying to access array offset on value of type null', 'C:\\laragon\\www\\cipharmaplus\\app\\Controllers\\ProductController.php', 304)
 2 SYSTEMPATH\CodeIgniter.php(919): App\Controllers\ProductController->countBranchUniqueItems('')
 3 SYSTEMPATH\CodeIgniter.php(494): CodeIgniter\CodeIgniter->runController(Object(App\Controllers\ProductController))
 4 SYSTEMPATH\CodeIgniter.php(353): CodeIgniter\CodeIgniter->handleRequest(null, Object(Config\Cache), false)
 5 FCPATH\index.php(91): CodeIgniter\CodeIgniter->run()
CRITICAL - 2024-04-18 01:14:33 --> Trying to access array offset on value of type null
in APPPATH\Controllers\AuditController.php on line 33.
 1 APPPATH\Controllers\AuditController.php(33): CodeIgniter\Debug\Exceptions->errorHandler(2, 'Trying to access array offset on value of type null', 'C:\\laragon\\www\\cipharmaplus\\app\\Controllers\\AuditController.php', 33)
 2 SYSTEMPATH\CodeIgniter.php(919): App\Controllers\AuditController->TopSellingProductPerWeek()
 3 SYSTEMPATH\CodeIgniter.php(494): CodeIgniter\CodeIgniter->runController(Object(App\Controllers\AuditController))
 4 SYSTEMPATH\CodeIgniter.php(353): CodeIgniter\CodeIgniter->handleRequest(null, Object(Config\Cache), false)
 5 FCPATH\index.php(91): CodeIgniter\CodeIgniter->run()
CRITICAL - 2024-04-18 01:14:33 --> Trying to access array offset on value of type null
in APPPATH\Controllers\OrderController.php on line 31.
 1 APPPATH\Controllers\OrderController.php(31): CodeIgniter\Debug\Exceptions->errorHandler(2, 'Trying to access array offset on value of type null', 'C:\\laragon\\www\\cipharmaplus\\app\\Controllers\\OrderController.php', 31)
 2 SYSTEMPATH\CodeIgniter.php(919): App\Controllers\OrderController->TransactionToday()
 3 SYSTEMPATH\CodeIgniter.php(494): CodeIgniter\CodeIgniter->runController(Object(App\Controllers\OrderController))
 4 SYSTEMPATH\CodeIgniter.php(353): CodeIgniter\CodeIgniter->handleRequest(null, Object(Config\Cache), false)
 5 FCPATH\index.php(91): CodeIgniter\CodeIgniter->run()
CRITICAL - 2024-04-18 01:14:33 --> Trying to access array offset on value of type null
in APPPATH\Controllers\BranchController.php on line 233.
 1 APPPATH\Controllers\BranchController.php(233): CodeIgniter\Debug\Exceptions->errorHandler(2, 'Trying to access array offset on value of type null', 'C:\\laragon\\www\\cipharmaplus\\app\\Controllers\\BranchController.php', 233)
 2 SYSTEMPATH\CodeIgniter.php(919): App\Controllers\BranchController->BranchInfo()
 3 SYSTEMPATH\CodeIgniter.php(494): CodeIgniter\CodeIgniter->runController(Object(App\Controllers\BranchController))
 4 SYSTEMPATH\CodeIgniter.php(353): CodeIgniter\CodeIgniter->handleRequest(null, Object(Config\Cache), false)
 5 FCPATH\index.php(91): CodeIgniter\CodeIgniter->run()
CRITICAL - 2024-04-18 01:14:33 --> Trying to access array offset on value of type null
in APPPATH\Controllers\OrderController.php on line 114.
 1 APPPATH\Controllers\OrderController.php(114): CodeIgniter\Debug\Exceptions->errorHandler(2, 'Trying to access array offset on value of type null', 'C:\\laragon\\www\\cipharmaplus\\app\\Controllers\\OrderController.php', 114)
 2 SYSTEMPATH\CodeIgniter.php(919): App\Controllers\OrderController->AverageOrderValuePerWeek()
 3 SYSTEMPATH\CodeIgniter.php(494): CodeIgniter\CodeIgniter->runController(Object(App\Controllers\OrderController))
 4 SYSTEMPATH\CodeIgniter.php(353): CodeIgniter\CodeIgniter->handleRequest(null, Object(Config\Cache), false)
 5 FCPATH\index.php(91): CodeIgniter\CodeIgniter->run()
CRITICAL - 2024-04-18 01:14:33 --> Trying to access array offset on value of type null
in APPPATH\Controllers\BranchController.php on line 23.
 1 APPPATH\Controllers\BranchController.php(23): CodeIgniter\Debug\Exceptions->errorHandler(2, 'Trying to access array offset on value of type null', 'C:\\laragon\\www\\cipharmaplus\\app\\Controllers\\BranchController.php', 23)
 2 SYSTEMPATH\CodeIgniter.php(919): App\Controllers\BranchController->TotalBranchWorker()
 3 SYSTEMPATH\CodeIgniter.php(494): CodeIgniter\CodeIgniter->runController(Object(App\Controllers\BranchController))
 4 SYSTEMPATH\CodeIgniter.php(353): CodeIgniter\CodeIgniter->handleRequest(null, Object(Config\Cache), false)
 5 FCPATH\index.php(91): CodeIgniter\CodeIgniter->run()
CRITICAL - 2024-04-18 01:14:34 --> Trying to access array offset on value of type null
in APPPATH\Controllers\ProductController.php on line 304.
 1 APPPATH\Controllers\ProductController.php(304): CodeIgniter\Debug\Exceptions->errorHandler(2, 'Trying to access array offset on value of type null', 'C:\\laragon\\www\\cipharmaplus\\app\\Controllers\\ProductController.php', 304)
 2 SYSTEMPATH\CodeIgniter.php(919): App\Controllers\ProductController->countBranchUniqueItems('')
 3 SYSTEMPATH\CodeIgniter.php(494): CodeIgniter\CodeIgniter->runController(Object(App\Controllers\ProductController))
 4 SYSTEMPATH\CodeIgniter.php(353): CodeIgniter\CodeIgniter->handleRequest(null, Object(Config\Cache), false)
 5 FCPATH\index.php(91): CodeIgniter\CodeIgniter->run()
CRITICAL - 2024-04-18 01:14:34 --> Trying to access array offset on value of type null
in APPPATH\Controllers\OrderController.php on line 72.
 1 APPPATH\Controllers\OrderController.php(72): CodeIgniter\Debug\Exceptions->errorHandler(2, 'Trying to access array offset on value of type null', 'C:\\laragon\\www\\cipharmaplus\\app\\Controllers\\OrderController.php', 72)
 2 SYSTEMPATH\CodeIgniter.php(919): App\Controllers\OrderController->EarningsPerWeek()
 3 SYSTEMPATH\CodeIgniter.php(494): CodeIgniter\CodeIgniter->runController(Object(App\Controllers\OrderController))
 4 SYSTEMPATH\CodeIgniter.php(353): CodeIgniter\CodeIgniter->handleRequest(null, Object(Config\Cache), false)
 5 FCPATH\index.php(91): CodeIgniter\CodeIgniter->run()
CRITICAL - 2024-04-18 01:14:34 --> Trying to access array offset on value of type null
in APPPATH\Controllers\OrderController.php on line 31.
 1 APPPATH\Controllers\OrderController.php(31): CodeIgniter\Debug\Exceptions->errorHandler(2, 'Trying to access array offset on value of type null', 'C:\\laragon\\www\\cipharmaplus\\app\\Controllers\\OrderController.php', 31)
 2 SYSTEMPATH\CodeIgniter.php(919): App\Controllers\OrderController->TransactionToday()
 3 SYSTEMPATH\CodeIgniter.php(494): CodeIgniter\CodeIgniter->runController(Object(App\Controllers\OrderController))
 4 SYSTEMPATH\CodeIgniter.php(353): CodeIgniter\CodeIgniter->handleRequest(null, Object(Config\Cache), false)
 5 FCPATH\index.php(91): CodeIgniter\CodeIgniter->run()
CRITICAL - 2024-04-18 01:14:34 --> Trying to access array offset on value of type null
in APPPATH\Controllers\AuditController.php on line 33.
 1 APPPATH\Controllers\AuditController.php(33): CodeIgniter\Debug\Exceptions->errorHandler(2, 'Trying to access array offset on value of type null', 'C:\\laragon\\www\\cipharmaplus\\app\\Controllers\\AuditController.php', 33)
 2 SYSTEMPATH\CodeIgniter.php(919): App\Controllers\AuditController->TopSellingProductPerWeek()
 3 SYSTEMPATH\CodeIgniter.php(494): CodeIgniter\CodeIgniter->runController(Object(App\Controllers\AuditController))
 4 SYSTEMPATH\CodeIgniter.php(353): CodeIgniter\CodeIgniter->handleRequest(null, Object(Config\Cache), false)
 5 FCPATH\index.php(91): CodeIgniter\CodeIgniter->run()
CRITICAL - 2024-04-18 01:14:34 --> Trying to access array offset on value of type null
in APPPATH\Controllers\BranchController.php on line 233.
 1 APPPATH\Controllers\BranchController.php(233): CodeIgniter\Debug\Exceptions->errorHandler(2, 'Trying to access array offset on value of type null', 'C:\\laragon\\www\\cipharmaplus\\app\\Controllers\\BranchController.php', 233)
 2 SYSTEMPATH\CodeIgniter.php(919): App\Controllers\BranchController->BranchInfo()
 3 SYSTEMPATH\CodeIgniter.php(494): CodeIgniter\CodeIgniter->runController(Object(App\Controllers\BranchController))
 4 SYSTEMPATH\CodeIgniter.php(353): CodeIgniter\CodeIgniter->handleRequest(null, Object(Config\Cache), false)
 5 FCPATH\index.php(91): CodeIgniter\CodeIgniter->run()
CRITICAL - 2024-04-18 01:14:34 --> Trying to access array offset on value of type null
in APPPATH\Controllers\BranchController.php on line 199.
 1 APPPATH\Controllers\BranchController.php(199): CodeIgniter\Debug\Exceptions->errorHandler(2, 'Trying to access array offset on value of type null', 'C:\\laragon\\www\\cipharmaplus\\app\\Controllers\\BranchController.php', 199)
 2 SYSTEMPATH\CodeIgniter.php(919): App\Controllers\BranchController->IsOpenForInvitation()
 3 SYSTEMPATH\CodeIgniter.php(494): CodeIgniter\CodeIgniter->runController(Object(App\Controllers\BranchController))
 4 SYSTEMPATH\CodeIgniter.php(353): CodeIgniter\CodeIgniter->handleRequest(null, Object(Config\Cache), false)
 5 FCPATH\index.php(91): CodeIgniter\CodeIgniter->run()
CRITICAL - 2024-04-18 01:14:34 --> Trying to access array offset on value of type null
in APPPATH\Controllers\OrderController.php on line 114.
 1 APPPATH\Controllers\OrderController.php(114): CodeIgniter\Debug\Exceptions->errorHandler(2, 'Trying to access array offset on value of type null', 'C:\\laragon\\www\\cipharmaplus\\app\\Controllers\\OrderController.php', 114)
 2 SYSTEMPATH\CodeIgniter.php(919): App\Controllers\OrderController->AverageOrderValuePerWeek()
 3 SYSTEMPATH\CodeIgniter.php(494): CodeIgniter\CodeIgniter->runController(Object(App\Controllers\OrderController))
 4 SYSTEMPATH\CodeIgniter.php(353): CodeIgniter\CodeIgniter->handleRequest(null, Object(Config\Cache), false)
 5 FCPATH\index.php(91): CodeIgniter\CodeIgniter->run()
CRITICAL - 2024-04-18 01:14:34 --> Trying to access array offset on value of type null
in APPPATH\Controllers\BranchController.php on line 23.
 1 APPPATH\Controllers\BranchController.php(23): CodeIgniter\Debug\Exceptions->errorHandler(2, 'Trying to access array offset on value of type null', 'C:\\laragon\\www\\cipharmaplus\\app\\Controllers\\BranchController.php', 23)
 2 SYSTEMPATH\CodeIgniter.php(919): App\Controllers\BranchController->TotalBranchWorker()
 3 SYSTEMPATH\CodeIgniter.php(494): CodeIgniter\CodeIgniter->runController(Object(App\Controllers\BranchController))
 4 SYSTEMPATH\CodeIgniter.php(353): CodeIgniter\CodeIgniter->handleRequest(null, Object(Config\Cache), false)
 5 FCPATH\index.php(91): CodeIgniter\CodeIgniter->run()
CRITICAL - 2024-04-18 01:14:34 --> Trying to access array offset on value of type null
in APPPATH\Controllers\OrderController.php on line 72.
 1 APPPATH\Controllers\OrderController.php(72): CodeIgniter\Debug\Exceptions->errorHandler(2, 'Trying to access array offset on value of type null', 'C:\\laragon\\www\\cipharmaplus\\app\\Controllers\\OrderController.php', 72)
 2 SYSTEMPATH\CodeIgniter.php(919): App\Controllers\OrderController->EarningsPerWeek()
 3 SYSTEMPATH\CodeIgniter.php(494): CodeIgniter\CodeIgniter->runController(Object(App\Controllers\OrderController))
 4 SYSTEMPATH\CodeIgniter.php(353): CodeIgniter\CodeIgniter->handleRequest(null, Object(Config\Cache), false)
 5 FCPATH\index.php(91): CodeIgniter\CodeIgniter->run()
CRITICAL - 2024-04-18 01:14:34 --> Trying to access array offset on value of type null
in APPPATH\Controllers\ProductController.php on line 304.
 1 APPPATH\Controllers\ProductController.php(304): CodeIgniter\Debug\Exceptions->errorHandler(2, 'Trying to access array offset on value of type null', 'C:\\laragon\\www\\cipharmaplus\\app\\Controllers\\ProductController.php', 304)
 2 SYSTEMPATH\CodeIgniter.php(919): App\Controllers\ProductController->countBranchUniqueItems('')
 3 SYSTEMPATH\CodeIgniter.php(494): CodeIgniter\CodeIgniter->runController(Object(App\Controllers\ProductController))
 4 SYSTEMPATH\CodeIgniter.php(353): CodeIgniter\CodeIgniter->handleRequest(null, Object(Config\Cache), false)
 5 FCPATH\index.php(91): CodeIgniter\CodeIgniter->run()
CRITICAL - 2024-04-18 01:14:34 --> Trying to access array offset on value of type null
in APPPATH\Controllers\OrderController.php on line 31.
 1 APPPATH\Controllers\OrderController.php(31): CodeIgniter\Debug\Exceptions->errorHandler(2, 'Trying to access array offset on value of type null', 'C:\\laragon\\www\\cipharmaplus\\app\\Controllers\\OrderController.php', 31)
 2 SYSTEMPATH\CodeIgniter.php(919): App\Controllers\OrderController->TransactionToday()
 3 SYSTEMPATH\CodeIgniter.php(494): CodeIgniter\CodeIgniter->runController(Object(App\Controllers\OrderController))
 4 SYSTEMPATH\CodeIgniter.php(353): CodeIgniter\CodeIgniter->handleRequest(null, Object(Config\Cache), false)
 5 FCPATH\index.php(91): CodeIgniter\CodeIgniter->run()
CRITICAL - 2024-04-18 01:14:34 --> Trying to access array offset on value of type null
in APPPATH\Controllers\AuditController.php on line 33.
 1 APPPATH\Controllers\AuditController.php(33): CodeIgniter\Debug\Exceptions->errorHandler(2, 'Trying to access array offset on value of type null', 'C:\\laragon\\www\\cipharmaplus\\app\\Controllers\\AuditController.php', 33)
 2 SYSTEMPATH\CodeIgniter.php(919): App\Controllers\AuditController->TopSellingProductPerWeek()
 3 SYSTEMPATH\CodeIgniter.php(494): CodeIgniter\CodeIgniter->runController(Object(App\Controllers\AuditController))
 4 SYSTEMPATH\CodeIgniter.php(353): CodeIgniter\CodeIgniter->handleRequest(null, Object(Config\Cache), false)
 5 FCPATH\index.php(91): CodeIgniter\CodeIgniter->run()
CRITICAL - 2024-04-18 01:14:34 --> Trying to access array offset on value of type null
in APPPATH\Controllers\BranchController.php on line 233.
 1 APPPATH\Controllers\BranchController.php(233): CodeIgniter\Debug\Exceptions->errorHandler(2, 'Trying to access array offset on value of type null', 'C:\\laragon\\www\\cipharmaplus\\app\\Controllers\\BranchController.php', 233)
 2 SYSTEMPATH\CodeIgniter.php(919): App\Controllers\BranchController->BranchInfo()
 3 SYSTEMPATH\CodeIgniter.php(494): CodeIgniter\CodeIgniter->runController(Object(App\Controllers\BranchController))
 4 SYSTEMPATH\CodeIgniter.php(353): CodeIgniter\CodeIgniter->handleRequest(null, Object(Config\Cache), false)
 5 FCPATH\index.php(91): CodeIgniter\CodeIgniter->run()
CRITICAL - 2024-04-18 01:14:34 --> Trying to access array offset on value of type null
in APPPATH\Controllers\OrderController.php on line 114.
 1 APPPATH\Controllers\OrderController.php(114): CodeIgniter\Debug\Exceptions->errorHandler(2, 'Trying to access array offset on value of type null', 'C:\\laragon\\www\\cipharmaplus\\app\\Controllers\\OrderController.php', 114)
 2 SYSTEMPATH\CodeIgniter.php(919): App\Controllers\OrderController->AverageOrderValuePerWeek()
 3 SYSTEMPATH\CodeIgniter.php(494): CodeIgniter\CodeIgniter->runController(Object(App\Controllers\OrderController))
 4 SYSTEMPATH\CodeIgniter.php(353): CodeIgniter\CodeIgniter->handleRequest(null, Object(Config\Cache), false)
 5 FCPATH\index.php(91): CodeIgniter\CodeIgniter->run()
CRITICAL - 2024-04-18 01:14:35 --> Trying to access array offset on value of type null
in APPPATH\Controllers\BranchController.php on line 23.
 1 APPPATH\Controllers\BranchController.php(23): CodeIgniter\Debug\Exceptions->errorHandler(2, 'Trying to access array offset on value of type null', 'C:\\laragon\\www\\cipharmaplus\\app\\Controllers\\BranchController.php', 23)
 2 SYSTEMPATH\CodeIgniter.php(919): App\Controllers\BranchController->TotalBranchWorker()
 3 SYSTEMPATH\CodeIgniter.php(494): CodeIgniter\CodeIgniter->runController(Object(App\Controllers\BranchController))
 4 SYSTEMPATH\CodeIgniter.php(353): CodeIgniter\CodeIgniter->handleRequest(null, Object(Config\Cache), false)
 5 FCPATH\index.php(91): CodeIgniter\CodeIgniter->run()
CRITICAL - 2024-04-18 01:14:35 --> Trying to access array offset on value of type null
in APPPATH\Controllers\OrderController.php on line 72.
 1 APPPATH\Controllers\OrderController.php(72): CodeIgniter\Debug\Exceptions->errorHandler(2, 'Trying to access array offset on value of type null', 'C:\\laragon\\www\\cipharmaplus\\app\\Controllers\\OrderController.php', 72)
 2 SYSTEMPATH\CodeIgniter.php(919): App\Controllers\OrderController->EarningsPerWeek()
 3 SYSTEMPATH\CodeIgniter.php(494): CodeIgniter\CodeIgniter->runController(Object(App\Controllers\OrderController))
 4 SYSTEMPATH\CodeIgniter.php(353): CodeIgniter\CodeIgniter->handleRequest(null, Object(Config\Cache), false)
 5 FCPATH\index.php(91): CodeIgniter\CodeIgniter->run()
CRITICAL - 2024-04-18 01:14:35 --> Trying to access array offset on value of type null
in APPPATH\Controllers\ProductController.php on line 304.
 1 APPPATH\Controllers\ProductController.php(304): CodeIgniter\Debug\Exceptions->errorHandler(2, 'Trying to access array offset on value of type null', 'C:\\laragon\\www\\cipharmaplus\\app\\Controllers\\ProductController.php', 304)
 2 SYSTEMPATH\CodeIgniter.php(919): App\Controllers\ProductController->countBranchUniqueItems('')
 3 SYSTEMPATH\CodeIgniter.php(494): CodeIgniter\CodeIgniter->runController(Object(App\Controllers\ProductController))
 4 SYSTEMPATH\CodeIgniter.php(353): CodeIgniter\CodeIgniter->handleRequest(null, Object(Config\Cache), false)
 5 FCPATH\index.php(91): CodeIgniter\CodeIgniter->run()
CRITICAL - 2024-04-18 01:14:35 --> Trying to access array offset on value of type null
in APPPATH\Controllers\OrderController.php on line 31.
 1 APPPATH\Controllers\OrderController.php(31): CodeIgniter\Debug\Exceptions->errorHandler(2, 'Trying to access array offset on value of type null', 'C:\\laragon\\www\\cipharmaplus\\app\\Controllers\\OrderController.php', 31)
 2 SYSTEMPATH\CodeIgniter.php(919): App\Controllers\OrderController->TransactionToday()
 3 SYSTEMPATH\CodeIgniter.php(494): CodeIgniter\CodeIgniter->runController(Object(App\Controllers\OrderController))
 4 SYSTEMPATH\CodeIgniter.php(353): CodeIgniter\CodeIgniter->handleRequest(null, Object(Config\Cache), false)
 5 FCPATH\index.php(91): CodeIgniter\CodeIgniter->run()
CRITICAL - 2024-04-18 01:14:35 --> Trying to access array offset on value of type null
in APPPATH\Controllers\AuditController.php on line 33.
 1 APPPATH\Controllers\AuditController.php(33): CodeIgniter\Debug\Exceptions->errorHandler(2, 'Trying to access array offset on value of type null', 'C:\\laragon\\www\\cipharmaplus\\app\\Controllers\\AuditController.php', 33)
 2 SYSTEMPATH\CodeIgniter.php(919): App\Controllers\AuditController->TopSellingProductPerWeek()
 3 SYSTEMPATH\CodeIgniter.php(494): CodeIgniter\CodeIgniter->runController(Object(App\Controllers\AuditController))
 4 SYSTEMPATH\CodeIgniter.php(353): CodeIgniter\CodeIgniter->handleRequest(null, Object(Config\Cache), false)
 5 FCPATH\index.php(91): CodeIgniter\CodeIgniter->run()
CRITICAL - 2024-04-18 01:14:35 --> Trying to access array offset on value of type null
in APPPATH\Controllers\BranchController.php on line 233.
 1 APPPATH\Controllers\BranchController.php(233): CodeIgniter\Debug\Exceptions->errorHandler(2, 'Trying to access array offset on value of type null', 'C:\\laragon\\www\\cipharmaplus\\app\\Controllers\\BranchController.php', 233)
 2 SYSTEMPATH\CodeIgniter.php(919): App\Controllers\BranchController->BranchInfo()
 3 SYSTEMPATH\CodeIgniter.php(494): CodeIgniter\CodeIgniter->runController(Object(App\Controllers\BranchController))
 4 SYSTEMPATH\CodeIgniter.php(353): CodeIgniter\CodeIgniter->handleRequest(null, Object(Config\Cache), false)
 5 FCPATH\index.php(91): CodeIgniter\CodeIgniter->run()
CRITICAL - 2024-04-18 01:14:35 --> Trying to access array offset on value of type null
in APPPATH\Controllers\BranchController.php on line 233.
 1 APPPATH\Controllers\BranchController.php(233): CodeIgniter\Debug\Exceptions->errorHandler(2, 'Trying to access array offset on value of type null', 'C:\\laragon\\www\\cipharmaplus\\app\\Controllers\\BranchController.php', 233)
 2 SYSTEMPATH\CodeIgniter.php(919): App\Controllers\BranchController->BranchInfo()
 3 SYSTEMPATH\CodeIgniter.php(494): CodeIgniter\CodeIgniter->runController(Object(App\Controllers\BranchController))
 4 SYSTEMPATH\CodeIgniter.php(353): CodeIgniter\CodeIgniter->handleRequest(null, Object(Config\Cache), false)
 5 FCPATH\index.php(91): CodeIgniter\CodeIgniter->run()
CRITICAL - 2024-04-18 01:14:35 --> Trying to access array offset on value of type null
in APPPATH\Controllers\OrderController.php on line 31.
 1 APPPATH\Controllers\OrderController.php(31): CodeIgniter\Debug\Exceptions->errorHandler(2, 'Trying to access array offset on value of type null', 'C:\\laragon\\www\\cipharmaplus\\app\\Controllers\\OrderController.php', 31)
 2 SYSTEMPATH\CodeIgniter.php(919): App\Controllers\OrderController->TransactionToday()
 3 SYSTEMPATH\CodeIgniter.php(494): CodeIgniter\CodeIgniter->runController(Object(App\Controllers\OrderController))
 4 SYSTEMPATH\CodeIgniter.php(353): CodeIgniter\CodeIgniter->handleRequest(null, Object(Config\Cache), false)
 5 FCPATH\index.php(91): CodeIgniter\CodeIgniter->run()
CRITICAL - 2024-04-18 01:14:35 --> Trying to access array offset on value of type null
in APPPATH\Controllers\OrderController.php on line 114.
 1 APPPATH\Controllers\OrderController.php(114): CodeIgniter\Debug\Exceptions->errorHandler(2, 'Trying to access array offset on value of type null', 'C:\\laragon\\www\\cipharmaplus\\app\\Controllers\\OrderController.php', 114)
 2 SYSTEMPATH\CodeIgniter.php(919): App\Controllers\OrderController->AverageOrderValuePerWeek()
 3 SYSTEMPATH\CodeIgniter.php(494): CodeIgniter\CodeIgniter->runController(Object(App\Controllers\OrderController))
 4 SYSTEMPATH\CodeIgniter.php(353): CodeIgniter\CodeIgniter->handleRequest(null, Object(Config\Cache), false)
 5 FCPATH\index.php(91): CodeIgniter\CodeIgniter->run()
CRITICAL - 2024-04-18 01:14:35 --> Trying to access array offset on value of type null
in APPPATH\Controllers\ProductController.php on line 304.
 1 APPPATH\Controllers\ProductController.php(304): CodeIgniter\Debug\Exceptions->errorHandler(2, 'Trying to access array offset on value of type null', 'C:\\laragon\\www\\cipharmaplus\\app\\Controllers\\ProductController.php', 304)
 2 SYSTEMPATH\CodeIgniter.php(919): App\Controllers\ProductController->countBranchUniqueItems('')
 3 SYSTEMPATH\CodeIgniter.php(494): CodeIgniter\CodeIgniter->runController(Object(App\Controllers\ProductController))
 4 SYSTEMPATH\CodeIgniter.php(353): CodeIgniter\CodeIgniter->handleRequest(null, Object(Config\Cache), false)
 5 FCPATH\index.php(91): CodeIgniter\CodeIgniter->run()
CRITICAL - 2024-04-18 01:14:35 --> Trying to access array offset on value of type null
in APPPATH\Controllers\OrderController.php on line 72.
 1 APPPATH\Controllers\OrderController.php(72): CodeIgniter\Debug\Exceptions->errorHandler(2, 'Trying to access array offset on value of type null', 'C:\\laragon\\www\\cipharmaplus\\app\\Controllers\\OrderController.php', 72)
 2 SYSTEMPATH\CodeIgniter.php(919): App\Controllers\OrderController->EarningsPerWeek()
 3 SYSTEMPATH\CodeIgniter.php(494): CodeIgniter\CodeIgniter->runController(Object(App\Controllers\OrderController))
 4 SYSTEMPATH\CodeIgniter.php(353): CodeIgniter\CodeIgniter->handleRequest(null, Object(Config\Cache), false)
 5 FCPATH\index.php(91): CodeIgniter\CodeIgniter->run()
CRITICAL - 2024-04-18 01:14:35 --> Trying to access array offset on value of type null
in APPPATH\Controllers\BranchController.php on line 23.
 1 APPPATH\Controllers\BranchController.php(23): CodeIgniter\Debug\Exceptions->errorHandler(2, 'Trying to access array offset on value of type null', 'C:\\laragon\\www\\cipharmaplus\\app\\Controllers\\BranchController.php', 23)
 2 SYSTEMPATH\CodeIgniter.php(919): App\Controllers\BranchController->TotalBranchWorker()
 3 SYSTEMPATH\CodeIgniter.php(494): CodeIgniter\CodeIgniter->runController(Object(App\Controllers\BranchController))
 4 SYSTEMPATH\CodeIgniter.php(353): CodeIgniter\CodeIgniter->handleRequest(null, Object(Config\Cache), false)
 5 FCPATH\index.php(91): CodeIgniter\CodeIgniter->run()
CRITICAL - 2024-04-18 01:14:35 --> Trying to access array offset on value of type null
in APPPATH\Controllers\AuditController.php on line 33.
 1 APPPATH\Controllers\AuditController.php(33): CodeIgniter\Debug\Exceptions->errorHandler(2, 'Trying to access array offset on value of type null', 'C:\\laragon\\www\\cipharmaplus\\app\\Controllers\\AuditController.php', 33)
 2 SYSTEMPATH\CodeIgniter.php(919): App\Controllers\AuditController->TopSellingProductPerWeek()
 3 SYSTEMPATH\CodeIgniter.php(494): CodeIgniter\CodeIgniter->runController(Object(App\Controllers\AuditController))
 4 SYSTEMPATH\CodeIgniter.php(353): CodeIgniter\CodeIgniter->handleRequest(null, Object(Config\Cache), false)
 5 FCPATH\index.php(91): CodeIgniter\CodeIgniter->run()
CRITICAL - 2024-04-18 01:14:35 --> Trying to access array offset on value of type null
in APPPATH\Controllers\BranchController.php on line 233.
 1 APPPATH\Controllers\BranchController.php(233): CodeIgniter\Debug\Exceptions->errorHandler(2, 'Trying to access array offset on value of type null', 'C:\\laragon\\www\\cipharmaplus\\app\\Controllers\\BranchController.php', 233)
 2 SYSTEMPATH\CodeIgniter.php(919): App\Controllers\BranchController->BranchInfo()
 3 SYSTEMPATH\CodeIgniter.php(494): CodeIgniter\CodeIgniter->runController(Object(App\Controllers\BranchController))
 4 SYSTEMPATH\CodeIgniter.php(353): CodeIgniter\CodeIgniter->handleRequest(null, Object(Config\Cache), false)
 5 FCPATH\index.php(91): CodeIgniter\CodeIgniter->run()
CRITICAL - 2024-04-18 01:14:36 --> Trying to access array offset on value of type null
in APPPATH\Controllers\BranchController.php on line 199.
 1 APPPATH\Controllers\BranchController.php(199): CodeIgniter\Debug\Exceptions->errorHandler(2, 'Trying to access array offset on value of type null', 'C:\\laragon\\www\\cipharmaplus\\app\\Controllers\\BranchController.php', 199)
 2 SYSTEMPATH\CodeIgniter.php(919): App\Controllers\BranchController->IsOpenForInvitation()
 3 SYSTEMPATH\CodeIgniter.php(494): CodeIgniter\CodeIgniter->runController(Object(App\Controllers\BranchController))
 4 SYSTEMPATH\CodeIgniter.php(353): CodeIgniter\CodeIgniter->handleRequest(null, Object(Config\Cache), false)
 5 FCPATH\index.php(91): CodeIgniter\CodeIgniter->run()
CRITICAL - 2024-04-18 01:14:36 --> Trying to access array offset on value of type null
in APPPATH\Controllers\ProductController.php on line 304.
 1 APPPATH\Controllers\ProductController.php(304): CodeIgniter\Debug\Exceptions->errorHandler(2, 'Trying to access array offset on value of type null', 'C:\\laragon\\www\\cipharmaplus\\app\\Controllers\\ProductController.php', 304)
 2 SYSTEMPATH\CodeIgniter.php(919): App\Controllers\ProductController->countBranchUniqueItems('')
 3 SYSTEMPATH\CodeIgniter.php(494): CodeIgniter\CodeIgniter->runController(Object(App\Controllers\ProductController))
 4 SYSTEMPATH\CodeIgniter.php(353): CodeIgniter\CodeIgniter->handleRequest(null, Object(Config\Cache), false)
 5 FCPATH\index.php(91): CodeIgniter\CodeIgniter->run()
CRITICAL - 2024-04-18 01:14:36 --> Trying to access array offset on value of type null
in APPPATH\Controllers\OrderController.php on line 114.
 1 APPPATH\Controllers\OrderController.php(114): CodeIgniter\Debug\Exceptions->errorHandler(2, 'Trying to access array offset on value of type null', 'C:\\laragon\\www\\cipharmaplus\\app\\Controllers\\OrderController.php', 114)
 2 SYSTEMPATH\CodeIgniter.php(919): App\Controllers\OrderController->AverageOrderValuePerWeek()
 3 SYSTEMPATH\CodeIgniter.php(494): CodeIgniter\CodeIgniter->runController(Object(App\Controllers\OrderController))
 4 SYSTEMPATH\CodeIgniter.php(353): CodeIgniter\CodeIgniter->handleRequest(null, Object(Config\Cache), false)
 5 FCPATH\index.php(91): CodeIgniter\CodeIgniter->run()
CRITICAL - 2024-04-18 01:14:36 --> Trying to access array offset on value of type null
in APPPATH\Controllers\BranchController.php on line 23.
 1 APPPATH\Controllers\BranchController.php(23): CodeIgniter\Debug\Exceptions->errorHandler(2, 'Trying to access array offset on value of type null', 'C:\\laragon\\www\\cipharmaplus\\app\\Controllers\\BranchController.php', 23)
 2 SYSTEMPATH\CodeIgniter.php(919): App\Controllers\BranchController->TotalBranchWorker()
 3 SYSTEMPATH\CodeIgniter.php(494): CodeIgniter\CodeIgniter->runController(Object(App\Controllers\BranchController))
 4 SYSTEMPATH\CodeIgniter.php(353): CodeIgniter\CodeIgniter->handleRequest(null, Object(Config\Cache), false)
 5 FCPATH\index.php(91): CodeIgniter\CodeIgniter->run()
CRITICAL - 2024-04-18 01:14:36 --> Trying to access array offset on value of type null
in APPPATH\Controllers\OrderController.php on line 31.
 1 APPPATH\Controllers\OrderController.php(31): CodeIgniter\Debug\Exceptions->errorHandler(2, 'Trying to access array offset on value of type null', 'C:\\laragon\\www\\cipharmaplus\\app\\Controllers\\OrderController.php', 31)
 2 SYSTEMPATH\CodeIgniter.php(919): App\Controllers\OrderController->TransactionToday()
 3 SYSTEMPATH\CodeIgniter.php(494): CodeIgniter\CodeIgniter->runController(Object(App\Controllers\OrderController))
 4 SYSTEMPATH\CodeIgniter.php(353): CodeIgniter\CodeIgniter->handleRequest(null, Object(Config\Cache), false)
 5 FCPATH\index.php(91): CodeIgniter\CodeIgniter->run()
CRITICAL - 2024-04-18 01:14:36 --> Trying to access array offset on value of type null
in APPPATH\Controllers\OrderController.php on line 72.
 1 APPPATH\Controllers\OrderController.php(72): CodeIgniter\Debug\Exceptions->errorHandler(2, 'Trying to access array offset on value of type null', 'C:\\laragon\\www\\cipharmaplus\\app\\Controllers\\OrderController.php', 72)
 2 SYSTEMPATH\CodeIgniter.php(919): App\Controllers\OrderController->EarningsPerWeek()
 3 SYSTEMPATH\CodeIgniter.php(494): CodeIgniter\CodeIgniter->runController(Object(App\Controllers\OrderController))
 4 SYSTEMPATH\CodeIgniter.php(353): CodeIgniter\CodeIgniter->handleRequest(null, Object(Config\Cache), false)
 5 FCPATH\index.php(91): CodeIgniter\CodeIgniter->run()
CRITICAL - 2024-04-18 01:14:36 --> Trying to access array offset on value of type null
in APPPATH\Controllers\AuditController.php on line 33.
 1 APPPATH\Controllers\AuditController.php(33): CodeIgniter\Debug\Exceptions->errorHandler(2, 'Trying to access array offset on value of type null', 'C:\\laragon\\www\\cipharmaplus\\app\\Controllers\\AuditController.php', 33)
 2 SYSTEMPATH\CodeIgniter.php(919): App\Controllers\AuditController->TopSellingProductPerWeek()
 3 SYSTEMPATH\CodeIgniter.php(494): CodeIgniter\CodeIgniter->runController(Object(App\Controllers\AuditController))
 4 SYSTEMPATH\CodeIgniter.php(353): CodeIgniter\CodeIgniter->handleRequest(null, Object(Config\Cache), false)
 5 FCPATH\index.php(91): CodeIgniter\CodeIgniter->run()
CRITICAL - 2024-04-18 01:14:36 --> Trying to access array offset on value of type null
in APPPATH\Controllers\BranchController.php on line 233.
 1 APPPATH\Controllers\BranchController.php(233): CodeIgniter\Debug\Exceptions->errorHandler(2, 'Trying to access array offset on value of type null', 'C:\\laragon\\www\\cipharmaplus\\app\\Controllers\\BranchController.php', 233)
 2 SYSTEMPATH\CodeIgniter.php(919): App\Controllers\BranchController->BranchInfo()
 3 SYSTEMPATH\CodeIgniter.php(494): CodeIgniter\CodeIgniter->runController(Object(App\Controllers\BranchController))
 4 SYSTEMPATH\CodeIgniter.php(353): CodeIgniter\CodeIgniter->handleRequest(null, Object(Config\Cache), false)
 5 FCPATH\index.php(91): CodeIgniter\CodeIgniter->run()
CRITICAL - 2024-04-18 01:14:37 --> Trying to access array offset on value of type null
in APPPATH\Controllers\ProductController.php on line 304.
 1 APPPATH\Controllers\ProductController.php(304): CodeIgniter\Debug\Exceptions->errorHandler(2, 'Trying to access array offset on value of type null', 'C:\\laragon\\www\\cipharmaplus\\app\\Controllers\\ProductController.php', 304)
 2 SYSTEMPATH\CodeIgniter.php(919): App\Controllers\ProductController->countBranchUniqueItems('')
 3 SYSTEMPATH\CodeIgniter.php(494): CodeIgniter\CodeIgniter->runController(Object(App\Controllers\ProductController))
 4 SYSTEMPATH\CodeIgniter.php(353): CodeIgniter\CodeIgniter->handleRequest(null, Object(Config\Cache), false)
 5 FCPATH\index.php(91): CodeIgniter\CodeIgniter->run()
CRITICAL - 2024-04-18 01:14:37 --> Trying to access array offset on value of type null
in APPPATH\Controllers\OrderController.php on line 114.
 1 APPPATH\Controllers\OrderController.php(114): CodeIgniter\Debug\Exceptions->errorHandler(2, 'Trying to access array offset on value of type null', 'C:\\laragon\\www\\cipharmaplus\\app\\Controllers\\OrderController.php', 114)
 2 SYSTEMPATH\CodeIgniter.php(919): App\Controllers\OrderController->AverageOrderValuePerWeek()
 3 SYSTEMPATH\CodeIgniter.php(494): CodeIgniter\CodeIgniter->runController(Object(App\Controllers\OrderController))
 4 SYSTEMPATH\CodeIgniter.php(353): CodeIgniter\CodeIgniter->handleRequest(null, Object(Config\Cache), false)
 5 FCPATH\index.php(91): CodeIgniter\CodeIgniter->run()
CRITICAL - 2024-04-18 01:14:37 --> Trying to access array offset on value of type null
in APPPATH\Controllers\OrderController.php on line 31.
 1 APPPATH\Controllers\OrderController.php(31): CodeIgniter\Debug\Exceptions->errorHandler(2, 'Trying to access array offset on value of type null', 'C:\\laragon\\www\\cipharmaplus\\app\\Controllers\\OrderController.php', 31)
 2 SYSTEMPATH\CodeIgniter.php(919): App\Controllers\OrderController->TransactionToday()
 3 SYSTEMPATH\CodeIgniter.php(494): CodeIgniter\CodeIgniter->runController(Object(App\Controllers\OrderController))
 4 SYSTEMPATH\CodeIgniter.php(353): CodeIgniter\CodeIgniter->handleRequest(null, Object(Config\Cache), false)
 5 FCPATH\index.php(91): CodeIgniter\CodeIgniter->run()
CRITICAL - 2024-04-18 01:14:37 --> Trying to access array offset on value of type null
in APPPATH\Controllers\BranchController.php on line 23.
 1 APPPATH\Controllers\BranchController.php(23): CodeIgniter\Debug\Exceptions->errorHandler(2, 'Trying to access array offset on value of type null', 'C:\\laragon\\www\\cipharmaplus\\app\\Controllers\\BranchController.php', 23)
 2 SYSTEMPATH\CodeIgniter.php(919): App\Controllers\BranchController->TotalBranchWorker()
 3 SYSTEMPATH\CodeIgniter.php(494): CodeIgniter\CodeIgniter->runController(Object(App\Controllers\BranchController))
 4 SYSTEMPATH\CodeIgniter.php(353): CodeIgniter\CodeIgniter->handleRequest(null, Object(Config\Cache), false)
 5 FCPATH\index.php(91): CodeIgniter\CodeIgniter->run()
CRITICAL - 2024-04-18 01:14:37 --> Trying to access array offset on value of type null
in APPPATH\Controllers\OrderController.php on line 72.
 1 APPPATH\Controllers\OrderController.php(72): CodeIgniter\Debug\Exceptions->errorHandler(2, 'Trying to access array offset on value of type null', 'C:\\laragon\\www\\cipharmaplus\\app\\Controllers\\OrderController.php', 72)
 2 SYSTEMPATH\CodeIgniter.php(919): App\Controllers\OrderController->EarningsPerWeek()
 3 SYSTEMPATH\CodeIgniter.php(494): CodeIgniter\CodeIgniter->runController(Object(App\Controllers\OrderController))
 4 SYSTEMPATH\CodeIgniter.php(353): CodeIgniter\CodeIgniter->handleRequest(null, Object(Config\Cache), false)
 5 FCPATH\index.php(91): CodeIgniter\CodeIgniter->run()
CRITICAL - 2024-04-18 01:14:37 --> Trying to access array offset on value of type null
in APPPATH\Controllers\AuditController.php on line 33.
 1 APPPATH\Controllers\AuditController.php(33): CodeIgniter\Debug\Exceptions->errorHandler(2, 'Trying to access array offset on value of type null', 'C:\\laragon\\www\\cipharmaplus\\app\\Controllers\\AuditController.php', 33)
 2 SYSTEMPATH\CodeIgniter.php(919): App\Controllers\AuditController->TopSellingProductPerWeek()
 3 SYSTEMPATH\CodeIgniter.php(494): CodeIgniter\CodeIgniter->runController(Object(App\Controllers\AuditController))
 4 SYSTEMPATH\CodeIgniter.php(353): CodeIgniter\CodeIgniter->handleRequest(null, Object(Config\Cache), false)
 5 FCPATH\index.php(91): CodeIgniter\CodeIgniter->run()
CRITICAL - 2024-04-18 01:14:37 --> Trying to access array offset on value of type null
in APPPATH\Controllers\BranchController.php on line 233.
 1 APPPATH\Controllers\BranchController.php(233): CodeIgniter\Debug\Exceptions->errorHandler(2, 'Trying to access array offset on value of type null', 'C:\\laragon\\www\\cipharmaplus\\app\\Controllers\\BranchController.php', 233)
 2 SYSTEMPATH\CodeIgniter.php(919): App\Controllers\BranchController->BranchInfo()
 3 SYSTEMPATH\CodeIgniter.php(494): CodeIgniter\CodeIgniter->runController(Object(App\Controllers\BranchController))
 4 SYSTEMPATH\CodeIgniter.php(353): CodeIgniter\CodeIgniter->handleRequest(null, Object(Config\Cache), false)
 5 FCPATH\index.php(91): CodeIgniter\CodeIgniter->run()
CRITICAL - 2024-04-18 01:14:38 --> Trying to access array offset on value of type null
in APPPATH\Controllers\BranchController.php on line 199.
 1 APPPATH\Controllers\BranchController.php(199): CodeIgniter\Debug\Exceptions->errorHandler(2, 'Trying to access array offset on value of type null', 'C:\\laragon\\www\\cipharmaplus\\app\\Controllers\\BranchController.php', 199)
 2 SYSTEMPATH\CodeIgniter.php(919): App\Controllers\BranchController->IsOpenForInvitation()
 3 SYSTEMPATH\CodeIgniter.php(494): CodeIgniter\CodeIgniter->runController(Object(App\Controllers\BranchController))
 4 SYSTEMPATH\CodeIgniter.php(353): CodeIgniter\CodeIgniter->handleRequest(null, Object(Config\Cache), false)
 5 FCPATH\index.php(91): CodeIgniter\CodeIgniter->run()
CRITICAL - 2024-04-18 01:14:38 --> Trying to access array offset on value of type null
in APPPATH\Controllers\OrderController.php on line 31.
 1 APPPATH\Controllers\OrderController.php(31): CodeIgniter\Debug\Exceptions->errorHandler(2, 'Trying to access array offset on value of type null', 'C:\\laragon\\www\\cipharmaplus\\app\\Controllers\\OrderController.php', 31)
 2 SYSTEMPATH\CodeIgniter.php(919): App\Controllers\OrderController->TransactionToday()
 3 SYSTEMPATH\CodeIgniter.php(494): CodeIgniter\CodeIgniter->runController(Object(App\Controllers\OrderController))
 4 SYSTEMPATH\CodeIgniter.php(353): CodeIgniter\CodeIgniter->handleRequest(null, Object(Config\Cache), false)
 5 FCPATH\index.php(91): CodeIgniter\CodeIgniter->run()
CRITICAL - 2024-04-18 01:14:38 --> Trying to access array offset on value of type null
in APPPATH\Controllers\OrderController.php on line 114.
 1 APPPATH\Controllers\OrderController.php(114): CodeIgniter\Debug\Exceptions->errorHandler(2, 'Trying to access array offset on value of type null', 'C:\\laragon\\www\\cipharmaplus\\app\\Controllers\\OrderController.php', 114)
 2 SYSTEMPATH\CodeIgniter.php(919): App\Controllers\OrderController->AverageOrderValuePerWeek()
 3 SYSTEMPATH\CodeIgniter.php(494): CodeIgniter\CodeIgniter->runController(Object(App\Controllers\OrderController))
 4 SYSTEMPATH\CodeIgniter.php(353): CodeIgniter\CodeIgniter->handleRequest(null, Object(Config\Cache), false)
 5 FCPATH\index.php(91): CodeIgniter\CodeIgniter->run()
CRITICAL - 2024-04-18 01:14:38 --> Trying to access array offset on value of type null
in APPPATH\Controllers\ProductController.php on line 304.
 1 APPPATH\Controllers\ProductController.php(304): CodeIgniter\Debug\Exceptions->errorHandler(2, 'Trying to access array offset on value of type null', 'C:\\laragon\\www\\cipharmaplus\\app\\Controllers\\ProductController.php', 304)
 2 SYSTEMPATH\CodeIgniter.php(919): App\Controllers\ProductController->countBranchUniqueItems('')
 3 SYSTEMPATH\CodeIgniter.php(494): CodeIgniter\CodeIgniter->runController(Object(App\Controllers\ProductController))
 4 SYSTEMPATH\CodeIgniter.php(353): CodeIgniter\CodeIgniter->handleRequest(null, Object(Config\Cache), false)
 5 FCPATH\index.php(91): CodeIgniter\CodeIgniter->run()
CRITICAL - 2024-04-18 01:14:38 --> Trying to access array offset on value of type null
in APPPATH\Controllers\BranchController.php on line 23.
 1 APPPATH\Controllers\BranchController.php(23): CodeIgniter\Debug\Exceptions->errorHandler(2, 'Trying to access array offset on value of type null', 'C:\\laragon\\www\\cipharmaplus\\app\\Controllers\\BranchController.php', 23)
 2 SYSTEMPATH\CodeIgniter.php(919): App\Controllers\BranchController->TotalBranchWorker()
 3 SYSTEMPATH\CodeIgniter.php(494): CodeIgniter\CodeIgniter->runController(Object(App\Controllers\BranchController))
 4 SYSTEMPATH\CodeIgniter.php(353): CodeIgniter\CodeIgniter->handleRequest(null, Object(Config\Cache), false)
 5 FCPATH\index.php(91): CodeIgniter\CodeIgniter->run()
CRITICAL - 2024-04-18 01:14:38 --> Trying to access array offset on value of type null
in APPPATH\Controllers\OrderController.php on line 72.
 1 APPPATH\Controllers\OrderController.php(72): CodeIgniter\Debug\Exceptions->errorHandler(2, 'Trying to access array offset on value of type null', 'C:\\laragon\\www\\cipharmaplus\\app\\Controllers\\OrderController.php', 72)
 2 SYSTEMPATH\CodeIgniter.php(919): App\Controllers\OrderController->EarningsPerWeek()
 3 SYSTEMPATH\CodeIgniter.php(494): CodeIgniter\CodeIgniter->runController(Object(App\Controllers\OrderController))
 4 SYSTEMPATH\CodeIgniter.php(353): CodeIgniter\CodeIgniter->handleRequest(null, Object(Config\Cache), false)
 5 FCPATH\index.php(91): CodeIgniter\CodeIgniter->run()
CRITICAL - 2024-04-18 01:14:38 --> Trying to access array offset on value of type null
in APPPATH\Controllers\AuditController.php on line 33.
 1 APPPATH\Controllers\AuditController.php(33): CodeIgniter\Debug\Exceptions->errorHandler(2, 'Trying to access array offset on value of type null', 'C:\\laragon\\www\\cipharmaplus\\app\\Controllers\\AuditController.php', 33)
 2 SYSTEMPATH\CodeIgniter.php(919): App\Controllers\AuditController->TopSellingProductPerWeek()
 3 SYSTEMPATH\CodeIgniter.php(494): CodeIgniter\CodeIgniter->runController(Object(App\Controllers\AuditController))
 4 SYSTEMPATH\CodeIgniter.php(353): CodeIgniter\CodeIgniter->handleRequest(null, Object(Config\Cache), false)
 5 FCPATH\index.php(91): CodeIgniter\CodeIgniter->run()
CRITICAL - 2024-04-18 01:14:38 --> Trying to access array offset on value of type null
in APPPATH\Controllers\BranchController.php on line 233.
 1 APPPATH\Controllers\BranchController.php(233): CodeIgniter\Debug\Exceptions->errorHandler(2, 'Trying to access array offset on value of type null', 'C:\\laragon\\www\\cipharmaplus\\app\\Controllers\\BranchController.php', 233)
 2 SYSTEMPATH\CodeIgniter.php(919): App\Controllers\BranchController->BranchInfo()
 3 SYSTEMPATH\CodeIgniter.php(494): CodeIgniter\CodeIgniter->runController(Object(App\Controllers\BranchController))
 4 SYSTEMPATH\CodeIgniter.php(353): CodeIgniter\CodeIgniter->handleRequest(null, Object(Config\Cache), false)
 5 FCPATH\index.php(91): CodeIgniter\CodeIgniter->run()
CRITICAL - 2024-04-18 01:14:39 --> Trying to access array offset on value of type null
in APPPATH\Controllers\ProductController.php on line 304.
 1 APPPATH\Controllers\ProductController.php(304): CodeIgniter\Debug\Exceptions->errorHandler(2, 'Trying to access array offset on value of type null', 'C:\\laragon\\www\\cipharmaplus\\app\\Controllers\\ProductController.php', 304)
 2 SYSTEMPATH\CodeIgniter.php(919): App\Controllers\ProductController->countBranchUniqueItems('')
 3 SYSTEMPATH\CodeIgniter.php(494): CodeIgniter\CodeIgniter->runController(Object(App\Controllers\ProductController))
 4 SYSTEMPATH\CodeIgniter.php(353): CodeIgniter\CodeIgniter->handleRequest(null, Object(Config\Cache), false)
 5 FCPATH\index.php(91): CodeIgniter\CodeIgniter->run()
CRITICAL - 2024-04-18 01:14:39 --> Trying to access array offset on value of type null
in APPPATH\Controllers\OrderController.php on line 114.
 1 APPPATH\Controllers\OrderController.php(114): CodeIgniter\Debug\Exceptions->errorHandler(2, 'Trying to access array offset on value of type null', 'C:\\laragon\\www\\cipharmaplus\\app\\Controllers\\OrderController.php', 114)
 2 SYSTEMPATH\CodeIgniter.php(919): App\Controllers\OrderController->AverageOrderValuePerWeek()
 3 SYSTEMPATH\CodeIgniter.php(494): CodeIgniter\CodeIgniter->runController(Object(App\Controllers\OrderController))
 4 SYSTEMPATH\CodeIgniter.php(353): CodeIgniter\CodeIgniter->handleRequest(null, Object(Config\Cache), false)
 5 FCPATH\index.php(91): CodeIgniter\CodeIgniter->run()
CRITICAL - 2024-04-18 01:14:39 --> Trying to access array offset on value of type null
in APPPATH\Controllers\OrderController.php on line 31.
 1 APPPATH\Controllers\OrderController.php(31): CodeIgniter\Debug\Exceptions->errorHandler(2, 'Trying to access array offset on value of type null', 'C:\\laragon\\www\\cipharmaplus\\app\\Controllers\\OrderController.php', 31)
 2 SYSTEMPATH\CodeIgniter.php(919): App\Controllers\OrderController->TransactionToday()
 3 SYSTEMPATH\CodeIgniter.php(494): CodeIgniter\CodeIgniter->runController(Object(App\Controllers\OrderController))
 4 SYSTEMPATH\CodeIgniter.php(353): CodeIgniter\CodeIgniter->handleRequest(null, Object(Config\Cache), false)
 5 FCPATH\index.php(91): CodeIgniter\CodeIgniter->run()
CRITICAL - 2024-04-18 01:14:39 --> Trying to access array offset on value of type null
in APPPATH\Controllers\BranchController.php on line 23.
 1 APPPATH\Controllers\BranchController.php(23): CodeIgniter\Debug\Exceptions->errorHandler(2, 'Trying to access array offset on value of type null', 'C:\\laragon\\www\\cipharmaplus\\app\\Controllers\\BranchController.php', 23)
 2 SYSTEMPATH\CodeIgniter.php(919): App\Controllers\BranchController->TotalBranchWorker()
 3 SYSTEMPATH\CodeIgniter.php(494): CodeIgniter\CodeIgniter->runController(Object(App\Controllers\BranchController))
 4 SYSTEMPATH\CodeIgniter.php(353): CodeIgniter\CodeIgniter->handleRequest(null, Object(Config\Cache), false)
 5 FCPATH\index.php(91): CodeIgniter\CodeIgniter->run()
CRITICAL - 2024-04-18 01:14:39 --> Trying to access array offset on value of type null
in APPPATH\Controllers\OrderController.php on line 72.
 1 APPPATH\Controllers\OrderController.php(72): CodeIgniter\Debug\Exceptions->errorHandler(2, 'Trying to access array offset on value of type null', 'C:\\laragon\\www\\cipharmaplus\\app\\Controllers\\OrderController.php', 72)
 2 SYSTEMPATH\CodeIgniter.php(919): App\Controllers\OrderController->EarningsPerWeek()
 3 SYSTEMPATH\CodeIgniter.php(494): CodeIgniter\CodeIgniter->runController(Object(App\Controllers\OrderController))
 4 SYSTEMPATH\CodeIgniter.php(353): CodeIgniter\CodeIgniter->handleRequest(null, Object(Config\Cache), false)
 5 FCPATH\index.php(91): CodeIgniter\CodeIgniter->run()
CRITICAL - 2024-04-18 01:14:39 --> Trying to access array offset on value of type null
in APPPATH\Controllers\AuditController.php on line 33.
 1 APPPATH\Controllers\AuditController.php(33): CodeIgniter\Debug\Exceptions->errorHandler(2, 'Trying to access array offset on value of type null', 'C:\\laragon\\www\\cipharmaplus\\app\\Controllers\\AuditController.php', 33)
 2 SYSTEMPATH\CodeIgniter.php(919): App\Controllers\AuditController->TopSellingProductPerWeek()
 3 SYSTEMPATH\CodeIgniter.php(494): CodeIgniter\CodeIgniter->runController(Object(App\Controllers\AuditController))
 4 SYSTEMPATH\CodeIgniter.php(353): CodeIgniter\CodeIgniter->handleRequest(null, Object(Config\Cache), false)
 5 FCPATH\index.php(91): CodeIgniter\CodeIgniter->run()
CRITICAL - 2024-04-18 01:14:40 --> Trying to access array offset on value of type null
in APPPATH\Controllers\BranchController.php on line 233.
 1 APPPATH\Controllers\BranchController.php(233): CodeIgniter\Debug\Exceptions->errorHandler(2, 'Trying to access array offset on value of type null', 'C:\\laragon\\www\\cipharmaplus\\app\\Controllers\\BranchController.php', 233)
 2 SYSTEMPATH\CodeIgniter.php(919): App\Controllers\BranchController->BranchInfo()
 3 SYSTEMPATH\CodeIgniter.php(494): CodeIgniter\CodeIgniter->runController(Object(App\Controllers\BranchController))
 4 SYSTEMPATH\CodeIgniter.php(353): CodeIgniter\CodeIgniter->handleRequest(null, Object(Config\Cache), false)
 5 FCPATH\index.php(91): CodeIgniter\CodeIgniter->run()
CRITICAL - 2024-04-18 01:14:40 --> Trying to access array offset on value of type null
in APPPATH\Controllers\BranchController.php on line 199.
 1 APPPATH\Controllers\BranchController.php(199): CodeIgniter\Debug\Exceptions->errorHandler(2, 'Trying to access array offset on value of type null', 'C:\\laragon\\www\\cipharmaplus\\app\\Controllers\\BranchController.php', 199)
 2 SYSTEMPATH\CodeIgniter.php(919): App\Controllers\BranchController->IsOpenForInvitation()
 3 SYSTEMPATH\CodeIgniter.php(494): CodeIgniter\CodeIgniter->runController(Object(App\Controllers\BranchController))
 4 SYSTEMPATH\CodeIgniter.php(353): CodeIgniter\CodeIgniter->handleRequest(null, Object(Config\Cache), false)
 5 FCPATH\index.php(91): CodeIgniter\CodeIgniter->run()
CRITICAL - 2024-04-18 01:23:25 --> Undefined variable $UPC
in APPPATH\Controllers\CurrentTransactionController.php on line 190.
 1 APPPATH\Controllers\CurrentTransactionController.php(190): CodeIgniter\Debug\Exceptions->errorHandler(2, 'Undefined variable $UPC', 'C:\\laragon\\www\\cipharmaplus\\app\\Controllers\\CurrentTransactionController.php', 190)
 2 SYSTEMPATH\CodeIgniter.php(919): App\Controllers\CurrentTransactionController->AddItemToCurrentTransaction('zE1DFsKH6BpMhqG7AcngQvLuoxCkTbtUVWyYI5e8SPXi90adRf', 'CIqMs0quoZ')
 3 SYSTEMPATH\CodeIgniter.php(494): CodeIgniter\CodeIgniter->runController(Object(App\Controllers\CurrentTransactionController))
 4 SYSTEMPATH\CodeIgniter.php(353): CodeIgniter\CodeIgniter->handleRequest(null, Object(Config\Cache), false)
 5 FCPATH\index.php(91): CodeIgniter\CodeIgniter->run()
CRITICAL - 2024-04-18 01:37:24 --> Unsupported operand types: string - int
in APPPATH\Controllers\CurrentTransactionController.php on line 324.
 1 SYSTEMPATH\CodeIgniter.php(919): App\Controllers\CurrentTransactionController->SubmitCurrentTransaction('null', 'DMLT1JbvLA', 'zE1DFsKH6BpMhqG7AcngQvLuoxCkTbtUVWyYI5e8SPXi90adRf')
 2 SYSTEMPATH\CodeIgniter.php(494): CodeIgniter\CodeIgniter->runController(Object(App\Controllers\CurrentTransactionController))
 3 SYSTEMPATH\CodeIgniter.php(353): CodeIgniter\CodeIgniter->handleRequest(null, Object(Config\Cache), false)
 4 FCPATH\index.php(91): CodeIgniter\CodeIgniter->run()
CRITICAL - 2024-04-18 01:37:26 --> Unsupported operand types: string - int
in APPPATH\Controllers\CurrentTransactionController.php on line 324.
 1 SYSTEMPATH\CodeIgniter.php(919): App\Controllers\CurrentTransactionController->SubmitCurrentTransaction('null', 'DMLT1JbvLA', 'zE1DFsKH6BpMhqG7AcngQvLuoxCkTbtUVWyYI5e8SPXi90adRf')
 2 SYSTEMPATH\CodeIgniter.php(494): CodeIgniter\CodeIgniter->runController(Object(App\Controllers\CurrentTransactionController))
 3 SYSTEMPATH\CodeIgniter.php(353): CodeIgniter\CodeIgniter->handleRequest(null, Object(Config\Cache), false)
 4 FCPATH\index.php(91): CodeIgniter\CodeIgniter->run()
