CRITICAL - 2024-10-08 05:03:20 --> Undefined array key "product_name"
in APPPATH\Controllers\ProductController.php on line 341.
 1 APPPATH\Controllers\ProductController.php(341): CodeIgniter\Debug\Exceptions->errorHandler(2, 'Undefined array key "product_name"', 'C:\\laragon\\www\\cipharmaplus\\app\\Controllers\\ProductController.php', 341)
 2 SYSTEMPATH\CodeIgniter.php(919): App\Controllers\ProductController->countBranchUniqueItems('')
 3 SYSTEMPATH\CodeIgniter.php(494): CodeIgniter\CodeIgniter->runController(Object(App\Controllers\ProductController))
 4 SYSTEMPATH\CodeIgniter.php(353): CodeIgniter\CodeIgniter->handleRequest(null, Object(Config\Cache), false)
 5 FCPATH\index.php(91): CodeIgniter\CodeIgniter->run()
CRITICAL - 2024-10-08 05:03:21 --> Undefined array key "product_name"
in APPPATH\Controllers\ProductController.php on line 341.
 1 APPPATH\Controllers\ProductController.php(341): CodeIgniter\Debug\Exceptions->errorHandler(2, 'Undefined array key "product_name"', 'C:\\laragon\\www\\cipharmaplus\\app\\Controllers\\ProductController.php', 341)
 2 SYSTEMPATH\CodeIgniter.php(919): App\Controllers\ProductController->countBranchUniqueItems('')
 3 SYSTEMPATH\CodeIgniter.php(494): CodeIgniter\CodeIgniter->runController(Object(App\Controllers\ProductController))
 4 SYSTEMPATH\CodeIgniter.php(353): CodeIgniter\CodeIgniter->handleRequest(null, Object(Config\Cache), false)
 5 FCPATH\index.php(91): CodeIgniter\CodeIgniter->run()
CRITICAL - 2024-10-08 05:03:21 --> Undefined array key "product_name"
in APPPATH\Controllers\ProductController.php on line 341.
 1 APPPATH\Controllers\ProductController.php(341): CodeIgniter\Debug\Exceptions->errorHandler(2, 'Undefined array key "product_name"', 'C:\\laragon\\www\\cipharmaplus\\app\\Controllers\\ProductController.php', 341)
 2 SYSTEMPATH\CodeIgniter.php(919): App\Controllers\ProductController->countBranchUniqueItems('')
 3 SYSTEMPATH\CodeIgniter.php(494): CodeIgniter\CodeIgniter->runController(Object(App\Controllers\ProductController))
 4 SYSTEMPATH\CodeIgniter.php(353): CodeIgniter\CodeIgniter->handleRequest(null, Object(Config\Cache), false)
 5 FCPATH\index.php(91): CodeIgniter\CodeIgniter->run()
CRITICAL - 2024-10-08 05:03:22 --> Undefined array key "product_name"
in APPPATH\Controllers\ProductController.php on line 341.
 1 APPPATH\Controllers\ProductController.php(341): CodeIgniter\Debug\Exceptions->errorHandler(2, 'Undefined array key "product_name"', 'C:\\laragon\\www\\cipharmaplus\\app\\Controllers\\ProductController.php', 341)
 2 SYSTEMPATH\CodeIgniter.php(919): App\Controllers\ProductController->countBranchUniqueItems('')
 3 SYSTEMPATH\CodeIgniter.php(494): CodeIgniter\CodeIgniter->runController(Object(App\Controllers\ProductController))
 4 SYSTEMPATH\CodeIgniter.php(353): CodeIgniter\CodeIgniter->handleRequest(null, Object(Config\Cache), false)
 5 FCPATH\index.php(91): CodeIgniter\CodeIgniter->run()
CRITICAL - 2024-10-08 05:03:23 --> Undefined array key "product_name"
in APPPATH\Controllers\ProductController.php on line 341.
 1 APPPATH\Controllers\ProductController.php(341): CodeIgniter\Debug\Exceptions->errorHandler(2, 'Undefined array key "product_name"', 'C:\\laragon\\www\\cipharmaplus\\app\\Controllers\\ProductController.php', 341)
 2 SYSTEMPATH\CodeIgniter.php(919): App\Controllers\ProductController->countBranchUniqueItems('')
 3 SYSTEMPATH\CodeIgniter.php(494): CodeIgniter\CodeIgniter->runController(Object(App\Controllers\ProductController))
 4 SYSTEMPATH\CodeIgniter.php(353): CodeIgniter\CodeIgniter->handleRequest(null, Object(Config\Cache), false)
 5 FCPATH\index.php(91): CodeIgniter\CodeIgniter->run()
CRITICAL - 2024-10-08 05:03:24 --> Undefined array key "product_name"
in APPPATH\Controllers\ProductController.php on line 341.
 1 APPPATH\Controllers\ProductController.php(341): CodeIgniter\Debug\Exceptions->errorHandler(2, 'Undefined array key "product_name"', 'C:\\laragon\\www\\cipharmaplus\\app\\Controllers\\ProductController.php', 341)
 2 SYSTEMPATH\CodeIgniter.php(919): App\Controllers\ProductController->countBranchUniqueItems('')
 3 SYSTEMPATH\CodeIgniter.php(494): CodeIgniter\CodeIgniter->runController(Object(App\Controllers\ProductController))
 4 SYSTEMPATH\CodeIgniter.php(353): CodeIgniter\CodeIgniter->handleRequest(null, Object(Config\Cache), false)
 5 FCPATH\index.php(91): CodeIgniter\CodeIgniter->run()
CRITICAL - 2024-10-08 05:03:25 --> Undefined array key "product_name"
in APPPATH\Controllers\ProductController.php on line 341.
 1 APPPATH\Controllers\ProductController.php(341): CodeIgniter\Debug\Exceptions->errorHandler(2, 'Undefined array key "product_name"', 'C:\\laragon\\www\\cipharmaplus\\app\\Controllers\\ProductController.php', 341)
 2 SYSTEMPATH\CodeIgniter.php(919): App\Controllers\ProductController->countBranchUniqueItems('')
 3 SYSTEMPATH\CodeIgniter.php(494): CodeIgniter\CodeIgniter->runController(Object(App\Controllers\ProductController))
 4 SYSTEMPATH\CodeIgniter.php(353): CodeIgniter\CodeIgniter->handleRequest(null, Object(Config\Cache), false)
 5 FCPATH\index.php(91): CodeIgniter\CodeIgniter->run()
CRITICAL - 2024-10-08 05:03:26 --> Undefined array key "product_name"
in APPPATH\Controllers\ProductController.php on line 341.
 1 APPPATH\Controllers\ProductController.php(341): CodeIgniter\Debug\Exceptions->errorHandler(2, 'Undefined array key "product_name"', 'C:\\laragon\\www\\cipharmaplus\\app\\Controllers\\ProductController.php', 341)
 2 SYSTEMPATH\CodeIgniter.php(919): App\Controllers\ProductController->countBranchUniqueItems('')
 3 SYSTEMPATH\CodeIgniter.php(494): CodeIgniter\CodeIgniter->runController(Object(App\Controllers\ProductController))
 4 SYSTEMPATH\CodeIgniter.php(353): CodeIgniter\CodeIgniter->handleRequest(null, Object(Config\Cache), false)
 5 FCPATH\index.php(91): CodeIgniter\CodeIgniter->run()
CRITICAL - 2024-10-08 05:03:27 --> Undefined array key "product_name"
in APPPATH\Controllers\ProductController.php on line 341.
 1 APPPATH\Controllers\ProductController.php(341): CodeIgniter\Debug\Exceptions->errorHandler(2, 'Undefined array key "product_name"', 'C:\\laragon\\www\\cipharmaplus\\app\\Controllers\\ProductController.php', 341)
 2 SYSTEMPATH\CodeIgniter.php(919): App\Controllers\ProductController->countBranchUniqueItems('')
 3 SYSTEMPATH\CodeIgniter.php(494): CodeIgniter\CodeIgniter->runController(Object(App\Controllers\ProductController))
 4 SYSTEMPATH\CodeIgniter.php(353): CodeIgniter\CodeIgniter->handleRequest(null, Object(Config\Cache), false)
 5 FCPATH\index.php(91): CodeIgniter\CodeIgniter->run()
CRITICAL - 2024-10-08 05:03:28 --> Undefined array key "product_name"
in APPPATH\Controllers\ProductController.php on line 341.
 1 APPPATH\Controllers\ProductController.php(341): CodeIgniter\Debug\Exceptions->errorHandler(2, 'Undefined array key "product_name"', 'C:\\laragon\\www\\cipharmaplus\\app\\Controllers\\ProductController.php', 341)
 2 SYSTEMPATH\CodeIgniter.php(919): App\Controllers\ProductController->countBranchUniqueItems('')
 3 SYSTEMPATH\CodeIgniter.php(494): CodeIgniter\CodeIgniter->runController(Object(App\Controllers\ProductController))
 4 SYSTEMPATH\CodeIgniter.php(353): CodeIgniter\CodeIgniter->handleRequest(null, Object(Config\Cache), false)
 5 FCPATH\index.php(91): CodeIgniter\CodeIgniter->run()
CRITICAL - 2024-10-08 05:03:29 --> Undefined array key "product_name"
in APPPATH\Controllers\ProductController.php on line 341.
 1 APPPATH\Controllers\ProductController.php(341): CodeIgniter\Debug\Exceptions->errorHandler(2, 'Undefined array key "product_name"', 'C:\\laragon\\www\\cipharmaplus\\app\\Controllers\\ProductController.php', 341)
 2 SYSTEMPATH\CodeIgniter.php(919): App\Controllers\ProductController->countBranchUniqueItems('')
 3 SYSTEMPATH\CodeIgniter.php(494): CodeIgniter\CodeIgniter->runController(Object(App\Controllers\ProductController))
 4 SYSTEMPATH\CodeIgniter.php(353): CodeIgniter\CodeIgniter->handleRequest(null, Object(Config\Cache), false)
 5 FCPATH\index.php(91): CodeIgniter\CodeIgniter->run()
CRITICAL - 2024-10-08 05:03:30 --> Undefined array key "product_name"
in APPPATH\Controllers\ProductController.php on line 341.
 1 APPPATH\Controllers\ProductController.php(341): CodeIgniter\Debug\Exceptions->errorHandler(2, 'Undefined array key "product_name"', 'C:\\laragon\\www\\cipharmaplus\\app\\Controllers\\ProductController.php', 341)
 2 SYSTEMPATH\CodeIgniter.php(919): App\Controllers\ProductController->countBranchUniqueItems('')
 3 SYSTEMPATH\CodeIgniter.php(494): CodeIgniter\CodeIgniter->runController(Object(App\Controllers\ProductController))
 4 SYSTEMPATH\CodeIgniter.php(353): CodeIgniter\CodeIgniter->handleRequest(null, Object(Config\Cache), false)
 5 FCPATH\index.php(91): CodeIgniter\CodeIgniter->run()
CRITICAL - 2024-10-08 05:03:31 --> Undefined array key "product_name"
in APPPATH\Controllers\ProductController.php on line 341.
 1 APPPATH\Controllers\ProductController.php(341): CodeIgniter\Debug\Exceptions->errorHandler(2, 'Undefined array key "product_name"', 'C:\\laragon\\www\\cipharmaplus\\app\\Controllers\\ProductController.php', 341)
 2 SYSTEMPATH\CodeIgniter.php(919): App\Controllers\ProductController->countBranchUniqueItems('')
 3 SYSTEMPATH\CodeIgniter.php(494): CodeIgniter\CodeIgniter->runController(Object(App\Controllers\ProductController))
 4 SYSTEMPATH\CodeIgniter.php(353): CodeIgniter\CodeIgniter->handleRequest(null, Object(Config\Cache), false)
 5 FCPATH\index.php(91): CodeIgniter\CodeIgniter->run()
CRITICAL - 2024-10-08 05:03:32 --> Undefined array key "product_name"
in APPPATH\Controllers\ProductController.php on line 341.
 1 APPPATH\Controllers\ProductController.php(341): CodeIgniter\Debug\Exceptions->errorHandler(2, 'Undefined array key "product_name"', 'C:\\laragon\\www\\cipharmaplus\\app\\Controllers\\ProductController.php', 341)
 2 SYSTEMPATH\CodeIgniter.php(919): App\Controllers\ProductController->countBranchUniqueItems('')
 3 SYSTEMPATH\CodeIgniter.php(494): CodeIgniter\CodeIgniter->runController(Object(App\Controllers\ProductController))
 4 SYSTEMPATH\CodeIgniter.php(353): CodeIgniter\CodeIgniter->handleRequest(null, Object(Config\Cache), false)
 5 FCPATH\index.php(91): CodeIgniter\CodeIgniter->run()
CRITICAL - 2024-10-08 05:03:33 --> Undefined array key "product_name"
in APPPATH\Controllers\ProductController.php on line 341.
 1 APPPATH\Controllers\ProductController.php(341): CodeIgniter\Debug\Exceptions->errorHandler(2, 'Undefined array key "product_name"', 'C:\\laragon\\www\\cipharmaplus\\app\\Controllers\\ProductController.php', 341)
 2 SYSTEMPATH\CodeIgniter.php(919): App\Controllers\ProductController->countBranchUniqueItems('')
 3 SYSTEMPATH\CodeIgniter.php(494): CodeIgniter\CodeIgniter->runController(Object(App\Controllers\ProductController))
 4 SYSTEMPATH\CodeIgniter.php(353): CodeIgniter\CodeIgniter->handleRequest(null, Object(Config\Cache), false)
 5 FCPATH\index.php(91): CodeIgniter\CodeIgniter->run()
CRITICAL - 2024-10-08 05:03:34 --> Undefined array key "product_name"
in APPPATH\Controllers\ProductController.php on line 341.
 1 APPPATH\Controllers\ProductController.php(341): CodeIgniter\Debug\Exceptions->errorHandler(2, 'Undefined array key "product_name"', 'C:\\laragon\\www\\cipharmaplus\\app\\Controllers\\ProductController.php', 341)
 2 SYSTEMPATH\CodeIgniter.php(919): App\Controllers\ProductController->countBranchUniqueItems('')
 3 SYSTEMPATH\CodeIgniter.php(494): CodeIgniter\CodeIgniter->runController(Object(App\Controllers\ProductController))
 4 SYSTEMPATH\CodeIgniter.php(353): CodeIgniter\CodeIgniter->handleRequest(null, Object(Config\Cache), false)
 5 FCPATH\index.php(91): CodeIgniter\CodeIgniter->run()
CRITICAL - 2024-10-08 05:03:35 --> Undefined array key "product_name"
in APPPATH\Controllers\ProductController.php on line 341.
 1 APPPATH\Controllers\ProductController.php(341): CodeIgniter\Debug\Exceptions->errorHandler(2, 'Undefined array key "product_name"', 'C:\\laragon\\www\\cipharmaplus\\app\\Controllers\\ProductController.php', 341)
 2 SYSTEMPATH\CodeIgniter.php(919): App\Controllers\ProductController->countBranchUniqueItems('')
 3 SYSTEMPATH\CodeIgniter.php(494): CodeIgniter\CodeIgniter->runController(Object(App\Controllers\ProductController))
 4 SYSTEMPATH\CodeIgniter.php(353): CodeIgniter\CodeIgniter->handleRequest(null, Object(Config\Cache), false)
 5 FCPATH\index.php(91): CodeIgniter\CodeIgniter->run()
CRITICAL - 2024-10-08 05:03:36 --> Undefined array key "product_name"
in APPPATH\Controllers\ProductController.php on line 341.
 1 APPPATH\Controllers\ProductController.php(341): CodeIgniter\Debug\Exceptions->errorHandler(2, 'Undefined array key "product_name"', 'C:\\laragon\\www\\cipharmaplus\\app\\Controllers\\ProductController.php', 341)
 2 SYSTEMPATH\CodeIgniter.php(919): App\Controllers\ProductController->countBranchUniqueItems('')
 3 SYSTEMPATH\CodeIgniter.php(494): CodeIgniter\CodeIgniter->runController(Object(App\Controllers\ProductController))
 4 SYSTEMPATH\CodeIgniter.php(353): CodeIgniter\CodeIgniter->handleRequest(null, Object(Config\Cache), false)
 5 FCPATH\index.php(91): CodeIgniter\CodeIgniter->run()
CRITICAL - 2024-10-08 05:03:37 --> Undefined array key "product_name"
in APPPATH\Controllers\ProductController.php on line 341.
 1 APPPATH\Controllers\ProductController.php(341): CodeIgniter\Debug\Exceptions->errorHandler(2, 'Undefined array key "product_name"', 'C:\\laragon\\www\\cipharmaplus\\app\\Controllers\\ProductController.php', 341)
 2 SYSTEMPATH\CodeIgniter.php(919): App\Controllers\ProductController->countBranchUniqueItems('')
 3 SYSTEMPATH\CodeIgniter.php(494): CodeIgniter\CodeIgniter->runController(Object(App\Controllers\ProductController))
 4 SYSTEMPATH\CodeIgniter.php(353): CodeIgniter\CodeIgniter->handleRequest(null, Object(Config\Cache), false)
 5 FCPATH\index.php(91): CodeIgniter\CodeIgniter->run()
ERROR - 2024-10-08 05:03:37 --> mysqli_sql_exception: Unknown column 'product_name' in 'where clause' in C:\laragon\www\cipharmaplus\system\Database\MySQLi\Connection.php:306
Stack trace:
#0 C:\laragon\www\cipharmaplus\system\Database\MySQLi\Connection.php(306): mysqli->query('SELECT *\nFROM `...', 0)
#1 C:\laragon\www\cipharmaplus\system\Database\BaseConnection.php(692): CodeIgniter\Database\MySQLi\Connection->execute('SELECT *\nFROM `...')
#2 C:\laragon\www\cipharmaplus\system\Database\BaseConnection.php(606): CodeIgniter\Database\BaseConnection->simpleQuery('SELECT *\nFROM `...')
#3 C:\laragon\www\cipharmaplus\system\Database\BaseBuilder.php(1615): CodeIgniter\Database\BaseConnection->query('SELECT *\nFROM `...', Array, false)
#4 C:\laragon\www\cipharmaplus\system\Model.php(237): CodeIgniter\Database\BaseBuilder->get()
#5 C:\laragon\www\cipharmaplus\system\BaseModel.php(624): CodeIgniter\Model->doFindAll(0, 0)
#6 C:\laragon\www\cipharmaplus\app\Controllers\BranchController.php(418): CodeIgniter\BaseModel->findAll()
#7 C:\laragon\www\cipharmaplus\system\CodeIgniter.php(919): App\Controllers\BranchController->MedicineLocator()
#8 C:\laragon\www\cipharmaplus\system\CodeIgniter.php(494): CodeIgniter\CodeIgniter->runController(Object(App\Controllers\BranchController))
#9 C:\laragon\www\cipharmaplus\system\CodeIgniter.php(353): CodeIgniter\CodeIgniter->handleRequest(NULL, Object(Config\Cache), false)
#10 C:\laragon\www\cipharmaplus\public\index.php(91): CodeIgniter\CodeIgniter->run()
#11 {main}
CRITICAL - 2024-10-08 05:03:37 --> Unknown column 'product_name' in 'where clause'
in SYSTEMPATH\Database\BaseConnection.php on line 646.
 1 SYSTEMPATH\Database\BaseBuilder.php(1615): CodeIgniter\Database\BaseConnection->query('SELECT *
FROM `product_tbl`
WHERE `product_name` LIKE :product_name: ESCAPE \'!\'', [...], false)
 2 SYSTEMPATH\Model.php(237): CodeIgniter\Database\BaseBuilder->get()
 3 SYSTEMPATH\BaseModel.php(624): CodeIgniter\Model->doFindAll(0, 0)
 4 APPPATH\Controllers\BranchController.php(418): CodeIgniter\BaseModel->findAll()
 5 SYSTEMPATH\CodeIgniter.php(919): App\Controllers\BranchController->MedicineLocator()
 6 SYSTEMPATH\CodeIgniter.php(494): CodeIgniter\CodeIgniter->runController(Object(App\Controllers\BranchController))
 7 SYSTEMPATH\CodeIgniter.php(353): CodeIgniter\CodeIgniter->handleRequest(null, Object(Config\Cache), false)
 8 FCPATH\index.php(91): CodeIgniter\CodeIgniter->run()
CRITICAL - 2024-10-08 05:03:38 --> Undefined array key "product_name"
in APPPATH\Controllers\ProductController.php on line 341.
 1 APPPATH\Controllers\ProductController.php(341): CodeIgniter\Debug\Exceptions->errorHandler(2, 'Undefined array key "product_name"', 'C:\\laragon\\www\\cipharmaplus\\app\\Controllers\\ProductController.php', 341)
 2 SYSTEMPATH\CodeIgniter.php(919): App\Controllers\ProductController->countBranchUniqueItems('')
 3 SYSTEMPATH\CodeIgniter.php(494): CodeIgniter\CodeIgniter->runController(Object(App\Controllers\ProductController))
 4 SYSTEMPATH\CodeIgniter.php(353): CodeIgniter\CodeIgniter->handleRequest(null, Object(Config\Cache), false)
 5 FCPATH\index.php(91): CodeIgniter\CodeIgniter->run()
CRITICAL - 2024-10-08 05:03:39 --> Undefined array key "product_name"
in APPPATH\Controllers\ProductController.php on line 341.
 1 APPPATH\Controllers\ProductController.php(341): CodeIgniter\Debug\Exceptions->errorHandler(2, 'Undefined array key "product_name"', 'C:\\laragon\\www\\cipharmaplus\\app\\Controllers\\ProductController.php', 341)
 2 SYSTEMPATH\CodeIgniter.php(919): App\Controllers\ProductController->countBranchUniqueItems('')
 3 SYSTEMPATH\CodeIgniter.php(494): CodeIgniter\CodeIgniter->runController(Object(App\Controllers\ProductController))
 4 SYSTEMPATH\CodeIgniter.php(353): CodeIgniter\CodeIgniter->handleRequest(null, Object(Config\Cache), false)
 5 FCPATH\index.php(91): CodeIgniter\CodeIgniter->run()
CRITICAL - 2024-10-08 05:03:40 --> Undefined array key "product_name"
in APPPATH\Controllers\ProductController.php on line 341.
 1 APPPATH\Controllers\ProductController.php(341): CodeIgniter\Debug\Exceptions->errorHandler(2, 'Undefined array key "product_name"', 'C:\\laragon\\www\\cipharmaplus\\app\\Controllers\\ProductController.php', 341)
 2 SYSTEMPATH\CodeIgniter.php(919): App\Controllers\ProductController->countBranchUniqueItems('')
 3 SYSTEMPATH\CodeIgniter.php(494): CodeIgniter\CodeIgniter->runController(Object(App\Controllers\ProductController))
 4 SYSTEMPATH\CodeIgniter.php(353): CodeIgniter\CodeIgniter->handleRequest(null, Object(Config\Cache), false)
 5 FCPATH\index.php(91): CodeIgniter\CodeIgniter->run()
CRITICAL - 2024-10-08 05:03:41 --> Undefined array key "product_name"
in APPPATH\Controllers\ProductController.php on line 341.
 1 APPPATH\Controllers\ProductController.php(341): CodeIgniter\Debug\Exceptions->errorHandler(2, 'Undefined array key "product_name"', 'C:\\laragon\\www\\cipharmaplus\\app\\Controllers\\ProductController.php', 341)
 2 SYSTEMPATH\CodeIgniter.php(919): App\Controllers\ProductController->countBranchUniqueItems('')
 3 SYSTEMPATH\CodeIgniter.php(494): CodeIgniter\CodeIgniter->runController(Object(App\Controllers\ProductController))
 4 SYSTEMPATH\CodeIgniter.php(353): CodeIgniter\CodeIgniter->handleRequest(null, Object(Config\Cache), false)
 5 FCPATH\index.php(91): CodeIgniter\CodeIgniter->run()
CRITICAL - 2024-10-08 05:03:42 --> Undefined array key "product_name"
in APPPATH\Controllers\ProductController.php on line 341.
 1 APPPATH\Controllers\ProductController.php(341): CodeIgniter\Debug\Exceptions->errorHandler(2, 'Undefined array key "product_name"', 'C:\\laragon\\www\\cipharmaplus\\app\\Controllers\\ProductController.php', 341)
 2 SYSTEMPATH\CodeIgniter.php(919): App\Controllers\ProductController->countBranchUniqueItems('')
 3 SYSTEMPATH\CodeIgniter.php(494): CodeIgniter\CodeIgniter->runController(Object(App\Controllers\ProductController))
 4 SYSTEMPATH\CodeIgniter.php(353): CodeIgniter\CodeIgniter->handleRequest(null, Object(Config\Cache), false)
 5 FCPATH\index.php(91): CodeIgniter\CodeIgniter->run()
CRITICAL - 2024-10-08 05:03:43 --> Undefined array key "product_name"
in APPPATH\Controllers\ProductController.php on line 341.
 1 APPPATH\Controllers\ProductController.php(341): CodeIgniter\Debug\Exceptions->errorHandler(2, 'Undefined array key "product_name"', 'C:\\laragon\\www\\cipharmaplus\\app\\Controllers\\ProductController.php', 341)
 2 SYSTEMPATH\CodeIgniter.php(919): App\Controllers\ProductController->countBranchUniqueItems('')
 3 SYSTEMPATH\CodeIgniter.php(494): CodeIgniter\CodeIgniter->runController(Object(App\Controllers\ProductController))
 4 SYSTEMPATH\CodeIgniter.php(353): CodeIgniter\CodeIgniter->handleRequest(null, Object(Config\Cache), false)
 5 FCPATH\index.php(91): CodeIgniter\CodeIgniter->run()
CRITICAL - 2024-10-08 05:03:44 --> Undefined array key "product_name"
in APPPATH\Controllers\ProductController.php on line 341.
 1 APPPATH\Controllers\ProductController.php(341): CodeIgniter\Debug\Exceptions->errorHandler(2, 'Undefined array key "product_name"', 'C:\\laragon\\www\\cipharmaplus\\app\\Controllers\\ProductController.php', 341)
 2 SYSTEMPATH\CodeIgniter.php(919): App\Controllers\ProductController->countBranchUniqueItems('')
 3 SYSTEMPATH\CodeIgniter.php(494): CodeIgniter\CodeIgniter->runController(Object(App\Controllers\ProductController))
 4 SYSTEMPATH\CodeIgniter.php(353): CodeIgniter\CodeIgniter->handleRequest(null, Object(Config\Cache), false)
 5 FCPATH\index.php(91): CodeIgniter\CodeIgniter->run()
CRITICAL - 2024-10-08 05:03:45 --> Undefined array key "product_name"
in APPPATH\Controllers\ProductController.php on line 341.
 1 APPPATH\Controllers\ProductController.php(341): CodeIgniter\Debug\Exceptions->errorHandler(2, 'Undefined array key "product_name"', 'C:\\laragon\\www\\cipharmaplus\\app\\Controllers\\ProductController.php', 341)
 2 SYSTEMPATH\CodeIgniter.php(919): App\Controllers\ProductController->countBranchUniqueItems('')
 3 SYSTEMPATH\CodeIgniter.php(494): CodeIgniter\CodeIgniter->runController(Object(App\Controllers\ProductController))
 4 SYSTEMPATH\CodeIgniter.php(353): CodeIgniter\CodeIgniter->handleRequest(null, Object(Config\Cache), false)
 5 FCPATH\index.php(91): CodeIgniter\CodeIgniter->run()
CRITICAL - 2024-10-08 05:03:46 --> Undefined array key "product_name"
in APPPATH\Controllers\ProductController.php on line 341.
 1 APPPATH\Controllers\ProductController.php(341): CodeIgniter\Debug\Exceptions->errorHandler(2, 'Undefined array key "product_name"', 'C:\\laragon\\www\\cipharmaplus\\app\\Controllers\\ProductController.php', 341)
 2 SYSTEMPATH\CodeIgniter.php(919): App\Controllers\ProductController->countBranchUniqueItems('')
 3 SYSTEMPATH\CodeIgniter.php(494): CodeIgniter\CodeIgniter->runController(Object(App\Controllers\ProductController))
 4 SYSTEMPATH\CodeIgniter.php(353): CodeIgniter\CodeIgniter->handleRequest(null, Object(Config\Cache), false)
 5 FCPATH\index.php(91): CodeIgniter\CodeIgniter->run()
CRITICAL - 2024-10-08 05:03:47 --> Undefined array key "product_name"
in APPPATH\Controllers\ProductController.php on line 341.
 1 APPPATH\Controllers\ProductController.php(341): CodeIgniter\Debug\Exceptions->errorHandler(2, 'Undefined array key "product_name"', 'C:\\laragon\\www\\cipharmaplus\\app\\Controllers\\ProductController.php', 341)
 2 SYSTEMPATH\CodeIgniter.php(919): App\Controllers\ProductController->countBranchUniqueItems('')
 3 SYSTEMPATH\CodeIgniter.php(494): CodeIgniter\CodeIgniter->runController(Object(App\Controllers\ProductController))
 4 SYSTEMPATH\CodeIgniter.php(353): CodeIgniter\CodeIgniter->handleRequest(null, Object(Config\Cache), false)
 5 FCPATH\index.php(91): CodeIgniter\CodeIgniter->run()
CRITICAL - 2024-10-08 05:03:48 --> Undefined array key "product_name"
in APPPATH\Controllers\ProductController.php on line 341.
 1 APPPATH\Controllers\ProductController.php(341): CodeIgniter\Debug\Exceptions->errorHandler(2, 'Undefined array key "product_name"', 'C:\\laragon\\www\\cipharmaplus\\app\\Controllers\\ProductController.php', 341)
 2 SYSTEMPATH\CodeIgniter.php(919): App\Controllers\ProductController->countBranchUniqueItems('')
 3 SYSTEMPATH\CodeIgniter.php(494): CodeIgniter\CodeIgniter->runController(Object(App\Controllers\ProductController))
 4 SYSTEMPATH\CodeIgniter.php(353): CodeIgniter\CodeIgniter->handleRequest(null, Object(Config\Cache), false)
 5 FCPATH\index.php(91): CodeIgniter\CodeIgniter->run()
CRITICAL - 2024-10-08 05:03:49 --> Undefined array key "product_name"
in APPPATH\Controllers\ProductController.php on line 341.
 1 APPPATH\Controllers\ProductController.php(341): CodeIgniter\Debug\Exceptions->errorHandler(2, 'Undefined array key "product_name"', 'C:\\laragon\\www\\cipharmaplus\\app\\Controllers\\ProductController.php', 341)
 2 SYSTEMPATH\CodeIgniter.php(919): App\Controllers\ProductController->countBranchUniqueItems('')
 3 SYSTEMPATH\CodeIgniter.php(494): CodeIgniter\CodeIgniter->runController(Object(App\Controllers\ProductController))
 4 SYSTEMPATH\CodeIgniter.php(353): CodeIgniter\CodeIgniter->handleRequest(null, Object(Config\Cache), false)
 5 FCPATH\index.php(91): CodeIgniter\CodeIgniter->run()
CRITICAL - 2024-10-08 05:03:50 --> Undefined array key "product_name"
in APPPATH\Controllers\ProductController.php on line 341.
 1 APPPATH\Controllers\ProductController.php(341): CodeIgniter\Debug\Exceptions->errorHandler(2, 'Undefined array key "product_name"', 'C:\\laragon\\www\\cipharmaplus\\app\\Controllers\\ProductController.php', 341)
 2 SYSTEMPATH\CodeIgniter.php(919): App\Controllers\ProductController->countBranchUniqueItems('')
 3 SYSTEMPATH\CodeIgniter.php(494): CodeIgniter\CodeIgniter->runController(Object(App\Controllers\ProductController))
 4 SYSTEMPATH\CodeIgniter.php(353): CodeIgniter\CodeIgniter->handleRequest(null, Object(Config\Cache), false)
 5 FCPATH\index.php(91): CodeIgniter\CodeIgniter->run()
