CRITICAL - 2024-01-17 01:42:11 --> Trying to access array offset on value of type null
in APPPATH\Controllers\CurrentTransactionController.php on line 37.
 1 APPPATH\Controllers\CurrentTransactionController.php(37): CodeIgniter\Debug\Exceptions->errorHandler(2, 'Trying to access array offset on value of type null', 'C:\\laragon\\www\\cipharmaplus\\app\\Controllers\\CurrentTransactionController.php', 37)
 2 SYSTEMPATH\CodeIgniter.php(919): App\Controllers\CurrentTransactionController->CurrentTransactionList('null', 'rO5bOEIDaK')
 3 SYSTEMPATH\CodeIgniter.php(494): CodeIgniter\CodeIgniter->runController(Object(App\Controllers\CurrentTransactionController))
 4 SYSTEMPATH\CodeIgniter.php(353): CodeIgniter\CodeIgniter->handleRequest(null, Object(Config\Cache), false)
 5 FCPATH\index.php(91): CodeIgniter\CodeIgniter->run()
CRITICAL - 2024-01-17 01:42:12 --> Trying to access array offset on value of type null
in APPPATH\Controllers\CurrentTransactionController.php on line 37.
 1 APPPATH\Controllers\CurrentTransactionController.php(37): CodeIgniter\Debug\Exceptions->errorHandler(2, 'Trying to access array offset on value of type null', 'C:\\laragon\\www\\cipharmaplus\\app\\Controllers\\CurrentTransactionController.php', 37)
 2 SYSTEMPATH\CodeIgniter.php(919): App\Controllers\CurrentTransactionController->CurrentTransactionList('null', 'rO5bOEIDaK')
 3 SYSTEMPATH\CodeIgniter.php(494): CodeIgniter\CodeIgniter->runController(Object(App\Controllers\CurrentTransactionController))
 4 SYSTEMPATH\CodeIgniter.php(353): CodeIgniter\CodeIgniter->handleRequest(null, Object(Config\Cache), false)
 5 FCPATH\index.php(91): CodeIgniter\CodeIgniter->run()
CRITICAL - 2024-01-17 01:42:13 --> Trying to access array offset on value of type null
in APPPATH\Controllers\CurrentTransactionController.php on line 37.
 1 APPPATH\Controllers\CurrentTransactionController.php(37): CodeIgniter\Debug\Exceptions->errorHandler(2, 'Trying to access array offset on value of type null', 'C:\\laragon\\www\\cipharmaplus\\app\\Controllers\\CurrentTransactionController.php', 37)
 2 SYSTEMPATH\CodeIgniter.php(919): App\Controllers\CurrentTransactionController->CurrentTransactionList('null', 'rO5bOEIDaK')
 3 SYSTEMPATH\CodeIgniter.php(494): CodeIgniter\CodeIgniter->runController(Object(App\Controllers\CurrentTransactionController))
 4 SYSTEMPATH\CodeIgniter.php(353): CodeIgniter\CodeIgniter->handleRequest(null, Object(Config\Cache), false)
 5 FCPATH\index.php(91): CodeIgniter\CodeIgniter->run()
CRITICAL - 2024-01-17 01:42:14 --> Trying to access array offset on value of type null
in APPPATH\Controllers\CurrentTransactionController.php on line 37.
 1 APPPATH\Controllers\CurrentTransactionController.php(37): CodeIgniter\Debug\Exceptions->errorHandler(2, 'Trying to access array offset on value of type null', 'C:\\laragon\\www\\cipharmaplus\\app\\Controllers\\CurrentTransactionController.php', 37)
 2 SYSTEMPATH\CodeIgniter.php(919): App\Controllers\CurrentTransactionController->CurrentTransactionList('null', 'rO5bOEIDaK')
 3 SYSTEMPATH\CodeIgniter.php(494): CodeIgniter\CodeIgniter->runController(Object(App\Controllers\CurrentTransactionController))
 4 SYSTEMPATH\CodeIgniter.php(353): CodeIgniter\CodeIgniter->handleRequest(null, Object(Config\Cache), false)
 5 FCPATH\index.php(91): CodeIgniter\CodeIgniter->run()
CRITICAL - 2024-01-17 01:42:15 --> Trying to access array offset on value of type null
in APPPATH\Controllers\CurrentTransactionController.php on line 37.
 1 APPPATH\Controllers\CurrentTransactionController.php(37): CodeIgniter\Debug\Exceptions->errorHandler(2, 'Trying to access array offset on value of type null', 'C:\\laragon\\www\\cipharmaplus\\app\\Controllers\\CurrentTransactionController.php', 37)
 2 SYSTEMPATH\CodeIgniter.php(919): App\Controllers\CurrentTransactionController->CurrentTransactionList('null', 'rO5bOEIDaK')
 3 SYSTEMPATH\CodeIgniter.php(494): CodeIgniter\CodeIgniter->runController(Object(App\Controllers\CurrentTransactionController))
 4 SYSTEMPATH\CodeIgniter.php(353): CodeIgniter\CodeIgniter->handleRequest(null, Object(Config\Cache), false)
 5 FCPATH\index.php(91): CodeIgniter\CodeIgniter->run()
CRITICAL - 2024-01-17 01:42:16 --> Trying to access array offset on value of type null
in APPPATH\Controllers\CurrentTransactionController.php on line 37.
 1 APPPATH\Controllers\CurrentTransactionController.php(37): CodeIgniter\Debug\Exceptions->errorHandler(2, 'Trying to access array offset on value of type null', 'C:\\laragon\\www\\cipharmaplus\\app\\Controllers\\CurrentTransactionController.php', 37)
 2 SYSTEMPATH\CodeIgniter.php(919): App\Controllers\CurrentTransactionController->CurrentTransactionList('null', 'rO5bOEIDaK')
 3 SYSTEMPATH\CodeIgniter.php(494): CodeIgniter\CodeIgniter->runController(Object(App\Controllers\CurrentTransactionController))
 4 SYSTEMPATH\CodeIgniter.php(353): CodeIgniter\CodeIgniter->handleRequest(null, Object(Config\Cache), false)
 5 FCPATH\index.php(91): CodeIgniter\CodeIgniter->run()
CRITICAL - 2024-01-17 01:42:17 --> Trying to access array offset on value of type null
in APPPATH\Controllers\CurrentTransactionController.php on line 37.
 1 APPPATH\Controllers\CurrentTransactionController.php(37): CodeIgniter\Debug\Exceptions->errorHandler(2, 'Trying to access array offset on value of type null', 'C:\\laragon\\www\\cipharmaplus\\app\\Controllers\\CurrentTransactionController.php', 37)
 2 SYSTEMPATH\CodeIgniter.php(919): App\Controllers\CurrentTransactionController->CurrentTransactionList('null', 'rO5bOEIDaK')
 3 SYSTEMPATH\CodeIgniter.php(494): CodeIgniter\CodeIgniter->runController(Object(App\Controllers\CurrentTransactionController))
 4 SYSTEMPATH\CodeIgniter.php(353): CodeIgniter\CodeIgniter->handleRequest(null, Object(Config\Cache), false)
 5 FCPATH\index.php(91): CodeIgniter\CodeIgniter->run()
