CRITICAL - 2024-08-25 00:57:44 --> Trying to access array offset on value of type null
in APPPATH\Controllers\BranchController.php on line 200.
 1 APPPATH\Controllers\BranchController.php(200): CodeIgniter\Debug\Exceptions->errorHandler(2, 'Trying to access array offset on value of type null', 'C:\\laragon\\www\\cipharmaplus\\app\\Controllers\\BranchController.php', 200)
 2 SYSTEMPATH\CodeIgniter.php(919): App\Controllers\BranchController->IsOpenForInvitation()
 3 SYSTEMPATH\CodeIgniter.php(494): CodeIgniter\CodeIgniter->runController(Object(App\Controllers\BranchController))
 4 SYSTEMPATH\CodeIgniter.php(353): CodeIgniter\CodeIgniter->handleRequest(null, Object(Config\Cache), false)
 5 FCPATH\index.php(91): CodeIgniter\CodeIgniter->run()
CRITICAL - 2024-08-25 00:58:27 --> Trying to access array offset on value of type null
in APPPATH\Controllers\BranchController.php on line 200.
 1 APPPATH\Controllers\BranchController.php(200): CodeIgniter\Debug\Exceptions->errorHandler(2, 'Trying to access array offset on value of type null', 'C:\\laragon\\www\\cipharmaplus\\app\\Controllers\\BranchController.php', 200)
 2 SYSTEMPATH\CodeIgniter.php(919): App\Controllers\BranchController->IsOpenForInvitation()
 3 SYSTEMPATH\CodeIgniter.php(494): CodeIgniter\CodeIgniter->runController(Object(App\Controllers\BranchController))
 4 SYSTEMPATH\CodeIgniter.php(353): CodeIgniter\CodeIgniter->handleRequest(null, Object(Config\Cache), false)
 5 FCPATH\index.php(91): CodeIgniter\CodeIgniter->run()
CRITICAL - 2024-08-25 00:59:27 --> Trying to access array offset on value of type null
in APPPATH\Controllers\BranchController.php on line 200.
 1 APPPATH\Controllers\BranchController.php(200): CodeIgniter\Debug\Exceptions->errorHandler(2, 'Trying to access array offset on value of type null', 'C:\\laragon\\www\\cipharmaplus\\app\\Controllers\\BranchController.php', 200)
 2 SYSTEMPATH\CodeIgniter.php(919): App\Controllers\BranchController->IsOpenForInvitation()
 3 SYSTEMPATH\CodeIgniter.php(494): CodeIgniter\CodeIgniter->runController(Object(App\Controllers\BranchController))
 4 SYSTEMPATH\CodeIgniter.php(353): CodeIgniter\CodeIgniter->handleRequest(null, Object(Config\Cache), false)
 5 FCPATH\index.php(91): CodeIgniter\CodeIgniter->run()
CRITICAL - 2024-08-25 01:00:27 --> Trying to access array offset on value of type null
in APPPATH\Controllers\BranchController.php on line 200.
 1 APPPATH\Controllers\BranchController.php(200): CodeIgniter\Debug\Exceptions->errorHandler(2, 'Trying to access array offset on value of type null', 'C:\\laragon\\www\\cipharmaplus\\app\\Controllers\\BranchController.php', 200)
 2 SYSTEMPATH\CodeIgniter.php(919): App\Controllers\BranchController->IsOpenForInvitation()
 3 SYSTEMPATH\CodeIgniter.php(494): CodeIgniter\CodeIgniter->runController(Object(App\Controllers\BranchController))
 4 SYSTEMPATH\CodeIgniter.php(353): CodeIgniter\CodeIgniter->handleRequest(null, Object(Config\Cache), false)
 5 FCPATH\index.php(91): CodeIgniter\CodeIgniter->run()
CRITICAL - 2024-08-25 01:01:27 --> Trying to access array offset on value of type null
in APPPATH\Controllers\BranchController.php on line 200.
 1 APPPATH\Controllers\BranchController.php(200): CodeIgniter\Debug\Exceptions->errorHandler(2, 'Trying to access array offset on value of type null', 'C:\\laragon\\www\\cipharmaplus\\app\\Controllers\\BranchController.php', 200)
 2 SYSTEMPATH\CodeIgniter.php(919): App\Controllers\BranchController->IsOpenForInvitation()
 3 SYSTEMPATH\CodeIgniter.php(494): CodeIgniter\CodeIgniter->runController(Object(App\Controllers\BranchController))
 4 SYSTEMPATH\CodeIgniter.php(353): CodeIgniter\CodeIgniter->handleRequest(null, Object(Config\Cache), false)
 5 FCPATH\index.php(91): CodeIgniter\CodeIgniter->run()
CRITICAL - 2024-08-25 01:02:27 --> Trying to access array offset on value of type null
in APPPATH\Controllers\BranchController.php on line 200.
 1 APPPATH\Controllers\BranchController.php(200): CodeIgniter\Debug\Exceptions->errorHandler(2, 'Trying to access array offset on value of type null', 'C:\\laragon\\www\\cipharmaplus\\app\\Controllers\\BranchController.php', 200)
 2 SYSTEMPATH\CodeIgniter.php(919): App\Controllers\BranchController->IsOpenForInvitation()
 3 SYSTEMPATH\CodeIgniter.php(494): CodeIgniter\CodeIgniter->runController(Object(App\Controllers\BranchController))
 4 SYSTEMPATH\CodeIgniter.php(353): CodeIgniter\CodeIgniter->handleRequest(null, Object(Config\Cache), false)
 5 FCPATH\index.php(91): CodeIgniter\CodeIgniter->run()
CRITICAL - 2024-08-25 01:03:27 --> Trying to access array offset on value of type null
in APPPATH\Controllers\BranchController.php on line 200.
 1 APPPATH\Controllers\BranchController.php(200): CodeIgniter\Debug\Exceptions->errorHandler(2, 'Trying to access array offset on value of type null', 'C:\\laragon\\www\\cipharmaplus\\app\\Controllers\\BranchController.php', 200)
 2 SYSTEMPATH\CodeIgniter.php(919): App\Controllers\BranchController->IsOpenForInvitation()
 3 SYSTEMPATH\CodeIgniter.php(494): CodeIgniter\CodeIgniter->runController(Object(App\Controllers\BranchController))
 4 SYSTEMPATH\CodeIgniter.php(353): CodeIgniter\CodeIgniter->handleRequest(null, Object(Config\Cache), false)
 5 FCPATH\index.php(91): CodeIgniter\CodeIgniter->run()
CRITICAL - 2024-08-25 01:04:27 --> Trying to access array offset on value of type null
in APPPATH\Controllers\BranchController.php on line 200.
 1 APPPATH\Controllers\BranchController.php(200): CodeIgniter\Debug\Exceptions->errorHandler(2, 'Trying to access array offset on value of type null', 'C:\\laragon\\www\\cipharmaplus\\app\\Controllers\\BranchController.php', 200)
 2 SYSTEMPATH\CodeIgniter.php(919): App\Controllers\BranchController->IsOpenForInvitation()
 3 SYSTEMPATH\CodeIgniter.php(494): CodeIgniter\CodeIgniter->runController(Object(App\Controllers\BranchController))
 4 SYSTEMPATH\CodeIgniter.php(353): CodeIgniter\CodeIgniter->handleRequest(null, Object(Config\Cache), false)
 5 FCPATH\index.php(91): CodeIgniter\CodeIgniter->run()
CRITICAL - 2024-08-25 01:05:27 --> Trying to access array offset on value of type null
in APPPATH\Controllers\BranchController.php on line 200.
 1 APPPATH\Controllers\BranchController.php(200): CodeIgniter\Debug\Exceptions->errorHandler(2, 'Trying to access array offset on value of type null', 'C:\\laragon\\www\\cipharmaplus\\app\\Controllers\\BranchController.php', 200)
 2 SYSTEMPATH\CodeIgniter.php(919): App\Controllers\BranchController->IsOpenForInvitation()
 3 SYSTEMPATH\CodeIgniter.php(494): CodeIgniter\CodeIgniter->runController(Object(App\Controllers\BranchController))
 4 SYSTEMPATH\CodeIgniter.php(353): CodeIgniter\CodeIgniter->handleRequest(null, Object(Config\Cache), false)
 5 FCPATH\index.php(91): CodeIgniter\CodeIgniter->run()
CRITICAL - 2024-08-25 01:06:27 --> Trying to access array offset on value of type null
in APPPATH\Controllers\BranchController.php on line 200.
 1 APPPATH\Controllers\BranchController.php(200): CodeIgniter\Debug\Exceptions->errorHandler(2, 'Trying to access array offset on value of type null', 'C:\\laragon\\www\\cipharmaplus\\app\\Controllers\\BranchController.php', 200)
 2 SYSTEMPATH\CodeIgniter.php(919): App\Controllers\BranchController->IsOpenForInvitation()
 3 SYSTEMPATH\CodeIgniter.php(494): CodeIgniter\CodeIgniter->runController(Object(App\Controllers\BranchController))
 4 SYSTEMPATH\CodeIgniter.php(353): CodeIgniter\CodeIgniter->handleRequest(null, Object(Config\Cache), false)
 5 FCPATH\index.php(91): CodeIgniter\CodeIgniter->run()
CRITICAL - 2024-08-25 01:07:27 --> Trying to access array offset on value of type null
in APPPATH\Controllers\BranchController.php on line 200.
 1 APPPATH\Controllers\BranchController.php(200): CodeIgniter\Debug\Exceptions->errorHandler(2, 'Trying to access array offset on value of type null', 'C:\\laragon\\www\\cipharmaplus\\app\\Controllers\\BranchController.php', 200)
 2 SYSTEMPATH\CodeIgniter.php(919): App\Controllers\BranchController->IsOpenForInvitation()
 3 SYSTEMPATH\CodeIgniter.php(494): CodeIgniter\CodeIgniter->runController(Object(App\Controllers\BranchController))
 4 SYSTEMPATH\CodeIgniter.php(353): CodeIgniter\CodeIgniter->handleRequest(null, Object(Config\Cache), false)
 5 FCPATH\index.php(91): CodeIgniter\CodeIgniter->run()
CRITICAL - 2024-08-25 01:08:27 --> Trying to access array offset on value of type null
in APPPATH\Controllers\BranchController.php on line 200.
 1 APPPATH\Controllers\BranchController.php(200): CodeIgniter\Debug\Exceptions->errorHandler(2, 'Trying to access array offset on value of type null', 'C:\\laragon\\www\\cipharmaplus\\app\\Controllers\\BranchController.php', 200)
 2 SYSTEMPATH\CodeIgniter.php(919): App\Controllers\BranchController->IsOpenForInvitation()
 3 SYSTEMPATH\CodeIgniter.php(494): CodeIgniter\CodeIgniter->runController(Object(App\Controllers\BranchController))
 4 SYSTEMPATH\CodeIgniter.php(353): CodeIgniter\CodeIgniter->handleRequest(null, Object(Config\Cache), false)
 5 FCPATH\index.php(91): CodeIgniter\CodeIgniter->run()
CRITICAL - 2024-08-25 01:09:27 --> Trying to access array offset on value of type null
in APPPATH\Controllers\BranchController.php on line 200.
 1 APPPATH\Controllers\BranchController.php(200): CodeIgniter\Debug\Exceptions->errorHandler(2, 'Trying to access array offset on value of type null', 'C:\\laragon\\www\\cipharmaplus\\app\\Controllers\\BranchController.php', 200)
 2 SYSTEMPATH\CodeIgniter.php(919): App\Controllers\BranchController->IsOpenForInvitation()
 3 SYSTEMPATH\CodeIgniter.php(494): CodeIgniter\CodeIgniter->runController(Object(App\Controllers\BranchController))
 4 SYSTEMPATH\CodeIgniter.php(353): CodeIgniter\CodeIgniter->handleRequest(null, Object(Config\Cache), false)
 5 FCPATH\index.php(91): CodeIgniter\CodeIgniter->run()
CRITICAL - 2024-08-25 01:10:27 --> Trying to access array offset on value of type null
in APPPATH\Controllers\BranchController.php on line 200.
 1 APPPATH\Controllers\BranchController.php(200): CodeIgniter\Debug\Exceptions->errorHandler(2, 'Trying to access array offset on value of type null', 'C:\\laragon\\www\\cipharmaplus\\app\\Controllers\\BranchController.php', 200)
 2 SYSTEMPATH\CodeIgniter.php(919): App\Controllers\BranchController->IsOpenForInvitation()
 3 SYSTEMPATH\CodeIgniter.php(494): CodeIgniter\CodeIgniter->runController(Object(App\Controllers\BranchController))
 4 SYSTEMPATH\CodeIgniter.php(353): CodeIgniter\CodeIgniter->handleRequest(null, Object(Config\Cache), false)
 5 FCPATH\index.php(91): CodeIgniter\CodeIgniter->run()
CRITICAL - 2024-08-25 01:11:27 --> Trying to access array offset on value of type null
in APPPATH\Controllers\BranchController.php on line 200.
 1 APPPATH\Controllers\BranchController.php(200): CodeIgniter\Debug\Exceptions->errorHandler(2, 'Trying to access array offset on value of type null', 'C:\\laragon\\www\\cipharmaplus\\app\\Controllers\\BranchController.php', 200)
 2 SYSTEMPATH\CodeIgniter.php(919): App\Controllers\BranchController->IsOpenForInvitation()
 3 SYSTEMPATH\CodeIgniter.php(494): CodeIgniter\CodeIgniter->runController(Object(App\Controllers\BranchController))
 4 SYSTEMPATH\CodeIgniter.php(353): CodeIgniter\CodeIgniter->handleRequest(null, Object(Config\Cache), false)
 5 FCPATH\index.php(91): CodeIgniter\CodeIgniter->run()
CRITICAL - 2024-08-25 01:12:27 --> Trying to access array offset on value of type null
in APPPATH\Controllers\BranchController.php on line 200.
 1 APPPATH\Controllers\BranchController.php(200): CodeIgniter\Debug\Exceptions->errorHandler(2, 'Trying to access array offset on value of type null', 'C:\\laragon\\www\\cipharmaplus\\app\\Controllers\\BranchController.php', 200)
 2 SYSTEMPATH\CodeIgniter.php(919): App\Controllers\BranchController->IsOpenForInvitation()
 3 SYSTEMPATH\CodeIgniter.php(494): CodeIgniter\CodeIgniter->runController(Object(App\Controllers\BranchController))
 4 SYSTEMPATH\CodeIgniter.php(353): CodeIgniter\CodeIgniter->handleRequest(null, Object(Config\Cache), false)
 5 FCPATH\index.php(91): CodeIgniter\CodeIgniter->run()
CRITICAL - 2024-08-25 01:13:27 --> Trying to access array offset on value of type null
in APPPATH\Controllers\BranchController.php on line 200.
 1 APPPATH\Controllers\BranchController.php(200): CodeIgniter\Debug\Exceptions->errorHandler(2, 'Trying to access array offset on value of type null', 'C:\\laragon\\www\\cipharmaplus\\app\\Controllers\\BranchController.php', 200)
 2 SYSTEMPATH\CodeIgniter.php(919): App\Controllers\BranchController->IsOpenForInvitation()
 3 SYSTEMPATH\CodeIgniter.php(494): CodeIgniter\CodeIgniter->runController(Object(App\Controllers\BranchController))
 4 SYSTEMPATH\CodeIgniter.php(353): CodeIgniter\CodeIgniter->handleRequest(null, Object(Config\Cache), false)
 5 FCPATH\index.php(91): CodeIgniter\CodeIgniter->run()
CRITICAL - 2024-08-25 01:14:27 --> Trying to access array offset on value of type null
in APPPATH\Controllers\BranchController.php on line 200.
 1 APPPATH\Controllers\BranchController.php(200): CodeIgniter\Debug\Exceptions->errorHandler(2, 'Trying to access array offset on value of type null', 'C:\\laragon\\www\\cipharmaplus\\app\\Controllers\\BranchController.php', 200)
 2 SYSTEMPATH\CodeIgniter.php(919): App\Controllers\BranchController->IsOpenForInvitation()
 3 SYSTEMPATH\CodeIgniter.php(494): CodeIgniter\CodeIgniter->runController(Object(App\Controllers\BranchController))
 4 SYSTEMPATH\CodeIgniter.php(353): CodeIgniter\CodeIgniter->handleRequest(null, Object(Config\Cache), false)
 5 FCPATH\index.php(91): CodeIgniter\CodeIgniter->run()
CRITICAL - 2024-08-25 01:15:27 --> Trying to access array offset on value of type null
in APPPATH\Controllers\BranchController.php on line 200.
 1 APPPATH\Controllers\BranchController.php(200): CodeIgniter\Debug\Exceptions->errorHandler(2, 'Trying to access array offset on value of type null', 'C:\\laragon\\www\\cipharmaplus\\app\\Controllers\\BranchController.php', 200)
 2 SYSTEMPATH\CodeIgniter.php(919): App\Controllers\BranchController->IsOpenForInvitation()
 3 SYSTEMPATH\CodeIgniter.php(494): CodeIgniter\CodeIgniter->runController(Object(App\Controllers\BranchController))
 4 SYSTEMPATH\CodeIgniter.php(353): CodeIgniter\CodeIgniter->handleRequest(null, Object(Config\Cache), false)
 5 FCPATH\index.php(91): CodeIgniter\CodeIgniter->run()
CRITICAL - 2024-08-25 01:16:27 --> Trying to access array offset on value of type null
in APPPATH\Controllers\BranchController.php on line 200.
 1 APPPATH\Controllers\BranchController.php(200): CodeIgniter\Debug\Exceptions->errorHandler(2, 'Trying to access array offset on value of type null', 'C:\\laragon\\www\\cipharmaplus\\app\\Controllers\\BranchController.php', 200)
 2 SYSTEMPATH\CodeIgniter.php(919): App\Controllers\BranchController->IsOpenForInvitation()
 3 SYSTEMPATH\CodeIgniter.php(494): CodeIgniter\CodeIgniter->runController(Object(App\Controllers\BranchController))
 4 SYSTEMPATH\CodeIgniter.php(353): CodeIgniter\CodeIgniter->handleRequest(null, Object(Config\Cache), false)
 5 FCPATH\index.php(91): CodeIgniter\CodeIgniter->run()
CRITICAL - 2024-08-25 01:17:27 --> Trying to access array offset on value of type null
in APPPATH\Controllers\BranchController.php on line 200.
 1 APPPATH\Controllers\BranchController.php(200): CodeIgniter\Debug\Exceptions->errorHandler(2, 'Trying to access array offset on value of type null', 'C:\\laragon\\www\\cipharmaplus\\app\\Controllers\\BranchController.php', 200)
 2 SYSTEMPATH\CodeIgniter.php(919): App\Controllers\BranchController->IsOpenForInvitation()
 3 SYSTEMPATH\CodeIgniter.php(494): CodeIgniter\CodeIgniter->runController(Object(App\Controllers\BranchController))
 4 SYSTEMPATH\CodeIgniter.php(353): CodeIgniter\CodeIgniter->handleRequest(null, Object(Config\Cache), false)
 5 FCPATH\index.php(91): CodeIgniter\CodeIgniter->run()
CRITICAL - 2024-08-25 01:18:27 --> Trying to access array offset on value of type null
in APPPATH\Controllers\BranchController.php on line 200.
 1 APPPATH\Controllers\BranchController.php(200): CodeIgniter\Debug\Exceptions->errorHandler(2, 'Trying to access array offset on value of type null', 'C:\\laragon\\www\\cipharmaplus\\app\\Controllers\\BranchController.php', 200)
 2 SYSTEMPATH\CodeIgniter.php(919): App\Controllers\BranchController->IsOpenForInvitation()
 3 SYSTEMPATH\CodeIgniter.php(494): CodeIgniter\CodeIgniter->runController(Object(App\Controllers\BranchController))
 4 SYSTEMPATH\CodeIgniter.php(353): CodeIgniter\CodeIgniter->handleRequest(null, Object(Config\Cache), false)
 5 FCPATH\index.php(91): CodeIgniter\CodeIgniter->run()
CRITICAL - 2024-08-25 01:19:27 --> Trying to access array offset on value of type null
in APPPATH\Controllers\BranchController.php on line 200.
 1 APPPATH\Controllers\BranchController.php(200): CodeIgniter\Debug\Exceptions->errorHandler(2, 'Trying to access array offset on value of type null', 'C:\\laragon\\www\\cipharmaplus\\app\\Controllers\\BranchController.php', 200)
 2 SYSTEMPATH\CodeIgniter.php(919): App\Controllers\BranchController->IsOpenForInvitation()
 3 SYSTEMPATH\CodeIgniter.php(494): CodeIgniter\CodeIgniter->runController(Object(App\Controllers\BranchController))
 4 SYSTEMPATH\CodeIgniter.php(353): CodeIgniter\CodeIgniter->handleRequest(null, Object(Config\Cache), false)
 5 FCPATH\index.php(91): CodeIgniter\CodeIgniter->run()
CRITICAL - 2024-08-25 01:20:27 --> Trying to access array offset on value of type null
in APPPATH\Controllers\BranchController.php on line 200.
 1 APPPATH\Controllers\BranchController.php(200): CodeIgniter\Debug\Exceptions->errorHandler(2, 'Trying to access array offset on value of type null', 'C:\\laragon\\www\\cipharmaplus\\app\\Controllers\\BranchController.php', 200)
 2 SYSTEMPATH\CodeIgniter.php(919): App\Controllers\BranchController->IsOpenForInvitation()
 3 SYSTEMPATH\CodeIgniter.php(494): CodeIgniter\CodeIgniter->runController(Object(App\Controllers\BranchController))
 4 SYSTEMPATH\CodeIgniter.php(353): CodeIgniter\CodeIgniter->handleRequest(null, Object(Config\Cache), false)
 5 FCPATH\index.php(91): CodeIgniter\CodeIgniter->run()
CRITICAL - 2024-08-25 01:21:27 --> Trying to access array offset on value of type null
in APPPATH\Controllers\BranchController.php on line 200.
 1 APPPATH\Controllers\BranchController.php(200): CodeIgniter\Debug\Exceptions->errorHandler(2, 'Trying to access array offset on value of type null', 'C:\\laragon\\www\\cipharmaplus\\app\\Controllers\\BranchController.php', 200)
 2 SYSTEMPATH\CodeIgniter.php(919): App\Controllers\BranchController->IsOpenForInvitation()
 3 SYSTEMPATH\CodeIgniter.php(494): CodeIgniter\CodeIgniter->runController(Object(App\Controllers\BranchController))
 4 SYSTEMPATH\CodeIgniter.php(353): CodeIgniter\CodeIgniter->handleRequest(null, Object(Config\Cache), false)
 5 FCPATH\index.php(91): CodeIgniter\CodeIgniter->run()
CRITICAL - 2024-08-25 01:22:27 --> Trying to access array offset on value of type null
in APPPATH\Controllers\BranchController.php on line 200.
 1 APPPATH\Controllers\BranchController.php(200): CodeIgniter\Debug\Exceptions->errorHandler(2, 'Trying to access array offset on value of type null', 'C:\\laragon\\www\\cipharmaplus\\app\\Controllers\\BranchController.php', 200)
 2 SYSTEMPATH\CodeIgniter.php(919): App\Controllers\BranchController->IsOpenForInvitation()
 3 SYSTEMPATH\CodeIgniter.php(494): CodeIgniter\CodeIgniter->runController(Object(App\Controllers\BranchController))
 4 SYSTEMPATH\CodeIgniter.php(353): CodeIgniter\CodeIgniter->handleRequest(null, Object(Config\Cache), false)
 5 FCPATH\index.php(91): CodeIgniter\CodeIgniter->run()
CRITICAL - 2024-08-25 01:23:27 --> Trying to access array offset on value of type null
in APPPATH\Controllers\BranchController.php on line 200.
 1 APPPATH\Controllers\BranchController.php(200): CodeIgniter\Debug\Exceptions->errorHandler(2, 'Trying to access array offset on value of type null', 'C:\\laragon\\www\\cipharmaplus\\app\\Controllers\\BranchController.php', 200)
 2 SYSTEMPATH\CodeIgniter.php(919): App\Controllers\BranchController->IsOpenForInvitation()
 3 SYSTEMPATH\CodeIgniter.php(494): CodeIgniter\CodeIgniter->runController(Object(App\Controllers\BranchController))
 4 SYSTEMPATH\CodeIgniter.php(353): CodeIgniter\CodeIgniter->handleRequest(null, Object(Config\Cache), false)
 5 FCPATH\index.php(91): CodeIgniter\CodeIgniter->run()
CRITICAL - 2024-08-25 01:24:27 --> Trying to access array offset on value of type null
in APPPATH\Controllers\BranchController.php on line 200.
 1 APPPATH\Controllers\BranchController.php(200): CodeIgniter\Debug\Exceptions->errorHandler(2, 'Trying to access array offset on value of type null', 'C:\\laragon\\www\\cipharmaplus\\app\\Controllers\\BranchController.php', 200)
 2 SYSTEMPATH\CodeIgniter.php(919): App\Controllers\BranchController->IsOpenForInvitation()
 3 SYSTEMPATH\CodeIgniter.php(494): CodeIgniter\CodeIgniter->runController(Object(App\Controllers\BranchController))
 4 SYSTEMPATH\CodeIgniter.php(353): CodeIgniter\CodeIgniter->handleRequest(null, Object(Config\Cache), false)
 5 FCPATH\index.php(91): CodeIgniter\CodeIgniter->run()
CRITICAL - 2024-08-25 01:25:27 --> Trying to access array offset on value of type null
in APPPATH\Controllers\BranchController.php on line 200.
 1 APPPATH\Controllers\BranchController.php(200): CodeIgniter\Debug\Exceptions->errorHandler(2, 'Trying to access array offset on value of type null', 'C:\\laragon\\www\\cipharmaplus\\app\\Controllers\\BranchController.php', 200)
 2 SYSTEMPATH\CodeIgniter.php(919): App\Controllers\BranchController->IsOpenForInvitation()
 3 SYSTEMPATH\CodeIgniter.php(494): CodeIgniter\CodeIgniter->runController(Object(App\Controllers\BranchController))
 4 SYSTEMPATH\CodeIgniter.php(353): CodeIgniter\CodeIgniter->handleRequest(null, Object(Config\Cache), false)
 5 FCPATH\index.php(91): CodeIgniter\CodeIgniter->run()
CRITICAL - 2024-08-25 01:26:27 --> Trying to access array offset on value of type null
in APPPATH\Controllers\BranchController.php on line 200.
 1 APPPATH\Controllers\BranchController.php(200): CodeIgniter\Debug\Exceptions->errorHandler(2, 'Trying to access array offset on value of type null', 'C:\\laragon\\www\\cipharmaplus\\app\\Controllers\\BranchController.php', 200)
 2 SYSTEMPATH\CodeIgniter.php(919): App\Controllers\BranchController->IsOpenForInvitation()
 3 SYSTEMPATH\CodeIgniter.php(494): CodeIgniter\CodeIgniter->runController(Object(App\Controllers\BranchController))
 4 SYSTEMPATH\CodeIgniter.php(353): CodeIgniter\CodeIgniter->handleRequest(null, Object(Config\Cache), false)
 5 FCPATH\index.php(91): CodeIgniter\CodeIgniter->run()
CRITICAL - 2024-08-25 01:27:27 --> Trying to access array offset on value of type null
in APPPATH\Controllers\BranchController.php on line 200.
 1 APPPATH\Controllers\BranchController.php(200): CodeIgniter\Debug\Exceptions->errorHandler(2, 'Trying to access array offset on value of type null', 'C:\\laragon\\www\\cipharmaplus\\app\\Controllers\\BranchController.php', 200)
 2 SYSTEMPATH\CodeIgniter.php(919): App\Controllers\BranchController->IsOpenForInvitation()
 3 SYSTEMPATH\CodeIgniter.php(494): CodeIgniter\CodeIgniter->runController(Object(App\Controllers\BranchController))
 4 SYSTEMPATH\CodeIgniter.php(353): CodeIgniter\CodeIgniter->handleRequest(null, Object(Config\Cache), false)
 5 FCPATH\index.php(91): CodeIgniter\CodeIgniter->run()
CRITICAL - 2024-08-25 01:28:27 --> Trying to access array offset on value of type null
in APPPATH\Controllers\BranchController.php on line 200.
 1 APPPATH\Controllers\BranchController.php(200): CodeIgniter\Debug\Exceptions->errorHandler(2, 'Trying to access array offset on value of type null', 'C:\\laragon\\www\\cipharmaplus\\app\\Controllers\\BranchController.php', 200)
 2 SYSTEMPATH\CodeIgniter.php(919): App\Controllers\BranchController->IsOpenForInvitation()
 3 SYSTEMPATH\CodeIgniter.php(494): CodeIgniter\CodeIgniter->runController(Object(App\Controllers\BranchController))
 4 SYSTEMPATH\CodeIgniter.php(353): CodeIgniter\CodeIgniter->handleRequest(null, Object(Config\Cache), false)
 5 FCPATH\index.php(91): CodeIgniter\CodeIgniter->run()
CRITICAL - 2024-08-25 01:29:27 --> Trying to access array offset on value of type null
in APPPATH\Controllers\BranchController.php on line 200.
 1 APPPATH\Controllers\BranchController.php(200): CodeIgniter\Debug\Exceptions->errorHandler(2, 'Trying to access array offset on value of type null', 'C:\\laragon\\www\\cipharmaplus\\app\\Controllers\\BranchController.php', 200)
 2 SYSTEMPATH\CodeIgniter.php(919): App\Controllers\BranchController->IsOpenForInvitation()
 3 SYSTEMPATH\CodeIgniter.php(494): CodeIgniter\CodeIgniter->runController(Object(App\Controllers\BranchController))
 4 SYSTEMPATH\CodeIgniter.php(353): CodeIgniter\CodeIgniter->handleRequest(null, Object(Config\Cache), false)
 5 FCPATH\index.php(91): CodeIgniter\CodeIgniter->run()
CRITICAL - 2024-08-25 01:30:27 --> Trying to access array offset on value of type null
in APPPATH\Controllers\BranchController.php on line 200.
 1 APPPATH\Controllers\BranchController.php(200): CodeIgniter\Debug\Exceptions->errorHandler(2, 'Trying to access array offset on value of type null', 'C:\\laragon\\www\\cipharmaplus\\app\\Controllers\\BranchController.php', 200)
 2 SYSTEMPATH\CodeIgniter.php(919): App\Controllers\BranchController->IsOpenForInvitation()
 3 SYSTEMPATH\CodeIgniter.php(494): CodeIgniter\CodeIgniter->runController(Object(App\Controllers\BranchController))
 4 SYSTEMPATH\CodeIgniter.php(353): CodeIgniter\CodeIgniter->handleRequest(null, Object(Config\Cache), false)
 5 FCPATH\index.php(91): CodeIgniter\CodeIgniter->run()
CRITICAL - 2024-08-25 01:31:27 --> Trying to access array offset on value of type null
in APPPATH\Controllers\BranchController.php on line 200.
 1 APPPATH\Controllers\BranchController.php(200): CodeIgniter\Debug\Exceptions->errorHandler(2, 'Trying to access array offset on value of type null', 'C:\\laragon\\www\\cipharmaplus\\app\\Controllers\\BranchController.php', 200)
 2 SYSTEMPATH\CodeIgniter.php(919): App\Controllers\BranchController->IsOpenForInvitation()
 3 SYSTEMPATH\CodeIgniter.php(494): CodeIgniter\CodeIgniter->runController(Object(App\Controllers\BranchController))
 4 SYSTEMPATH\CodeIgniter.php(353): CodeIgniter\CodeIgniter->handleRequest(null, Object(Config\Cache), false)
 5 FCPATH\index.php(91): CodeIgniter\CodeIgniter->run()
CRITICAL - 2024-08-25 01:32:27 --> Trying to access array offset on value of type null
in APPPATH\Controllers\BranchController.php on line 200.
 1 APPPATH\Controllers\BranchController.php(200): CodeIgniter\Debug\Exceptions->errorHandler(2, 'Trying to access array offset on value of type null', 'C:\\laragon\\www\\cipharmaplus\\app\\Controllers\\BranchController.php', 200)
 2 SYSTEMPATH\CodeIgniter.php(919): App\Controllers\BranchController->IsOpenForInvitation()
 3 SYSTEMPATH\CodeIgniter.php(494): CodeIgniter\CodeIgniter->runController(Object(App\Controllers\BranchController))
 4 SYSTEMPATH\CodeIgniter.php(353): CodeIgniter\CodeIgniter->handleRequest(null, Object(Config\Cache), false)
 5 FCPATH\index.php(91): CodeIgniter\CodeIgniter->run()
CRITICAL - 2024-08-25 01:33:27 --> Trying to access array offset on value of type null
in APPPATH\Controllers\BranchController.php on line 200.
 1 APPPATH\Controllers\BranchController.php(200): CodeIgniter\Debug\Exceptions->errorHandler(2, 'Trying to access array offset on value of type null', 'C:\\laragon\\www\\cipharmaplus\\app\\Controllers\\BranchController.php', 200)
 2 SYSTEMPATH\CodeIgniter.php(919): App\Controllers\BranchController->IsOpenForInvitation()
 3 SYSTEMPATH\CodeIgniter.php(494): CodeIgniter\CodeIgniter->runController(Object(App\Controllers\BranchController))
 4 SYSTEMPATH\CodeIgniter.php(353): CodeIgniter\CodeIgniter->handleRequest(null, Object(Config\Cache), false)
 5 FCPATH\index.php(91): CodeIgniter\CodeIgniter->run()
CRITICAL - 2024-08-25 01:34:27 --> Trying to access array offset on value of type null
in APPPATH\Controllers\BranchController.php on line 200.
 1 APPPATH\Controllers\BranchController.php(200): CodeIgniter\Debug\Exceptions->errorHandler(2, 'Trying to access array offset on value of type null', 'C:\\laragon\\www\\cipharmaplus\\app\\Controllers\\BranchController.php', 200)
 2 SYSTEMPATH\CodeIgniter.php(919): App\Controllers\BranchController->IsOpenForInvitation()
 3 SYSTEMPATH\CodeIgniter.php(494): CodeIgniter\CodeIgniter->runController(Object(App\Controllers\BranchController))
 4 SYSTEMPATH\CodeIgniter.php(353): CodeIgniter\CodeIgniter->handleRequest(null, Object(Config\Cache), false)
 5 FCPATH\index.php(91): CodeIgniter\CodeIgniter->run()
CRITICAL - 2024-08-25 01:35:27 --> Trying to access array offset on value of type null
in APPPATH\Controllers\BranchController.php on line 200.
 1 APPPATH\Controllers\BranchController.php(200): CodeIgniter\Debug\Exceptions->errorHandler(2, 'Trying to access array offset on value of type null', 'C:\\laragon\\www\\cipharmaplus\\app\\Controllers\\BranchController.php', 200)
 2 SYSTEMPATH\CodeIgniter.php(919): App\Controllers\BranchController->IsOpenForInvitation()
 3 SYSTEMPATH\CodeIgniter.php(494): CodeIgniter\CodeIgniter->runController(Object(App\Controllers\BranchController))
 4 SYSTEMPATH\CodeIgniter.php(353): CodeIgniter\CodeIgniter->handleRequest(null, Object(Config\Cache), false)
 5 FCPATH\index.php(91): CodeIgniter\CodeIgniter->run()
CRITICAL - 2024-08-25 01:36:27 --> Trying to access array offset on value of type null
in APPPATH\Controllers\BranchController.php on line 200.
 1 APPPATH\Controllers\BranchController.php(200): CodeIgniter\Debug\Exceptions->errorHandler(2, 'Trying to access array offset on value of type null', 'C:\\laragon\\www\\cipharmaplus\\app\\Controllers\\BranchController.php', 200)
 2 SYSTEMPATH\CodeIgniter.php(919): App\Controllers\BranchController->IsOpenForInvitation()
 3 SYSTEMPATH\CodeIgniter.php(494): CodeIgniter\CodeIgniter->runController(Object(App\Controllers\BranchController))
 4 SYSTEMPATH\CodeIgniter.php(353): CodeIgniter\CodeIgniter->handleRequest(null, Object(Config\Cache), false)
 5 FCPATH\index.php(91): CodeIgniter\CodeIgniter->run()
CRITICAL - 2024-08-25 01:37:27 --> Trying to access array offset on value of type null
in APPPATH\Controllers\BranchController.php on line 200.
 1 APPPATH\Controllers\BranchController.php(200): CodeIgniter\Debug\Exceptions->errorHandler(2, 'Trying to access array offset on value of type null', 'C:\\laragon\\www\\cipharmaplus\\app\\Controllers\\BranchController.php', 200)
 2 SYSTEMPATH\CodeIgniter.php(919): App\Controllers\BranchController->IsOpenForInvitation()
 3 SYSTEMPATH\CodeIgniter.php(494): CodeIgniter\CodeIgniter->runController(Object(App\Controllers\BranchController))
 4 SYSTEMPATH\CodeIgniter.php(353): CodeIgniter\CodeIgniter->handleRequest(null, Object(Config\Cache), false)
 5 FCPATH\index.php(91): CodeIgniter\CodeIgniter->run()
CRITICAL - 2024-08-25 01:38:27 --> Trying to access array offset on value of type null
in APPPATH\Controllers\BranchController.php on line 200.
 1 APPPATH\Controllers\BranchController.php(200): CodeIgniter\Debug\Exceptions->errorHandler(2, 'Trying to access array offset on value of type null', 'C:\\laragon\\www\\cipharmaplus\\app\\Controllers\\BranchController.php', 200)
 2 SYSTEMPATH\CodeIgniter.php(919): App\Controllers\BranchController->IsOpenForInvitation()
 3 SYSTEMPATH\CodeIgniter.php(494): CodeIgniter\CodeIgniter->runController(Object(App\Controllers\BranchController))
 4 SYSTEMPATH\CodeIgniter.php(353): CodeIgniter\CodeIgniter->handleRequest(null, Object(Config\Cache), false)
 5 FCPATH\index.php(91): CodeIgniter\CodeIgniter->run()
CRITICAL - 2024-08-25 01:39:27 --> Trying to access array offset on value of type null
in APPPATH\Controllers\BranchController.php on line 200.
 1 APPPATH\Controllers\BranchController.php(200): CodeIgniter\Debug\Exceptions->errorHandler(2, 'Trying to access array offset on value of type null', 'C:\\laragon\\www\\cipharmaplus\\app\\Controllers\\BranchController.php', 200)
 2 SYSTEMPATH\CodeIgniter.php(919): App\Controllers\BranchController->IsOpenForInvitation()
 3 SYSTEMPATH\CodeIgniter.php(494): CodeIgniter\CodeIgniter->runController(Object(App\Controllers\BranchController))
 4 SYSTEMPATH\CodeIgniter.php(353): CodeIgniter\CodeIgniter->handleRequest(null, Object(Config\Cache), false)
 5 FCPATH\index.php(91): CodeIgniter\CodeIgniter->run()
CRITICAL - 2024-08-25 01:40:27 --> Trying to access array offset on value of type null
in APPPATH\Controllers\BranchController.php on line 200.
 1 APPPATH\Controllers\BranchController.php(200): CodeIgniter\Debug\Exceptions->errorHandler(2, 'Trying to access array offset on value of type null', 'C:\\laragon\\www\\cipharmaplus\\app\\Controllers\\BranchController.php', 200)
 2 SYSTEMPATH\CodeIgniter.php(919): App\Controllers\BranchController->IsOpenForInvitation()
 3 SYSTEMPATH\CodeIgniter.php(494): CodeIgniter\CodeIgniter->runController(Object(App\Controllers\BranchController))
 4 SYSTEMPATH\CodeIgniter.php(353): CodeIgniter\CodeIgniter->handleRequest(null, Object(Config\Cache), false)
 5 FCPATH\index.php(91): CodeIgniter\CodeIgniter->run()
CRITICAL - 2024-08-25 01:41:27 --> Trying to access array offset on value of type null
in APPPATH\Controllers\BranchController.php on line 200.
 1 APPPATH\Controllers\BranchController.php(200): CodeIgniter\Debug\Exceptions->errorHandler(2, 'Trying to access array offset on value of type null', 'C:\\laragon\\www\\cipharmaplus\\app\\Controllers\\BranchController.php', 200)
 2 SYSTEMPATH\CodeIgniter.php(919): App\Controllers\BranchController->IsOpenForInvitation()
 3 SYSTEMPATH\CodeIgniter.php(494): CodeIgniter\CodeIgniter->runController(Object(App\Controllers\BranchController))
 4 SYSTEMPATH\CodeIgniter.php(353): CodeIgniter\CodeIgniter->handleRequest(null, Object(Config\Cache), false)
 5 FCPATH\index.php(91): CodeIgniter\CodeIgniter->run()
CRITICAL - 2024-08-25 01:42:27 --> Trying to access array offset on value of type null
in APPPATH\Controllers\BranchController.php on line 200.
 1 APPPATH\Controllers\BranchController.php(200): CodeIgniter\Debug\Exceptions->errorHandler(2, 'Trying to access array offset on value of type null', 'C:\\laragon\\www\\cipharmaplus\\app\\Controllers\\BranchController.php', 200)
 2 SYSTEMPATH\CodeIgniter.php(919): App\Controllers\BranchController->IsOpenForInvitation()
 3 SYSTEMPATH\CodeIgniter.php(494): CodeIgniter\CodeIgniter->runController(Object(App\Controllers\BranchController))
 4 SYSTEMPATH\CodeIgniter.php(353): CodeIgniter\CodeIgniter->handleRequest(null, Object(Config\Cache), false)
 5 FCPATH\index.php(91): CodeIgniter\CodeIgniter->run()
CRITICAL - 2024-08-25 01:43:27 --> Trying to access array offset on value of type null
in APPPATH\Controllers\BranchController.php on line 200.
 1 APPPATH\Controllers\BranchController.php(200): CodeIgniter\Debug\Exceptions->errorHandler(2, 'Trying to access array offset on value of type null', 'C:\\laragon\\www\\cipharmaplus\\app\\Controllers\\BranchController.php', 200)
 2 SYSTEMPATH\CodeIgniter.php(919): App\Controllers\BranchController->IsOpenForInvitation()
 3 SYSTEMPATH\CodeIgniter.php(494): CodeIgniter\CodeIgniter->runController(Object(App\Controllers\BranchController))
 4 SYSTEMPATH\CodeIgniter.php(353): CodeIgniter\CodeIgniter->handleRequest(null, Object(Config\Cache), false)
 5 FCPATH\index.php(91): CodeIgniter\CodeIgniter->run()
CRITICAL - 2024-08-25 01:44:27 --> Trying to access array offset on value of type null
in APPPATH\Controllers\BranchController.php on line 200.
 1 APPPATH\Controllers\BranchController.php(200): CodeIgniter\Debug\Exceptions->errorHandler(2, 'Trying to access array offset on value of type null', 'C:\\laragon\\www\\cipharmaplus\\app\\Controllers\\BranchController.php', 200)
 2 SYSTEMPATH\CodeIgniter.php(919): App\Controllers\BranchController->IsOpenForInvitation()
 3 SYSTEMPATH\CodeIgniter.php(494): CodeIgniter\CodeIgniter->runController(Object(App\Controllers\BranchController))
 4 SYSTEMPATH\CodeIgniter.php(353): CodeIgniter\CodeIgniter->handleRequest(null, Object(Config\Cache), false)
 5 FCPATH\index.php(91): CodeIgniter\CodeIgniter->run()
CRITICAL - 2024-08-25 01:45:27 --> Trying to access array offset on value of type null
in APPPATH\Controllers\BranchController.php on line 200.
 1 APPPATH\Controllers\BranchController.php(200): CodeIgniter\Debug\Exceptions->errorHandler(2, 'Trying to access array offset on value of type null', 'C:\\laragon\\www\\cipharmaplus\\app\\Controllers\\BranchController.php', 200)
 2 SYSTEMPATH\CodeIgniter.php(919): App\Controllers\BranchController->IsOpenForInvitation()
 3 SYSTEMPATH\CodeIgniter.php(494): CodeIgniter\CodeIgniter->runController(Object(App\Controllers\BranchController))
 4 SYSTEMPATH\CodeIgniter.php(353): CodeIgniter\CodeIgniter->handleRequest(null, Object(Config\Cache), false)
 5 FCPATH\index.php(91): CodeIgniter\CodeIgniter->run()
CRITICAL - 2024-08-25 01:46:27 --> Trying to access array offset on value of type null
in APPPATH\Controllers\BranchController.php on line 200.
 1 APPPATH\Controllers\BranchController.php(200): CodeIgniter\Debug\Exceptions->errorHandler(2, 'Trying to access array offset on value of type null', 'C:\\laragon\\www\\cipharmaplus\\app\\Controllers\\BranchController.php', 200)
 2 SYSTEMPATH\CodeIgniter.php(919): App\Controllers\BranchController->IsOpenForInvitation()
 3 SYSTEMPATH\CodeIgniter.php(494): CodeIgniter\CodeIgniter->runController(Object(App\Controllers\BranchController))
 4 SYSTEMPATH\CodeIgniter.php(353): CodeIgniter\CodeIgniter->handleRequest(null, Object(Config\Cache), false)
 5 FCPATH\index.php(91): CodeIgniter\CodeIgniter->run()
CRITICAL - 2024-08-25 01:47:27 --> Trying to access array offset on value of type null
in APPPATH\Controllers\BranchController.php on line 200.
 1 APPPATH\Controllers\BranchController.php(200): CodeIgniter\Debug\Exceptions->errorHandler(2, 'Trying to access array offset on value of type null', 'C:\\laragon\\www\\cipharmaplus\\app\\Controllers\\BranchController.php', 200)
 2 SYSTEMPATH\CodeIgniter.php(919): App\Controllers\BranchController->IsOpenForInvitation()
 3 SYSTEMPATH\CodeIgniter.php(494): CodeIgniter\CodeIgniter->runController(Object(App\Controllers\BranchController))
 4 SYSTEMPATH\CodeIgniter.php(353): CodeIgniter\CodeIgniter->handleRequest(null, Object(Config\Cache), false)
 5 FCPATH\index.php(91): CodeIgniter\CodeIgniter->run()
CRITICAL - 2024-08-25 01:48:27 --> Trying to access array offset on value of type null
in APPPATH\Controllers\BranchController.php on line 200.
 1 APPPATH\Controllers\BranchController.php(200): CodeIgniter\Debug\Exceptions->errorHandler(2, 'Trying to access array offset on value of type null', 'C:\\laragon\\www\\cipharmaplus\\app\\Controllers\\BranchController.php', 200)
 2 SYSTEMPATH\CodeIgniter.php(919): App\Controllers\BranchController->IsOpenForInvitation()
 3 SYSTEMPATH\CodeIgniter.php(494): CodeIgniter\CodeIgniter->runController(Object(App\Controllers\BranchController))
 4 SYSTEMPATH\CodeIgniter.php(353): CodeIgniter\CodeIgniter->handleRequest(null, Object(Config\Cache), false)
 5 FCPATH\index.php(91): CodeIgniter\CodeIgniter->run()
CRITICAL - 2024-08-25 01:49:27 --> Trying to access array offset on value of type null
in APPPATH\Controllers\BranchController.php on line 200.
 1 APPPATH\Controllers\BranchController.php(200): CodeIgniter\Debug\Exceptions->errorHandler(2, 'Trying to access array offset on value of type null', 'C:\\laragon\\www\\cipharmaplus\\app\\Controllers\\BranchController.php', 200)
 2 SYSTEMPATH\CodeIgniter.php(919): App\Controllers\BranchController->IsOpenForInvitation()
 3 SYSTEMPATH\CodeIgniter.php(494): CodeIgniter\CodeIgniter->runController(Object(App\Controllers\BranchController))
 4 SYSTEMPATH\CodeIgniter.php(353): CodeIgniter\CodeIgniter->handleRequest(null, Object(Config\Cache), false)
 5 FCPATH\index.php(91): CodeIgniter\CodeIgniter->run()
CRITICAL - 2024-08-25 01:50:27 --> Trying to access array offset on value of type null
in APPPATH\Controllers\BranchController.php on line 200.
 1 APPPATH\Controllers\BranchController.php(200): CodeIgniter\Debug\Exceptions->errorHandler(2, 'Trying to access array offset on value of type null', 'C:\\laragon\\www\\cipharmaplus\\app\\Controllers\\BranchController.php', 200)
 2 SYSTEMPATH\CodeIgniter.php(919): App\Controllers\BranchController->IsOpenForInvitation()
 3 SYSTEMPATH\CodeIgniter.php(494): CodeIgniter\CodeIgniter->runController(Object(App\Controllers\BranchController))
 4 SYSTEMPATH\CodeIgniter.php(353): CodeIgniter\CodeIgniter->handleRequest(null, Object(Config\Cache), false)
 5 FCPATH\index.php(91): CodeIgniter\CodeIgniter->run()
CRITICAL - 2024-08-25 01:51:11 --> Trying to access array offset on value of type null
in APPPATH\Controllers\BranchController.php on line 200.
 1 APPPATH\Controllers\BranchController.php(200): CodeIgniter\Debug\Exceptions->errorHandler(2, 'Trying to access array offset on value of type null', 'C:\\laragon\\www\\cipharmaplus\\app\\Controllers\\BranchController.php', 200)
 2 SYSTEMPATH\CodeIgniter.php(919): App\Controllers\BranchController->IsOpenForInvitation()
 3 SYSTEMPATH\CodeIgniter.php(494): CodeIgniter\CodeIgniter->runController(Object(App\Controllers\BranchController))
 4 SYSTEMPATH\CodeIgniter.php(353): CodeIgniter\CodeIgniter->handleRequest(null, Object(Config\Cache), false)
 5 FCPATH\index.php(91): CodeIgniter\CodeIgniter->run()
CRITICAL - 2024-08-25 01:51:11 --> Trying to access array offset on value of type null
in APPPATH\Controllers\BranchController.php on line 200.
 1 APPPATH\Controllers\BranchController.php(200): CodeIgniter\Debug\Exceptions->errorHandler(2, 'Trying to access array offset on value of type null', 'C:\\laragon\\www\\cipharmaplus\\app\\Controllers\\BranchController.php', 200)
 2 SYSTEMPATH\CodeIgniter.php(919): App\Controllers\BranchController->IsOpenForInvitation()
 3 SYSTEMPATH\CodeIgniter.php(494): CodeIgniter\CodeIgniter->runController(Object(App\Controllers\BranchController))
 4 SYSTEMPATH\CodeIgniter.php(353): CodeIgniter\CodeIgniter->handleRequest(null, Object(Config\Cache), false)
 5 FCPATH\index.php(91): CodeIgniter\CodeIgniter->run()
CRITICAL - 2024-08-25 01:51:13 --> Trying to access array offset on value of type null
in APPPATH\Controllers\BranchController.php on line 200.
 1 APPPATH\Controllers\BranchController.php(200): CodeIgniter\Debug\Exceptions->errorHandler(2, 'Trying to access array offset on value of type null', 'C:\\laragon\\www\\cipharmaplus\\app\\Controllers\\BranchController.php', 200)
 2 SYSTEMPATH\CodeIgniter.php(919): App\Controllers\BranchController->IsOpenForInvitation()
 3 SYSTEMPATH\CodeIgniter.php(494): CodeIgniter\CodeIgniter->runController(Object(App\Controllers\BranchController))
 4 SYSTEMPATH\CodeIgniter.php(353): CodeIgniter\CodeIgniter->handleRequest(null, Object(Config\Cache), false)
 5 FCPATH\index.php(91): CodeIgniter\CodeIgniter->run()
CRITICAL - 2024-08-25 01:51:15 --> Trying to access array offset on value of type null
in APPPATH\Controllers\BranchController.php on line 200.
 1 APPPATH\Controllers\BranchController.php(200): CodeIgniter\Debug\Exceptions->errorHandler(2, 'Trying to access array offset on value of type null', 'C:\\laragon\\www\\cipharmaplus\\app\\Controllers\\BranchController.php', 200)
 2 SYSTEMPATH\CodeIgniter.php(919): App\Controllers\BranchController->IsOpenForInvitation()
 3 SYSTEMPATH\CodeIgniter.php(494): CodeIgniter\CodeIgniter->runController(Object(App\Controllers\BranchController))
 4 SYSTEMPATH\CodeIgniter.php(353): CodeIgniter\CodeIgniter->handleRequest(null, Object(Config\Cache), false)
 5 FCPATH\index.php(91): CodeIgniter\CodeIgniter->run()
CRITICAL - 2024-08-25 01:51:17 --> Trying to access array offset on value of type null
in APPPATH\Controllers\BranchController.php on line 200.
 1 APPPATH\Controllers\BranchController.php(200): CodeIgniter\Debug\Exceptions->errorHandler(2, 'Trying to access array offset on value of type null', 'C:\\laragon\\www\\cipharmaplus\\app\\Controllers\\BranchController.php', 200)
 2 SYSTEMPATH\CodeIgniter.php(919): App\Controllers\BranchController->IsOpenForInvitation()
 3 SYSTEMPATH\CodeIgniter.php(494): CodeIgniter\CodeIgniter->runController(Object(App\Controllers\BranchController))
 4 SYSTEMPATH\CodeIgniter.php(353): CodeIgniter\CodeIgniter->handleRequest(null, Object(Config\Cache), false)
 5 FCPATH\index.php(91): CodeIgniter\CodeIgniter->run()
CRITICAL - 2024-08-25 01:51:19 --> Trying to access array offset on value of type null
in APPPATH\Controllers\BranchController.php on line 200.
 1 APPPATH\Controllers\BranchController.php(200): CodeIgniter\Debug\Exceptions->errorHandler(2, 'Trying to access array offset on value of type null', 'C:\\laragon\\www\\cipharmaplus\\app\\Controllers\\BranchController.php', 200)
 2 SYSTEMPATH\CodeIgniter.php(919): App\Controllers\BranchController->IsOpenForInvitation()
 3 SYSTEMPATH\CodeIgniter.php(494): CodeIgniter\CodeIgniter->runController(Object(App\Controllers\BranchController))
 4 SYSTEMPATH\CodeIgniter.php(353): CodeIgniter\CodeIgniter->handleRequest(null, Object(Config\Cache), false)
 5 FCPATH\index.php(91): CodeIgniter\CodeIgniter->run()
CRITICAL - 2024-08-25 01:51:22 --> Trying to access array offset on value of type null
in APPPATH\Controllers\BranchController.php on line 200.
 1 APPPATH\Controllers\BranchController.php(200): CodeIgniter\Debug\Exceptions->errorHandler(2, 'Trying to access array offset on value of type null', 'C:\\laragon\\www\\cipharmaplus\\app\\Controllers\\BranchController.php', 200)
 2 SYSTEMPATH\CodeIgniter.php(919): App\Controllers\BranchController->IsOpenForInvitation()
 3 SYSTEMPATH\CodeIgniter.php(494): CodeIgniter\CodeIgniter->runController(Object(App\Controllers\BranchController))
 4 SYSTEMPATH\CodeIgniter.php(353): CodeIgniter\CodeIgniter->handleRequest(null, Object(Config\Cache), false)
 5 FCPATH\index.php(91): CodeIgniter\CodeIgniter->run()
CRITICAL - 2024-08-25 01:51:24 --> Trying to access array offset on value of type null
in APPPATH\Controllers\BranchController.php on line 200.
 1 APPPATH\Controllers\BranchController.php(200): CodeIgniter\Debug\Exceptions->errorHandler(2, 'Trying to access array offset on value of type null', 'C:\\laragon\\www\\cipharmaplus\\app\\Controllers\\BranchController.php', 200)
 2 SYSTEMPATH\CodeIgniter.php(919): App\Controllers\BranchController->IsOpenForInvitation()
 3 SYSTEMPATH\CodeIgniter.php(494): CodeIgniter\CodeIgniter->runController(Object(App\Controllers\BranchController))
 4 SYSTEMPATH\CodeIgniter.php(353): CodeIgniter\CodeIgniter->handleRequest(null, Object(Config\Cache), false)
 5 FCPATH\index.php(91): CodeIgniter\CodeIgniter->run()
CRITICAL - 2024-08-25 01:51:30 --> Trying to access array offset on value of type null
in APPPATH\Controllers\BranchController.php on line 200.
 1 APPPATH\Controllers\BranchController.php(200): CodeIgniter\Debug\Exceptions->errorHandler(2, 'Trying to access array offset on value of type null', 'C:\\laragon\\www\\cipharmaplus\\app\\Controllers\\BranchController.php', 200)
 2 SYSTEMPATH\CodeIgniter.php(919): App\Controllers\BranchController->IsOpenForInvitation()
 3 SYSTEMPATH\CodeIgniter.php(494): CodeIgniter\CodeIgniter->runController(Object(App\Controllers\BranchController))
 4 SYSTEMPATH\CodeIgniter.php(353): CodeIgniter\CodeIgniter->handleRequest(null, Object(Config\Cache), false)
 5 FCPATH\index.php(91): CodeIgniter\CodeIgniter->run()
CRITICAL - 2024-08-25 01:51:31 --> Trying to access array offset on value of type null
in APPPATH\Controllers\BranchController.php on line 200.
 1 APPPATH\Controllers\BranchController.php(200): CodeIgniter\Debug\Exceptions->errorHandler(2, 'Trying to access array offset on value of type null', 'C:\\laragon\\www\\cipharmaplus\\app\\Controllers\\BranchController.php', 200)
 2 SYSTEMPATH\CodeIgniter.php(919): App\Controllers\BranchController->IsOpenForInvitation()
 3 SYSTEMPATH\CodeIgniter.php(494): CodeIgniter\CodeIgniter->runController(Object(App\Controllers\BranchController))
 4 SYSTEMPATH\CodeIgniter.php(353): CodeIgniter\CodeIgniter->handleRequest(null, Object(Config\Cache), false)
 5 FCPATH\index.php(91): CodeIgniter\CodeIgniter->run()
CRITICAL - 2024-08-25 01:51:31 --> Trying to access array offset on value of type null
in APPPATH\Controllers\BranchController.php on line 200.
 1 APPPATH\Controllers\BranchController.php(200): CodeIgniter\Debug\Exceptions->errorHandler(2, 'Trying to access array offset on value of type null', 'C:\\laragon\\www\\cipharmaplus\\app\\Controllers\\BranchController.php', 200)
 2 SYSTEMPATH\CodeIgniter.php(919): App\Controllers\BranchController->IsOpenForInvitation()
 3 SYSTEMPATH\CodeIgniter.php(494): CodeIgniter\CodeIgniter->runController(Object(App\Controllers\BranchController))
 4 SYSTEMPATH\CodeIgniter.php(353): CodeIgniter\CodeIgniter->handleRequest(null, Object(Config\Cache), false)
 5 FCPATH\index.php(91): CodeIgniter\CodeIgniter->run()
CRITICAL - 2024-08-25 01:51:32 --> Trying to access array offset on value of type null
in APPPATH\Controllers\BranchController.php on line 200.
 1 APPPATH\Controllers\BranchController.php(200): CodeIgniter\Debug\Exceptions->errorHandler(2, 'Trying to access array offset on value of type null', 'C:\\laragon\\www\\cipharmaplus\\app\\Controllers\\BranchController.php', 200)
 2 SYSTEMPATH\CodeIgniter.php(919): App\Controllers\BranchController->IsOpenForInvitation()
 3 SYSTEMPATH\CodeIgniter.php(494): CodeIgniter\CodeIgniter->runController(Object(App\Controllers\BranchController))
 4 SYSTEMPATH\CodeIgniter.php(353): CodeIgniter\CodeIgniter->handleRequest(null, Object(Config\Cache), false)
 5 FCPATH\index.php(91): CodeIgniter\CodeIgniter->run()
CRITICAL - 2024-08-25 01:51:34 --> Trying to access array offset on value of type null
in APPPATH\Controllers\BranchController.php on line 200.
 1 APPPATH\Controllers\BranchController.php(200): CodeIgniter\Debug\Exceptions->errorHandler(2, 'Trying to access array offset on value of type null', 'C:\\laragon\\www\\cipharmaplus\\app\\Controllers\\BranchController.php', 200)
 2 SYSTEMPATH\CodeIgniter.php(919): App\Controllers\BranchController->IsOpenForInvitation()
 3 SYSTEMPATH\CodeIgniter.php(494): CodeIgniter\CodeIgniter->runController(Object(App\Controllers\BranchController))
 4 SYSTEMPATH\CodeIgniter.php(353): CodeIgniter\CodeIgniter->handleRequest(null, Object(Config\Cache), false)
 5 FCPATH\index.php(91): CodeIgniter\CodeIgniter->run()
CRITICAL - 2024-08-25 01:51:36 --> Trying to access array offset on value of type null
in APPPATH\Controllers\BranchController.php on line 200.
 1 APPPATH\Controllers\BranchController.php(200): CodeIgniter\Debug\Exceptions->errorHandler(2, 'Trying to access array offset on value of type null', 'C:\\laragon\\www\\cipharmaplus\\app\\Controllers\\BranchController.php', 200)
 2 SYSTEMPATH\CodeIgniter.php(919): App\Controllers\BranchController->IsOpenForInvitation()
 3 SYSTEMPATH\CodeIgniter.php(494): CodeIgniter\CodeIgniter->runController(Object(App\Controllers\BranchController))
 4 SYSTEMPATH\CodeIgniter.php(353): CodeIgniter\CodeIgniter->handleRequest(null, Object(Config\Cache), false)
 5 FCPATH\index.php(91): CodeIgniter\CodeIgniter->run()
CRITICAL - 2024-08-25 01:51:38 --> Trying to access array offset on value of type null
in APPPATH\Controllers\BranchController.php on line 200.
 1 APPPATH\Controllers\BranchController.php(200): CodeIgniter\Debug\Exceptions->errorHandler(2, 'Trying to access array offset on value of type null', 'C:\\laragon\\www\\cipharmaplus\\app\\Controllers\\BranchController.php', 200)
 2 SYSTEMPATH\CodeIgniter.php(919): App\Controllers\BranchController->IsOpenForInvitation()
 3 SYSTEMPATH\CodeIgniter.php(494): CodeIgniter\CodeIgniter->runController(Object(App\Controllers\BranchController))
 4 SYSTEMPATH\CodeIgniter.php(353): CodeIgniter\CodeIgniter->handleRequest(null, Object(Config\Cache), false)
 5 FCPATH\index.php(91): CodeIgniter\CodeIgniter->run()
CRITICAL - 2024-08-25 01:51:40 --> Trying to access array offset on value of type null
in APPPATH\Controllers\BranchController.php on line 200.
 1 APPPATH\Controllers\BranchController.php(200): CodeIgniter\Debug\Exceptions->errorHandler(2, 'Trying to access array offset on value of type null', 'C:\\laragon\\www\\cipharmaplus\\app\\Controllers\\BranchController.php', 200)
 2 SYSTEMPATH\CodeIgniter.php(919): App\Controllers\BranchController->IsOpenForInvitation()
 3 SYSTEMPATH\CodeIgniter.php(494): CodeIgniter\CodeIgniter->runController(Object(App\Controllers\BranchController))
 4 SYSTEMPATH\CodeIgniter.php(353): CodeIgniter\CodeIgniter->handleRequest(null, Object(Config\Cache), false)
 5 FCPATH\index.php(91): CodeIgniter\CodeIgniter->run()
CRITICAL - 2024-08-25 01:51:42 --> Trying to access array offset on value of type null
in APPPATH\Controllers\BranchController.php on line 200.
 1 APPPATH\Controllers\BranchController.php(200): CodeIgniter\Debug\Exceptions->errorHandler(2, 'Trying to access array offset on value of type null', 'C:\\laragon\\www\\cipharmaplus\\app\\Controllers\\BranchController.php', 200)
 2 SYSTEMPATH\CodeIgniter.php(919): App\Controllers\BranchController->IsOpenForInvitation()
 3 SYSTEMPATH\CodeIgniter.php(494): CodeIgniter\CodeIgniter->runController(Object(App\Controllers\BranchController))
 4 SYSTEMPATH\CodeIgniter.php(353): CodeIgniter\CodeIgniter->handleRequest(null, Object(Config\Cache), false)
 5 FCPATH\index.php(91): CodeIgniter\CodeIgniter->run()
CRITICAL - 2024-08-25 01:51:44 --> Trying to access array offset on value of type null
in APPPATH\Controllers\BranchController.php on line 200.
 1 APPPATH\Controllers\BranchController.php(200): CodeIgniter\Debug\Exceptions->errorHandler(2, 'Trying to access array offset on value of type null', 'C:\\laragon\\www\\cipharmaplus\\app\\Controllers\\BranchController.php', 200)
 2 SYSTEMPATH\CodeIgniter.php(919): App\Controllers\BranchController->IsOpenForInvitation()
 3 SYSTEMPATH\CodeIgniter.php(494): CodeIgniter\CodeIgniter->runController(Object(App\Controllers\BranchController))
 4 SYSTEMPATH\CodeIgniter.php(353): CodeIgniter\CodeIgniter->handleRequest(null, Object(Config\Cache), false)
 5 FCPATH\index.php(91): CodeIgniter\CodeIgniter->run()
CRITICAL - 2024-08-25 01:51:46 --> Trying to access array offset on value of type null
in APPPATH\Controllers\BranchController.php on line 200.
 1 APPPATH\Controllers\BranchController.php(200): CodeIgniter\Debug\Exceptions->errorHandler(2, 'Trying to access array offset on value of type null', 'C:\\laragon\\www\\cipharmaplus\\app\\Controllers\\BranchController.php', 200)
 2 SYSTEMPATH\CodeIgniter.php(919): App\Controllers\BranchController->IsOpenForInvitation()
 3 SYSTEMPATH\CodeIgniter.php(494): CodeIgniter\CodeIgniter->runController(Object(App\Controllers\BranchController))
 4 SYSTEMPATH\CodeIgniter.php(353): CodeIgniter\CodeIgniter->handleRequest(null, Object(Config\Cache), false)
 5 FCPATH\index.php(91): CodeIgniter\CodeIgniter->run()
CRITICAL - 2024-08-25 01:51:58 --> Trying to access array offset on value of type null
in APPPATH\Controllers\BranchController.php on line 200.
 1 APPPATH\Controllers\BranchController.php(200): CodeIgniter\Debug\Exceptions->errorHandler(2, 'Trying to access array offset on value of type null', 'C:\\laragon\\www\\cipharmaplus\\app\\Controllers\\BranchController.php', 200)
 2 SYSTEMPATH\CodeIgniter.php(919): App\Controllers\BranchController->IsOpenForInvitation()
 3 SYSTEMPATH\CodeIgniter.php(494): CodeIgniter\CodeIgniter->runController(Object(App\Controllers\BranchController))
 4 SYSTEMPATH\CodeIgniter.php(353): CodeIgniter\CodeIgniter->handleRequest(null, Object(Config\Cache), false)
 5 FCPATH\index.php(91): CodeIgniter\CodeIgniter->run()
CRITICAL - 2024-08-25 01:52:01 --> Trying to access array offset on value of type null
in APPPATH\Controllers\BranchController.php on line 200.
 1 APPPATH\Controllers\BranchController.php(200): CodeIgniter\Debug\Exceptions->errorHandler(2, 'Trying to access array offset on value of type null', 'C:\\laragon\\www\\cipharmaplus\\app\\Controllers\\BranchController.php', 200)
 2 SYSTEMPATH\CodeIgniter.php(919): App\Controllers\BranchController->IsOpenForInvitation()
 3 SYSTEMPATH\CodeIgniter.php(494): CodeIgniter\CodeIgniter->runController(Object(App\Controllers\BranchController))
 4 SYSTEMPATH\CodeIgniter.php(353): CodeIgniter\CodeIgniter->handleRequest(null, Object(Config\Cache), false)
 5 FCPATH\index.php(91): CodeIgniter\CodeIgniter->run()
CRITICAL - 2024-08-25 01:52:04 --> Trying to access array offset on value of type null
in APPPATH\Controllers\BranchController.php on line 200.
 1 APPPATH\Controllers\BranchController.php(200): CodeIgniter\Debug\Exceptions->errorHandler(2, 'Trying to access array offset on value of type null', 'C:\\laragon\\www\\cipharmaplus\\app\\Controllers\\BranchController.php', 200)
 2 SYSTEMPATH\CodeIgniter.php(919): App\Controllers\BranchController->IsOpenForInvitation()
 3 SYSTEMPATH\CodeIgniter.php(494): CodeIgniter\CodeIgniter->runController(Object(App\Controllers\BranchController))
 4 SYSTEMPATH\CodeIgniter.php(353): CodeIgniter\CodeIgniter->handleRequest(null, Object(Config\Cache), false)
 5 FCPATH\index.php(91): CodeIgniter\CodeIgniter->run()
CRITICAL - 2024-08-25 01:52:05 --> Trying to access array offset on value of type null
in APPPATH\Controllers\BranchController.php on line 200.
 1 APPPATH\Controllers\BranchController.php(200): CodeIgniter\Debug\Exceptions->errorHandler(2, 'Trying to access array offset on value of type null', 'C:\\laragon\\www\\cipharmaplus\\app\\Controllers\\BranchController.php', 200)
 2 SYSTEMPATH\CodeIgniter.php(919): App\Controllers\BranchController->IsOpenForInvitation()
 3 SYSTEMPATH\CodeIgniter.php(494): CodeIgniter\CodeIgniter->runController(Object(App\Controllers\BranchController))
 4 SYSTEMPATH\CodeIgniter.php(353): CodeIgniter\CodeIgniter->handleRequest(null, Object(Config\Cache), false)
 5 FCPATH\index.php(91): CodeIgniter\CodeIgniter->run()
CRITICAL - 2024-08-25 01:52:07 --> Trying to access array offset on value of type null
in APPPATH\Controllers\BranchController.php on line 200.
 1 APPPATH\Controllers\BranchController.php(200): CodeIgniter\Debug\Exceptions->errorHandler(2, 'Trying to access array offset on value of type null', 'C:\\laragon\\www\\cipharmaplus\\app\\Controllers\\BranchController.php', 200)
 2 SYSTEMPATH\CodeIgniter.php(919): App\Controllers\BranchController->IsOpenForInvitation()
 3 SYSTEMPATH\CodeIgniter.php(494): CodeIgniter\CodeIgniter->runController(Object(App\Controllers\BranchController))
 4 SYSTEMPATH\CodeIgniter.php(353): CodeIgniter\CodeIgniter->handleRequest(null, Object(Config\Cache), false)
 5 FCPATH\index.php(91): CodeIgniter\CodeIgniter->run()
