CRITICAL - 2024-05-17 00:00:08 --> syntax error, unexpected token "}", expecting ";"
in APPPATH\Controllers\NotificationController.php on line 31.
 1 SYSTEMPATH\Autoloader\Autoloader.php(285): CodeIgniter\Autoloader\Autoloader->includeFile('C:\\laragon\\www\\cipharmaplus\\app\\Controllers\\NotificationController.php')
 2 SYSTEMPATH\Autoloader\Autoloader.php(263): CodeIgniter\Autoloader\Autoloader->loadInNamespace('App\\Controllers\\NotificationController')
 3 [internal function]: CodeIgniter\Autoloader\Autoloader->loadClass('App\\Controllers\\NotificationController')
 4 SYSTEMPATH\CodeIgniter.php(877): class_exists('\\App\\Controllers\\NotificationController', true)
 5 SYSTEMPATH\CodeIgniter.php(481): CodeIgniter\CodeIgniter->startController()
 6 SYSTEMPATH\CodeIgniter.php(353): CodeIgniter\CodeIgniter->handleRequest(null, Object(Config\Cache), false)
 7 FCPATH\index.php(91): CodeIgniter\CodeIgniter->run()
CRITICAL - 2024-05-17 00:00:11 --> syntax error, unexpected token "}", expecting ";"
in APPPATH\Controllers\NotificationController.php on line 31.
 1 SYSTEMPATH\Autoloader\Autoloader.php(285): CodeIgniter\Autoloader\Autoloader->includeFile('C:\\laragon\\www\\cipharmaplus\\app\\Controllers\\NotificationController.php')
 2 SYSTEMPATH\Autoloader\Autoloader.php(263): CodeIgniter\Autoloader\Autoloader->loadInNamespace('App\\Controllers\\NotificationController')
 3 [internal function]: CodeIgniter\Autoloader\Autoloader->loadClass('App\\Controllers\\NotificationController')
 4 SYSTEMPATH\CodeIgniter.php(877): class_exists('\\App\\Controllers\\NotificationController', true)
 5 SYSTEMPATH\CodeIgniter.php(481): CodeIgniter\CodeIgniter->startController()
 6 SYSTEMPATH\CodeIgniter.php(353): CodeIgniter\CodeIgniter->handleRequest(null, Object(Config\Cache), false)
 7 FCPATH\index.php(91): CodeIgniter\CodeIgniter->run()
CRITICAL - 2024-05-17 00:30:37 --> Unsupported operand types: string / int
in APPPATH\Controllers\CurrentTransactionController.php on line 280.
 1 SYSTEMPATH\CodeIgniter.php(919): App\Controllers\CurrentTransactionController->SubmitCurrentTransaction()
 2 SYSTEMPATH\CodeIgniter.php(494): CodeIgniter\CodeIgniter->runController(Object(App\Controllers\CurrentTransactionController))
 3 SYSTEMPATH\CodeIgniter.php(353): CodeIgniter\CodeIgniter->handleRequest(null, Object(Config\Cache), false)
 4 FCPATH\index.php(91): CodeIgniter\CodeIgniter->run()
CRITICAL - 2024-05-17 01:09:02 --> Undefined variable $UPC
in APPPATH\Controllers\CurrentTransactionController.php on line 201.
 1 APPPATH\Controllers\CurrentTransactionController.php(201): CodeIgniter\Debug\Exceptions->errorHandler(2, 'Undefined variable $UPC', 'C:\\laragon\\www\\cipharmaplus\\app\\Controllers\\CurrentTransactionController.php', 201)
 2 SYSTEMPATH\CodeIgniter.php(919): App\Controllers\CurrentTransactionController->AddItemToCurrentTransaction('zE1DFsKH6BpMhqG7AcngQvLuoxCkTbtUVWyYI5e8SPXi90adRf', 'LyJr09y8qx')
 3 SYSTEMPATH\CodeIgniter.php(494): CodeIgniter\CodeIgniter->runController(Object(App\Controllers\CurrentTransactionController))
 4 SYSTEMPATH\CodeIgniter.php(353): CodeIgniter\CodeIgniter->handleRequest(null, Object(Config\Cache), false)
 5 FCPATH\index.php(91): CodeIgniter\CodeIgniter->run()
CRITICAL - 2024-05-17 01:09:02 --> Undefined variable $UPC
in APPPATH\Controllers\CurrentTransactionController.php on line 201.
 1 APPPATH\Controllers\CurrentTransactionController.php(201): CodeIgniter\Debug\Exceptions->errorHandler(2, 'Undefined variable $UPC', 'C:\\laragon\\www\\cipharmaplus\\app\\Controllers\\CurrentTransactionController.php', 201)
 2 SYSTEMPATH\CodeIgniter.php(919): App\Controllers\CurrentTransactionController->AddItemToCurrentTransaction('zE1DFsKH6BpMhqG7AcngQvLuoxCkTbtUVWyYI5e8SPXi90adRf', 'LyJr09y8qx')
 3 SYSTEMPATH\CodeIgniter.php(494): CodeIgniter\CodeIgniter->runController(Object(App\Controllers\CurrentTransactionController))
 4 SYSTEMPATH\CodeIgniter.php(353): CodeIgniter\CodeIgniter->handleRequest(null, Object(Config\Cache), false)
 5 FCPATH\index.php(91): CodeIgniter\CodeIgniter->run()
CRITICAL - 2024-05-17 01:09:02 --> Undefined variable $UPC
in APPPATH\Controllers\CurrentTransactionController.php on line 201.
 1 APPPATH\Controllers\CurrentTransactionController.php(201): CodeIgniter\Debug\Exceptions->errorHandler(2, 'Undefined variable $UPC', 'C:\\laragon\\www\\cipharmaplus\\app\\Controllers\\CurrentTransactionController.php', 201)
 2 SYSTEMPATH\CodeIgniter.php(919): App\Controllers\CurrentTransactionController->AddItemToCurrentTransaction('zE1DFsKH6BpMhqG7AcngQvLuoxCkTbtUVWyYI5e8SPXi90adRf', 'LyJr09y8qx')
 3 SYSTEMPATH\CodeIgniter.php(494): CodeIgniter\CodeIgniter->runController(Object(App\Controllers\CurrentTransactionController))
 4 SYSTEMPATH\CodeIgniter.php(353): CodeIgniter\CodeIgniter->handleRequest(null, Object(Config\Cache), false)
 5 FCPATH\index.php(91): CodeIgniter\CodeIgniter->run()
