CRITICAL - 2024-01-03 07:50:38 --> Trying to access array offset on value of type null
in APPPATH\Controllers\CurrentTransactionController.php on line 80.
 1 APPPATH\Controllers\CurrentTransactionController.php(80): CodeIgniter\Debug\Exceptions->errorHandler(2, 'Trying to access array offset on value of type null', 'C:\\laragon\\www\\cipharmaplus\\app\\Controllers\\CurrentTransactionController.php', 80)
 2 SYSTEMPATH\CodeIgniter.php(919): App\Controllers\CurrentTransactionController->AddItemToCurrentTransaction('qJCyzTil1G5YkKsWnDF7OXxMgQcwmfEt43IvoARHd8PU6Nre02', 'b9283f9wfs0dfi-q0i31jioejrfwlkfnlsdfklnskldfsKOPI')
 3 SYSTEMPATH\CodeIgniter.php(494): CodeIgniter\CodeIgniter->runController(Object(App\Controllers\CurrentTransactionController))
 4 SYSTEMPATH\CodeIgniter.php(353): CodeIgniter\CodeIgniter->handleRequest(null, Object(Config\Cache), false)
 5 FCPATH\index.php(91): CodeIgniter\CodeIgniter->run()
CRITICAL - 2024-01-03 07:52:58 --> Trying to access array offset on value of type null
in APPPATH\Controllers\CurrentTransactionController.php on line 80.
 1 APPPATH\Controllers\CurrentTransactionController.php(80): CodeIgniter\Debug\Exceptions->errorHandler(2, 'Trying to access array offset on value of type null', 'C:\\laragon\\www\\cipharmaplus\\app\\Controllers\\CurrentTransactionController.php', 80)
 2 SYSTEMPATH\CodeIgniter.php(919): App\Controllers\CurrentTransactionController->AddItemToCurrentTransaction('qJCyzTil1G5YkKsWnDF7OXxMgQcwmfEt43IvoARHd8PU6Nre02', 'b9283f9wfs0dfi-q0i31jioejrfwlkfnlsdfklnskldfsKOPI')
 3 SYSTEMPATH\CodeIgniter.php(494): CodeIgniter\CodeIgniter->runController(Object(App\Controllers\CurrentTransactionController))
 4 SYSTEMPATH\CodeIgniter.php(353): CodeIgniter\CodeIgniter->handleRequest(null, Object(Config\Cache), false)
 5 FCPATH\index.php(91): CodeIgniter\CodeIgniter->run()
CRITICAL - 2024-01-03 14:06:53 --> Unsupported operand types: string + string
in APPPATH\Controllers\CurrentTransactionController.php on line 83.
 1 SYSTEMPATH\CodeIgniter.php(919): App\Controllers\CurrentTransactionController->AddItemToCurrentTransaction('qJCyzTil1G5YkKsWnDF7OXxMgQcwmfEt43IvoARHd8PU6Nre02', 'b9283f9wfs0dfi-q0i31jioejrfwlkfnlsdfklnskldfsKOPI')
 2 SYSTEMPATH\CodeIgniter.php(494): CodeIgniter\CodeIgniter->runController(Object(App\Controllers\CurrentTransactionController))
 3 SYSTEMPATH\CodeIgniter.php(353): CodeIgniter\CodeIgniter->handleRequest(null, Object(Config\Cache), false)
 4 FCPATH\index.php(91): CodeIgniter\CodeIgniter->run()
CRITICAL - 2024-01-03 14:21:03 --> Undefined array key "id"
in APPPATH\Controllers\CurrentTransactionController.php on line 101.
 1 APPPATH\Controllers\CurrentTransactionController.php(101): CodeIgniter\Debug\Exceptions->errorHandler(2, 'Undefined array key "id"', 'C:\\laragon\\www\\cipharmaplus\\app\\Controllers\\CurrentTransactionController.php', 101)
 2 SYSTEMPATH\CodeIgniter.php(919): App\Controllers\CurrentTransactionController->AddItemToCurrentTransaction('qJCyzTil1G5YkKsWnDF7OXxMgQcwmfEt43IvoARHd8PU6Nre02', 'b9283f9wfs0dfi-q0i31jioejrfwlkfnlsdfklnskldfsKOPI')
 3 SYSTEMPATH\CodeIgniter.php(494): CodeIgniter\CodeIgniter->runController(Object(App\Controllers\CurrentTransactionController))
 4 SYSTEMPATH\CodeIgniter.php(353): CodeIgniter\CodeIgniter->handleRequest(null, Object(Config\Cache), false)
 5 FCPATH\index.php(91): CodeIgniter\CodeIgniter->run()
CRITICAL - 2024-01-03 14:25:59 --> Trying to access array offset on value of type null
in APPPATH\Controllers\CurrentTransactionController.php on line 71.
 1 APPPATH\Controllers\CurrentTransactionController.php(71): CodeIgniter\Debug\Exceptions->errorHandler(2, 'Trying to access array offset on value of type null', 'C:\\laragon\\www\\cipharmaplus\\app\\Controllers\\CurrentTransactionController.php', 71)
 2 SYSTEMPATH\CodeIgniter.php(919): App\Controllers\CurrentTransactionController->AddItemToCurrentTransaction('JCyzTil1G5YkKsWnDF7OXxMgQcwmfEt43IvoARHd8PU6Nre02', 'b9283f9wfs0dfi-q0i31jioejrfwlkfnlsdfklnskldfsKOPI')
 3 SYSTEMPATH\CodeIgniter.php(494): CodeIgniter\CodeIgniter->runController(Object(App\Controllers\CurrentTransactionController))
 4 SYSTEMPATH\CodeIgniter.php(353): CodeIgniter\CodeIgniter->handleRequest(null, Object(Config\Cache), false)
 5 FCPATH\index.php(91): CodeIgniter\CodeIgniter->run()
ERROR - 2024-01-03 15:24:49 --> mysqli_sql_exception: Unknown column 'order_id' in 'where clause' in C:\laragon\www\cipharmaplus\system\Database\MySQLi\Connection.php:306
Stack trace:
#0 C:\laragon\www\cipharmaplus\system\Database\MySQLi\Connection.php(306): mysqli->query('SELECT *\nFROM `...', 0)
#1 C:\laragon\www\cipharmaplus\system\Database\BaseConnection.php(692): CodeIgniter\Database\MySQLi\Connection->execute('SELECT *\nFROM `...')
#2 C:\laragon\www\cipharmaplus\system\Database\BaseConnection.php(606): CodeIgniter\Database\BaseConnection->simpleQuery('SELECT *\nFROM `...')
#3 C:\laragon\www\cipharmaplus\system\Database\BaseBuilder.php(1615): CodeIgniter\Database\BaseConnection->query('SELECT *\nFROM `...', Array, false)
#4 C:\laragon\www\cipharmaplus\system\Model.php(871): CodeIgniter\Database\BaseBuilder->get()
#5 C:\laragon\www\cipharmaplus\app\Controllers\CurrentTransactionController.php(135): CodeIgniter\Model->__call('get', Array)
#6 C:\laragon\www\cipharmaplus\system\CodeIgniter.php(919): App\Controllers\CurrentTransactionController->SubmitCurrentTransaction('28000', 'b9283f9wfs0dfi-...', 'qJCyzTil1G5YkKs...')
#7 C:\laragon\www\cipharmaplus\system\CodeIgniter.php(494): CodeIgniter\CodeIgniter->runController(Object(App\Controllers\CurrentTransactionController))
#8 C:\laragon\www\cipharmaplus\system\CodeIgniter.php(353): CodeIgniter\CodeIgniter->handleRequest(NULL, Object(Config\Cache), false)
#9 C:\laragon\www\cipharmaplus\public\index.php(91): CodeIgniter\CodeIgniter->run()
#10 {main}
CRITICAL - 2024-01-03 15:24:49 --> Unknown column 'order_id' in 'where clause'
in SYSTEMPATH\Database\BaseConnection.php on line 646.
 1 SYSTEMPATH\Database\BaseBuilder.php(1615): CodeIgniter\Database\BaseConnection->query('SELECT *
FROM `current_transaction_tbl`
WHERE `order_id` = :order_id:', [...], false)
 2 SYSTEMPATH\Model.php(871): CodeIgniter\Database\BaseBuilder->get()
 3 APPPATH\Controllers\CurrentTransactionController.php(135): CodeIgniter\Model->__call('get', [])
 4 SYSTEMPATH\CodeIgniter.php(919): App\Controllers\CurrentTransactionController->SubmitCurrentTransaction('28000', 'b9283f9wfs0dfi-q0i31jioejrfwlkfnlsdfklnskldfsKOPI', 'qJCyzTil1G5YkKsWnDF7OXxMgQcwmfEt43IvoARHd8PU6Nre02')
 5 SYSTEMPATH\CodeIgniter.php(494): CodeIgniter\CodeIgniter->runController(Object(App\Controllers\CurrentTransactionController))
 6 SYSTEMPATH\CodeIgniter.php(353): CodeIgniter\CodeIgniter->handleRequest(null, Object(Config\Cache), false)
 7 FCPATH\index.php(91): CodeIgniter\CodeIgniter->run()
ERROR - 2024-01-03 15:26:44 --> mysqli_sql_exception: Unknown column 'order_id' in 'where clause' in C:\laragon\www\cipharmaplus\system\Database\MySQLi\Connection.php:306
Stack trace:
#0 C:\laragon\www\cipharmaplus\system\Database\MySQLi\Connection.php(306): mysqli->query('SELECT *\nFROM `...', 0)
#1 C:\laragon\www\cipharmaplus\system\Database\BaseConnection.php(692): CodeIgniter\Database\MySQLi\Connection->execute('SELECT *\nFROM `...')
#2 C:\laragon\www\cipharmaplus\system\Database\BaseConnection.php(606): CodeIgniter\Database\BaseConnection->simpleQuery('SELECT *\nFROM `...')
#3 C:\laragon\www\cipharmaplus\system\Database\BaseBuilder.php(1615): CodeIgniter\Database\BaseConnection->query('SELECT *\nFROM `...', Array, false)
#4 C:\laragon\www\cipharmaplus\system\Model.php(871): CodeIgniter\Database\BaseBuilder->get()
#5 C:\laragon\www\cipharmaplus\app\Controllers\CurrentTransactionController.php(135): CodeIgniter\Model->__call('get', Array)
#6 C:\laragon\www\cipharmaplus\system\CodeIgniter.php(919): App\Controllers\CurrentTransactionController->SubmitCurrentTransaction('28000', 'b9283f9wfs0dfi-...', 'qJCyzTil1G5YkKs...')
#7 C:\laragon\www\cipharmaplus\system\CodeIgniter.php(494): CodeIgniter\CodeIgniter->runController(Object(App\Controllers\CurrentTransactionController))
#8 C:\laragon\www\cipharmaplus\system\CodeIgniter.php(353): CodeIgniter\CodeIgniter->handleRequest(NULL, Object(Config\Cache), false)
#9 C:\laragon\www\cipharmaplus\public\index.php(91): CodeIgniter\CodeIgniter->run()
#10 {main}
CRITICAL - 2024-01-03 15:26:44 --> Unknown column 'order_id' in 'where clause'
in SYSTEMPATH\Database\BaseConnection.php on line 646.
 1 SYSTEMPATH\Database\BaseBuilder.php(1615): CodeIgniter\Database\BaseConnection->query('SELECT *
FROM `current_transaction_tbl`
WHERE `order_id` = :order_id:', [...], false)
 2 SYSTEMPATH\Model.php(871): CodeIgniter\Database\BaseBuilder->get()
 3 APPPATH\Controllers\CurrentTransactionController.php(135): CodeIgniter\Model->__call('get', [])
 4 SYSTEMPATH\CodeIgniter.php(919): App\Controllers\CurrentTransactionController->SubmitCurrentTransaction('28000', 'b9283f9wfs0dfi-q0i31jioejrfwlkfnlsdfklnskldfsKOPI', 'qJCyzTil1G5YkKsWnDF7OXxMgQcwmfEt43IvoARHd8PU6Nre02')
 5 SYSTEMPATH\CodeIgniter.php(494): CodeIgniter\CodeIgniter->runController(Object(App\Controllers\CurrentTransactionController))
 6 SYSTEMPATH\CodeIgniter.php(353): CodeIgniter\CodeIgniter->handleRequest(null, Object(Config\Cache), false)
 7 FCPATH\index.php(91): CodeIgniter\CodeIgniter->run()
ERROR - 2024-01-03 15:26:58 --> mysqli_sql_exception: Unknown column 'order_id' in 'where clause' in C:\laragon\www\cipharmaplus\system\Database\MySQLi\Connection.php:306
Stack trace:
#0 C:\laragon\www\cipharmaplus\system\Database\MySQLi\Connection.php(306): mysqli->query('SELECT *\nFROM `...', 0)
#1 C:\laragon\www\cipharmaplus\system\Database\BaseConnection.php(692): CodeIgniter\Database\MySQLi\Connection->execute('SELECT *\nFROM `...')
#2 C:\laragon\www\cipharmaplus\system\Database\BaseConnection.php(606): CodeIgniter\Database\BaseConnection->simpleQuery('SELECT *\nFROM `...')
#3 C:\laragon\www\cipharmaplus\system\Database\BaseBuilder.php(1615): CodeIgniter\Database\BaseConnection->query('SELECT *\nFROM `...', Array, false)
#4 C:\laragon\www\cipharmaplus\system\Model.php(871): CodeIgniter\Database\BaseBuilder->get()
#5 C:\laragon\www\cipharmaplus\app\Controllers\CurrentTransactionController.php(135): CodeIgniter\Model->__call('get', Array)
#6 C:\laragon\www\cipharmaplus\system\CodeIgniter.php(919): App\Controllers\CurrentTransactionController->SubmitCurrentTransaction('28000', 'b9283f9wfs0dfi-...', 'qJCyzTil1G5YkKs...')
#7 C:\laragon\www\cipharmaplus\system\CodeIgniter.php(494): CodeIgniter\CodeIgniter->runController(Object(App\Controllers\CurrentTransactionController))
#8 C:\laragon\www\cipharmaplus\system\CodeIgniter.php(353): CodeIgniter\CodeIgniter->handleRequest(NULL, Object(Config\Cache), false)
#9 C:\laragon\www\cipharmaplus\public\index.php(91): CodeIgniter\CodeIgniter->run()
#10 {main}
CRITICAL - 2024-01-03 15:26:58 --> Unknown column 'order_id' in 'where clause'
in SYSTEMPATH\Database\BaseConnection.php on line 646.
 1 SYSTEMPATH\Database\BaseBuilder.php(1615): CodeIgniter\Database\BaseConnection->query('SELECT *
FROM `current_transaction_tbl`
WHERE `order_id` = :order_id:', [...], false)
 2 SYSTEMPATH\Model.php(871): CodeIgniter\Database\BaseBuilder->get()
 3 APPPATH\Controllers\CurrentTransactionController.php(135): CodeIgniter\Model->__call('get', [])
 4 SYSTEMPATH\CodeIgniter.php(919): App\Controllers\CurrentTransactionController->SubmitCurrentTransaction('28000', 'b9283f9wfs0dfi-q0i31jioejrfwlkfnlsdfklnskldfsKOPI', 'qJCyzTil1G5YkKsWnDF7OXxMgQcwmfEt43IvoARHd8PU6Nre02')
 5 SYSTEMPATH\CodeIgniter.php(494): CodeIgniter\CodeIgniter->runController(Object(App\Controllers\CurrentTransactionController))
 6 SYSTEMPATH\CodeIgniter.php(353): CodeIgniter\CodeIgniter->handleRequest(null, Object(Config\Cache), false)
 7 FCPATH\index.php(91): CodeIgniter\CodeIgniter->run()
ERROR - 2024-01-03 15:27:54 --> mysqli_sql_exception: Unknown column 'order_id' in 'where clause' in C:\laragon\www\cipharmaplus\system\Database\MySQLi\Connection.php:306
Stack trace:
#0 C:\laragon\www\cipharmaplus\system\Database\MySQLi\Connection.php(306): mysqli->query('SELECT *\nFROM `...', 0)
#1 C:\laragon\www\cipharmaplus\system\Database\BaseConnection.php(692): CodeIgniter\Database\MySQLi\Connection->execute('SELECT *\nFROM `...')
#2 C:\laragon\www\cipharmaplus\system\Database\BaseConnection.php(606): CodeIgniter\Database\BaseConnection->simpleQuery('SELECT *\nFROM `...')
#3 C:\laragon\www\cipharmaplus\system\Database\BaseBuilder.php(1615): CodeIgniter\Database\BaseConnection->query('SELECT *\nFROM `...', Array, false)
#4 C:\laragon\www\cipharmaplus\system\Model.php(871): CodeIgniter\Database\BaseBuilder->get()
#5 C:\laragon\www\cipharmaplus\app\Controllers\CurrentTransactionController.php(134): CodeIgniter\Model->__call('get', Array)
#6 C:\laragon\www\cipharmaplus\system\CodeIgniter.php(919): App\Controllers\CurrentTransactionController->SubmitCurrentTransaction('28000', 'b9283f9wfs0dfi-...', 'qJCyzTil1G5YkKs...')
#7 C:\laragon\www\cipharmaplus\system\CodeIgniter.php(494): CodeIgniter\CodeIgniter->runController(Object(App\Controllers\CurrentTransactionController))
#8 C:\laragon\www\cipharmaplus\system\CodeIgniter.php(353): CodeIgniter\CodeIgniter->handleRequest(NULL, Object(Config\Cache), false)
#9 C:\laragon\www\cipharmaplus\public\index.php(91): CodeIgniter\CodeIgniter->run()
#10 {main}
CRITICAL - 2024-01-03 15:27:54 --> Unknown column 'order_id' in 'where clause'
in SYSTEMPATH\Database\BaseConnection.php on line 646.
 1 SYSTEMPATH\Database\BaseBuilder.php(1615): CodeIgniter\Database\BaseConnection->query('SELECT *
FROM `current_transaction_tbl`
WHERE `order_id` = :order_id:', [...], false)
 2 SYSTEMPATH\Model.php(871): CodeIgniter\Database\BaseBuilder->get()
 3 APPPATH\Controllers\CurrentTransactionController.php(134): CodeIgniter\Model->__call('get', [])
 4 SYSTEMPATH\CodeIgniter.php(919): App\Controllers\CurrentTransactionController->SubmitCurrentTransaction('28000', 'b9283f9wfs0dfi-q0i31jioejrfwlkfnlsdfklnskldfsKOPI', 'qJCyzTil1G5YkKsWnDF7OXxMgQcwmfEt43IvoARHd8PU6Nre02')
 5 SYSTEMPATH\CodeIgniter.php(494): CodeIgniter\CodeIgniter->runController(Object(App\Controllers\CurrentTransactionController))
 6 SYSTEMPATH\CodeIgniter.php(353): CodeIgniter\CodeIgniter->handleRequest(null, Object(Config\Cache), false)
 7 FCPATH\index.php(91): CodeIgniter\CodeIgniter->run()
ERROR - 2024-01-03 15:48:05 --> mysqli_sql_exception: Unknown column 'order_id' in 'where clause' in C:\laragon\www\cipharmaplus\system\Database\MySQLi\Connection.php:306
Stack trace:
#0 C:\laragon\www\cipharmaplus\system\Database\MySQLi\Connection.php(306): mysqli->query('SELECT *\nFROM `...', 0)
#1 C:\laragon\www\cipharmaplus\system\Database\BaseConnection.php(692): CodeIgniter\Database\MySQLi\Connection->execute('SELECT *\nFROM `...')
#2 C:\laragon\www\cipharmaplus\system\Database\BaseConnection.php(606): CodeIgniter\Database\BaseConnection->simpleQuery('SELECT *\nFROM `...')
#3 C:\laragon\www\cipharmaplus\system\Database\BaseBuilder.php(1615): CodeIgniter\Database\BaseConnection->query('SELECT *\nFROM `...', Array, false)
#4 C:\laragon\www\cipharmaplus\system\Model.php(871): CodeIgniter\Database\BaseBuilder->get()
#5 C:\laragon\www\cipharmaplus\app\Controllers\CurrentTransactionController.php(134): CodeIgniter\Model->__call('get', Array)
#6 C:\laragon\www\cipharmaplus\system\CodeIgniter.php(919): App\Controllers\CurrentTransactionController->SubmitCurrentTransaction('28000', 'b9283f9wfs0dfi-...', 'qJCyzTil1G5YkKs...')
#7 C:\laragon\www\cipharmaplus\system\CodeIgniter.php(494): CodeIgniter\CodeIgniter->runController(Object(App\Controllers\CurrentTransactionController))
#8 C:\laragon\www\cipharmaplus\system\CodeIgniter.php(353): CodeIgniter\CodeIgniter->handleRequest(NULL, Object(Config\Cache), false)
#9 C:\laragon\www\cipharmaplus\public\index.php(91): CodeIgniter\CodeIgniter->run()
#10 {main}
CRITICAL - 2024-01-03 15:48:05 --> Unknown column 'order_id' in 'where clause'
in SYSTEMPATH\Database\BaseConnection.php on line 646.
 1 SYSTEMPATH\Database\BaseBuilder.php(1615): CodeIgniter\Database\BaseConnection->query('SELECT *
FROM `current_transaction_tbl`
WHERE `order_id` = :order_id:', [...], false)
 2 SYSTEMPATH\Model.php(871): CodeIgniter\Database\BaseBuilder->get()
 3 APPPATH\Controllers\CurrentTransactionController.php(134): CodeIgniter\Model->__call('get', [])
 4 SYSTEMPATH\CodeIgniter.php(919): App\Controllers\CurrentTransactionController->SubmitCurrentTransaction('28000', 'b9283f9wfs0dfi-q0i31jioejrfwlkfnlsdfklnskldfsMELK', 'qJCyzTil1G5YkKsWnDF7OXxMgQcwmfEt43IvoARHd8PU6Nre02')
 5 SYSTEMPATH\CodeIgniter.php(494): CodeIgniter\CodeIgniter->runController(Object(App\Controllers\CurrentTransactionController))
 6 SYSTEMPATH\CodeIgniter.php(353): CodeIgniter\CodeIgniter->handleRequest(null, Object(Config\Cache), false)
 7 FCPATH\index.php(91): CodeIgniter\CodeIgniter->run()
ERROR - 2024-01-03 15:49:10 --> mysqli_sql_exception: Unknown column 'order_id' in 'where clause' in C:\laragon\www\cipharmaplus\system\Database\MySQLi\Connection.php:306
Stack trace:
#0 C:\laragon\www\cipharmaplus\system\Database\MySQLi\Connection.php(306): mysqli->query('SELECT *\nFROM `...', 0)
#1 C:\laragon\www\cipharmaplus\system\Database\BaseConnection.php(692): CodeIgniter\Database\MySQLi\Connection->execute('SELECT *\nFROM `...')
#2 C:\laragon\www\cipharmaplus\system\Database\BaseConnection.php(606): CodeIgniter\Database\BaseConnection->simpleQuery('SELECT *\nFROM `...')
#3 C:\laragon\www\cipharmaplus\system\Database\BaseBuilder.php(1615): CodeIgniter\Database\BaseConnection->query('SELECT *\nFROM `...', Array, false)
#4 C:\laragon\www\cipharmaplus\system\Model.php(871): CodeIgniter\Database\BaseBuilder->get()
#5 C:\laragon\www\cipharmaplus\app\Controllers\CurrentTransactionController.php(134): CodeIgniter\Model->__call('get', Array)
#6 C:\laragon\www\cipharmaplus\system\CodeIgniter.php(919): App\Controllers\CurrentTransactionController->SubmitCurrentTransaction('28000', 'b9283f9wfs0dfi-...', 'qJCyzTil1G5YkKs...')
#7 C:\laragon\www\cipharmaplus\system\CodeIgniter.php(494): CodeIgniter\CodeIgniter->runController(Object(App\Controllers\CurrentTransactionController))
#8 C:\laragon\www\cipharmaplus\system\CodeIgniter.php(353): CodeIgniter\CodeIgniter->handleRequest(NULL, Object(Config\Cache), false)
#9 C:\laragon\www\cipharmaplus\public\index.php(91): CodeIgniter\CodeIgniter->run()
#10 {main}
CRITICAL - 2024-01-03 15:49:10 --> Unknown column 'order_id' in 'where clause'
in SYSTEMPATH\Database\BaseConnection.php on line 646.
 1 SYSTEMPATH\Database\BaseBuilder.php(1615): CodeIgniter\Database\BaseConnection->query('SELECT *
FROM `current_transaction_tbl`
WHERE `order_id` = :order_id:', [...], false)
 2 SYSTEMPATH\Model.php(871): CodeIgniter\Database\BaseBuilder->get()
 3 APPPATH\Controllers\CurrentTransactionController.php(134): CodeIgniter\Model->__call('get', [])
 4 SYSTEMPATH\CodeIgniter.php(919): App\Controllers\CurrentTransactionController->SubmitCurrentTransaction('28000', 'b9283f9wfs0dfi-q0i31jioejrfwlkfnlsdfklnskldfsMELK', 'qJCyzTil1G5YkKsWnDF7OXxMgQcwmfEt43IvoARHd8PU6Nre02')
 5 SYSTEMPATH\CodeIgniter.php(494): CodeIgniter\CodeIgniter->runController(Object(App\Controllers\CurrentTransactionController))
 6 SYSTEMPATH\CodeIgniter.php(353): CodeIgniter\CodeIgniter->handleRequest(null, Object(Config\Cache), false)
 7 FCPATH\index.php(91): CodeIgniter\CodeIgniter->run()
ERROR - 2024-01-03 15:52:51 --> mysqli_sql_exception: Unknown column 'order_id' in 'where clause' in C:\laragon\www\cipharmaplus\system\Database\MySQLi\Connection.php:306
Stack trace:
#0 C:\laragon\www\cipharmaplus\system\Database\MySQLi\Connection.php(306): mysqli->query('SELECT *\nFROM `...', 0)
#1 C:\laragon\www\cipharmaplus\system\Database\BaseConnection.php(692): CodeIgniter\Database\MySQLi\Connection->execute('SELECT *\nFROM `...')
#2 C:\laragon\www\cipharmaplus\system\Database\BaseConnection.php(606): CodeIgniter\Database\BaseConnection->simpleQuery('SELECT *\nFROM `...')
#3 C:\laragon\www\cipharmaplus\system\Database\BaseBuilder.php(1615): CodeIgniter\Database\BaseConnection->query('SELECT *\nFROM `...', Array, false)
#4 C:\laragon\www\cipharmaplus\system\Model.php(871): CodeIgniter\Database\BaseBuilder->get()
#5 C:\laragon\www\cipharmaplus\app\Controllers\CurrentTransactionController.php(134): CodeIgniter\Model->__call('get', Array)
#6 C:\laragon\www\cipharmaplus\system\CodeIgniter.php(919): App\Controllers\CurrentTransactionController->SubmitCurrentTransaction('28000', 'b9283f9wfs0dfi-...', 'qJCyzTil1G5YkKs...')
#7 C:\laragon\www\cipharmaplus\system\CodeIgniter.php(494): CodeIgniter\CodeIgniter->runController(Object(App\Controllers\CurrentTransactionController))
#8 C:\laragon\www\cipharmaplus\system\CodeIgniter.php(353): CodeIgniter\CodeIgniter->handleRequest(NULL, Object(Config\Cache), false)
#9 C:\laragon\www\cipharmaplus\public\index.php(91): CodeIgniter\CodeIgniter->run()
#10 {main}
CRITICAL - 2024-01-03 15:52:51 --> Unknown column 'order_id' in 'where clause'
in SYSTEMPATH\Database\BaseConnection.php on line 646.
 1 SYSTEMPATH\Database\BaseBuilder.php(1615): CodeIgniter\Database\BaseConnection->query('SELECT *
FROM `current_transaction_tbl`
WHERE `order_id` = :order_id:', [...], false)
 2 SYSTEMPATH\Model.php(871): CodeIgniter\Database\BaseBuilder->get()
 3 APPPATH\Controllers\CurrentTransactionController.php(134): CodeIgniter\Model->__call('get', [])
 4 SYSTEMPATH\CodeIgniter.php(919): App\Controllers\CurrentTransactionController->SubmitCurrentTransaction('28000', 'b9283f9wfs0dfi-q0i31jioejrfwlkfnlsdfklnskldfsMELK', 'qJCyzTil1G5YkKsWnDF7OXxMgQcwmfEt43IvoARHd8PU6Nre02')
 5 SYSTEMPATH\CodeIgniter.php(494): CodeIgniter\CodeIgniter->runController(Object(App\Controllers\CurrentTransactionController))
 6 SYSTEMPATH\CodeIgniter.php(353): CodeIgniter\CodeIgniter->handleRequest(null, Object(Config\Cache), false)
 7 FCPATH\index.php(91): CodeIgniter\CodeIgniter->run()
