CRITICAL - 2024-11-04 04:03:33 --> Trying to access array offset on value of type null
in APPPATH\Controllers\CurrentTransactionController.php on line 127.
 1 APPPATH\Controllers\CurrentTransactionController.php(127): CodeIgniter\Debug\Exceptions->errorHandler(2, 'Trying to access array offset on value of type null', 'C:\\laragon\\www\\cipharmaplus\\app\\Controllers\\CurrentTransactionController.php', 127)
 2 SYSTEMPATH\CodeIgniter.php(919): App\Controllers\CurrentTransactionController->CurrentTransactionList('null', 'iu9hhd8jli')
 3 SYSTEMPATH\CodeIgniter.php(494): CodeIgniter\CodeIgniter->runController(Object(App\Controllers\CurrentTransactionController))
 4 SYSTEMPATH\CodeIgniter.php(353): CodeIgniter\CodeIgniter->handleRequest(null, Object(Config\Cache), false)
 5 FCPATH\index.php(91): CodeIgniter\CodeIgniter->run()
CRITICAL - 2024-11-04 04:03:34 --> Trying to access array offset on value of type null
in APPPATH\Controllers\CurrentTransactionController.php on line 127.
 1 APPPATH\Controllers\CurrentTransactionController.php(127): CodeIgniter\Debug\Exceptions->errorHandler(2, 'Trying to access array offset on value of type null', 'C:\\laragon\\www\\cipharmaplus\\app\\Controllers\\CurrentTransactionController.php', 127)
 2 SYSTEMPATH\CodeIgniter.php(919): App\Controllers\CurrentTransactionController->CurrentTransactionList('null', 'iu9hhd8jli')
 3 SYSTEMPATH\CodeIgniter.php(494): CodeIgniter\CodeIgniter->runController(Object(App\Controllers\CurrentTransactionController))
 4 SYSTEMPATH\CodeIgniter.php(353): CodeIgniter\CodeIgniter->handleRequest(null, Object(Config\Cache), false)
 5 FCPATH\index.php(91): CodeIgniter\CodeIgniter->run()
CRITICAL - 2024-11-04 04:03:35 --> Trying to access array offset on value of type null
in APPPATH\Controllers\CurrentTransactionController.php on line 127.
 1 APPPATH\Controllers\CurrentTransactionController.php(127): CodeIgniter\Debug\Exceptions->errorHandler(2, 'Trying to access array offset on value of type null', 'C:\\laragon\\www\\cipharmaplus\\app\\Controllers\\CurrentTransactionController.php', 127)
 2 SYSTEMPATH\CodeIgniter.php(919): App\Controllers\CurrentTransactionController->CurrentTransactionList('null', 'iu9hhd8jli')
 3 SYSTEMPATH\CodeIgniter.php(494): CodeIgniter\CodeIgniter->runController(Object(App\Controllers\CurrentTransactionController))
 4 SYSTEMPATH\CodeIgniter.php(353): CodeIgniter\CodeIgniter->handleRequest(null, Object(Config\Cache), false)
 5 FCPATH\index.php(91): CodeIgniter\CodeIgniter->run()
CRITICAL - 2024-11-04 04:03:36 --> Trying to access array offset on value of type null
in APPPATH\Controllers\CurrentTransactionController.php on line 127.
 1 APPPATH\Controllers\CurrentTransactionController.php(127): CodeIgniter\Debug\Exceptions->errorHandler(2, 'Trying to access array offset on value of type null', 'C:\\laragon\\www\\cipharmaplus\\app\\Controllers\\CurrentTransactionController.php', 127)
 2 SYSTEMPATH\CodeIgniter.php(919): App\Controllers\CurrentTransactionController->CurrentTransactionList('null', 'iu9hhd8jli')
 3 SYSTEMPATH\CodeIgniter.php(494): CodeIgniter\CodeIgniter->runController(Object(App\Controllers\CurrentTransactionController))
 4 SYSTEMPATH\CodeIgniter.php(353): CodeIgniter\CodeIgniter->handleRequest(null, Object(Config\Cache), false)
 5 FCPATH\index.php(91): CodeIgniter\CodeIgniter->run()
CRITICAL - 2024-11-04 04:03:37 --> Trying to access array offset on value of type null
in APPPATH\Controllers\CurrentTransactionController.php on line 127.
 1 APPPATH\Controllers\CurrentTransactionController.php(127): CodeIgniter\Debug\Exceptions->errorHandler(2, 'Trying to access array offset on value of type null', 'C:\\laragon\\www\\cipharmaplus\\app\\Controllers\\CurrentTransactionController.php', 127)
 2 SYSTEMPATH\CodeIgniter.php(919): App\Controllers\CurrentTransactionController->CurrentTransactionList('null', 'iu9hhd8jli')
 3 SYSTEMPATH\CodeIgniter.php(494): CodeIgniter\CodeIgniter->runController(Object(App\Controllers\CurrentTransactionController))
 4 SYSTEMPATH\CodeIgniter.php(353): CodeIgniter\CodeIgniter->handleRequest(null, Object(Config\Cache), false)
 5 FCPATH\index.php(91): CodeIgniter\CodeIgniter->run()
CRITICAL - 2024-11-04 04:03:38 --> Trying to access array offset on value of type null
in APPPATH\Controllers\CurrentTransactionController.php on line 127.
 1 APPPATH\Controllers\CurrentTransactionController.php(127): CodeIgniter\Debug\Exceptions->errorHandler(2, 'Trying to access array offset on value of type null', 'C:\\laragon\\www\\cipharmaplus\\app\\Controllers\\CurrentTransactionController.php', 127)
 2 SYSTEMPATH\CodeIgniter.php(919): App\Controllers\CurrentTransactionController->CurrentTransactionList('null', 'iu9hhd8jli')
 3 SYSTEMPATH\CodeIgniter.php(494): CodeIgniter\CodeIgniter->runController(Object(App\Controllers\CurrentTransactionController))
 4 SYSTEMPATH\CodeIgniter.php(353): CodeIgniter\CodeIgniter->handleRequest(null, Object(Config\Cache), false)
 5 FCPATH\index.php(91): CodeIgniter\CodeIgniter->run()
CRITICAL - 2024-11-04 04:03:39 --> Trying to access array offset on value of type null
in APPPATH\Controllers\CurrentTransactionController.php on line 127.
 1 APPPATH\Controllers\CurrentTransactionController.php(127): CodeIgniter\Debug\Exceptions->errorHandler(2, 'Trying to access array offset on value of type null', 'C:\\laragon\\www\\cipharmaplus\\app\\Controllers\\CurrentTransactionController.php', 127)
 2 SYSTEMPATH\CodeIgniter.php(919): App\Controllers\CurrentTransactionController->CurrentTransactionList('null', 'iu9hhd8jli')
 3 SYSTEMPATH\CodeIgniter.php(494): CodeIgniter\CodeIgniter->runController(Object(App\Controllers\CurrentTransactionController))
 4 SYSTEMPATH\CodeIgniter.php(353): CodeIgniter\CodeIgniter->handleRequest(null, Object(Config\Cache), false)
 5 FCPATH\index.php(91): CodeIgniter\CodeIgniter->run()
CRITICAL - 2024-11-04 04:03:40 --> Trying to access array offset on value of type null
in APPPATH\Controllers\CurrentTransactionController.php on line 127.
 1 APPPATH\Controllers\CurrentTransactionController.php(127): CodeIgniter\Debug\Exceptions->errorHandler(2, 'Trying to access array offset on value of type null', 'C:\\laragon\\www\\cipharmaplus\\app\\Controllers\\CurrentTransactionController.php', 127)
 2 SYSTEMPATH\CodeIgniter.php(919): App\Controllers\CurrentTransactionController->CurrentTransactionList('null', 'iu9hhd8jli')
 3 SYSTEMPATH\CodeIgniter.php(494): CodeIgniter\CodeIgniter->runController(Object(App\Controllers\CurrentTransactionController))
 4 SYSTEMPATH\CodeIgniter.php(353): CodeIgniter\CodeIgniter->handleRequest(null, Object(Config\Cache), false)
 5 FCPATH\index.php(91): CodeIgniter\CodeIgniter->run()
CRITICAL - 2024-11-04 04:03:41 --> Trying to access array offset on value of type null
in APPPATH\Controllers\CurrentTransactionController.php on line 127.
 1 APPPATH\Controllers\CurrentTransactionController.php(127): CodeIgniter\Debug\Exceptions->errorHandler(2, 'Trying to access array offset on value of type null', 'C:\\laragon\\www\\cipharmaplus\\app\\Controllers\\CurrentTransactionController.php', 127)
 2 SYSTEMPATH\CodeIgniter.php(919): App\Controllers\CurrentTransactionController->CurrentTransactionList('null', 'iu9hhd8jli')
 3 SYSTEMPATH\CodeIgniter.php(494): CodeIgniter\CodeIgniter->runController(Object(App\Controllers\CurrentTransactionController))
 4 SYSTEMPATH\CodeIgniter.php(353): CodeIgniter\CodeIgniter->handleRequest(null, Object(Config\Cache), false)
 5 FCPATH\index.php(91): CodeIgniter\CodeIgniter->run()
CRITICAL - 2024-11-04 04:03:42 --> Trying to access array offset on value of type null
in APPPATH\Controllers\CurrentTransactionController.php on line 127.
 1 APPPATH\Controllers\CurrentTransactionController.php(127): CodeIgniter\Debug\Exceptions->errorHandler(2, 'Trying to access array offset on value of type null', 'C:\\laragon\\www\\cipharmaplus\\app\\Controllers\\CurrentTransactionController.php', 127)
 2 SYSTEMPATH\CodeIgniter.php(919): App\Controllers\CurrentTransactionController->CurrentTransactionList('null', 'iu9hhd8jli')
 3 SYSTEMPATH\CodeIgniter.php(494): CodeIgniter\CodeIgniter->runController(Object(App\Controllers\CurrentTransactionController))
 4 SYSTEMPATH\CodeIgniter.php(353): CodeIgniter\CodeIgniter->handleRequest(null, Object(Config\Cache), false)
 5 FCPATH\index.php(91): CodeIgniter\CodeIgniter->run()
CRITICAL - 2024-11-04 04:03:43 --> Trying to access array offset on value of type null
in APPPATH\Controllers\CurrentTransactionController.php on line 127.
 1 APPPATH\Controllers\CurrentTransactionController.php(127): CodeIgniter\Debug\Exceptions->errorHandler(2, 'Trying to access array offset on value of type null', 'C:\\laragon\\www\\cipharmaplus\\app\\Controllers\\CurrentTransactionController.php', 127)
 2 SYSTEMPATH\CodeIgniter.php(919): App\Controllers\CurrentTransactionController->CurrentTransactionList('null', 'iu9hhd8jli')
 3 SYSTEMPATH\CodeIgniter.php(494): CodeIgniter\CodeIgniter->runController(Object(App\Controllers\CurrentTransactionController))
 4 SYSTEMPATH\CodeIgniter.php(353): CodeIgniter\CodeIgniter->handleRequest(null, Object(Config\Cache), false)
 5 FCPATH\index.php(91): CodeIgniter\CodeIgniter->run()
CRITICAL - 2024-11-04 04:03:44 --> Trying to access array offset on value of type null
in APPPATH\Controllers\CurrentTransactionController.php on line 127.
 1 APPPATH\Controllers\CurrentTransactionController.php(127): CodeIgniter\Debug\Exceptions->errorHandler(2, 'Trying to access array offset on value of type null', 'C:\\laragon\\www\\cipharmaplus\\app\\Controllers\\CurrentTransactionController.php', 127)
 2 SYSTEMPATH\CodeIgniter.php(919): App\Controllers\CurrentTransactionController->CurrentTransactionList('null', 'iu9hhd8jli')
 3 SYSTEMPATH\CodeIgniter.php(494): CodeIgniter\CodeIgniter->runController(Object(App\Controllers\CurrentTransactionController))
 4 SYSTEMPATH\CodeIgniter.php(353): CodeIgniter\CodeIgniter->handleRequest(null, Object(Config\Cache), false)
 5 FCPATH\index.php(91): CodeIgniter\CodeIgniter->run()
