ERROR - 2023-12-14 09:25:36 --> mysqli_sql_exception: Column 'user_id' cannot be null in C:\laragon\www\cipharmaplus\system\Database\MySQLi\Connection.php:306
Stack trace:
#0 C:\laragon\www\cipharmaplus\system\Database\MySQLi\Connection.php(306): mysqli->query('INSERT INTO `pr...', 0)
#1 C:\laragon\www\cipharmaplus\system\Database\BaseConnection.php(692): CodeIgniter\Database\MySQLi\Connection->execute('INSERT INTO `pr...')
#2 C:\laragon\www\cipharmaplus\system\Database\BaseConnection.php(606): CodeIgniter\Database\BaseConnection->simpleQuery('INSERT INTO `pr...')
#3 C:\laragon\www\cipharmaplus\system\Database\BaseBuilder.php(2308): CodeIgniter\Database\BaseConnection->query('INSERT INTO `pr...', Array, false)
#4 C:\laragon\www\cipharmaplus\system\Model.php(319): CodeIgniter\Database\BaseBuilder->insert()
#5 C:\laragon\www\cipharmaplus\system\BaseModel.php(788): CodeIgniter\Model->doInsert(Array)
#6 C:\laragon\www\cipharmaplus\system\Model.php(715): CodeIgniter\BaseModel->insert(Array, false)
#7 C:\laragon\www\cipharmaplus\system\BaseModel.php(698): CodeIgniter\Model->insert(Array, false)
#8 C:\laragon\www\cipharmaplus\app\Controllers\ProductController.php(40): CodeIgniter\BaseModel->save(Array)
#9 C:\laragon\www\cipharmaplus\system\CodeIgniter.php(919): App\Controllers\ProductController->AddProd()
#10 C:\laragon\www\cipharmaplus\system\CodeIgniter.php(494): CodeIgniter\CodeIgniter->runController(Object(App\Controllers\ProductController))
#11 C:\laragon\www\cipharmaplus\system\CodeIgniter.php(353): CodeIgniter\CodeIgniter->handleRequest(NULL, Object(Config\Cache), false)
#12 C:\laragon\www\cipharmaplus\public\index.php(91): CodeIgniter\CodeIgniter->run()
#13 {main}
CRITICAL - 2023-12-14 09:25:36 --> Column 'user_id' cannot be null
in SYSTEMPATH\Database\BaseConnection.php on line 646.
 1 SYSTEMPATH\Database\BaseBuilder.php(2308): CodeIgniter\Database\BaseConnection->query('INSERT INTO `product_tbl` (`user_id`, `product_name`, `description`, `price`, `branch_id`, `category`, `status`, `created_at`) VALUES (:user_id:, :product_name:, :description:, :price:, :branch_id:, :category:, :status:, :created_at:)', [...], false)
 2 SYSTEMPATH\Model.php(319): CodeIgniter\Database\BaseBuilder->insert()
 3 SYSTEMPATH\BaseModel.php(788): CodeIgniter\Model->doInsert([...])
 4 SYSTEMPATH\Model.php(715): CodeIgniter\BaseModel->insert([...], false)
 5 SYSTEMPATH\BaseModel.php(698): CodeIgniter\Model->insert([...], false)
 6 APPPATH\Controllers\ProductController.php(40): CodeIgniter\BaseModel->save([...])
 7 SYSTEMPATH\CodeIgniter.php(919): App\Controllers\ProductController->AddProd()
 8 SYSTEMPATH\CodeIgniter.php(494): CodeIgniter\CodeIgniter->runController(Object(App\Controllers\ProductController))
 9 SYSTEMPATH\CodeIgniter.php(353): CodeIgniter\CodeIgniter->handleRequest(null, Object(Config\Cache), false)
10 FCPATH\index.php(91): CodeIgniter\CodeIgniter->run()
ERROR - 2023-12-14 09:27:01 --> mysqli_sql_exception: Column 'user_id' cannot be null in C:\laragon\www\cipharmaplus\system\Database\MySQLi\Connection.php:306
Stack trace:
#0 C:\laragon\www\cipharmaplus\system\Database\MySQLi\Connection.php(306): mysqli->query('INSERT INTO `pr...', 0)
#1 C:\laragon\www\cipharmaplus\system\Database\BaseConnection.php(692): CodeIgniter\Database\MySQLi\Connection->execute('INSERT INTO `pr...')
#2 C:\laragon\www\cipharmaplus\system\Database\BaseConnection.php(606): CodeIgniter\Database\BaseConnection->simpleQuery('INSERT INTO `pr...')
#3 C:\laragon\www\cipharmaplus\system\Database\BaseBuilder.php(2308): CodeIgniter\Database\BaseConnection->query('INSERT INTO `pr...', Array, false)
#4 C:\laragon\www\cipharmaplus\system\Model.php(319): CodeIgniter\Database\BaseBuilder->insert()
#5 C:\laragon\www\cipharmaplus\system\BaseModel.php(788): CodeIgniter\Model->doInsert(Array)
#6 C:\laragon\www\cipharmaplus\system\Model.php(715): CodeIgniter\BaseModel->insert(Array, false)
#7 C:\laragon\www\cipharmaplus\system\BaseModel.php(698): CodeIgniter\Model->insert(Array, false)
#8 C:\laragon\www\cipharmaplus\app\Controllers\ProductController.php(40): CodeIgniter\BaseModel->save(Array)
#9 C:\laragon\www\cipharmaplus\system\CodeIgniter.php(919): App\Controllers\ProductController->AddProd()
#10 C:\laragon\www\cipharmaplus\system\CodeIgniter.php(494): CodeIgniter\CodeIgniter->runController(Object(App\Controllers\ProductController))
#11 C:\laragon\www\cipharmaplus\system\CodeIgniter.php(353): CodeIgniter\CodeIgniter->handleRequest(NULL, Object(Config\Cache), false)
#12 C:\laragon\www\cipharmaplus\public\index.php(91): CodeIgniter\CodeIgniter->run()
#13 {main}
CRITICAL - 2023-12-14 09:27:01 --> Column 'user_id' cannot be null
in SYSTEMPATH\Database\BaseConnection.php on line 646.
 1 SYSTEMPATH\Database\BaseBuilder.php(2308): CodeIgniter\Database\BaseConnection->query('INSERT INTO `product_tbl` (`user_id`, `product_name`, `description`, `price`, `branch_id`, `category`, `status`, `created_at`) VALUES (:user_id:, :product_name:, :description:, :price:, :branch_id:, :category:, :status:, :created_at:)', [...], false)
 2 SYSTEMPATH\Model.php(319): CodeIgniter\Database\BaseBuilder->insert()
 3 SYSTEMPATH\BaseModel.php(788): CodeIgniter\Model->doInsert([...])
 4 SYSTEMPATH\Model.php(715): CodeIgniter\BaseModel->insert([...], false)
 5 SYSTEMPATH\BaseModel.php(698): CodeIgniter\Model->insert([...], false)
 6 APPPATH\Controllers\ProductController.php(40): CodeIgniter\BaseModel->save([...])
 7 SYSTEMPATH\CodeIgniter.php(919): App\Controllers\ProductController->AddProd()
 8 SYSTEMPATH\CodeIgniter.php(494): CodeIgniter\CodeIgniter->runController(Object(App\Controllers\ProductController))
 9 SYSTEMPATH\CodeIgniter.php(353): CodeIgniter\CodeIgniter->handleRequest(null, Object(Config\Cache), false)
10 FCPATH\index.php(91): CodeIgniter\CodeIgniter->run()
ERROR - 2023-12-14 09:29:37 --> mysqli_sql_exception: Column 'user_id' cannot be null in C:\laragon\www\cipharmaplus\system\Database\MySQLi\Connection.php:306
Stack trace:
#0 C:\laragon\www\cipharmaplus\system\Database\MySQLi\Connection.php(306): mysqli->query('INSERT INTO `pr...', 0)
#1 C:\laragon\www\cipharmaplus\system\Database\BaseConnection.php(692): CodeIgniter\Database\MySQLi\Connection->execute('INSERT INTO `pr...')
#2 C:\laragon\www\cipharmaplus\system\Database\BaseConnection.php(606): CodeIgniter\Database\BaseConnection->simpleQuery('INSERT INTO `pr...')
#3 C:\laragon\www\cipharmaplus\system\Database\BaseBuilder.php(2308): CodeIgniter\Database\BaseConnection->query('INSERT INTO `pr...', Array, false)
#4 C:\laragon\www\cipharmaplus\system\Model.php(319): CodeIgniter\Database\BaseBuilder->insert()
#5 C:\laragon\www\cipharmaplus\system\BaseModel.php(788): CodeIgniter\Model->doInsert(Array)
#6 C:\laragon\www\cipharmaplus\system\Model.php(715): CodeIgniter\BaseModel->insert(Array, false)
#7 C:\laragon\www\cipharmaplus\system\BaseModel.php(698): CodeIgniter\Model->insert(Array, false)
#8 C:\laragon\www\cipharmaplus\app\Controllers\ProductController.php(40): CodeIgniter\BaseModel->save(Array)
#9 C:\laragon\www\cipharmaplus\system\CodeIgniter.php(919): App\Controllers\ProductController->AddProd()
#10 C:\laragon\www\cipharmaplus\system\CodeIgniter.php(494): CodeIgniter\CodeIgniter->runController(Object(App\Controllers\ProductController))
#11 C:\laragon\www\cipharmaplus\system\CodeIgniter.php(353): CodeIgniter\CodeIgniter->handleRequest(NULL, Object(Config\Cache), false)
#12 C:\laragon\www\cipharmaplus\public\index.php(91): CodeIgniter\CodeIgniter->run()
#13 {main}
CRITICAL - 2023-12-14 09:29:37 --> Column 'user_id' cannot be null
in SYSTEMPATH\Database\BaseConnection.php on line 646.
 1 SYSTEMPATH\Database\BaseBuilder.php(2308): CodeIgniter\Database\BaseConnection->query('INSERT INTO `product_tbl` (`user_id`, `product_name`, `description`, `price`, `branch_id`, `category`, `status`, `created_at`) VALUES (:user_id:, :product_name:, :description:, :price:, :branch_id:, :category:, :status:, :created_at:)', [...], false)
 2 SYSTEMPATH\Model.php(319): CodeIgniter\Database\BaseBuilder->insert()
 3 SYSTEMPATH\BaseModel.php(788): CodeIgniter\Model->doInsert([...])
 4 SYSTEMPATH\Model.php(715): CodeIgniter\BaseModel->insert([...], false)
 5 SYSTEMPATH\BaseModel.php(698): CodeIgniter\Model->insert([...], false)
 6 APPPATH\Controllers\ProductController.php(40): CodeIgniter\BaseModel->save([...])
 7 SYSTEMPATH\CodeIgniter.php(919): App\Controllers\ProductController->AddProd()
 8 SYSTEMPATH\CodeIgniter.php(494): CodeIgniter\CodeIgniter->runController(Object(App\Controllers\ProductController))
 9 SYSTEMPATH\CodeIgniter.php(353): CodeIgniter\CodeIgniter->handleRequest(null, Object(Config\Cache), false)
10 FCPATH\index.php(91): CodeIgniter\CodeIgniter->run()
ERROR - 2023-12-14 09:29:58 --> mysqli_sql_exception: Column 'user_id' cannot be null in C:\laragon\www\cipharmaplus\system\Database\MySQLi\Connection.php:306
Stack trace:
#0 C:\laragon\www\cipharmaplus\system\Database\MySQLi\Connection.php(306): mysqli->query('INSERT INTO `pr...', 0)
#1 C:\laragon\www\cipharmaplus\system\Database\BaseConnection.php(692): CodeIgniter\Database\MySQLi\Connection->execute('INSERT INTO `pr...')
#2 C:\laragon\www\cipharmaplus\system\Database\BaseConnection.php(606): CodeIgniter\Database\BaseConnection->simpleQuery('INSERT INTO `pr...')
#3 C:\laragon\www\cipharmaplus\system\Database\BaseBuilder.php(2308): CodeIgniter\Database\BaseConnection->query('INSERT INTO `pr...', Array, false)
#4 C:\laragon\www\cipharmaplus\system\Model.php(319): CodeIgniter\Database\BaseBuilder->insert()
#5 C:\laragon\www\cipharmaplus\system\BaseModel.php(788): CodeIgniter\Model->doInsert(Array)
#6 C:\laragon\www\cipharmaplus\system\Model.php(715): CodeIgniter\BaseModel->insert(Array, false)
#7 C:\laragon\www\cipharmaplus\system\BaseModel.php(698): CodeIgniter\Model->insert(Array, false)
#8 C:\laragon\www\cipharmaplus\app\Controllers\ProductController.php(40): CodeIgniter\BaseModel->save(Array)
#9 C:\laragon\www\cipharmaplus\system\CodeIgniter.php(919): App\Controllers\ProductController->AddProd()
#10 C:\laragon\www\cipharmaplus\system\CodeIgniter.php(494): CodeIgniter\CodeIgniter->runController(Object(App\Controllers\ProductController))
#11 C:\laragon\www\cipharmaplus\system\CodeIgniter.php(353): CodeIgniter\CodeIgniter->handleRequest(NULL, Object(Config\Cache), false)
#12 C:\laragon\www\cipharmaplus\public\index.php(91): CodeIgniter\CodeIgniter->run()
#13 {main}
CRITICAL - 2023-12-14 09:29:58 --> Column 'user_id' cannot be null
in SYSTEMPATH\Database\BaseConnection.php on line 646.
 1 SYSTEMPATH\Database\BaseBuilder.php(2308): CodeIgniter\Database\BaseConnection->query('INSERT INTO `product_tbl` (`user_id`, `product_name`, `description`, `price`, `branch_id`, `category`, `status`, `created_at`) VALUES (:user_id:, :product_name:, :description:, :price:, :branch_id:, :category:, :status:, :created_at:)', [...], false)
 2 SYSTEMPATH\Model.php(319): CodeIgniter\Database\BaseBuilder->insert()
 3 SYSTEMPATH\BaseModel.php(788): CodeIgniter\Model->doInsert([...])
 4 SYSTEMPATH\Model.php(715): CodeIgniter\BaseModel->insert([...], false)
 5 SYSTEMPATH\BaseModel.php(698): CodeIgniter\Model->insert([...], false)
 6 APPPATH\Controllers\ProductController.php(40): CodeIgniter\BaseModel->save([...])
 7 SYSTEMPATH\CodeIgniter.php(919): App\Controllers\ProductController->AddProd()
 8 SYSTEMPATH\CodeIgniter.php(494): CodeIgniter\CodeIgniter->runController(Object(App\Controllers\ProductController))
 9 SYSTEMPATH\CodeIgniter.php(353): CodeIgniter\CodeIgniter->handleRequest(null, Object(Config\Cache), false)
10 FCPATH\index.php(91): CodeIgniter\CodeIgniter->run()
ERROR - 2023-12-14 09:30:58 --> mysqli_sql_exception: Column 'user_id' cannot be null in C:\laragon\www\cipharmaplus\system\Database\MySQLi\Connection.php:306
Stack trace:
#0 C:\laragon\www\cipharmaplus\system\Database\MySQLi\Connection.php(306): mysqli->query('INSERT INTO `pr...', 0)
#1 C:\laragon\www\cipharmaplus\system\Database\BaseConnection.php(692): CodeIgniter\Database\MySQLi\Connection->execute('INSERT INTO `pr...')
#2 C:\laragon\www\cipharmaplus\system\Database\BaseConnection.php(606): CodeIgniter\Database\BaseConnection->simpleQuery('INSERT INTO `pr...')
#3 C:\laragon\www\cipharmaplus\system\Database\BaseBuilder.php(2308): CodeIgniter\Database\BaseConnection->query('INSERT INTO `pr...', Array, false)
#4 C:\laragon\www\cipharmaplus\system\Model.php(319): CodeIgniter\Database\BaseBuilder->insert()
#5 C:\laragon\www\cipharmaplus\system\BaseModel.php(788): CodeIgniter\Model->doInsert(Array)
#6 C:\laragon\www\cipharmaplus\system\Model.php(715): CodeIgniter\BaseModel->insert(Array, false)
#7 C:\laragon\www\cipharmaplus\system\BaseModel.php(698): CodeIgniter\Model->insert(Array, false)
#8 C:\laragon\www\cipharmaplus\app\Controllers\ProductController.php(40): CodeIgniter\BaseModel->save(Array)
#9 C:\laragon\www\cipharmaplus\system\CodeIgniter.php(919): App\Controllers\ProductController->AddProd()
#10 C:\laragon\www\cipharmaplus\system\CodeIgniter.php(494): CodeIgniter\CodeIgniter->runController(Object(App\Controllers\ProductController))
#11 C:\laragon\www\cipharmaplus\system\CodeIgniter.php(353): CodeIgniter\CodeIgniter->handleRequest(NULL, Object(Config\Cache), false)
#12 C:\laragon\www\cipharmaplus\public\index.php(91): CodeIgniter\CodeIgniter->run()
#13 {main}
CRITICAL - 2023-12-14 09:30:58 --> Column 'user_id' cannot be null
in SYSTEMPATH\Database\BaseConnection.php on line 646.
 1 SYSTEMPATH\Database\BaseBuilder.php(2308): CodeIgniter\Database\BaseConnection->query('INSERT INTO `product_tbl` (`user_id`, `product_name`, `description`, `price`, `branch_id`, `category`, `status`, `created_at`) VALUES (:user_id:, :product_name:, :description:, :price:, :branch_id:, :category:, :status:, :created_at:)', [...], false)
 2 SYSTEMPATH\Model.php(319): CodeIgniter\Database\BaseBuilder->insert()
 3 SYSTEMPATH\BaseModel.php(788): CodeIgniter\Model->doInsert([...])
 4 SYSTEMPATH\Model.php(715): CodeIgniter\BaseModel->insert([...], false)
 5 SYSTEMPATH\BaseModel.php(698): CodeIgniter\Model->insert([...], false)
 6 APPPATH\Controllers\ProductController.php(40): CodeIgniter\BaseModel->save([...])
 7 SYSTEMPATH\CodeIgniter.php(919): App\Controllers\ProductController->AddProd()
 8 SYSTEMPATH\CodeIgniter.php(494): CodeIgniter\CodeIgniter->runController(Object(App\Controllers\ProductController))
 9 SYSTEMPATH\CodeIgniter.php(353): CodeIgniter\CodeIgniter->handleRequest(null, Object(Config\Cache), false)
10 FCPATH\index.php(91): CodeIgniter\CodeIgniter->run()
ERROR - 2023-12-14 09:33:01 --> mysqli_sql_exception: Column 'user_id' cannot be null in C:\laragon\www\cipharmaplus\system\Database\MySQLi\Connection.php:306
Stack trace:
#0 C:\laragon\www\cipharmaplus\system\Database\MySQLi\Connection.php(306): mysqli->query('INSERT INTO `pr...', 0)
#1 C:\laragon\www\cipharmaplus\system\Database\BaseConnection.php(692): CodeIgniter\Database\MySQLi\Connection->execute('INSERT INTO `pr...')
#2 C:\laragon\www\cipharmaplus\system\Database\BaseConnection.php(606): CodeIgniter\Database\BaseConnection->simpleQuery('INSERT INTO `pr...')
#3 C:\laragon\www\cipharmaplus\system\Database\BaseBuilder.php(2308): CodeIgniter\Database\BaseConnection->query('INSERT INTO `pr...', Array, false)
#4 C:\laragon\www\cipharmaplus\system\Model.php(319): CodeIgniter\Database\BaseBuilder->insert()
#5 C:\laragon\www\cipharmaplus\system\BaseModel.php(788): CodeIgniter\Model->doInsert(Array)
#6 C:\laragon\www\cipharmaplus\system\Model.php(715): CodeIgniter\BaseModel->insert(Array, false)
#7 C:\laragon\www\cipharmaplus\system\BaseModel.php(698): CodeIgniter\Model->insert(Array, false)
#8 C:\laragon\www\cipharmaplus\app\Controllers\ProductController.php(40): CodeIgniter\BaseModel->save(Array)
#9 C:\laragon\www\cipharmaplus\system\CodeIgniter.php(919): App\Controllers\ProductController->AddProd()
#10 C:\laragon\www\cipharmaplus\system\CodeIgniter.php(494): CodeIgniter\CodeIgniter->runController(Object(App\Controllers\ProductController))
#11 C:\laragon\www\cipharmaplus\system\CodeIgniter.php(353): CodeIgniter\CodeIgniter->handleRequest(NULL, Object(Config\Cache), false)
#12 C:\laragon\www\cipharmaplus\public\index.php(91): CodeIgniter\CodeIgniter->run()
#13 {main}
CRITICAL - 2023-12-14 09:33:01 --> Column 'user_id' cannot be null
in SYSTEMPATH\Database\BaseConnection.php on line 646.
 1 SYSTEMPATH\Database\BaseBuilder.php(2308): CodeIgniter\Database\BaseConnection->query('INSERT INTO `product_tbl` (`user_id`, `product_name`, `description`, `price`, `branch_id`, `category`, `status`, `created_at`) VALUES (:user_id:, :product_name:, :description:, :price:, :branch_id:, :category:, :status:, :created_at:)', [...], false)
 2 SYSTEMPATH\Model.php(319): CodeIgniter\Database\BaseBuilder->insert()
 3 SYSTEMPATH\BaseModel.php(788): CodeIgniter\Model->doInsert([...])
 4 SYSTEMPATH\Model.php(715): CodeIgniter\BaseModel->insert([...], false)
 5 SYSTEMPATH\BaseModel.php(698): CodeIgniter\Model->insert([...], false)
 6 APPPATH\Controllers\ProductController.php(40): CodeIgniter\BaseModel->save([...])
 7 SYSTEMPATH\CodeIgniter.php(919): App\Controllers\ProductController->AddProd()
 8 SYSTEMPATH\CodeIgniter.php(494): CodeIgniter\CodeIgniter->runController(Object(App\Controllers\ProductController))
 9 SYSTEMPATH\CodeIgniter.php(353): CodeIgniter\CodeIgniter->handleRequest(null, Object(Config\Cache), false)
10 FCPATH\index.php(91): CodeIgniter\CodeIgniter->run()
ERROR - 2023-12-14 10:10:59 --> mysqli_sql_exception: Column 'user_id' cannot be null in C:\laragon\www\cipharmaplus\system\Database\MySQLi\Connection.php:306
Stack trace:
#0 C:\laragon\www\cipharmaplus\system\Database\MySQLi\Connection.php(306): mysqli->query('INSERT INTO `pr...', 0)
#1 C:\laragon\www\cipharmaplus\system\Database\BaseConnection.php(692): CodeIgniter\Database\MySQLi\Connection->execute('INSERT INTO `pr...')
#2 C:\laragon\www\cipharmaplus\system\Database\BaseConnection.php(606): CodeIgniter\Database\BaseConnection->simpleQuery('INSERT INTO `pr...')
#3 C:\laragon\www\cipharmaplus\system\Database\BaseBuilder.php(2308): CodeIgniter\Database\BaseConnection->query('INSERT INTO `pr...', Array, false)
#4 C:\laragon\www\cipharmaplus\system\Model.php(319): CodeIgniter\Database\BaseBuilder->insert()
#5 C:\laragon\www\cipharmaplus\system\BaseModel.php(788): CodeIgniter\Model->doInsert(Array)
#6 C:\laragon\www\cipharmaplus\system\Model.php(715): CodeIgniter\BaseModel->insert(Array, false)
#7 C:\laragon\www\cipharmaplus\system\BaseModel.php(698): CodeIgniter\Model->insert(Array, false)
#8 C:\laragon\www\cipharmaplus\app\Controllers\ProductController.php(40): CodeIgniter\BaseModel->save(Array)
#9 C:\laragon\www\cipharmaplus\system\CodeIgniter.php(919): App\Controllers\ProductController->AddProd()
#10 C:\laragon\www\cipharmaplus\system\CodeIgniter.php(494): CodeIgniter\CodeIgniter->runController(Object(App\Controllers\ProductController))
#11 C:\laragon\www\cipharmaplus\system\CodeIgniter.php(353): CodeIgniter\CodeIgniter->handleRequest(NULL, Object(Config\Cache), false)
#12 C:\laragon\www\cipharmaplus\public\index.php(91): CodeIgniter\CodeIgniter->run()
#13 {main}
CRITICAL - 2023-12-14 10:10:59 --> Column 'user_id' cannot be null
in SYSTEMPATH\Database\BaseConnection.php on line 646.
 1 SYSTEMPATH\Database\BaseBuilder.php(2308): CodeIgniter\Database\BaseConnection->query('INSERT INTO `product_tbl` (`user_id`, `product_name`, `description`, `price`, `branch_id`, `category`, `status`, `created_at`) VALUES (:user_id:, :product_name:, :description:, :price:, :branch_id:, :category:, :status:, :created_at:)', [...], false)
 2 SYSTEMPATH\Model.php(319): CodeIgniter\Database\BaseBuilder->insert()
 3 SYSTEMPATH\BaseModel.php(788): CodeIgniter\Model->doInsert([...])
 4 SYSTEMPATH\Model.php(715): CodeIgniter\BaseModel->insert([...], false)
 5 SYSTEMPATH\BaseModel.php(698): CodeIgniter\Model->insert([...], false)
 6 APPPATH\Controllers\ProductController.php(40): CodeIgniter\BaseModel->save([...])
 7 SYSTEMPATH\CodeIgniter.php(919): App\Controllers\ProductController->AddProd()
 8 SYSTEMPATH\CodeIgniter.php(494): CodeIgniter\CodeIgniter->runController(Object(App\Controllers\ProductController))
 9 SYSTEMPATH\CodeIgniter.php(353): CodeIgniter\CodeIgniter->handleRequest(null, Object(Config\Cache), false)
10 FCPATH\index.php(91): CodeIgniter\CodeIgniter->run()
ERROR - 2023-12-14 11:00:12 --> mysqli_sql_exception: Column 'user_id' cannot be null in C:\laragon\www\cipharmaplus\system\Database\MySQLi\Connection.php:306
Stack trace:
#0 C:\laragon\www\cipharmaplus\system\Database\MySQLi\Connection.php(306): mysqli->query('INSERT INTO `no...', 0)
#1 C:\laragon\www\cipharmaplus\system\Database\BaseConnection.php(692): CodeIgniter\Database\MySQLi\Connection->execute('INSERT INTO `no...')
#2 C:\laragon\www\cipharmaplus\system\Database\BaseConnection.php(606): CodeIgniter\Database\BaseConnection->simpleQuery('INSERT INTO `no...')
#3 C:\laragon\www\cipharmaplus\system\Database\BaseBuilder.php(2308): CodeIgniter\Database\BaseConnection->query('INSERT INTO `no...', Array, false)
#4 C:\laragon\www\cipharmaplus\system\Model.php(319): CodeIgniter\Database\BaseBuilder->insert()
#5 C:\laragon\www\cipharmaplus\system\BaseModel.php(788): CodeIgniter\Model->doInsert(Array)
#6 C:\laragon\www\cipharmaplus\system\Model.php(715): CodeIgniter\BaseModel->insert(Array, false)
#7 C:\laragon\www\cipharmaplus\system\BaseModel.php(698): CodeIgniter\Model->insert(Array, false)
#8 C:\laragon\www\cipharmaplus\app\Controllers\NotesController.php(39): CodeIgniter\BaseModel->save(Array)
#9 C:\laragon\www\cipharmaplus\system\CodeIgniter.php(919): App\Controllers\NotesController->AddNotes()
#10 C:\laragon\www\cipharmaplus\system\CodeIgniter.php(494): CodeIgniter\CodeIgniter->runController(Object(App\Controllers\NotesController))
#11 C:\laragon\www\cipharmaplus\system\CodeIgniter.php(353): CodeIgniter\CodeIgniter->handleRequest(NULL, Object(Config\Cache), false)
#12 C:\laragon\www\cipharmaplus\public\index.php(91): CodeIgniter\CodeIgniter->run()
#13 {main}
CRITICAL - 2023-12-14 11:00:12 --> Column 'user_id' cannot be null
in SYSTEMPATH\Database\BaseConnection.php on line 646.
 1 SYSTEMPATH\Database\BaseBuilder.php(2308): CodeIgniter\Database\BaseConnection->query('INSERT INTO `notes_tbl` (`user_id`, `note_title`, `note_content`, `status`, `created_at`) VALUES (:user_id:, :note_title:, :note_content:, :status:, :created_at:)', [...], false)
 2 SYSTEMPATH\Model.php(319): CodeIgniter\Database\BaseBuilder->insert()
 3 SYSTEMPATH\BaseModel.php(788): CodeIgniter\Model->doInsert([...])
 4 SYSTEMPATH\Model.php(715): CodeIgniter\BaseModel->insert([...], false)
 5 SYSTEMPATH\BaseModel.php(698): CodeIgniter\Model->insert([...], false)
 6 APPPATH\Controllers\NotesController.php(39): CodeIgniter\BaseModel->save([...])
 7 SYSTEMPATH\CodeIgniter.php(919): App\Controllers\NotesController->AddNotes()
 8 SYSTEMPATH\CodeIgniter.php(494): CodeIgniter\CodeIgniter->runController(Object(App\Controllers\NotesController))
 9 SYSTEMPATH\CodeIgniter.php(353): CodeIgniter\CodeIgniter->handleRequest(null, Object(Config\Cache), false)
10 FCPATH\index.php(91): CodeIgniter\CodeIgniter->run()
ERROR - 2023-12-14 11:06:11 --> mysqli_sql_exception: Column 'user_id' cannot be null in C:\laragon\www\cipharmaplus\system\Database\MySQLi\Connection.php:306
Stack trace:
#0 C:\laragon\www\cipharmaplus\system\Database\MySQLi\Connection.php(306): mysqli->query('INSERT INTO `no...', 0)
#1 C:\laragon\www\cipharmaplus\system\Database\BaseConnection.php(692): CodeIgniter\Database\MySQLi\Connection->execute('INSERT INTO `no...')
#2 C:\laragon\www\cipharmaplus\system\Database\BaseConnection.php(606): CodeIgniter\Database\BaseConnection->simpleQuery('INSERT INTO `no...')
#3 C:\laragon\www\cipharmaplus\system\Database\BaseBuilder.php(2308): CodeIgniter\Database\BaseConnection->query('INSERT INTO `no...', Array, false)
#4 C:\laragon\www\cipharmaplus\system\Model.php(319): CodeIgniter\Database\BaseBuilder->insert()
#5 C:\laragon\www\cipharmaplus\system\BaseModel.php(788): CodeIgniter\Model->doInsert(Array)
#6 C:\laragon\www\cipharmaplus\system\Model.php(715): CodeIgniter\BaseModel->insert(Array, false)
#7 C:\laragon\www\cipharmaplus\system\BaseModel.php(698): CodeIgniter\Model->insert(Array, false)
#8 C:\laragon\www\cipharmaplus\app\Controllers\NotesController.php(39): CodeIgniter\BaseModel->save(Array)
#9 C:\laragon\www\cipharmaplus\system\CodeIgniter.php(919): App\Controllers\NotesController->AddNotes()
#10 C:\laragon\www\cipharmaplus\system\CodeIgniter.php(494): CodeIgniter\CodeIgniter->runController(Object(App\Controllers\NotesController))
#11 C:\laragon\www\cipharmaplus\system\CodeIgniter.php(353): CodeIgniter\CodeIgniter->handleRequest(NULL, Object(Config\Cache), false)
#12 C:\laragon\www\cipharmaplus\public\index.php(91): CodeIgniter\CodeIgniter->run()
#13 {main}
CRITICAL - 2023-12-14 11:06:11 --> Column 'user_id' cannot be null
in SYSTEMPATH\Database\BaseConnection.php on line 646.
 1 SYSTEMPATH\Database\BaseBuilder.php(2308): CodeIgniter\Database\BaseConnection->query('INSERT INTO `notes_tbl` (`user_id`, `note_title`, `note_content`, `status`, `created_at`) VALUES (:user_id:, :note_title:, :note_content:, :status:, :created_at:)', [...], false)
 2 SYSTEMPATH\Model.php(319): CodeIgniter\Database\BaseBuilder->insert()
 3 SYSTEMPATH\BaseModel.php(788): CodeIgniter\Model->doInsert([...])
 4 SYSTEMPATH\Model.php(715): CodeIgniter\BaseModel->insert([...], false)
 5 SYSTEMPATH\BaseModel.php(698): CodeIgniter\Model->insert([...], false)
 6 APPPATH\Controllers\NotesController.php(39): CodeIgniter\BaseModel->save([...])
 7 SYSTEMPATH\CodeIgniter.php(919): App\Controllers\NotesController->AddNotes()
 8 SYSTEMPATH\CodeIgniter.php(494): CodeIgniter\CodeIgniter->runController(Object(App\Controllers\NotesController))
 9 SYSTEMPATH\CodeIgniter.php(353): CodeIgniter\CodeIgniter->handleRequest(null, Object(Config\Cache), false)
10 FCPATH\index.php(91): CodeIgniter\CodeIgniter->run()
ERROR - 2023-12-14 11:06:47 --> mysqli_sql_exception: Column 'user_id' cannot be null in C:\laragon\www\cipharmaplus\system\Database\MySQLi\Connection.php:306
Stack trace:
#0 C:\laragon\www\cipharmaplus\system\Database\MySQLi\Connection.php(306): mysqli->query('INSERT INTO `no...', 0)
#1 C:\laragon\www\cipharmaplus\system\Database\BaseConnection.php(692): CodeIgniter\Database\MySQLi\Connection->execute('INSERT INTO `no...')
#2 C:\laragon\www\cipharmaplus\system\Database\BaseConnection.php(606): CodeIgniter\Database\BaseConnection->simpleQuery('INSERT INTO `no...')
#3 C:\laragon\www\cipharmaplus\system\Database\BaseBuilder.php(2308): CodeIgniter\Database\BaseConnection->query('INSERT INTO `no...', Array, false)
#4 C:\laragon\www\cipharmaplus\system\Model.php(319): CodeIgniter\Database\BaseBuilder->insert()
#5 C:\laragon\www\cipharmaplus\system\BaseModel.php(788): CodeIgniter\Model->doInsert(Array)
#6 C:\laragon\www\cipharmaplus\system\Model.php(715): CodeIgniter\BaseModel->insert(Array, false)
#7 C:\laragon\www\cipharmaplus\system\BaseModel.php(698): CodeIgniter\Model->insert(Array, false)
#8 C:\laragon\www\cipharmaplus\app\Controllers\NotesController.php(39): CodeIgniter\BaseModel->save(Array)
#9 C:\laragon\www\cipharmaplus\system\CodeIgniter.php(919): App\Controllers\NotesController->AddNotes()
#10 C:\laragon\www\cipharmaplus\system\CodeIgniter.php(494): CodeIgniter\CodeIgniter->runController(Object(App\Controllers\NotesController))
#11 C:\laragon\www\cipharmaplus\system\CodeIgniter.php(353): CodeIgniter\CodeIgniter->handleRequest(NULL, Object(Config\Cache), false)
#12 C:\laragon\www\cipharmaplus\public\index.php(91): CodeIgniter\CodeIgniter->run()
#13 {main}
CRITICAL - 2023-12-14 11:06:47 --> Column 'user_id' cannot be null
in SYSTEMPATH\Database\BaseConnection.php on line 646.
 1 SYSTEMPATH\Database\BaseBuilder.php(2308): CodeIgniter\Database\BaseConnection->query('INSERT INTO `notes_tbl` (`user_id`, `note_title`, `note_content`, `status`, `created_at`) VALUES (:user_id:, :note_title:, :note_content:, :status:, :created_at:)', [...], false)
 2 SYSTEMPATH\Model.php(319): CodeIgniter\Database\BaseBuilder->insert()
 3 SYSTEMPATH\BaseModel.php(788): CodeIgniter\Model->doInsert([...])
 4 SYSTEMPATH\Model.php(715): CodeIgniter\BaseModel->insert([...], false)
 5 SYSTEMPATH\BaseModel.php(698): CodeIgniter\Model->insert([...], false)
 6 APPPATH\Controllers\NotesController.php(39): CodeIgniter\BaseModel->save([...])
 7 SYSTEMPATH\CodeIgniter.php(919): App\Controllers\NotesController->AddNotes()
 8 SYSTEMPATH\CodeIgniter.php(494): CodeIgniter\CodeIgniter->runController(Object(App\Controllers\NotesController))
 9 SYSTEMPATH\CodeIgniter.php(353): CodeIgniter\CodeIgniter->handleRequest(null, Object(Config\Cache), false)
10 FCPATH\index.php(91): CodeIgniter\CodeIgniter->run()
ERROR - 2023-12-14 11:06:53 --> mysqli_sql_exception: Column 'user_id' cannot be null in C:\laragon\www\cipharmaplus\system\Database\MySQLi\Connection.php:306
Stack trace:
#0 C:\laragon\www\cipharmaplus\system\Database\MySQLi\Connection.php(306): mysqli->query('INSERT INTO `no...', 0)
#1 C:\laragon\www\cipharmaplus\system\Database\BaseConnection.php(692): CodeIgniter\Database\MySQLi\Connection->execute('INSERT INTO `no...')
#2 C:\laragon\www\cipharmaplus\system\Database\BaseConnection.php(606): CodeIgniter\Database\BaseConnection->simpleQuery('INSERT INTO `no...')
#3 C:\laragon\www\cipharmaplus\system\Database\BaseBuilder.php(2308): CodeIgniter\Database\BaseConnection->query('INSERT INTO `no...', Array, false)
#4 C:\laragon\www\cipharmaplus\system\Model.php(319): CodeIgniter\Database\BaseBuilder->insert()
#5 C:\laragon\www\cipharmaplus\system\BaseModel.php(788): CodeIgniter\Model->doInsert(Array)
#6 C:\laragon\www\cipharmaplus\system\Model.php(715): CodeIgniter\BaseModel->insert(Array, false)
#7 C:\laragon\www\cipharmaplus\system\BaseModel.php(698): CodeIgniter\Model->insert(Array, false)
#8 C:\laragon\www\cipharmaplus\app\Controllers\NotesController.php(39): CodeIgniter\BaseModel->save(Array)
#9 C:\laragon\www\cipharmaplus\system\CodeIgniter.php(919): App\Controllers\NotesController->AddNotes()
#10 C:\laragon\www\cipharmaplus\system\CodeIgniter.php(494): CodeIgniter\CodeIgniter->runController(Object(App\Controllers\NotesController))
#11 C:\laragon\www\cipharmaplus\system\CodeIgniter.php(353): CodeIgniter\CodeIgniter->handleRequest(NULL, Object(Config\Cache), false)
#12 C:\laragon\www\cipharmaplus\public\index.php(91): CodeIgniter\CodeIgniter->run()
#13 {main}
CRITICAL - 2023-12-14 11:06:53 --> Column 'user_id' cannot be null
in SYSTEMPATH\Database\BaseConnection.php on line 646.
 1 SYSTEMPATH\Database\BaseBuilder.php(2308): CodeIgniter\Database\BaseConnection->query('INSERT INTO `notes_tbl` (`user_id`, `note_title`, `note_content`, `status`, `created_at`) VALUES (:user_id:, :note_title:, :note_content:, :status:, :created_at:)', [...], false)
 2 SYSTEMPATH\Model.php(319): CodeIgniter\Database\BaseBuilder->insert()
 3 SYSTEMPATH\BaseModel.php(788): CodeIgniter\Model->doInsert([...])
 4 SYSTEMPATH\Model.php(715): CodeIgniter\BaseModel->insert([...], false)
 5 SYSTEMPATH\BaseModel.php(698): CodeIgniter\Model->insert([...], false)
 6 APPPATH\Controllers\NotesController.php(39): CodeIgniter\BaseModel->save([...])
 7 SYSTEMPATH\CodeIgniter.php(919): App\Controllers\NotesController->AddNotes()
 8 SYSTEMPATH\CodeIgniter.php(494): CodeIgniter\CodeIgniter->runController(Object(App\Controllers\NotesController))
 9 SYSTEMPATH\CodeIgniter.php(353): CodeIgniter\CodeIgniter->handleRequest(null, Object(Config\Cache), false)
10 FCPATH\index.php(91): CodeIgniter\CodeIgniter->run()
ERROR - 2023-12-14 11:07:02 --> mysqli_sql_exception: Column 'user_id' cannot be null in C:\laragon\www\cipharmaplus\system\Database\MySQLi\Connection.php:306
Stack trace:
#0 C:\laragon\www\cipharmaplus\system\Database\MySQLi\Connection.php(306): mysqli->query('INSERT INTO `no...', 0)
#1 C:\laragon\www\cipharmaplus\system\Database\BaseConnection.php(692): CodeIgniter\Database\MySQLi\Connection->execute('INSERT INTO `no...')
#2 C:\laragon\www\cipharmaplus\system\Database\BaseConnection.php(606): CodeIgniter\Database\BaseConnection->simpleQuery('INSERT INTO `no...')
#3 C:\laragon\www\cipharmaplus\system\Database\BaseBuilder.php(2308): CodeIgniter\Database\BaseConnection->query('INSERT INTO `no...', Array, false)
#4 C:\laragon\www\cipharmaplus\system\Model.php(319): CodeIgniter\Database\BaseBuilder->insert()
#5 C:\laragon\www\cipharmaplus\system\BaseModel.php(788): CodeIgniter\Model->doInsert(Array)
#6 C:\laragon\www\cipharmaplus\system\Model.php(715): CodeIgniter\BaseModel->insert(Array, false)
#7 C:\laragon\www\cipharmaplus\system\BaseModel.php(698): CodeIgniter\Model->insert(Array, false)
#8 C:\laragon\www\cipharmaplus\app\Controllers\NotesController.php(39): CodeIgniter\BaseModel->save(Array)
#9 C:\laragon\www\cipharmaplus\system\CodeIgniter.php(919): App\Controllers\NotesController->AddNotes()
#10 C:\laragon\www\cipharmaplus\system\CodeIgniter.php(494): CodeIgniter\CodeIgniter->runController(Object(App\Controllers\NotesController))
#11 C:\laragon\www\cipharmaplus\system\CodeIgniter.php(353): CodeIgniter\CodeIgniter->handleRequest(NULL, Object(Config\Cache), false)
#12 C:\laragon\www\cipharmaplus\public\index.php(91): CodeIgniter\CodeIgniter->run()
#13 {main}
CRITICAL - 2023-12-14 11:07:02 --> Column 'user_id' cannot be null
in SYSTEMPATH\Database\BaseConnection.php on line 646.
 1 SYSTEMPATH\Database\BaseBuilder.php(2308): CodeIgniter\Database\BaseConnection->query('INSERT INTO `notes_tbl` (`user_id`, `note_title`, `note_content`, `status`, `created_at`) VALUES (:user_id:, :note_title:, :note_content:, :status:, :created_at:)', [...], false)
 2 SYSTEMPATH\Model.php(319): CodeIgniter\Database\BaseBuilder->insert()
 3 SYSTEMPATH\BaseModel.php(788): CodeIgniter\Model->doInsert([...])
 4 SYSTEMPATH\Model.php(715): CodeIgniter\BaseModel->insert([...], false)
 5 SYSTEMPATH\BaseModel.php(698): CodeIgniter\Model->insert([...], false)
 6 APPPATH\Controllers\NotesController.php(39): CodeIgniter\BaseModel->save([...])
 7 SYSTEMPATH\CodeIgniter.php(919): App\Controllers\NotesController->AddNotes()
 8 SYSTEMPATH\CodeIgniter.php(494): CodeIgniter\CodeIgniter->runController(Object(App\Controllers\NotesController))
 9 SYSTEMPATH\CodeIgniter.php(353): CodeIgniter\CodeIgniter->handleRequest(null, Object(Config\Cache), false)
10 FCPATH\index.php(91): CodeIgniter\CodeIgniter->run()
ERROR - 2023-12-14 11:07:18 --> mysqli_sql_exception: Column 'user_id' cannot be null in C:\laragon\www\cipharmaplus\system\Database\MySQLi\Connection.php:306
Stack trace:
#0 C:\laragon\www\cipharmaplus\system\Database\MySQLi\Connection.php(306): mysqli->query('INSERT INTO `no...', 0)
#1 C:\laragon\www\cipharmaplus\system\Database\BaseConnection.php(692): CodeIgniter\Database\MySQLi\Connection->execute('INSERT INTO `no...')
#2 C:\laragon\www\cipharmaplus\system\Database\BaseConnection.php(606): CodeIgniter\Database\BaseConnection->simpleQuery('INSERT INTO `no...')
#3 C:\laragon\www\cipharmaplus\system\Database\BaseBuilder.php(2308): CodeIgniter\Database\BaseConnection->query('INSERT INTO `no...', Array, false)
#4 C:\laragon\www\cipharmaplus\system\Model.php(319): CodeIgniter\Database\BaseBuilder->insert()
#5 C:\laragon\www\cipharmaplus\system\BaseModel.php(788): CodeIgniter\Model->doInsert(Array)
#6 C:\laragon\www\cipharmaplus\system\Model.php(715): CodeIgniter\BaseModel->insert(Array, false)
#7 C:\laragon\www\cipharmaplus\system\BaseModel.php(698): CodeIgniter\Model->insert(Array, false)
#8 C:\laragon\www\cipharmaplus\app\Controllers\NotesController.php(39): CodeIgniter\BaseModel->save(Array)
#9 C:\laragon\www\cipharmaplus\system\CodeIgniter.php(919): App\Controllers\NotesController->AddNotes()
#10 C:\laragon\www\cipharmaplus\system\CodeIgniter.php(494): CodeIgniter\CodeIgniter->runController(Object(App\Controllers\NotesController))
#11 C:\laragon\www\cipharmaplus\system\CodeIgniter.php(353): CodeIgniter\CodeIgniter->handleRequest(NULL, Object(Config\Cache), false)
#12 C:\laragon\www\cipharmaplus\public\index.php(91): CodeIgniter\CodeIgniter->run()
#13 {main}
CRITICAL - 2023-12-14 11:07:18 --> Column 'user_id' cannot be null
in SYSTEMPATH\Database\BaseConnection.php on line 646.
 1 SYSTEMPATH\Database\BaseBuilder.php(2308): CodeIgniter\Database\BaseConnection->query('INSERT INTO `notes_tbl` (`user_id`, `note_title`, `note_content`, `status`, `created_at`) VALUES (:user_id:, :note_title:, :note_content:, :status:, :created_at:)', [...], false)
 2 SYSTEMPATH\Model.php(319): CodeIgniter\Database\BaseBuilder->insert()
 3 SYSTEMPATH\BaseModel.php(788): CodeIgniter\Model->doInsert([...])
 4 SYSTEMPATH\Model.php(715): CodeIgniter\BaseModel->insert([...], false)
 5 SYSTEMPATH\BaseModel.php(698): CodeIgniter\Model->insert([...], false)
 6 APPPATH\Controllers\NotesController.php(39): CodeIgniter\BaseModel->save([...])
 7 SYSTEMPATH\CodeIgniter.php(919): App\Controllers\NotesController->AddNotes()
 8 SYSTEMPATH\CodeIgniter.php(494): CodeIgniter\CodeIgniter->runController(Object(App\Controllers\NotesController))
 9 SYSTEMPATH\CodeIgniter.php(353): CodeIgniter\CodeIgniter->handleRequest(null, Object(Config\Cache), false)
10 FCPATH\index.php(91): CodeIgniter\CodeIgniter->run()
ERROR - 2023-12-14 11:07:30 --> mysqli_sql_exception: Column 'user_id' cannot be null in C:\laragon\www\cipharmaplus\system\Database\MySQLi\Connection.php:306
Stack trace:
#0 C:\laragon\www\cipharmaplus\system\Database\MySQLi\Connection.php(306): mysqli->query('INSERT INTO `no...', 0)
#1 C:\laragon\www\cipharmaplus\system\Database\BaseConnection.php(692): CodeIgniter\Database\MySQLi\Connection->execute('INSERT INTO `no...')
#2 C:\laragon\www\cipharmaplus\system\Database\BaseConnection.php(606): CodeIgniter\Database\BaseConnection->simpleQuery('INSERT INTO `no...')
#3 C:\laragon\www\cipharmaplus\system\Database\BaseBuilder.php(2308): CodeIgniter\Database\BaseConnection->query('INSERT INTO `no...', Array, false)
#4 C:\laragon\www\cipharmaplus\system\Model.php(319): CodeIgniter\Database\BaseBuilder->insert()
#5 C:\laragon\www\cipharmaplus\system\BaseModel.php(788): CodeIgniter\Model->doInsert(Array)
#6 C:\laragon\www\cipharmaplus\system\Model.php(715): CodeIgniter\BaseModel->insert(Array, false)
#7 C:\laragon\www\cipharmaplus\system\BaseModel.php(698): CodeIgniter\Model->insert(Array, false)
#8 C:\laragon\www\cipharmaplus\app\Controllers\NotesController.php(39): CodeIgniter\BaseModel->save(Array)
#9 C:\laragon\www\cipharmaplus\system\CodeIgniter.php(919): App\Controllers\NotesController->AddNotes()
#10 C:\laragon\www\cipharmaplus\system\CodeIgniter.php(494): CodeIgniter\CodeIgniter->runController(Object(App\Controllers\NotesController))
#11 C:\laragon\www\cipharmaplus\system\CodeIgniter.php(353): CodeIgniter\CodeIgniter->handleRequest(NULL, Object(Config\Cache), false)
#12 C:\laragon\www\cipharmaplus\public\index.php(91): CodeIgniter\CodeIgniter->run()
#13 {main}
CRITICAL - 2023-12-14 11:07:30 --> Column 'user_id' cannot be null
in SYSTEMPATH\Database\BaseConnection.php on line 646.
 1 SYSTEMPATH\Database\BaseBuilder.php(2308): CodeIgniter\Database\BaseConnection->query('INSERT INTO `notes_tbl` (`user_id`, `note_title`, `note_content`, `status`, `created_at`) VALUES (:user_id:, :note_title:, :note_content:, :status:, :created_at:)', [...], false)
 2 SYSTEMPATH\Model.php(319): CodeIgniter\Database\BaseBuilder->insert()
 3 SYSTEMPATH\BaseModel.php(788): CodeIgniter\Model->doInsert([...])
 4 SYSTEMPATH\Model.php(715): CodeIgniter\BaseModel->insert([...], false)
 5 SYSTEMPATH\BaseModel.php(698): CodeIgniter\Model->insert([...], false)
 6 APPPATH\Controllers\NotesController.php(39): CodeIgniter\BaseModel->save([...])
 7 SYSTEMPATH\CodeIgniter.php(919): App\Controllers\NotesController->AddNotes()
 8 SYSTEMPATH\CodeIgniter.php(494): CodeIgniter\CodeIgniter->runController(Object(App\Controllers\NotesController))
 9 SYSTEMPATH\CodeIgniter.php(353): CodeIgniter\CodeIgniter->handleRequest(null, Object(Config\Cache), false)
10 FCPATH\index.php(91): CodeIgniter\CodeIgniter->run()
ERROR - 2023-12-14 11:16:06 --> mysqli_sql_exception: Column 'user_id' cannot be null in C:\laragon\www\cipharmaplus\system\Database\MySQLi\Connection.php:306
Stack trace:
#0 C:\laragon\www\cipharmaplus\system\Database\MySQLi\Connection.php(306): mysqli->query('INSERT INTO `no...', 0)
#1 C:\laragon\www\cipharmaplus\system\Database\BaseConnection.php(692): CodeIgniter\Database\MySQLi\Connection->execute('INSERT INTO `no...')
#2 C:\laragon\www\cipharmaplus\system\Database\BaseConnection.php(606): CodeIgniter\Database\BaseConnection->simpleQuery('INSERT INTO `no...')
#3 C:\laragon\www\cipharmaplus\system\Database\BaseBuilder.php(2308): CodeIgniter\Database\BaseConnection->query('INSERT INTO `no...', Array, false)
#4 C:\laragon\www\cipharmaplus\system\Model.php(319): CodeIgniter\Database\BaseBuilder->insert()
#5 C:\laragon\www\cipharmaplus\system\BaseModel.php(788): CodeIgniter\Model->doInsert(Array)
#6 C:\laragon\www\cipharmaplus\system\Model.php(715): CodeIgniter\BaseModel->insert(Array, false)
#7 C:\laragon\www\cipharmaplus\system\BaseModel.php(698): CodeIgniter\Model->insert(Array, false)
#8 C:\laragon\www\cipharmaplus\app\Controllers\NotesController.php(39): CodeIgniter\BaseModel->save(Array)
#9 C:\laragon\www\cipharmaplus\system\CodeIgniter.php(919): App\Controllers\NotesController->AddNotes()
#10 C:\laragon\www\cipharmaplus\system\CodeIgniter.php(494): CodeIgniter\CodeIgniter->runController(Object(App\Controllers\NotesController))
#11 C:\laragon\www\cipharmaplus\system\CodeIgniter.php(353): CodeIgniter\CodeIgniter->handleRequest(NULL, Object(Config\Cache), false)
#12 C:\laragon\www\cipharmaplus\public\index.php(91): CodeIgniter\CodeIgniter->run()
#13 {main}
CRITICAL - 2023-12-14 11:16:06 --> Column 'user_id' cannot be null
in SYSTEMPATH\Database\BaseConnection.php on line 646.
 1 SYSTEMPATH\Database\BaseBuilder.php(2308): CodeIgniter\Database\BaseConnection->query('INSERT INTO `notes_tbl` (`user_id`, `note_title`, `note_content`, `status`, `created_at`) VALUES (:user_id:, :note_title:, :note_content:, :status:, :created_at:)', [...], false)
 2 SYSTEMPATH\Model.php(319): CodeIgniter\Database\BaseBuilder->insert()
 3 SYSTEMPATH\BaseModel.php(788): CodeIgniter\Model->doInsert([...])
 4 SYSTEMPATH\Model.php(715): CodeIgniter\BaseModel->insert([...], false)
 5 SYSTEMPATH\BaseModel.php(698): CodeIgniter\Model->insert([...], false)
 6 APPPATH\Controllers\NotesController.php(39): CodeIgniter\BaseModel->save([...])
 7 SYSTEMPATH\CodeIgniter.php(919): App\Controllers\NotesController->AddNotes()
 8 SYSTEMPATH\CodeIgniter.php(494): CodeIgniter\CodeIgniter->runController(Object(App\Controllers\NotesController))
 9 SYSTEMPATH\CodeIgniter.php(353): CodeIgniter\CodeIgniter->handleRequest(null, Object(Config\Cache), false)
10 FCPATH\index.php(91): CodeIgniter\CodeIgniter->run()
ERROR - 2023-12-14 11:19:18 --> mysqli_sql_exception: Column 'user_id' cannot be null in C:\laragon\www\cipharmaplus\system\Database\MySQLi\Connection.php:306
Stack trace:
#0 C:\laragon\www\cipharmaplus\system\Database\MySQLi\Connection.php(306): mysqli->query('INSERT INTO `no...', 0)
#1 C:\laragon\www\cipharmaplus\system\Database\BaseConnection.php(692): CodeIgniter\Database\MySQLi\Connection->execute('INSERT INTO `no...')
#2 C:\laragon\www\cipharmaplus\system\Database\BaseConnection.php(606): CodeIgniter\Database\BaseConnection->simpleQuery('INSERT INTO `no...')
#3 C:\laragon\www\cipharmaplus\system\Database\BaseBuilder.php(2308): CodeIgniter\Database\BaseConnection->query('INSERT INTO `no...', Array, false)
#4 C:\laragon\www\cipharmaplus\system\Model.php(319): CodeIgniter\Database\BaseBuilder->insert()
#5 C:\laragon\www\cipharmaplus\system\BaseModel.php(788): CodeIgniter\Model->doInsert(Array)
#6 C:\laragon\www\cipharmaplus\system\Model.php(715): CodeIgniter\BaseModel->insert(Array, false)
#7 C:\laragon\www\cipharmaplus\system\BaseModel.php(698): CodeIgniter\Model->insert(Array, false)
#8 C:\laragon\www\cipharmaplus\app\Controllers\NotesController.php(39): CodeIgniter\BaseModel->save(Array)
#9 C:\laragon\www\cipharmaplus\system\CodeIgniter.php(919): App\Controllers\NotesController->AddNotes()
#10 C:\laragon\www\cipharmaplus\system\CodeIgniter.php(494): CodeIgniter\CodeIgniter->runController(Object(App\Controllers\NotesController))
#11 C:\laragon\www\cipharmaplus\system\CodeIgniter.php(353): CodeIgniter\CodeIgniter->handleRequest(NULL, Object(Config\Cache), false)
#12 C:\laragon\www\cipharmaplus\public\index.php(91): CodeIgniter\CodeIgniter->run()
#13 {main}
CRITICAL - 2023-12-14 11:19:18 --> Column 'user_id' cannot be null
in SYSTEMPATH\Database\BaseConnection.php on line 646.
 1 SYSTEMPATH\Database\BaseBuilder.php(2308): CodeIgniter\Database\BaseConnection->query('INSERT INTO `notes_tbl` (`user_id`, `note_title`, `note_content`, `status`, `created_at`) VALUES (:user_id:, :note_title:, :note_content:, :status:, :created_at:)', [...], false)
 2 SYSTEMPATH\Model.php(319): CodeIgniter\Database\BaseBuilder->insert()
 3 SYSTEMPATH\BaseModel.php(788): CodeIgniter\Model->doInsert([...])
 4 SYSTEMPATH\Model.php(715): CodeIgniter\BaseModel->insert([...], false)
 5 SYSTEMPATH\BaseModel.php(698): CodeIgniter\Model->insert([...], false)
 6 APPPATH\Controllers\NotesController.php(39): CodeIgniter\BaseModel->save([...])
 7 SYSTEMPATH\CodeIgniter.php(919): App\Controllers\NotesController->AddNotes()
 8 SYSTEMPATH\CodeIgniter.php(494): CodeIgniter\CodeIgniter->runController(Object(App\Controllers\NotesController))
 9 SYSTEMPATH\CodeIgniter.php(353): CodeIgniter\CodeIgniter->handleRequest(null, Object(Config\Cache), false)
10 FCPATH\index.php(91): CodeIgniter\CodeIgniter->run()
ERROR - 2023-12-14 11:20:21 --> mysqli_sql_exception: Column 'user_id' cannot be null in C:\laragon\www\cipharmaplus\system\Database\MySQLi\Connection.php:306
Stack trace:
#0 C:\laragon\www\cipharmaplus\system\Database\MySQLi\Connection.php(306): mysqli->query('INSERT INTO `no...', 0)
#1 C:\laragon\www\cipharmaplus\system\Database\BaseConnection.php(692): CodeIgniter\Database\MySQLi\Connection->execute('INSERT INTO `no...')
#2 C:\laragon\www\cipharmaplus\system\Database\BaseConnection.php(606): CodeIgniter\Database\BaseConnection->simpleQuery('INSERT INTO `no...')
#3 C:\laragon\www\cipharmaplus\system\Database\BaseBuilder.php(2308): CodeIgniter\Database\BaseConnection->query('INSERT INTO `no...', Array, false)
#4 C:\laragon\www\cipharmaplus\system\Model.php(319): CodeIgniter\Database\BaseBuilder->insert()
#5 C:\laragon\www\cipharmaplus\system\BaseModel.php(788): CodeIgniter\Model->doInsert(Array)
#6 C:\laragon\www\cipharmaplus\system\Model.php(715): CodeIgniter\BaseModel->insert(Array, false)
#7 C:\laragon\www\cipharmaplus\system\BaseModel.php(698): CodeIgniter\Model->insert(Array, false)
#8 C:\laragon\www\cipharmaplus\app\Controllers\NotesController.php(39): CodeIgniter\BaseModel->save(Array)
#9 C:\laragon\www\cipharmaplus\system\CodeIgniter.php(919): App\Controllers\NotesController->AddNotes()
#10 C:\laragon\www\cipharmaplus\system\CodeIgniter.php(494): CodeIgniter\CodeIgniter->runController(Object(App\Controllers\NotesController))
#11 C:\laragon\www\cipharmaplus\system\CodeIgniter.php(353): CodeIgniter\CodeIgniter->handleRequest(NULL, Object(Config\Cache), false)
#12 C:\laragon\www\cipharmaplus\public\index.php(91): CodeIgniter\CodeIgniter->run()
#13 {main}
CRITICAL - 2023-12-14 11:20:21 --> Column 'user_id' cannot be null
in SYSTEMPATH\Database\BaseConnection.php on line 646.
 1 SYSTEMPATH\Database\BaseBuilder.php(2308): CodeIgniter\Database\BaseConnection->query('INSERT INTO `notes_tbl` (`user_id`, `note_title`, `note_content`, `status`, `created_at`) VALUES (:user_id:, :note_title:, :note_content:, :status:, :created_at:)', [...], false)
 2 SYSTEMPATH\Model.php(319): CodeIgniter\Database\BaseBuilder->insert()
 3 SYSTEMPATH\BaseModel.php(788): CodeIgniter\Model->doInsert([...])
 4 SYSTEMPATH\Model.php(715): CodeIgniter\BaseModel->insert([...], false)
 5 SYSTEMPATH\BaseModel.php(698): CodeIgniter\Model->insert([...], false)
 6 APPPATH\Controllers\NotesController.php(39): CodeIgniter\BaseModel->save([...])
 7 SYSTEMPATH\CodeIgniter.php(919): App\Controllers\NotesController->AddNotes()
 8 SYSTEMPATH\CodeIgniter.php(494): CodeIgniter\CodeIgniter->runController(Object(App\Controllers\NotesController))
 9 SYSTEMPATH\CodeIgniter.php(353): CodeIgniter\CodeIgniter->handleRequest(null, Object(Config\Cache), false)
10 FCPATH\index.php(91): CodeIgniter\CodeIgniter->run()
ERROR - 2023-12-14 11:31:40 --> mysqli_sql_exception: Column 'user_id' cannot be null in C:\laragon\www\cipharmaplus\system\Database\MySQLi\Connection.php:306
Stack trace:
#0 C:\laragon\www\cipharmaplus\system\Database\MySQLi\Connection.php(306): mysqli->query('INSERT INTO `no...', 0)
#1 C:\laragon\www\cipharmaplus\system\Database\BaseConnection.php(692): CodeIgniter\Database\MySQLi\Connection->execute('INSERT INTO `no...')
#2 C:\laragon\www\cipharmaplus\system\Database\BaseConnection.php(606): CodeIgniter\Database\BaseConnection->simpleQuery('INSERT INTO `no...')
#3 C:\laragon\www\cipharmaplus\system\Database\BaseBuilder.php(2308): CodeIgniter\Database\BaseConnection->query('INSERT INTO `no...', Array, false)
#4 C:\laragon\www\cipharmaplus\system\Model.php(319): CodeIgniter\Database\BaseBuilder->insert()
#5 C:\laragon\www\cipharmaplus\system\BaseModel.php(788): CodeIgniter\Model->doInsert(Array)
#6 C:\laragon\www\cipharmaplus\system\Model.php(715): CodeIgniter\BaseModel->insert(Array, false)
#7 C:\laragon\www\cipharmaplus\system\BaseModel.php(698): CodeIgniter\Model->insert(Array, false)
#8 C:\laragon\www\cipharmaplus\app\Controllers\NotesController.php(39): CodeIgniter\BaseModel->save(Array)
#9 C:\laragon\www\cipharmaplus\system\CodeIgniter.php(919): App\Controllers\NotesController->AddNotes()
#10 C:\laragon\www\cipharmaplus\system\CodeIgniter.php(494): CodeIgniter\CodeIgniter->runController(Object(App\Controllers\NotesController))
#11 C:\laragon\www\cipharmaplus\system\CodeIgniter.php(353): CodeIgniter\CodeIgniter->handleRequest(NULL, Object(Config\Cache), false)
#12 C:\laragon\www\cipharmaplus\public\index.php(91): CodeIgniter\CodeIgniter->run()
#13 {main}
CRITICAL - 2023-12-14 11:31:40 --> Column 'user_id' cannot be null
in SYSTEMPATH\Database\BaseConnection.php on line 646.
 1 SYSTEMPATH\Database\BaseBuilder.php(2308): CodeIgniter\Database\BaseConnection->query('INSERT INTO `notes_tbl` (`user_id`, `note_title`, `note_content`, `status`, `created_at`) VALUES (:user_id:, :note_title:, :note_content:, :status:, :created_at:)', [...], false)
 2 SYSTEMPATH\Model.php(319): CodeIgniter\Database\BaseBuilder->insert()
 3 SYSTEMPATH\BaseModel.php(788): CodeIgniter\Model->doInsert([...])
 4 SYSTEMPATH\Model.php(715): CodeIgniter\BaseModel->insert([...], false)
 5 SYSTEMPATH\BaseModel.php(698): CodeIgniter\Model->insert([...], false)
 6 APPPATH\Controllers\NotesController.php(39): CodeIgniter\BaseModel->save([...])
 7 SYSTEMPATH\CodeIgniter.php(919): App\Controllers\NotesController->AddNotes()
 8 SYSTEMPATH\CodeIgniter.php(494): CodeIgniter\CodeIgniter->runController(Object(App\Controllers\NotesController))
 9 SYSTEMPATH\CodeIgniter.php(353): CodeIgniter\CodeIgniter->handleRequest(null, Object(Config\Cache), false)
10 FCPATH\index.php(91): CodeIgniter\CodeIgniter->run()
