CRITICAL - 2024-01-19 02:44:20 --> Trying to access array offset on value of type null
in APPPATH\Controllers\CurrentTransactionController.php on line 37.
 1 APPPATH\Controllers\CurrentTransactionController.php(37): CodeIgniter\Debug\Exceptions->errorHandler(2, 'Trying to access array offset on value of type null', 'C:\\laragon\\www\\cipharmaplus\\app\\Controllers\\CurrentTransactionController.php', 37)
 2 SYSTEMPATH\CodeIgniter.php(919): App\Controllers\CurrentTransactionController->CurrentTransactionList('null', 'LKZXwZOTcF')
 3 SYSTEMPATH\CodeIgniter.php(494): CodeIgniter\CodeIgniter->runController(Object(App\Controllers\CurrentTransactionController))
 4 SYSTEMPATH\CodeIgniter.php(353): CodeIgniter\CodeIgniter->handleRequest(null, Object(Config\Cache), false)
 5 FCPATH\index.php(91): CodeIgniter\CodeIgniter->run()
CRITICAL - 2024-01-19 02:44:21 --> Trying to access array offset on value of type null
in APPPATH\Controllers\CurrentTransactionController.php on line 37.
 1 APPPATH\Controllers\CurrentTransactionController.php(37): CodeIgniter\Debug\Exceptions->errorHandler(2, 'Trying to access array offset on value of type null', 'C:\\laragon\\www\\cipharmaplus\\app\\Controllers\\CurrentTransactionController.php', 37)
 2 SYSTEMPATH\CodeIgniter.php(919): App\Controllers\CurrentTransactionController->CurrentTransactionList('null', 'LKZXwZOTcF')
 3 SYSTEMPATH\CodeIgniter.php(494): CodeIgniter\CodeIgniter->runController(Object(App\Controllers\CurrentTransactionController))
 4 SYSTEMPATH\CodeIgniter.php(353): CodeIgniter\CodeIgniter->handleRequest(null, Object(Config\Cache), false)
 5 FCPATH\index.php(91): CodeIgniter\CodeIgniter->run()
CRITICAL - 2024-01-19 02:44:22 --> Trying to access array offset on value of type null
in APPPATH\Controllers\CurrentTransactionController.php on line 37.
 1 APPPATH\Controllers\CurrentTransactionController.php(37): CodeIgniter\Debug\Exceptions->errorHandler(2, 'Trying to access array offset on value of type null', 'C:\\laragon\\www\\cipharmaplus\\app\\Controllers\\CurrentTransactionController.php', 37)
 2 SYSTEMPATH\CodeIgniter.php(919): App\Controllers\CurrentTransactionController->CurrentTransactionList('null', 'LKZXwZOTcF')
 3 SYSTEMPATH\CodeIgniter.php(494): CodeIgniter\CodeIgniter->runController(Object(App\Controllers\CurrentTransactionController))
 4 SYSTEMPATH\CodeIgniter.php(353): CodeIgniter\CodeIgniter->handleRequest(null, Object(Config\Cache), false)
 5 FCPATH\index.php(91): CodeIgniter\CodeIgniter->run()
CRITICAL - 2024-01-19 02:44:23 --> Trying to access array offset on value of type null
in APPPATH\Controllers\CurrentTransactionController.php on line 37.
 1 APPPATH\Controllers\CurrentTransactionController.php(37): CodeIgniter\Debug\Exceptions->errorHandler(2, 'Trying to access array offset on value of type null', 'C:\\laragon\\www\\cipharmaplus\\app\\Controllers\\CurrentTransactionController.php', 37)
 2 SYSTEMPATH\CodeIgniter.php(919): App\Controllers\CurrentTransactionController->CurrentTransactionList('null', 'LKZXwZOTcF')
 3 SYSTEMPATH\CodeIgniter.php(494): CodeIgniter\CodeIgniter->runController(Object(App\Controllers\CurrentTransactionController))
 4 SYSTEMPATH\CodeIgniter.php(353): CodeIgniter\CodeIgniter->handleRequest(null, Object(Config\Cache), false)
 5 FCPATH\index.php(91): CodeIgniter\CodeIgniter->run()
CRITICAL - 2024-01-19 02:44:24 --> Trying to access array offset on value of type null
in APPPATH\Controllers\CurrentTransactionController.php on line 37.
 1 APPPATH\Controllers\CurrentTransactionController.php(37): CodeIgniter\Debug\Exceptions->errorHandler(2, 'Trying to access array offset on value of type null', 'C:\\laragon\\www\\cipharmaplus\\app\\Controllers\\CurrentTransactionController.php', 37)
 2 SYSTEMPATH\CodeIgniter.php(919): App\Controllers\CurrentTransactionController->CurrentTransactionList('null', 'LKZXwZOTcF')
 3 SYSTEMPATH\CodeIgniter.php(494): CodeIgniter\CodeIgniter->runController(Object(App\Controllers\CurrentTransactionController))
 4 SYSTEMPATH\CodeIgniter.php(353): CodeIgniter\CodeIgniter->handleRequest(null, Object(Config\Cache), false)
 5 FCPATH\index.php(91): CodeIgniter\CodeIgniter->run()
CRITICAL - 2024-01-19 02:44:25 --> Trying to access array offset on value of type null
in APPPATH\Controllers\CurrentTransactionController.php on line 37.
 1 APPPATH\Controllers\CurrentTransactionController.php(37): CodeIgniter\Debug\Exceptions->errorHandler(2, 'Trying to access array offset on value of type null', 'C:\\laragon\\www\\cipharmaplus\\app\\Controllers\\CurrentTransactionController.php', 37)
 2 SYSTEMPATH\CodeIgniter.php(919): App\Controllers\CurrentTransactionController->CurrentTransactionList('null', 'LKZXwZOTcF')
 3 SYSTEMPATH\CodeIgniter.php(494): CodeIgniter\CodeIgniter->runController(Object(App\Controllers\CurrentTransactionController))
 4 SYSTEMPATH\CodeIgniter.php(353): CodeIgniter\CodeIgniter->handleRequest(null, Object(Config\Cache), false)
 5 FCPATH\index.php(91): CodeIgniter\CodeIgniter->run()
CRITICAL - 2024-01-19 02:44:26 --> Trying to access array offset on value of type null
in APPPATH\Controllers\CurrentTransactionController.php on line 37.
 1 APPPATH\Controllers\CurrentTransactionController.php(37): CodeIgniter\Debug\Exceptions->errorHandler(2, 'Trying to access array offset on value of type null', 'C:\\laragon\\www\\cipharmaplus\\app\\Controllers\\CurrentTransactionController.php', 37)
 2 SYSTEMPATH\CodeIgniter.php(919): App\Controllers\CurrentTransactionController->CurrentTransactionList('null', 'LKZXwZOTcF')
 3 SYSTEMPATH\CodeIgniter.php(494): CodeIgniter\CodeIgniter->runController(Object(App\Controllers\CurrentTransactionController))
 4 SYSTEMPATH\CodeIgniter.php(353): CodeIgniter\CodeIgniter->handleRequest(null, Object(Config\Cache), false)
 5 FCPATH\index.php(91): CodeIgniter\CodeIgniter->run()
CRITICAL - 2024-01-19 02:44:27 --> Trying to access array offset on value of type null
in APPPATH\Controllers\CurrentTransactionController.php on line 37.
 1 APPPATH\Controllers\CurrentTransactionController.php(37): CodeIgniter\Debug\Exceptions->errorHandler(2, 'Trying to access array offset on value of type null', 'C:\\laragon\\www\\cipharmaplus\\app\\Controllers\\CurrentTransactionController.php', 37)
 2 SYSTEMPATH\CodeIgniter.php(919): App\Controllers\CurrentTransactionController->CurrentTransactionList('null', 'LKZXwZOTcF')
 3 SYSTEMPATH\CodeIgniter.php(494): CodeIgniter\CodeIgniter->runController(Object(App\Controllers\CurrentTransactionController))
 4 SYSTEMPATH\CodeIgniter.php(353): CodeIgniter\CodeIgniter->handleRequest(null, Object(Config\Cache), false)
 5 FCPATH\index.php(91): CodeIgniter\CodeIgniter->run()
CRITICAL - 2024-01-19 02:44:28 --> Trying to access array offset on value of type null
in APPPATH\Controllers\CurrentTransactionController.php on line 37.
 1 APPPATH\Controllers\CurrentTransactionController.php(37): CodeIgniter\Debug\Exceptions->errorHandler(2, 'Trying to access array offset on value of type null', 'C:\\laragon\\www\\cipharmaplus\\app\\Controllers\\CurrentTransactionController.php', 37)
 2 SYSTEMPATH\CodeIgniter.php(919): App\Controllers\CurrentTransactionController->CurrentTransactionList('null', 'LKZXwZOTcF')
 3 SYSTEMPATH\CodeIgniter.php(494): CodeIgniter\CodeIgniter->runController(Object(App\Controllers\CurrentTransactionController))
 4 SYSTEMPATH\CodeIgniter.php(353): CodeIgniter\CodeIgniter->handleRequest(null, Object(Config\Cache), false)
 5 FCPATH\index.php(91): CodeIgniter\CodeIgniter->run()
CRITICAL - 2024-01-19 02:44:29 --> Trying to access array offset on value of type null
in APPPATH\Controllers\CurrentTransactionController.php on line 37.
 1 APPPATH\Controllers\CurrentTransactionController.php(37): CodeIgniter\Debug\Exceptions->errorHandler(2, 'Trying to access array offset on value of type null', 'C:\\laragon\\www\\cipharmaplus\\app\\Controllers\\CurrentTransactionController.php', 37)
 2 SYSTEMPATH\CodeIgniter.php(919): App\Controllers\CurrentTransactionController->CurrentTransactionList('null', 'LKZXwZOTcF')
 3 SYSTEMPATH\CodeIgniter.php(494): CodeIgniter\CodeIgniter->runController(Object(App\Controllers\CurrentTransactionController))
 4 SYSTEMPATH\CodeIgniter.php(353): CodeIgniter\CodeIgniter->handleRequest(null, Object(Config\Cache), false)
 5 FCPATH\index.php(91): CodeIgniter\CodeIgniter->run()
CRITICAL - 2024-01-19 02:44:30 --> Trying to access array offset on value of type null
in APPPATH\Controllers\CurrentTransactionController.php on line 37.
 1 APPPATH\Controllers\CurrentTransactionController.php(37): CodeIgniter\Debug\Exceptions->errorHandler(2, 'Trying to access array offset on value of type null', 'C:\\laragon\\www\\cipharmaplus\\app\\Controllers\\CurrentTransactionController.php', 37)
 2 SYSTEMPATH\CodeIgniter.php(919): App\Controllers\CurrentTransactionController->CurrentTransactionList('null', 'LKZXwZOTcF')
 3 SYSTEMPATH\CodeIgniter.php(494): CodeIgniter\CodeIgniter->runController(Object(App\Controllers\CurrentTransactionController))
 4 SYSTEMPATH\CodeIgniter.php(353): CodeIgniter\CodeIgniter->handleRequest(null, Object(Config\Cache), false)
 5 FCPATH\index.php(91): CodeIgniter\CodeIgniter->run()
CRITICAL - 2024-01-19 02:44:31 --> Trying to access array offset on value of type null
in APPPATH\Controllers\CurrentTransactionController.php on line 37.
 1 APPPATH\Controllers\CurrentTransactionController.php(37): CodeIgniter\Debug\Exceptions->errorHandler(2, 'Trying to access array offset on value of type null', 'C:\\laragon\\www\\cipharmaplus\\app\\Controllers\\CurrentTransactionController.php', 37)
 2 SYSTEMPATH\CodeIgniter.php(919): App\Controllers\CurrentTransactionController->CurrentTransactionList('null', 'LKZXwZOTcF')
 3 SYSTEMPATH\CodeIgniter.php(494): CodeIgniter\CodeIgniter->runController(Object(App\Controllers\CurrentTransactionController))
 4 SYSTEMPATH\CodeIgniter.php(353): CodeIgniter\CodeIgniter->handleRequest(null, Object(Config\Cache), false)
 5 FCPATH\index.php(91): CodeIgniter\CodeIgniter->run()
CRITICAL - 2024-01-19 02:44:32 --> Trying to access array offset on value of type null
in APPPATH\Controllers\CurrentTransactionController.php on line 37.
 1 APPPATH\Controllers\CurrentTransactionController.php(37): CodeIgniter\Debug\Exceptions->errorHandler(2, 'Trying to access array offset on value of type null', 'C:\\laragon\\www\\cipharmaplus\\app\\Controllers\\CurrentTransactionController.php', 37)
 2 SYSTEMPATH\CodeIgniter.php(919): App\Controllers\CurrentTransactionController->CurrentTransactionList('null', 'LKZXwZOTcF')
 3 SYSTEMPATH\CodeIgniter.php(494): CodeIgniter\CodeIgniter->runController(Object(App\Controllers\CurrentTransactionController))
 4 SYSTEMPATH\CodeIgniter.php(353): CodeIgniter\CodeIgniter->handleRequest(null, Object(Config\Cache), false)
 5 FCPATH\index.php(91): CodeIgniter\CodeIgniter->run()
CRITICAL - 2024-01-19 02:44:33 --> Trying to access array offset on value of type null
in APPPATH\Controllers\CurrentTransactionController.php on line 37.
 1 APPPATH\Controllers\CurrentTransactionController.php(37): CodeIgniter\Debug\Exceptions->errorHandler(2, 'Trying to access array offset on value of type null', 'C:\\laragon\\www\\cipharmaplus\\app\\Controllers\\CurrentTransactionController.php', 37)
 2 SYSTEMPATH\CodeIgniter.php(919): App\Controllers\CurrentTransactionController->CurrentTransactionList('null', 'LKZXwZOTcF')
 3 SYSTEMPATH\CodeIgniter.php(494): CodeIgniter\CodeIgniter->runController(Object(App\Controllers\CurrentTransactionController))
 4 SYSTEMPATH\CodeIgniter.php(353): CodeIgniter\CodeIgniter->handleRequest(null, Object(Config\Cache), false)
 5 FCPATH\index.php(91): CodeIgniter\CodeIgniter->run()
CRITICAL - 2024-01-19 02:44:34 --> Trying to access array offset on value of type null
in APPPATH\Controllers\CurrentTransactionController.php on line 37.
 1 APPPATH\Controllers\CurrentTransactionController.php(37): CodeIgniter\Debug\Exceptions->errorHandler(2, 'Trying to access array offset on value of type null', 'C:\\laragon\\www\\cipharmaplus\\app\\Controllers\\CurrentTransactionController.php', 37)
 2 SYSTEMPATH\CodeIgniter.php(919): App\Controllers\CurrentTransactionController->CurrentTransactionList('null', 'LKZXwZOTcF')
 3 SYSTEMPATH\CodeIgniter.php(494): CodeIgniter\CodeIgniter->runController(Object(App\Controllers\CurrentTransactionController))
 4 SYSTEMPATH\CodeIgniter.php(353): CodeIgniter\CodeIgniter->handleRequest(null, Object(Config\Cache), false)
 5 FCPATH\index.php(91): CodeIgniter\CodeIgniter->run()
CRITICAL - 2024-01-19 16:26:37 --> syntax error, unexpected token "public", expecting "("
in APPPATH\Controllers\CurrentTransactionController.php on line 30.
 1 SYSTEMPATH\Autoloader\Autoloader.php(285): CodeIgniter\Autoloader\Autoloader->includeFile('C:\\laragon\\www\\cipharmaplus\\app\\Controllers\\CurrentTransactionController.php')
 2 SYSTEMPATH\Autoloader\Autoloader.php(263): CodeIgniter\Autoloader\Autoloader->loadInNamespace('App\\Controllers\\CurrentTransactionController')
 3 [internal function]: CodeIgniter\Autoloader\Autoloader->loadClass('App\\Controllers\\CurrentTransactionController')
 4 SYSTEMPATH\CodeIgniter.php(877): class_exists('\\App\\Controllers\\CurrentTransactionController', true)
 5 SYSTEMPATH\CodeIgniter.php(481): CodeIgniter\CodeIgniter->startController()
 6 SYSTEMPATH\CodeIgniter.php(353): CodeIgniter\CodeIgniter->handleRequest(null, Object(Config\Cache), false)
 7 FCPATH\index.php(91): CodeIgniter\CodeIgniter->run()
CRITICAL - 2024-01-19 16:26:37 --> syntax error, unexpected token "public", expecting "("
in APPPATH\Controllers\CurrentTransactionController.php on line 30.
 1 SYSTEMPATH\Autoloader\Autoloader.php(285): CodeIgniter\Autoloader\Autoloader->includeFile('C:\\laragon\\www\\cipharmaplus\\app\\Controllers\\CurrentTransactionController.php')
 2 SYSTEMPATH\Autoloader\Autoloader.php(263): CodeIgniter\Autoloader\Autoloader->loadInNamespace('App\\Controllers\\CurrentTransactionController')
 3 [internal function]: CodeIgniter\Autoloader\Autoloader->loadClass('App\\Controllers\\CurrentTransactionController')
 4 SYSTEMPATH\CodeIgniter.php(877): class_exists('\\App\\Controllers\\CurrentTransactionController', true)
 5 SYSTEMPATH\CodeIgniter.php(481): CodeIgniter\CodeIgniter->startController()
 6 SYSTEMPATH\CodeIgniter.php(353): CodeIgniter\CodeIgniter->handleRequest(null, Object(Config\Cache), false)
 7 FCPATH\index.php(91): CodeIgniter\CodeIgniter->run()
CRITICAL - 2024-01-19 16:26:37 --> syntax error, unexpected token "public", expecting "("
in APPPATH\Controllers\CurrentTransactionController.php on line 30.
 1 SYSTEMPATH\Autoloader\Autoloader.php(285): CodeIgniter\Autoloader\Autoloader->includeFile('C:\\laragon\\www\\cipharmaplus\\app\\Controllers\\CurrentTransactionController.php')
 2 SYSTEMPATH\Autoloader\Autoloader.php(263): CodeIgniter\Autoloader\Autoloader->loadInNamespace('App\\Controllers\\CurrentTransactionController')
 3 [internal function]: CodeIgniter\Autoloader\Autoloader->loadClass('App\\Controllers\\CurrentTransactionController')
 4 SYSTEMPATH\CodeIgniter.php(877): class_exists('\\App\\Controllers\\CurrentTransactionController', true)
 5 SYSTEMPATH\CodeIgniter.php(481): CodeIgniter\CodeIgniter->startController()
 6 SYSTEMPATH\CodeIgniter.php(353): CodeIgniter\CodeIgniter->handleRequest(null, Object(Config\Cache), false)
 7 FCPATH\index.php(91): CodeIgniter\CodeIgniter->run()
CRITICAL - 2024-01-19 16:26:37 --> syntax error, unexpected token "public", expecting "("
in APPPATH\Controllers\CurrentTransactionController.php on line 30.
 1 SYSTEMPATH\Autoloader\Autoloader.php(285): CodeIgniter\Autoloader\Autoloader->includeFile('C:\\laragon\\www\\cipharmaplus\\app\\Controllers\\CurrentTransactionController.php')
 2 SYSTEMPATH\Autoloader\Autoloader.php(263): CodeIgniter\Autoloader\Autoloader->loadInNamespace('App\\Controllers\\CurrentTransactionController')
 3 [internal function]: CodeIgniter\Autoloader\Autoloader->loadClass('App\\Controllers\\CurrentTransactionController')
 4 SYSTEMPATH\CodeIgniter.php(877): class_exists('\\App\\Controllers\\CurrentTransactionController', true)
 5 SYSTEMPATH\CodeIgniter.php(481): CodeIgniter\CodeIgniter->startController()
 6 SYSTEMPATH\CodeIgniter.php(353): CodeIgniter\CodeIgniter->handleRequest(null, Object(Config\Cache), false)
 7 FCPATH\index.php(91): CodeIgniter\CodeIgniter->run()
CRITICAL - 2024-01-19 16:26:37 --> syntax error, unexpected token "public", expecting "("
in APPPATH\Controllers\CurrentTransactionController.php on line 30.
 1 SYSTEMPATH\Autoloader\Autoloader.php(285): CodeIgniter\Autoloader\Autoloader->includeFile('C:\\laragon\\www\\cipharmaplus\\app\\Controllers\\CurrentTransactionController.php')
 2 SYSTEMPATH\Autoloader\Autoloader.php(263): CodeIgniter\Autoloader\Autoloader->loadInNamespace('App\\Controllers\\CurrentTransactionController')
 3 [internal function]: CodeIgniter\Autoloader\Autoloader->loadClass('App\\Controllers\\CurrentTransactionController')
 4 SYSTEMPATH\CodeIgniter.php(877): class_exists('\\App\\Controllers\\CurrentTransactionController', true)
 5 SYSTEMPATH\CodeIgniter.php(481): CodeIgniter\CodeIgniter->startController()
 6 SYSTEMPATH\CodeIgniter.php(353): CodeIgniter\CodeIgniter->handleRequest(null, Object(Config\Cache), false)
 7 FCPATH\index.php(91): CodeIgniter\CodeIgniter->run()
CRITICAL - 2024-01-19 16:26:38 --> syntax error, unexpected token "public", expecting "("
in APPPATH\Controllers\CurrentTransactionController.php on line 30.
 1 SYSTEMPATH\Autoloader\Autoloader.php(285): CodeIgniter\Autoloader\Autoloader->includeFile('C:\\laragon\\www\\cipharmaplus\\app\\Controllers\\CurrentTransactionController.php')
 2 SYSTEMPATH\Autoloader\Autoloader.php(263): CodeIgniter\Autoloader\Autoloader->loadInNamespace('App\\Controllers\\CurrentTransactionController')
 3 [internal function]: CodeIgniter\Autoloader\Autoloader->loadClass('App\\Controllers\\CurrentTransactionController')
 4 SYSTEMPATH\CodeIgniter.php(877): class_exists('\\App\\Controllers\\CurrentTransactionController', true)
 5 SYSTEMPATH\CodeIgniter.php(481): CodeIgniter\CodeIgniter->startController()
 6 SYSTEMPATH\CodeIgniter.php(353): CodeIgniter\CodeIgniter->handleRequest(null, Object(Config\Cache), false)
 7 FCPATH\index.php(91): CodeIgniter\CodeIgniter->run()
CRITICAL - 2024-01-19 16:26:38 --> syntax error, unexpected token "public", expecting "("
in APPPATH\Controllers\CurrentTransactionController.php on line 30.
 1 SYSTEMPATH\Autoloader\Autoloader.php(285): CodeIgniter\Autoloader\Autoloader->includeFile('C:\\laragon\\www\\cipharmaplus\\app\\Controllers\\CurrentTransactionController.php')
 2 SYSTEMPATH\Autoloader\Autoloader.php(263): CodeIgniter\Autoloader\Autoloader->loadInNamespace('App\\Controllers\\CurrentTransactionController')
 3 [internal function]: CodeIgniter\Autoloader\Autoloader->loadClass('App\\Controllers\\CurrentTransactionController')
 4 SYSTEMPATH\CodeIgniter.php(877): class_exists('\\App\\Controllers\\CurrentTransactionController', true)
 5 SYSTEMPATH\CodeIgniter.php(481): CodeIgniter\CodeIgniter->startController()
 6 SYSTEMPATH\CodeIgniter.php(353): CodeIgniter\CodeIgniter->handleRequest(null, Object(Config\Cache), false)
 7 FCPATH\index.php(91): CodeIgniter\CodeIgniter->run()
CRITICAL - 2024-01-19 16:27:35 --> syntax error, unexpected token "public", expecting "("
in APPPATH\Controllers\CurrentTransactionController.php on line 30.
 1 SYSTEMPATH\Autoloader\Autoloader.php(285): CodeIgniter\Autoloader\Autoloader->includeFile('C:\\laragon\\www\\cipharmaplus\\app\\Controllers\\CurrentTransactionController.php')
 2 SYSTEMPATH\Autoloader\Autoloader.php(263): CodeIgniter\Autoloader\Autoloader->loadInNamespace('App\\Controllers\\CurrentTransactionController')
 3 [internal function]: CodeIgniter\Autoloader\Autoloader->loadClass('App\\Controllers\\CurrentTransactionController')
 4 SYSTEMPATH\CodeIgniter.php(877): class_exists('\\App\\Controllers\\CurrentTransactionController', true)
 5 SYSTEMPATH\CodeIgniter.php(481): CodeIgniter\CodeIgniter->startController()
 6 SYSTEMPATH\CodeIgniter.php(353): CodeIgniter\CodeIgniter->handleRequest(null, Object(Config\Cache), false)
 7 FCPATH\index.php(91): CodeIgniter\CodeIgniter->run()
CRITICAL - 2024-01-19 16:27:35 --> syntax error, unexpected token "public", expecting "("
in APPPATH\Controllers\CurrentTransactionController.php on line 30.
 1 SYSTEMPATH\Autoloader\Autoloader.php(285): CodeIgniter\Autoloader\Autoloader->includeFile('C:\\laragon\\www\\cipharmaplus\\app\\Controllers\\CurrentTransactionController.php')
 2 SYSTEMPATH\Autoloader\Autoloader.php(263): CodeIgniter\Autoloader\Autoloader->loadInNamespace('App\\Controllers\\CurrentTransactionController')
 3 [internal function]: CodeIgniter\Autoloader\Autoloader->loadClass('App\\Controllers\\CurrentTransactionController')
 4 SYSTEMPATH\CodeIgniter.php(877): class_exists('\\App\\Controllers\\CurrentTransactionController', true)
 5 SYSTEMPATH\CodeIgniter.php(481): CodeIgniter\CodeIgniter->startController()
 6 SYSTEMPATH\CodeIgniter.php(353): CodeIgniter\CodeIgniter->handleRequest(null, Object(Config\Cache), false)
 7 FCPATH\index.php(91): CodeIgniter\CodeIgniter->run()
CRITICAL - 2024-01-19 16:27:35 --> syntax error, unexpected token "public", expecting "("
in APPPATH\Controllers\CurrentTransactionController.php on line 30.
 1 SYSTEMPATH\Autoloader\Autoloader.php(285): CodeIgniter\Autoloader\Autoloader->includeFile('C:\\laragon\\www\\cipharmaplus\\app\\Controllers\\CurrentTransactionController.php')
 2 SYSTEMPATH\Autoloader\Autoloader.php(263): CodeIgniter\Autoloader\Autoloader->loadInNamespace('App\\Controllers\\CurrentTransactionController')
 3 [internal function]: CodeIgniter\Autoloader\Autoloader->loadClass('App\\Controllers\\CurrentTransactionController')
 4 SYSTEMPATH\CodeIgniter.php(877): class_exists('\\App\\Controllers\\CurrentTransactionController', true)
 5 SYSTEMPATH\CodeIgniter.php(481): CodeIgniter\CodeIgniter->startController()
 6 SYSTEMPATH\CodeIgniter.php(353): CodeIgniter\CodeIgniter->handleRequest(null, Object(Config\Cache), false)
 7 FCPATH\index.php(91): CodeIgniter\CodeIgniter->run()
CRITICAL - 2024-01-19 16:27:36 --> syntax error, unexpected token "public", expecting "("
in APPPATH\Controllers\CurrentTransactionController.php on line 30.
 1 SYSTEMPATH\Autoloader\Autoloader.php(285): CodeIgniter\Autoloader\Autoloader->includeFile('C:\\laragon\\www\\cipharmaplus\\app\\Controllers\\CurrentTransactionController.php')
 2 SYSTEMPATH\Autoloader\Autoloader.php(263): CodeIgniter\Autoloader\Autoloader->loadInNamespace('App\\Controllers\\CurrentTransactionController')
 3 [internal function]: CodeIgniter\Autoloader\Autoloader->loadClass('App\\Controllers\\CurrentTransactionController')
 4 SYSTEMPATH\CodeIgniter.php(877): class_exists('\\App\\Controllers\\CurrentTransactionController', true)
 5 SYSTEMPATH\CodeIgniter.php(481): CodeIgniter\CodeIgniter->startController()
 6 SYSTEMPATH\CodeIgniter.php(353): CodeIgniter\CodeIgniter->handleRequest(null, Object(Config\Cache), false)
 7 FCPATH\index.php(91): CodeIgniter\CodeIgniter->run()
CRITICAL - 2024-01-19 16:27:36 --> syntax error, unexpected token "public", expecting "("
in APPPATH\Controllers\CurrentTransactionController.php on line 30.
 1 SYSTEMPATH\Autoloader\Autoloader.php(285): CodeIgniter\Autoloader\Autoloader->includeFile('C:\\laragon\\www\\cipharmaplus\\app\\Controllers\\CurrentTransactionController.php')
 2 SYSTEMPATH\Autoloader\Autoloader.php(263): CodeIgniter\Autoloader\Autoloader->loadInNamespace('App\\Controllers\\CurrentTransactionController')
 3 [internal function]: CodeIgniter\Autoloader\Autoloader->loadClass('App\\Controllers\\CurrentTransactionController')
 4 SYSTEMPATH\CodeIgniter.php(877): class_exists('\\App\\Controllers\\CurrentTransactionController', true)
 5 SYSTEMPATH\CodeIgniter.php(481): CodeIgniter\CodeIgniter->startController()
 6 SYSTEMPATH\CodeIgniter.php(353): CodeIgniter\CodeIgniter->handleRequest(null, Object(Config\Cache), false)
 7 FCPATH\index.php(91): CodeIgniter\CodeIgniter->run()
CRITICAL - 2024-01-19 16:27:36 --> syntax error, unexpected token "public", expecting "("
in APPPATH\Controllers\CurrentTransactionController.php on line 30.
 1 SYSTEMPATH\Autoloader\Autoloader.php(285): CodeIgniter\Autoloader\Autoloader->includeFile('C:\\laragon\\www\\cipharmaplus\\app\\Controllers\\CurrentTransactionController.php')
 2 SYSTEMPATH\Autoloader\Autoloader.php(263): CodeIgniter\Autoloader\Autoloader->loadInNamespace('App\\Controllers\\CurrentTransactionController')
 3 [internal function]: CodeIgniter\Autoloader\Autoloader->loadClass('App\\Controllers\\CurrentTransactionController')
 4 SYSTEMPATH\CodeIgniter.php(877): class_exists('\\App\\Controllers\\CurrentTransactionController', true)
 5 SYSTEMPATH\CodeIgniter.php(481): CodeIgniter\CodeIgniter->startController()
 6 SYSTEMPATH\CodeIgniter.php(353): CodeIgniter\CodeIgniter->handleRequest(null, Object(Config\Cache), false)
 7 FCPATH\index.php(91): CodeIgniter\CodeIgniter->run()
CRITICAL - 2024-01-19 17:00:52 --> Undefined variable $UPC
in APPPATH\Controllers\CurrentTransactionController.php on line 161.
 1 APPPATH\Controllers\CurrentTransactionController.php(161): CodeIgniter\Debug\Exceptions->errorHandler(2, 'Undefined variable $UPC', 'C:\\laragon\\www\\cipharmaplus\\app\\Controllers\\CurrentTransactionController.php', 161)
 2 SYSTEMPATH\CodeIgniter.php(919): App\Controllers\CurrentTransactionController->AddItemToCurrentTransaction('zE1DFsKH6BpMhqG7AcngQvLuoxCkTbtUVWyYI5e8SPXi90adRf', 'MZKquyTGkT')
 3 SYSTEMPATH\CodeIgniter.php(494): CodeIgniter\CodeIgniter->runController(Object(App\Controllers\CurrentTransactionController))
 4 SYSTEMPATH\CodeIgniter.php(353): CodeIgniter\CodeIgniter->handleRequest(null, Object(Config\Cache), false)
 5 FCPATH\index.php(91): CodeIgniter\CodeIgniter->run()
CRITICAL - 2024-01-19 17:13:35 --> syntax error, unexpected token "->", expecting identifier or variable or "{" or "$"
in APPPATH\Controllers\CurrentTransactionController.php on line 35.
 1 SYSTEMPATH\Autoloader\Autoloader.php(285): CodeIgniter\Autoloader\Autoloader->includeFile('C:\\laragon\\www\\cipharmaplus\\app\\Controllers\\CurrentTransactionController.php')
 2 SYSTEMPATH\Autoloader\Autoloader.php(263): CodeIgniter\Autoloader\Autoloader->loadInNamespace('App\\Controllers\\CurrentTransactionController')
 3 [internal function]: CodeIgniter\Autoloader\Autoloader->loadClass('App\\Controllers\\CurrentTransactionController')
 4 SYSTEMPATH\CodeIgniter.php(877): class_exists('\\App\\Controllers\\CurrentTransactionController', true)
 5 SYSTEMPATH\CodeIgniter.php(481): CodeIgniter\CodeIgniter->startController()
 6 SYSTEMPATH\CodeIgniter.php(353): CodeIgniter\CodeIgniter->handleRequest(null, Object(Config\Cache), false)
 7 FCPATH\index.php(91): CodeIgniter\CodeIgniter->run()
CRITICAL - 2024-01-19 17:13:35 --> syntax error, unexpected token "->", expecting identifier or variable or "{" or "$"
in APPPATH\Controllers\CurrentTransactionController.php on line 35.
 1 SYSTEMPATH\Autoloader\Autoloader.php(285): CodeIgniter\Autoloader\Autoloader->includeFile('C:\\laragon\\www\\cipharmaplus\\app\\Controllers\\CurrentTransactionController.php')
 2 SYSTEMPATH\Autoloader\Autoloader.php(263): CodeIgniter\Autoloader\Autoloader->loadInNamespace('App\\Controllers\\CurrentTransactionController')
 3 [internal function]: CodeIgniter\Autoloader\Autoloader->loadClass('App\\Controllers\\CurrentTransactionController')
 4 SYSTEMPATH\CodeIgniter.php(877): class_exists('\\App\\Controllers\\CurrentTransactionController', true)
 5 SYSTEMPATH\CodeIgniter.php(481): CodeIgniter\CodeIgniter->startController()
 6 SYSTEMPATH\CodeIgniter.php(353): CodeIgniter\CodeIgniter->handleRequest(null, Object(Config\Cache), false)
 7 FCPATH\index.php(91): CodeIgniter\CodeIgniter->run()
CRITICAL - 2024-01-19 17:14:35 --> syntax error, unexpected identifier "find"
in APPPATH\Controllers\CurrentTransactionController.php on line 35.
 1 SYSTEMPATH\Autoloader\Autoloader.php(285): CodeIgniter\Autoloader\Autoloader->includeFile('C:\\laragon\\www\\cipharmaplus\\app\\Controllers\\CurrentTransactionController.php')
 2 SYSTEMPATH\Autoloader\Autoloader.php(263): CodeIgniter\Autoloader\Autoloader->loadInNamespace('App\\Controllers\\CurrentTransactionController')
 3 [internal function]: CodeIgniter\Autoloader\Autoloader->loadClass('App\\Controllers\\CurrentTransactionController')
 4 SYSTEMPATH\CodeIgniter.php(877): class_exists('\\App\\Controllers\\CurrentTransactionController', true)
 5 SYSTEMPATH\CodeIgniter.php(481): CodeIgniter\CodeIgniter->startController()
 6 SYSTEMPATH\CodeIgniter.php(353): CodeIgniter\CodeIgniter->handleRequest(null, Object(Config\Cache), false)
 7 FCPATH\index.php(91): CodeIgniter\CodeIgniter->run()
CRITICAL - 2024-01-19 17:14:35 --> syntax error, unexpected identifier "find"
in APPPATH\Controllers\CurrentTransactionController.php on line 35.
 1 SYSTEMPATH\Autoloader\Autoloader.php(285): CodeIgniter\Autoloader\Autoloader->includeFile('C:\\laragon\\www\\cipharmaplus\\app\\Controllers\\CurrentTransactionController.php')
 2 SYSTEMPATH\Autoloader\Autoloader.php(263): CodeIgniter\Autoloader\Autoloader->loadInNamespace('App\\Controllers\\CurrentTransactionController')
 3 [internal function]: CodeIgniter\Autoloader\Autoloader->loadClass('App\\Controllers\\CurrentTransactionController')
 4 SYSTEMPATH\CodeIgniter.php(877): class_exists('\\App\\Controllers\\CurrentTransactionController', true)
 5 SYSTEMPATH\CodeIgniter.php(481): CodeIgniter\CodeIgniter->startController()
 6 SYSTEMPATH\CodeIgniter.php(353): CodeIgniter\CodeIgniter->handleRequest(null, Object(Config\Cache), false)
 7 FCPATH\index.php(91): CodeIgniter\CodeIgniter->run()
CRITICAL - 2024-01-19 17:14:39 --> syntax error, unexpected identifier "find"
in APPPATH\Controllers\CurrentTransactionController.php on line 35.
 1 SYSTEMPATH\Autoloader\Autoloader.php(285): CodeIgniter\Autoloader\Autoloader->includeFile('C:\\laragon\\www\\cipharmaplus\\app\\Controllers\\CurrentTransactionController.php')
 2 SYSTEMPATH\Autoloader\Autoloader.php(263): CodeIgniter\Autoloader\Autoloader->loadInNamespace('App\\Controllers\\CurrentTransactionController')
 3 [internal function]: CodeIgniter\Autoloader\Autoloader->loadClass('App\\Controllers\\CurrentTransactionController')
 4 SYSTEMPATH\CodeIgniter.php(877): class_exists('\\App\\Controllers\\CurrentTransactionController', true)
 5 SYSTEMPATH\CodeIgniter.php(481): CodeIgniter\CodeIgniter->startController()
 6 SYSTEMPATH\CodeIgniter.php(353): CodeIgniter\CodeIgniter->handleRequest(null, Object(Config\Cache), false)
 7 FCPATH\index.php(91): CodeIgniter\CodeIgniter->run()
CRITICAL - 2024-01-19 17:15:35 --> syntax error, unexpected identifier "find"
in APPPATH\Controllers\CurrentTransactionController.php on line 35.
 1 SYSTEMPATH\Autoloader\Autoloader.php(285): CodeIgniter\Autoloader\Autoloader->includeFile('C:\\laragon\\www\\cipharmaplus\\app\\Controllers\\CurrentTransactionController.php')
 2 SYSTEMPATH\Autoloader\Autoloader.php(263): CodeIgniter\Autoloader\Autoloader->loadInNamespace('App\\Controllers\\CurrentTransactionController')
 3 [internal function]: CodeIgniter\Autoloader\Autoloader->loadClass('App\\Controllers\\CurrentTransactionController')
 4 SYSTEMPATH\CodeIgniter.php(877): class_exists('\\App\\Controllers\\CurrentTransactionController', true)
 5 SYSTEMPATH\CodeIgniter.php(481): CodeIgniter\CodeIgniter->startController()
 6 SYSTEMPATH\CodeIgniter.php(353): CodeIgniter\CodeIgniter->handleRequest(null, Object(Config\Cache), false)
 7 FCPATH\index.php(91): CodeIgniter\CodeIgniter->run()
CRITICAL - 2024-01-19 17:15:35 --> syntax error, unexpected identifier "find"
in APPPATH\Controllers\CurrentTransactionController.php on line 35.
 1 SYSTEMPATH\Autoloader\Autoloader.php(285): CodeIgniter\Autoloader\Autoloader->includeFile('C:\\laragon\\www\\cipharmaplus\\app\\Controllers\\CurrentTransactionController.php')
 2 SYSTEMPATH\Autoloader\Autoloader.php(263): CodeIgniter\Autoloader\Autoloader->loadInNamespace('App\\Controllers\\CurrentTransactionController')
 3 [internal function]: CodeIgniter\Autoloader\Autoloader->loadClass('App\\Controllers\\CurrentTransactionController')
 4 SYSTEMPATH\CodeIgniter.php(877): class_exists('\\App\\Controllers\\CurrentTransactionController', true)
 5 SYSTEMPATH\CodeIgniter.php(481): CodeIgniter\CodeIgniter->startController()
 6 SYSTEMPATH\CodeIgniter.php(353): CodeIgniter\CodeIgniter->handleRequest(null, Object(Config\Cache), false)
 7 FCPATH\index.php(91): CodeIgniter\CodeIgniter->run()
CRITICAL - 2024-01-19 17:19:49 --> syntax error, unexpected token "}", expecting ";"
in APPPATH\Controllers\CurrentTransactionController.php on line 37.
 1 SYSTEMPATH\Autoloader\Autoloader.php(285): CodeIgniter\Autoloader\Autoloader->includeFile('C:\\laragon\\www\\cipharmaplus\\app\\Controllers\\CurrentTransactionController.php')
 2 SYSTEMPATH\Autoloader\Autoloader.php(263): CodeIgniter\Autoloader\Autoloader->loadInNamespace('App\\Controllers\\CurrentTransactionController')
 3 [internal function]: CodeIgniter\Autoloader\Autoloader->loadClass('App\\Controllers\\CurrentTransactionController')
 4 SYSTEMPATH\CodeIgniter.php(877): class_exists('\\App\\Controllers\\CurrentTransactionController', true)
 5 SYSTEMPATH\CodeIgniter.php(481): CodeIgniter\CodeIgniter->startController()
 6 SYSTEMPATH\CodeIgniter.php(353): CodeIgniter\CodeIgniter->handleRequest(null, Object(Config\Cache), false)
 7 FCPATH\index.php(91): CodeIgniter\CodeIgniter->run()
CRITICAL - 2024-01-19 17:25:46 --> Trying to access array offset on value of type null
in APPPATH\Controllers\CurrentTransactionController.php on line 35.
 1 APPPATH\Controllers\CurrentTransactionController.php(35): CodeIgniter\Debug\Exceptions->errorHandler(2, 'Trying to access array offset on value of type null', 'C:\\laragon\\www\\cipharmaplus\\app\\Controllers\\CurrentTransactionController.php', 35)
 2 SYSTEMPATH\CodeIgniter.php(919): App\Controllers\CurrentTransactionController->SalesTransactionList()
 3 SYSTEMPATH\CodeIgniter.php(494): CodeIgniter\CodeIgniter->runController(Object(App\Controllers\CurrentTransactionController))
 4 SYSTEMPATH\CodeIgniter.php(353): CodeIgniter\CodeIgniter->handleRequest(null, Object(Config\Cache), false)
 5 FCPATH\index.php(91): CodeIgniter\CodeIgniter->run()
CRITICAL - 2024-01-19 17:28:01 --> Trying to access array offset on value of type null
in APPPATH\Controllers\CurrentTransactionController.php on line 35.
 1 APPPATH\Controllers\CurrentTransactionController.php(35): CodeIgniter\Debug\Exceptions->errorHandler(2, 'Trying to access array offset on value of type null', 'C:\\laragon\\www\\cipharmaplus\\app\\Controllers\\CurrentTransactionController.php', 35)
 2 SYSTEMPATH\CodeIgniter.php(919): App\Controllers\CurrentTransactionController->SalesTransactionList()
 3 SYSTEMPATH\CodeIgniter.php(494): CodeIgniter\CodeIgniter->runController(Object(App\Controllers\CurrentTransactionController))
 4 SYSTEMPATH\CodeIgniter.php(353): CodeIgniter\CodeIgniter->handleRequest(null, Object(Config\Cache), false)
 5 FCPATH\index.php(91): CodeIgniter\CodeIgniter->run()
CRITICAL - 2024-01-19 17:29:48 --> Trying to access array offset on value of type null
in APPPATH\Controllers\CurrentTransactionController.php on line 35.
 1 APPPATH\Controllers\CurrentTransactionController.php(35): CodeIgniter\Debug\Exceptions->errorHandler(2, 'Trying to access array offset on value of type null', 'C:\\laragon\\www\\cipharmaplus\\app\\Controllers\\CurrentTransactionController.php', 35)
 2 SYSTEMPATH\CodeIgniter.php(919): App\Controllers\CurrentTransactionController->SalesTransactionList()
 3 SYSTEMPATH\CodeIgniter.php(494): CodeIgniter\CodeIgniter->runController(Object(App\Controllers\CurrentTransactionController))
 4 SYSTEMPATH\CodeIgniter.php(353): CodeIgniter\CodeIgniter->handleRequest(null, Object(Config\Cache), false)
 5 FCPATH\index.php(91): CodeIgniter\CodeIgniter->run()
CRITICAL - 2024-01-19 17:29:52 --> Trying to access array offset on value of type null
in APPPATH\Controllers\CurrentTransactionController.php on line 35.
 1 APPPATH\Controllers\CurrentTransactionController.php(35): CodeIgniter\Debug\Exceptions->errorHandler(2, 'Trying to access array offset on value of type null', 'C:\\laragon\\www\\cipharmaplus\\app\\Controllers\\CurrentTransactionController.php', 35)
 2 SYSTEMPATH\CodeIgniter.php(919): App\Controllers\CurrentTransactionController->SalesTransactionList()
 3 SYSTEMPATH\CodeIgniter.php(494): CodeIgniter\CodeIgniter->runController(Object(App\Controllers\CurrentTransactionController))
 4 SYSTEMPATH\CodeIgniter.php(353): CodeIgniter\CodeIgniter->handleRequest(null, Object(Config\Cache), false)
 5 FCPATH\index.php(91): CodeIgniter\CodeIgniter->run()
CRITICAL - 2024-01-19 17:33:47 --> Trying to access array offset on value of type null
in APPPATH\Controllers\CurrentTransactionController.php on line 35.
 1 APPPATH\Controllers\CurrentTransactionController.php(35): CodeIgniter\Debug\Exceptions->errorHandler(2, 'Trying to access array offset on value of type null', 'C:\\laragon\\www\\cipharmaplus\\app\\Controllers\\CurrentTransactionController.php', 35)
 2 SYSTEMPATH\CodeIgniter.php(919): App\Controllers\CurrentTransactionController->SalesTransactionList()
 3 SYSTEMPATH\CodeIgniter.php(494): CodeIgniter\CodeIgniter->runController(Object(App\Controllers\CurrentTransactionController))
 4 SYSTEMPATH\CodeIgniter.php(353): CodeIgniter\CodeIgniter->handleRequest(null, Object(Config\Cache), false)
 5 FCPATH\index.php(91): CodeIgniter\CodeIgniter->run()
CRITICAL - 2024-01-19 17:34:24 --> Trying to access array offset on value of type null
in APPPATH\Controllers\CurrentTransactionController.php on line 35.
 1 APPPATH\Controllers\CurrentTransactionController.php(35): CodeIgniter\Debug\Exceptions->errorHandler(2, 'Trying to access array offset on value of type null', 'C:\\laragon\\www\\cipharmaplus\\app\\Controllers\\CurrentTransactionController.php', 35)
 2 SYSTEMPATH\CodeIgniter.php(919): App\Controllers\CurrentTransactionController->SalesTransactionList()
 3 SYSTEMPATH\CodeIgniter.php(494): CodeIgniter\CodeIgniter->runController(Object(App\Controllers\CurrentTransactionController))
 4 SYSTEMPATH\CodeIgniter.php(353): CodeIgniter\CodeIgniter->handleRequest(null, Object(Config\Cache), false)
 5 FCPATH\index.php(91): CodeIgniter\CodeIgniter->run()
CRITICAL - 2024-01-19 17:35:21 --> Trying to access array offset on value of type null
in APPPATH\Controllers\CurrentTransactionController.php on line 35.
 1 APPPATH\Controllers\CurrentTransactionController.php(35): CodeIgniter\Debug\Exceptions->errorHandler(2, 'Trying to access array offset on value of type null', 'C:\\laragon\\www\\cipharmaplus\\app\\Controllers\\CurrentTransactionController.php', 35)
 2 SYSTEMPATH\CodeIgniter.php(919): App\Controllers\CurrentTransactionController->SalesTransactionList()
 3 SYSTEMPATH\CodeIgniter.php(494): CodeIgniter\CodeIgniter->runController(Object(App\Controllers\CurrentTransactionController))
 4 SYSTEMPATH\CodeIgniter.php(353): CodeIgniter\CodeIgniter->handleRequest(null, Object(Config\Cache), false)
 5 FCPATH\index.php(91): CodeIgniter\CodeIgniter->run()
CRITICAL - 2024-01-19 17:35:26 --> Trying to access array offset on value of type null
in APPPATH\Controllers\CurrentTransactionController.php on line 35.
 1 APPPATH\Controllers\CurrentTransactionController.php(35): CodeIgniter\Debug\Exceptions->errorHandler(2, 'Trying to access array offset on value of type null', 'C:\\laragon\\www\\cipharmaplus\\app\\Controllers\\CurrentTransactionController.php', 35)
 2 SYSTEMPATH\CodeIgniter.php(919): App\Controllers\CurrentTransactionController->SalesTransactionList()
 3 SYSTEMPATH\CodeIgniter.php(494): CodeIgniter\CodeIgniter->runController(Object(App\Controllers\CurrentTransactionController))
 4 SYSTEMPATH\CodeIgniter.php(353): CodeIgniter\CodeIgniter->handleRequest(null, Object(Config\Cache), false)
 5 FCPATH\index.php(91): CodeIgniter\CodeIgniter->run()
CRITICAL - 2024-01-19 17:35:50 --> Trying to access array offset on value of type null
in APPPATH\Controllers\CurrentTransactionController.php on line 35.
 1 APPPATH\Controllers\CurrentTransactionController.php(35): CodeIgniter\Debug\Exceptions->errorHandler(2, 'Trying to access array offset on value of type null', 'C:\\laragon\\www\\cipharmaplus\\app\\Controllers\\CurrentTransactionController.php', 35)
 2 SYSTEMPATH\CodeIgniter.php(919): App\Controllers\CurrentTransactionController->SalesTransactionList()
 3 SYSTEMPATH\CodeIgniter.php(494): CodeIgniter\CodeIgniter->runController(Object(App\Controllers\CurrentTransactionController))
 4 SYSTEMPATH\CodeIgniter.php(353): CodeIgniter\CodeIgniter->handleRequest(null, Object(Config\Cache), false)
 5 FCPATH\index.php(91): CodeIgniter\CodeIgniter->run()
CRITICAL - 2024-01-19 17:36:57 --> Trying to access array offset on value of type null
in APPPATH\Controllers\CurrentTransactionController.php on line 35.
 1 APPPATH\Controllers\CurrentTransactionController.php(35): CodeIgniter\Debug\Exceptions->errorHandler(2, 'Trying to access array offset on value of type null', 'C:\\laragon\\www\\cipharmaplus\\app\\Controllers\\CurrentTransactionController.php', 35)
 2 SYSTEMPATH\CodeIgniter.php(919): App\Controllers\CurrentTransactionController->SalesTransactionList()
 3 SYSTEMPATH\CodeIgniter.php(494): CodeIgniter\CodeIgniter->runController(Object(App\Controllers\CurrentTransactionController))
 4 SYSTEMPATH\CodeIgniter.php(353): CodeIgniter\CodeIgniter->handleRequest(null, Object(Config\Cache), false)
 5 FCPATH\index.php(91): CodeIgniter\CodeIgniter->run()
CRITICAL - 2024-01-19 17:38:05 --> Trying to access array offset on value of type null
in APPPATH\Controllers\CurrentTransactionController.php on line 35.
 1 APPPATH\Controllers\CurrentTransactionController.php(35): CodeIgniter\Debug\Exceptions->errorHandler(2, 'Trying to access array offset on value of type null', 'C:\\laragon\\www\\cipharmaplus\\app\\Controllers\\CurrentTransactionController.php', 35)
 2 SYSTEMPATH\CodeIgniter.php(919): App\Controllers\CurrentTransactionController->SalesTransactionList()
 3 SYSTEMPATH\CodeIgniter.php(494): CodeIgniter\CodeIgniter->runController(Object(App\Controllers\CurrentTransactionController))
 4 SYSTEMPATH\CodeIgniter.php(353): CodeIgniter\CodeIgniter->handleRequest(null, Object(Config\Cache), false)
 5 FCPATH\index.php(91): CodeIgniter\CodeIgniter->run()
CRITICAL - 2024-01-19 17:51:37 --> Trying to access array offset on value of type null
in APPPATH\Controllers\CurrentTransactionController.php on line 71.
 1 APPPATH\Controllers\CurrentTransactionController.php(71): CodeIgniter\Debug\Exceptions->errorHandler(2, 'Trying to access array offset on value of type null', 'C:\\laragon\\www\\cipharmaplus\\app\\Controllers\\CurrentTransactionController.php', 71)
 2 SYSTEMPATH\CodeIgniter.php(919): App\Controllers\CurrentTransactionController->CurrentTransactionList('null', 'epHCEmwwxK')
 3 SYSTEMPATH\CodeIgniter.php(494): CodeIgniter\CodeIgniter->runController(Object(App\Controllers\CurrentTransactionController))
 4 SYSTEMPATH\CodeIgniter.php(353): CodeIgniter\CodeIgniter->handleRequest(null, Object(Config\Cache), false)
 5 FCPATH\index.php(91): CodeIgniter\CodeIgniter->run()
CRITICAL - 2024-01-19 17:51:38 --> Trying to access array offset on value of type null
in APPPATH\Controllers\CurrentTransactionController.php on line 71.
 1 APPPATH\Controllers\CurrentTransactionController.php(71): CodeIgniter\Debug\Exceptions->errorHandler(2, 'Trying to access array offset on value of type null', 'C:\\laragon\\www\\cipharmaplus\\app\\Controllers\\CurrentTransactionController.php', 71)
 2 SYSTEMPATH\CodeIgniter.php(919): App\Controllers\CurrentTransactionController->CurrentTransactionList('null', 'epHCEmwwxK')
 3 SYSTEMPATH\CodeIgniter.php(494): CodeIgniter\CodeIgniter->runController(Object(App\Controllers\CurrentTransactionController))
 4 SYSTEMPATH\CodeIgniter.php(353): CodeIgniter\CodeIgniter->handleRequest(null, Object(Config\Cache), false)
 5 FCPATH\index.php(91): CodeIgniter\CodeIgniter->run()
CRITICAL - 2024-01-19 17:51:40 --> Trying to access array offset on value of type null
in APPPATH\Controllers\CurrentTransactionController.php on line 71.
 1 APPPATH\Controllers\CurrentTransactionController.php(71): CodeIgniter\Debug\Exceptions->errorHandler(2, 'Trying to access array offset on value of type null', 'C:\\laragon\\www\\cipharmaplus\\app\\Controllers\\CurrentTransactionController.php', 71)
 2 SYSTEMPATH\CodeIgniter.php(919): App\Controllers\CurrentTransactionController->CurrentTransactionList('null', 'epHCEmwwxK')
 3 SYSTEMPATH\CodeIgniter.php(494): CodeIgniter\CodeIgniter->runController(Object(App\Controllers\CurrentTransactionController))
 4 SYSTEMPATH\CodeIgniter.php(353): CodeIgniter\CodeIgniter->handleRequest(null, Object(Config\Cache), false)
 5 FCPATH\index.php(91): CodeIgniter\CodeIgniter->run()
CRITICAL - 2024-01-19 17:51:40 --> Trying to access array offset on value of type null
in APPPATH\Controllers\CurrentTransactionController.php on line 71.
 1 APPPATH\Controllers\CurrentTransactionController.php(71): CodeIgniter\Debug\Exceptions->errorHandler(2, 'Trying to access array offset on value of type null', 'C:\\laragon\\www\\cipharmaplus\\app\\Controllers\\CurrentTransactionController.php', 71)
 2 SYSTEMPATH\CodeIgniter.php(919): App\Controllers\CurrentTransactionController->CurrentTransactionList('null', 'epHCEmwwxK')
 3 SYSTEMPATH\CodeIgniter.php(494): CodeIgniter\CodeIgniter->runController(Object(App\Controllers\CurrentTransactionController))
 4 SYSTEMPATH\CodeIgniter.php(353): CodeIgniter\CodeIgniter->handleRequest(null, Object(Config\Cache), false)
 5 FCPATH\index.php(91): CodeIgniter\CodeIgniter->run()
CRITICAL - 2024-01-19 17:51:41 --> Trying to access array offset on value of type null
in APPPATH\Controllers\CurrentTransactionController.php on line 71.
 1 APPPATH\Controllers\CurrentTransactionController.php(71): CodeIgniter\Debug\Exceptions->errorHandler(2, 'Trying to access array offset on value of type null', 'C:\\laragon\\www\\cipharmaplus\\app\\Controllers\\CurrentTransactionController.php', 71)
 2 SYSTEMPATH\CodeIgniter.php(919): App\Controllers\CurrentTransactionController->CurrentTransactionList('null', 'epHCEmwwxK')
 3 SYSTEMPATH\CodeIgniter.php(494): CodeIgniter\CodeIgniter->runController(Object(App\Controllers\CurrentTransactionController))
 4 SYSTEMPATH\CodeIgniter.php(353): CodeIgniter\CodeIgniter->handleRequest(null, Object(Config\Cache), false)
 5 FCPATH\index.php(91): CodeIgniter\CodeIgniter->run()
CRITICAL - 2024-01-19 17:51:42 --> Trying to access array offset on value of type null
in APPPATH\Controllers\CurrentTransactionController.php on line 71.
 1 APPPATH\Controllers\CurrentTransactionController.php(71): CodeIgniter\Debug\Exceptions->errorHandler(2, 'Trying to access array offset on value of type null', 'C:\\laragon\\www\\cipharmaplus\\app\\Controllers\\CurrentTransactionController.php', 71)
 2 SYSTEMPATH\CodeIgniter.php(919): App\Controllers\CurrentTransactionController->CurrentTransactionList('null', 'epHCEmwwxK')
 3 SYSTEMPATH\CodeIgniter.php(494): CodeIgniter\CodeIgniter->runController(Object(App\Controllers\CurrentTransactionController))
 4 SYSTEMPATH\CodeIgniter.php(353): CodeIgniter\CodeIgniter->handleRequest(null, Object(Config\Cache), false)
 5 FCPATH\index.php(91): CodeIgniter\CodeIgniter->run()
CRITICAL - 2024-01-19 17:51:43 --> Trying to access array offset on value of type null
in APPPATH\Controllers\CurrentTransactionController.php on line 71.
 1 APPPATH\Controllers\CurrentTransactionController.php(71): CodeIgniter\Debug\Exceptions->errorHandler(2, 'Trying to access array offset on value of type null', 'C:\\laragon\\www\\cipharmaplus\\app\\Controllers\\CurrentTransactionController.php', 71)
 2 SYSTEMPATH\CodeIgniter.php(919): App\Controllers\CurrentTransactionController->CurrentTransactionList('null', 'epHCEmwwxK')
 3 SYSTEMPATH\CodeIgniter.php(494): CodeIgniter\CodeIgniter->runController(Object(App\Controllers\CurrentTransactionController))
 4 SYSTEMPATH\CodeIgniter.php(353): CodeIgniter\CodeIgniter->handleRequest(null, Object(Config\Cache), false)
 5 FCPATH\index.php(91): CodeIgniter\CodeIgniter->run()
CRITICAL - 2024-01-19 17:51:44 --> Trying to access array offset on value of type null
in APPPATH\Controllers\CurrentTransactionController.php on line 71.
 1 APPPATH\Controllers\CurrentTransactionController.php(71): CodeIgniter\Debug\Exceptions->errorHandler(2, 'Trying to access array offset on value of type null', 'C:\\laragon\\www\\cipharmaplus\\app\\Controllers\\CurrentTransactionController.php', 71)
 2 SYSTEMPATH\CodeIgniter.php(919): App\Controllers\CurrentTransactionController->CurrentTransactionList('null', 'epHCEmwwxK')
 3 SYSTEMPATH\CodeIgniter.php(494): CodeIgniter\CodeIgniter->runController(Object(App\Controllers\CurrentTransactionController))
 4 SYSTEMPATH\CodeIgniter.php(353): CodeIgniter\CodeIgniter->handleRequest(null, Object(Config\Cache), false)
 5 FCPATH\index.php(91): CodeIgniter\CodeIgniter->run()
CRITICAL - 2024-01-19 17:51:45 --> Trying to access array offset on value of type null
in APPPATH\Controllers\CurrentTransactionController.php on line 71.
 1 APPPATH\Controllers\CurrentTransactionController.php(71): CodeIgniter\Debug\Exceptions->errorHandler(2, 'Trying to access array offset on value of type null', 'C:\\laragon\\www\\cipharmaplus\\app\\Controllers\\CurrentTransactionController.php', 71)
 2 SYSTEMPATH\CodeIgniter.php(919): App\Controllers\CurrentTransactionController->CurrentTransactionList('null', 'epHCEmwwxK')
 3 SYSTEMPATH\CodeIgniter.php(494): CodeIgniter\CodeIgniter->runController(Object(App\Controllers\CurrentTransactionController))
 4 SYSTEMPATH\CodeIgniter.php(353): CodeIgniter\CodeIgniter->handleRequest(null, Object(Config\Cache), false)
 5 FCPATH\index.php(91): CodeIgniter\CodeIgniter->run()
CRITICAL - 2024-01-19 17:51:46 --> Trying to access array offset on value of type null
in APPPATH\Controllers\CurrentTransactionController.php on line 71.
 1 APPPATH\Controllers\CurrentTransactionController.php(71): CodeIgniter\Debug\Exceptions->errorHandler(2, 'Trying to access array offset on value of type null', 'C:\\laragon\\www\\cipharmaplus\\app\\Controllers\\CurrentTransactionController.php', 71)
 2 SYSTEMPATH\CodeIgniter.php(919): App\Controllers\CurrentTransactionController->CurrentTransactionList('null', 'epHCEmwwxK')
 3 SYSTEMPATH\CodeIgniter.php(494): CodeIgniter\CodeIgniter->runController(Object(App\Controllers\CurrentTransactionController))
 4 SYSTEMPATH\CodeIgniter.php(353): CodeIgniter\CodeIgniter->handleRequest(null, Object(Config\Cache), false)
 5 FCPATH\index.php(91): CodeIgniter\CodeIgniter->run()
CRITICAL - 2024-01-19 17:51:47 --> Trying to access array offset on value of type null
in APPPATH\Controllers\CurrentTransactionController.php on line 71.
 1 APPPATH\Controllers\CurrentTransactionController.php(71): CodeIgniter\Debug\Exceptions->errorHandler(2, 'Trying to access array offset on value of type null', 'C:\\laragon\\www\\cipharmaplus\\app\\Controllers\\CurrentTransactionController.php', 71)
 2 SYSTEMPATH\CodeIgniter.php(919): App\Controllers\CurrentTransactionController->CurrentTransactionList('null', 'epHCEmwwxK')
 3 SYSTEMPATH\CodeIgniter.php(494): CodeIgniter\CodeIgniter->runController(Object(App\Controllers\CurrentTransactionController))
 4 SYSTEMPATH\CodeIgniter.php(353): CodeIgniter\CodeIgniter->handleRequest(null, Object(Config\Cache), false)
 5 FCPATH\index.php(91): CodeIgniter\CodeIgniter->run()
CRITICAL - 2024-01-19 17:51:48 --> Trying to access array offset on value of type null
in APPPATH\Controllers\CurrentTransactionController.php on line 71.
 1 APPPATH\Controllers\CurrentTransactionController.php(71): CodeIgniter\Debug\Exceptions->errorHandler(2, 'Trying to access array offset on value of type null', 'C:\\laragon\\www\\cipharmaplus\\app\\Controllers\\CurrentTransactionController.php', 71)
 2 SYSTEMPATH\CodeIgniter.php(919): App\Controllers\CurrentTransactionController->CurrentTransactionList('null', 'epHCEmwwxK')
 3 SYSTEMPATH\CodeIgniter.php(494): CodeIgniter\CodeIgniter->runController(Object(App\Controllers\CurrentTransactionController))
 4 SYSTEMPATH\CodeIgniter.php(353): CodeIgniter\CodeIgniter->handleRequest(null, Object(Config\Cache), false)
 5 FCPATH\index.php(91): CodeIgniter\CodeIgniter->run()
CRITICAL - 2024-01-19 17:51:49 --> Trying to access array offset on value of type null
in APPPATH\Controllers\CurrentTransactionController.php on line 71.
 1 APPPATH\Controllers\CurrentTransactionController.php(71): CodeIgniter\Debug\Exceptions->errorHandler(2, 'Trying to access array offset on value of type null', 'C:\\laragon\\www\\cipharmaplus\\app\\Controllers\\CurrentTransactionController.php', 71)
 2 SYSTEMPATH\CodeIgniter.php(919): App\Controllers\CurrentTransactionController->CurrentTransactionList('null', 'epHCEmwwxK')
 3 SYSTEMPATH\CodeIgniter.php(494): CodeIgniter\CodeIgniter->runController(Object(App\Controllers\CurrentTransactionController))
 4 SYSTEMPATH\CodeIgniter.php(353): CodeIgniter\CodeIgniter->handleRequest(null, Object(Config\Cache), false)
 5 FCPATH\index.php(91): CodeIgniter\CodeIgniter->run()
CRITICAL - 2024-01-19 17:51:50 --> Trying to access array offset on value of type null
in APPPATH\Controllers\CurrentTransactionController.php on line 71.
 1 APPPATH\Controllers\CurrentTransactionController.php(71): CodeIgniter\Debug\Exceptions->errorHandler(2, 'Trying to access array offset on value of type null', 'C:\\laragon\\www\\cipharmaplus\\app\\Controllers\\CurrentTransactionController.php', 71)
 2 SYSTEMPATH\CodeIgniter.php(919): App\Controllers\CurrentTransactionController->CurrentTransactionList('null', 'epHCEmwwxK')
 3 SYSTEMPATH\CodeIgniter.php(494): CodeIgniter\CodeIgniter->runController(Object(App\Controllers\CurrentTransactionController))
 4 SYSTEMPATH\CodeIgniter.php(353): CodeIgniter\CodeIgniter->handleRequest(null, Object(Config\Cache), false)
 5 FCPATH\index.php(91): CodeIgniter\CodeIgniter->run()
CRITICAL - 2024-01-19 17:51:51 --> Trying to access array offset on value of type null
in APPPATH\Controllers\CurrentTransactionController.php on line 71.
 1 APPPATH\Controllers\CurrentTransactionController.php(71): CodeIgniter\Debug\Exceptions->errorHandler(2, 'Trying to access array offset on value of type null', 'C:\\laragon\\www\\cipharmaplus\\app\\Controllers\\CurrentTransactionController.php', 71)
 2 SYSTEMPATH\CodeIgniter.php(919): App\Controllers\CurrentTransactionController->CurrentTransactionList('null', 'epHCEmwwxK')
 3 SYSTEMPATH\CodeIgniter.php(494): CodeIgniter\CodeIgniter->runController(Object(App\Controllers\CurrentTransactionController))
 4 SYSTEMPATH\CodeIgniter.php(353): CodeIgniter\CodeIgniter->handleRequest(null, Object(Config\Cache), false)
 5 FCPATH\index.php(91): CodeIgniter\CodeIgniter->run()
CRITICAL - 2024-01-19 17:51:52 --> Trying to access array offset on value of type null
in APPPATH\Controllers\CurrentTransactionController.php on line 71.
 1 APPPATH\Controllers\CurrentTransactionController.php(71): CodeIgniter\Debug\Exceptions->errorHandler(2, 'Trying to access array offset on value of type null', 'C:\\laragon\\www\\cipharmaplus\\app\\Controllers\\CurrentTransactionController.php', 71)
 2 SYSTEMPATH\CodeIgniter.php(919): App\Controllers\CurrentTransactionController->CurrentTransactionList('null', 'epHCEmwwxK')
 3 SYSTEMPATH\CodeIgniter.php(494): CodeIgniter\CodeIgniter->runController(Object(App\Controllers\CurrentTransactionController))
 4 SYSTEMPATH\CodeIgniter.php(353): CodeIgniter\CodeIgniter->handleRequest(null, Object(Config\Cache), false)
 5 FCPATH\index.php(91): CodeIgniter\CodeIgniter->run()
CRITICAL - 2024-01-19 17:55:02 --> Trying to access array offset on value of type null
in APPPATH\Controllers\CurrentTransactionController.php on line 37.
 1 APPPATH\Controllers\CurrentTransactionController.php(37): CodeIgniter\Debug\Exceptions->errorHandler(2, 'Trying to access array offset on value of type null', 'C:\\laragon\\www\\cipharmaplus\\app\\Controllers\\CurrentTransactionController.php', 37)
 2 SYSTEMPATH\CodeIgniter.php(919): App\Controllers\CurrentTransactionController->SalesTransactionList()
 3 SYSTEMPATH\CodeIgniter.php(494): CodeIgniter\CodeIgniter->runController(Object(App\Controllers\CurrentTransactionController))
 4 SYSTEMPATH\CodeIgniter.php(353): CodeIgniter\CodeIgniter->handleRequest(null, Object(Config\Cache), false)
 5 FCPATH\index.php(91): CodeIgniter\CodeIgniter->run()
CRITICAL - 2024-01-19 17:55:03 --> Trying to access array offset on value of type null
in APPPATH\Controllers\CurrentTransactionController.php on line 37.
 1 APPPATH\Controllers\CurrentTransactionController.php(37): CodeIgniter\Debug\Exceptions->errorHandler(2, 'Trying to access array offset on value of type null', 'C:\\laragon\\www\\cipharmaplus\\app\\Controllers\\CurrentTransactionController.php', 37)
 2 SYSTEMPATH\CodeIgniter.php(919): App\Controllers\CurrentTransactionController->SalesTransactionList()
 3 SYSTEMPATH\CodeIgniter.php(494): CodeIgniter\CodeIgniter->runController(Object(App\Controllers\CurrentTransactionController))
 4 SYSTEMPATH\CodeIgniter.php(353): CodeIgniter\CodeIgniter->handleRequest(null, Object(Config\Cache), false)
 5 FCPATH\index.php(91): CodeIgniter\CodeIgniter->run()
CRITICAL - 2024-01-19 17:55:04 --> Trying to access array offset on value of type null
in APPPATH\Controllers\CurrentTransactionController.php on line 37.
 1 APPPATH\Controllers\CurrentTransactionController.php(37): CodeIgniter\Debug\Exceptions->errorHandler(2, 'Trying to access array offset on value of type null', 'C:\\laragon\\www\\cipharmaplus\\app\\Controllers\\CurrentTransactionController.php', 37)
 2 SYSTEMPATH\CodeIgniter.php(919): App\Controllers\CurrentTransactionController->SalesTransactionList()
 3 SYSTEMPATH\CodeIgniter.php(494): CodeIgniter\CodeIgniter->runController(Object(App\Controllers\CurrentTransactionController))
 4 SYSTEMPATH\CodeIgniter.php(353): CodeIgniter\CodeIgniter->handleRequest(null, Object(Config\Cache), false)
 5 FCPATH\index.php(91): CodeIgniter\CodeIgniter->run()
CRITICAL - 2024-01-19 17:55:05 --> Trying to access array offset on value of type null
in APPPATH\Controllers\CurrentTransactionController.php on line 37.
 1 APPPATH\Controllers\CurrentTransactionController.php(37): CodeIgniter\Debug\Exceptions->errorHandler(2, 'Trying to access array offset on value of type null', 'C:\\laragon\\www\\cipharmaplus\\app\\Controllers\\CurrentTransactionController.php', 37)
 2 SYSTEMPATH\CodeIgniter.php(919): App\Controllers\CurrentTransactionController->SalesTransactionList()
 3 SYSTEMPATH\CodeIgniter.php(494): CodeIgniter\CodeIgniter->runController(Object(App\Controllers\CurrentTransactionController))
 4 SYSTEMPATH\CodeIgniter.php(353): CodeIgniter\CodeIgniter->handleRequest(null, Object(Config\Cache), false)
 5 FCPATH\index.php(91): CodeIgniter\CodeIgniter->run()
CRITICAL - 2024-01-19 17:55:06 --> Trying to access array offset on value of type null
in APPPATH\Controllers\CurrentTransactionController.php on line 37.
 1 APPPATH\Controllers\CurrentTransactionController.php(37): CodeIgniter\Debug\Exceptions->errorHandler(2, 'Trying to access array offset on value of type null', 'C:\\laragon\\www\\cipharmaplus\\app\\Controllers\\CurrentTransactionController.php', 37)
 2 SYSTEMPATH\CodeIgniter.php(919): App\Controllers\CurrentTransactionController->SalesTransactionList()
 3 SYSTEMPATH\CodeIgniter.php(494): CodeIgniter\CodeIgniter->runController(Object(App\Controllers\CurrentTransactionController))
 4 SYSTEMPATH\CodeIgniter.php(353): CodeIgniter\CodeIgniter->handleRequest(null, Object(Config\Cache), false)
 5 FCPATH\index.php(91): CodeIgniter\CodeIgniter->run()
CRITICAL - 2024-01-19 17:55:07 --> Trying to access array offset on value of type null
in APPPATH\Controllers\CurrentTransactionController.php on line 37.
 1 APPPATH\Controllers\CurrentTransactionController.php(37): CodeIgniter\Debug\Exceptions->errorHandler(2, 'Trying to access array offset on value of type null', 'C:\\laragon\\www\\cipharmaplus\\app\\Controllers\\CurrentTransactionController.php', 37)
 2 SYSTEMPATH\CodeIgniter.php(919): App\Controllers\CurrentTransactionController->SalesTransactionList()
 3 SYSTEMPATH\CodeIgniter.php(494): CodeIgniter\CodeIgniter->runController(Object(App\Controllers\CurrentTransactionController))
 4 SYSTEMPATH\CodeIgniter.php(353): CodeIgniter\CodeIgniter->handleRequest(null, Object(Config\Cache), false)
 5 FCPATH\index.php(91): CodeIgniter\CodeIgniter->run()
CRITICAL - 2024-01-19 17:55:08 --> Trying to access array offset on value of type null
in APPPATH\Controllers\CurrentTransactionController.php on line 37.
 1 APPPATH\Controllers\CurrentTransactionController.php(37): CodeIgniter\Debug\Exceptions->errorHandler(2, 'Trying to access array offset on value of type null', 'C:\\laragon\\www\\cipharmaplus\\app\\Controllers\\CurrentTransactionController.php', 37)
 2 SYSTEMPATH\CodeIgniter.php(919): App\Controllers\CurrentTransactionController->SalesTransactionList()
 3 SYSTEMPATH\CodeIgniter.php(494): CodeIgniter\CodeIgniter->runController(Object(App\Controllers\CurrentTransactionController))
 4 SYSTEMPATH\CodeIgniter.php(353): CodeIgniter\CodeIgniter->handleRequest(null, Object(Config\Cache), false)
 5 FCPATH\index.php(91): CodeIgniter\CodeIgniter->run()
CRITICAL - 2024-01-19 17:55:09 --> Trying to access array offset on value of type null
in APPPATH\Controllers\CurrentTransactionController.php on line 37.
 1 APPPATH\Controllers\CurrentTransactionController.php(37): CodeIgniter\Debug\Exceptions->errorHandler(2, 'Trying to access array offset on value of type null', 'C:\\laragon\\www\\cipharmaplus\\app\\Controllers\\CurrentTransactionController.php', 37)
 2 SYSTEMPATH\CodeIgniter.php(919): App\Controllers\CurrentTransactionController->SalesTransactionList()
 3 SYSTEMPATH\CodeIgniter.php(494): CodeIgniter\CodeIgniter->runController(Object(App\Controllers\CurrentTransactionController))
 4 SYSTEMPATH\CodeIgniter.php(353): CodeIgniter\CodeIgniter->handleRequest(null, Object(Config\Cache), false)
 5 FCPATH\index.php(91): CodeIgniter\CodeIgniter->run()
CRITICAL - 2024-01-19 17:55:10 --> Trying to access array offset on value of type null
in APPPATH\Controllers\CurrentTransactionController.php on line 37.
 1 APPPATH\Controllers\CurrentTransactionController.php(37): CodeIgniter\Debug\Exceptions->errorHandler(2, 'Trying to access array offset on value of type null', 'C:\\laragon\\www\\cipharmaplus\\app\\Controllers\\CurrentTransactionController.php', 37)
 2 SYSTEMPATH\CodeIgniter.php(919): App\Controllers\CurrentTransactionController->SalesTransactionList()
 3 SYSTEMPATH\CodeIgniter.php(494): CodeIgniter\CodeIgniter->runController(Object(App\Controllers\CurrentTransactionController))
 4 SYSTEMPATH\CodeIgniter.php(353): CodeIgniter\CodeIgniter->handleRequest(null, Object(Config\Cache), false)
 5 FCPATH\index.php(91): CodeIgniter\CodeIgniter->run()
CRITICAL - 2024-01-19 17:55:11 --> Trying to access array offset on value of type null
in APPPATH\Controllers\CurrentTransactionController.php on line 37.
 1 APPPATH\Controllers\CurrentTransactionController.php(37): CodeIgniter\Debug\Exceptions->errorHandler(2, 'Trying to access array offset on value of type null', 'C:\\laragon\\www\\cipharmaplus\\app\\Controllers\\CurrentTransactionController.php', 37)
 2 SYSTEMPATH\CodeIgniter.php(919): App\Controllers\CurrentTransactionController->SalesTransactionList()
 3 SYSTEMPATH\CodeIgniter.php(494): CodeIgniter\CodeIgniter->runController(Object(App\Controllers\CurrentTransactionController))
 4 SYSTEMPATH\CodeIgniter.php(353): CodeIgniter\CodeIgniter->handleRequest(null, Object(Config\Cache), false)
 5 FCPATH\index.php(91): CodeIgniter\CodeIgniter->run()
CRITICAL - 2024-01-19 17:55:12 --> Trying to access array offset on value of type null
in APPPATH\Controllers\CurrentTransactionController.php on line 37.
 1 APPPATH\Controllers\CurrentTransactionController.php(37): CodeIgniter\Debug\Exceptions->errorHandler(2, 'Trying to access array offset on value of type null', 'C:\\laragon\\www\\cipharmaplus\\app\\Controllers\\CurrentTransactionController.php', 37)
 2 SYSTEMPATH\CodeIgniter.php(919): App\Controllers\CurrentTransactionController->SalesTransactionList()
 3 SYSTEMPATH\CodeIgniter.php(494): CodeIgniter\CodeIgniter->runController(Object(App\Controllers\CurrentTransactionController))
 4 SYSTEMPATH\CodeIgniter.php(353): CodeIgniter\CodeIgniter->handleRequest(null, Object(Config\Cache), false)
 5 FCPATH\index.php(91): CodeIgniter\CodeIgniter->run()
CRITICAL - 2024-01-19 17:55:13 --> Trying to access array offset on value of type null
in APPPATH\Controllers\CurrentTransactionController.php on line 37.
 1 APPPATH\Controllers\CurrentTransactionController.php(37): CodeIgniter\Debug\Exceptions->errorHandler(2, 'Trying to access array offset on value of type null', 'C:\\laragon\\www\\cipharmaplus\\app\\Controllers\\CurrentTransactionController.php', 37)
 2 SYSTEMPATH\CodeIgniter.php(919): App\Controllers\CurrentTransactionController->SalesTransactionList()
 3 SYSTEMPATH\CodeIgniter.php(494): CodeIgniter\CodeIgniter->runController(Object(App\Controllers\CurrentTransactionController))
 4 SYSTEMPATH\CodeIgniter.php(353): CodeIgniter\CodeIgniter->handleRequest(null, Object(Config\Cache), false)
 5 FCPATH\index.php(91): CodeIgniter\CodeIgniter->run()
CRITICAL - 2024-01-19 17:55:14 --> Trying to access array offset on value of type null
in APPPATH\Controllers\CurrentTransactionController.php on line 37.
 1 APPPATH\Controllers\CurrentTransactionController.php(37): CodeIgniter\Debug\Exceptions->errorHandler(2, 'Trying to access array offset on value of type null', 'C:\\laragon\\www\\cipharmaplus\\app\\Controllers\\CurrentTransactionController.php', 37)
 2 SYSTEMPATH\CodeIgniter.php(919): App\Controllers\CurrentTransactionController->SalesTransactionList()
 3 SYSTEMPATH\CodeIgniter.php(494): CodeIgniter\CodeIgniter->runController(Object(App\Controllers\CurrentTransactionController))
 4 SYSTEMPATH\CodeIgniter.php(353): CodeIgniter\CodeIgniter->handleRequest(null, Object(Config\Cache), false)
 5 FCPATH\index.php(91): CodeIgniter\CodeIgniter->run()
CRITICAL - 2024-01-19 17:55:15 --> Trying to access array offset on value of type null
in APPPATH\Controllers\CurrentTransactionController.php on line 37.
 1 APPPATH\Controllers\CurrentTransactionController.php(37): CodeIgniter\Debug\Exceptions->errorHandler(2, 'Trying to access array offset on value of type null', 'C:\\laragon\\www\\cipharmaplus\\app\\Controllers\\CurrentTransactionController.php', 37)
 2 SYSTEMPATH\CodeIgniter.php(919): App\Controllers\CurrentTransactionController->SalesTransactionList()
 3 SYSTEMPATH\CodeIgniter.php(494): CodeIgniter\CodeIgniter->runController(Object(App\Controllers\CurrentTransactionController))
 4 SYSTEMPATH\CodeIgniter.php(353): CodeIgniter\CodeIgniter->handleRequest(null, Object(Config\Cache), false)
 5 FCPATH\index.php(91): CodeIgniter\CodeIgniter->run()
CRITICAL - 2024-01-19 17:55:16 --> Trying to access array offset on value of type null
in APPPATH\Controllers\CurrentTransactionController.php on line 37.
 1 APPPATH\Controllers\CurrentTransactionController.php(37): CodeIgniter\Debug\Exceptions->errorHandler(2, 'Trying to access array offset on value of type null', 'C:\\laragon\\www\\cipharmaplus\\app\\Controllers\\CurrentTransactionController.php', 37)
 2 SYSTEMPATH\CodeIgniter.php(919): App\Controllers\CurrentTransactionController->SalesTransactionList()
 3 SYSTEMPATH\CodeIgniter.php(494): CodeIgniter\CodeIgniter->runController(Object(App\Controllers\CurrentTransactionController))
 4 SYSTEMPATH\CodeIgniter.php(353): CodeIgniter\CodeIgniter->handleRequest(null, Object(Config\Cache), false)
 5 FCPATH\index.php(91): CodeIgniter\CodeIgniter->run()
CRITICAL - 2024-01-19 17:55:17 --> Trying to access array offset on value of type null
in APPPATH\Controllers\CurrentTransactionController.php on line 37.
 1 APPPATH\Controllers\CurrentTransactionController.php(37): CodeIgniter\Debug\Exceptions->errorHandler(2, 'Trying to access array offset on value of type null', 'C:\\laragon\\www\\cipharmaplus\\app\\Controllers\\CurrentTransactionController.php', 37)
 2 SYSTEMPATH\CodeIgniter.php(919): App\Controllers\CurrentTransactionController->SalesTransactionList()
 3 SYSTEMPATH\CodeIgniter.php(494): CodeIgniter\CodeIgniter->runController(Object(App\Controllers\CurrentTransactionController))
 4 SYSTEMPATH\CodeIgniter.php(353): CodeIgniter\CodeIgniter->handleRequest(null, Object(Config\Cache), false)
 5 FCPATH\index.php(91): CodeIgniter\CodeIgniter->run()
CRITICAL - 2024-01-19 17:55:18 --> Trying to access array offset on value of type null
in APPPATH\Controllers\CurrentTransactionController.php on line 37.
 1 APPPATH\Controllers\CurrentTransactionController.php(37): CodeIgniter\Debug\Exceptions->errorHandler(2, 'Trying to access array offset on value of type null', 'C:\\laragon\\www\\cipharmaplus\\app\\Controllers\\CurrentTransactionController.php', 37)
 2 SYSTEMPATH\CodeIgniter.php(919): App\Controllers\CurrentTransactionController->SalesTransactionList()
 3 SYSTEMPATH\CodeIgniter.php(494): CodeIgniter\CodeIgniter->runController(Object(App\Controllers\CurrentTransactionController))
 4 SYSTEMPATH\CodeIgniter.php(353): CodeIgniter\CodeIgniter->handleRequest(null, Object(Config\Cache), false)
 5 FCPATH\index.php(91): CodeIgniter\CodeIgniter->run()
CRITICAL - 2024-01-19 17:55:19 --> Trying to access array offset on value of type null
in APPPATH\Controllers\CurrentTransactionController.php on line 37.
 1 APPPATH\Controllers\CurrentTransactionController.php(37): CodeIgniter\Debug\Exceptions->errorHandler(2, 'Trying to access array offset on value of type null', 'C:\\laragon\\www\\cipharmaplus\\app\\Controllers\\CurrentTransactionController.php', 37)
 2 SYSTEMPATH\CodeIgniter.php(919): App\Controllers\CurrentTransactionController->SalesTransactionList()
 3 SYSTEMPATH\CodeIgniter.php(494): CodeIgniter\CodeIgniter->runController(Object(App\Controllers\CurrentTransactionController))
 4 SYSTEMPATH\CodeIgniter.php(353): CodeIgniter\CodeIgniter->handleRequest(null, Object(Config\Cache), false)
 5 FCPATH\index.php(91): CodeIgniter\CodeIgniter->run()
CRITICAL - 2024-01-19 17:55:20 --> Trying to access array offset on value of type null
in APPPATH\Controllers\CurrentTransactionController.php on line 37.
 1 APPPATH\Controllers\CurrentTransactionController.php(37): CodeIgniter\Debug\Exceptions->errorHandler(2, 'Trying to access array offset on value of type null', 'C:\\laragon\\www\\cipharmaplus\\app\\Controllers\\CurrentTransactionController.php', 37)
 2 SYSTEMPATH\CodeIgniter.php(919): App\Controllers\CurrentTransactionController->SalesTransactionList()
 3 SYSTEMPATH\CodeIgniter.php(494): CodeIgniter\CodeIgniter->runController(Object(App\Controllers\CurrentTransactionController))
 4 SYSTEMPATH\CodeIgniter.php(353): CodeIgniter\CodeIgniter->handleRequest(null, Object(Config\Cache), false)
 5 FCPATH\index.php(91): CodeIgniter\CodeIgniter->run()
CRITICAL - 2024-01-19 17:55:21 --> Trying to access array offset on value of type null
in APPPATH\Controllers\CurrentTransactionController.php on line 37.
 1 APPPATH\Controllers\CurrentTransactionController.php(37): CodeIgniter\Debug\Exceptions->errorHandler(2, 'Trying to access array offset on value of type null', 'C:\\laragon\\www\\cipharmaplus\\app\\Controllers\\CurrentTransactionController.php', 37)
 2 SYSTEMPATH\CodeIgniter.php(919): App\Controllers\CurrentTransactionController->SalesTransactionList()
 3 SYSTEMPATH\CodeIgniter.php(494): CodeIgniter\CodeIgniter->runController(Object(App\Controllers\CurrentTransactionController))
 4 SYSTEMPATH\CodeIgniter.php(353): CodeIgniter\CodeIgniter->handleRequest(null, Object(Config\Cache), false)
 5 FCPATH\index.php(91): CodeIgniter\CodeIgniter->run()
CRITICAL - 2024-01-19 17:58:30 --> Trying to access array offset on value of type null
in APPPATH\Controllers\CurrentTransactionController.php on line 71.
 1 APPPATH\Controllers\CurrentTransactionController.php(71): CodeIgniter\Debug\Exceptions->errorHandler(2, 'Trying to access array offset on value of type null', 'C:\\laragon\\www\\cipharmaplus\\app\\Controllers\\CurrentTransactionController.php', 71)
 2 SYSTEMPATH\CodeIgniter.php(919): App\Controllers\CurrentTransactionController->CurrentTransactionList('null', 'LKZXwZOTcF')
 3 SYSTEMPATH\CodeIgniter.php(494): CodeIgniter\CodeIgniter->runController(Object(App\Controllers\CurrentTransactionController))
 4 SYSTEMPATH\CodeIgniter.php(353): CodeIgniter\CodeIgniter->handleRequest(null, Object(Config\Cache), false)
 5 FCPATH\index.php(91): CodeIgniter\CodeIgniter->run()
CRITICAL - 2024-01-19 17:58:31 --> Trying to access array offset on value of type null
in APPPATH\Controllers\CurrentTransactionController.php on line 71.
 1 APPPATH\Controllers\CurrentTransactionController.php(71): CodeIgniter\Debug\Exceptions->errorHandler(2, 'Trying to access array offset on value of type null', 'C:\\laragon\\www\\cipharmaplus\\app\\Controllers\\CurrentTransactionController.php', 71)
 2 SYSTEMPATH\CodeIgniter.php(919): App\Controllers\CurrentTransactionController->CurrentTransactionList('null', 'LKZXwZOTcF')
 3 SYSTEMPATH\CodeIgniter.php(494): CodeIgniter\CodeIgniter->runController(Object(App\Controllers\CurrentTransactionController))
 4 SYSTEMPATH\CodeIgniter.php(353): CodeIgniter\CodeIgniter->handleRequest(null, Object(Config\Cache), false)
 5 FCPATH\index.php(91): CodeIgniter\CodeIgniter->run()
CRITICAL - 2024-01-19 17:58:32 --> Trying to access array offset on value of type null
in APPPATH\Controllers\CurrentTransactionController.php on line 71.
 1 APPPATH\Controllers\CurrentTransactionController.php(71): CodeIgniter\Debug\Exceptions->errorHandler(2, 'Trying to access array offset on value of type null', 'C:\\laragon\\www\\cipharmaplus\\app\\Controllers\\CurrentTransactionController.php', 71)
 2 SYSTEMPATH\CodeIgniter.php(919): App\Controllers\CurrentTransactionController->CurrentTransactionList('null', 'LKZXwZOTcF')
 3 SYSTEMPATH\CodeIgniter.php(494): CodeIgniter\CodeIgniter->runController(Object(App\Controllers\CurrentTransactionController))
 4 SYSTEMPATH\CodeIgniter.php(353): CodeIgniter\CodeIgniter->handleRequest(null, Object(Config\Cache), false)
 5 FCPATH\index.php(91): CodeIgniter\CodeIgniter->run()
CRITICAL - 2024-01-19 17:58:33 --> Trying to access array offset on value of type null
in APPPATH\Controllers\CurrentTransactionController.php on line 71.
 1 APPPATH\Controllers\CurrentTransactionController.php(71): CodeIgniter\Debug\Exceptions->errorHandler(2, 'Trying to access array offset on value of type null', 'C:\\laragon\\www\\cipharmaplus\\app\\Controllers\\CurrentTransactionController.php', 71)
 2 SYSTEMPATH\CodeIgniter.php(919): App\Controllers\CurrentTransactionController->CurrentTransactionList('null', 'LKZXwZOTcF')
 3 SYSTEMPATH\CodeIgniter.php(494): CodeIgniter\CodeIgniter->runController(Object(App\Controllers\CurrentTransactionController))
 4 SYSTEMPATH\CodeIgniter.php(353): CodeIgniter\CodeIgniter->handleRequest(null, Object(Config\Cache), false)
 5 FCPATH\index.php(91): CodeIgniter\CodeIgniter->run()
CRITICAL - 2024-01-19 17:58:34 --> Trying to access array offset on value of type null
in APPPATH\Controllers\CurrentTransactionController.php on line 71.
 1 APPPATH\Controllers\CurrentTransactionController.php(71): CodeIgniter\Debug\Exceptions->errorHandler(2, 'Trying to access array offset on value of type null', 'C:\\laragon\\www\\cipharmaplus\\app\\Controllers\\CurrentTransactionController.php', 71)
 2 SYSTEMPATH\CodeIgniter.php(919): App\Controllers\CurrentTransactionController->CurrentTransactionList('null', 'LKZXwZOTcF')
 3 SYSTEMPATH\CodeIgniter.php(494): CodeIgniter\CodeIgniter->runController(Object(App\Controllers\CurrentTransactionController))
 4 SYSTEMPATH\CodeIgniter.php(353): CodeIgniter\CodeIgniter->handleRequest(null, Object(Config\Cache), false)
 5 FCPATH\index.php(91): CodeIgniter\CodeIgniter->run()
CRITICAL - 2024-01-19 17:58:35 --> Trying to access array offset on value of type null
in APPPATH\Controllers\CurrentTransactionController.php on line 71.
 1 APPPATH\Controllers\CurrentTransactionController.php(71): CodeIgniter\Debug\Exceptions->errorHandler(2, 'Trying to access array offset on value of type null', 'C:\\laragon\\www\\cipharmaplus\\app\\Controllers\\CurrentTransactionController.php', 71)
 2 SYSTEMPATH\CodeIgniter.php(919): App\Controllers\CurrentTransactionController->CurrentTransactionList('null', 'LKZXwZOTcF')
 3 SYSTEMPATH\CodeIgniter.php(494): CodeIgniter\CodeIgniter->runController(Object(App\Controllers\CurrentTransactionController))
 4 SYSTEMPATH\CodeIgniter.php(353): CodeIgniter\CodeIgniter->handleRequest(null, Object(Config\Cache), false)
 5 FCPATH\index.php(91): CodeIgniter\CodeIgniter->run()
CRITICAL - 2024-01-19 17:58:36 --> Trying to access array offset on value of type null
in APPPATH\Controllers\CurrentTransactionController.php on line 71.
 1 APPPATH\Controllers\CurrentTransactionController.php(71): CodeIgniter\Debug\Exceptions->errorHandler(2, 'Trying to access array offset on value of type null', 'C:\\laragon\\www\\cipharmaplus\\app\\Controllers\\CurrentTransactionController.php', 71)
 2 SYSTEMPATH\CodeIgniter.php(919): App\Controllers\CurrentTransactionController->CurrentTransactionList('null', 'LKZXwZOTcF')
 3 SYSTEMPATH\CodeIgniter.php(494): CodeIgniter\CodeIgniter->runController(Object(App\Controllers\CurrentTransactionController))
 4 SYSTEMPATH\CodeIgniter.php(353): CodeIgniter\CodeIgniter->handleRequest(null, Object(Config\Cache), false)
 5 FCPATH\index.php(91): CodeIgniter\CodeIgniter->run()
CRITICAL - 2024-01-19 17:58:37 --> Trying to access array offset on value of type null
in APPPATH\Controllers\CurrentTransactionController.php on line 71.
 1 APPPATH\Controllers\CurrentTransactionController.php(71): CodeIgniter\Debug\Exceptions->errorHandler(2, 'Trying to access array offset on value of type null', 'C:\\laragon\\www\\cipharmaplus\\app\\Controllers\\CurrentTransactionController.php', 71)
 2 SYSTEMPATH\CodeIgniter.php(919): App\Controllers\CurrentTransactionController->CurrentTransactionList('null', 'LKZXwZOTcF')
 3 SYSTEMPATH\CodeIgniter.php(494): CodeIgniter\CodeIgniter->runController(Object(App\Controllers\CurrentTransactionController))
 4 SYSTEMPATH\CodeIgniter.php(353): CodeIgniter\CodeIgniter->handleRequest(null, Object(Config\Cache), false)
 5 FCPATH\index.php(91): CodeIgniter\CodeIgniter->run()
CRITICAL - 2024-01-19 17:58:38 --> Trying to access array offset on value of type null
in APPPATH\Controllers\CurrentTransactionController.php on line 71.
 1 APPPATH\Controllers\CurrentTransactionController.php(71): CodeIgniter\Debug\Exceptions->errorHandler(2, 'Trying to access array offset on value of type null', 'C:\\laragon\\www\\cipharmaplus\\app\\Controllers\\CurrentTransactionController.php', 71)
 2 SYSTEMPATH\CodeIgniter.php(919): App\Controllers\CurrentTransactionController->CurrentTransactionList('null', 'LKZXwZOTcF')
 3 SYSTEMPATH\CodeIgniter.php(494): CodeIgniter\CodeIgniter->runController(Object(App\Controllers\CurrentTransactionController))
 4 SYSTEMPATH\CodeIgniter.php(353): CodeIgniter\CodeIgniter->handleRequest(null, Object(Config\Cache), false)
 5 FCPATH\index.php(91): CodeIgniter\CodeIgniter->run()
CRITICAL - 2024-01-19 17:58:39 --> Trying to access array offset on value of type null
in APPPATH\Controllers\CurrentTransactionController.php on line 71.
 1 APPPATH\Controllers\CurrentTransactionController.php(71): CodeIgniter\Debug\Exceptions->errorHandler(2, 'Trying to access array offset on value of type null', 'C:\\laragon\\www\\cipharmaplus\\app\\Controllers\\CurrentTransactionController.php', 71)
 2 SYSTEMPATH\CodeIgniter.php(919): App\Controllers\CurrentTransactionController->CurrentTransactionList('null', 'LKZXwZOTcF')
 3 SYSTEMPATH\CodeIgniter.php(494): CodeIgniter\CodeIgniter->runController(Object(App\Controllers\CurrentTransactionController))
 4 SYSTEMPATH\CodeIgniter.php(353): CodeIgniter\CodeIgniter->handleRequest(null, Object(Config\Cache), false)
 5 FCPATH\index.php(91): CodeIgniter\CodeIgniter->run()
CRITICAL - 2024-01-19 17:58:40 --> Trying to access array offset on value of type null
in APPPATH\Controllers\CurrentTransactionController.php on line 71.
 1 APPPATH\Controllers\CurrentTransactionController.php(71): CodeIgniter\Debug\Exceptions->errorHandler(2, 'Trying to access array offset on value of type null', 'C:\\laragon\\www\\cipharmaplus\\app\\Controllers\\CurrentTransactionController.php', 71)
 2 SYSTEMPATH\CodeIgniter.php(919): App\Controllers\CurrentTransactionController->CurrentTransactionList('null', 'LKZXwZOTcF')
 3 SYSTEMPATH\CodeIgniter.php(494): CodeIgniter\CodeIgniter->runController(Object(App\Controllers\CurrentTransactionController))
 4 SYSTEMPATH\CodeIgniter.php(353): CodeIgniter\CodeIgniter->handleRequest(null, Object(Config\Cache), false)
 5 FCPATH\index.php(91): CodeIgniter\CodeIgniter->run()
CRITICAL - 2024-01-19 17:58:41 --> Trying to access array offset on value of type null
in APPPATH\Controllers\CurrentTransactionController.php on line 71.
 1 APPPATH\Controllers\CurrentTransactionController.php(71): CodeIgniter\Debug\Exceptions->errorHandler(2, 'Trying to access array offset on value of type null', 'C:\\laragon\\www\\cipharmaplus\\app\\Controllers\\CurrentTransactionController.php', 71)
 2 SYSTEMPATH\CodeIgniter.php(919): App\Controllers\CurrentTransactionController->CurrentTransactionList('null', 'LKZXwZOTcF')
 3 SYSTEMPATH\CodeIgniter.php(494): CodeIgniter\CodeIgniter->runController(Object(App\Controllers\CurrentTransactionController))
 4 SYSTEMPATH\CodeIgniter.php(353): CodeIgniter\CodeIgniter->handleRequest(null, Object(Config\Cache), false)
 5 FCPATH\index.php(91): CodeIgniter\CodeIgniter->run()
CRITICAL - 2024-01-19 17:58:42 --> Trying to access array offset on value of type null
in APPPATH\Controllers\CurrentTransactionController.php on line 71.
 1 APPPATH\Controllers\CurrentTransactionController.php(71): CodeIgniter\Debug\Exceptions->errorHandler(2, 'Trying to access array offset on value of type null', 'C:\\laragon\\www\\cipharmaplus\\app\\Controllers\\CurrentTransactionController.php', 71)
 2 SYSTEMPATH\CodeIgniter.php(919): App\Controllers\CurrentTransactionController->CurrentTransactionList('null', 'LKZXwZOTcF')
 3 SYSTEMPATH\CodeIgniter.php(494): CodeIgniter\CodeIgniter->runController(Object(App\Controllers\CurrentTransactionController))
 4 SYSTEMPATH\CodeIgniter.php(353): CodeIgniter\CodeIgniter->handleRequest(null, Object(Config\Cache), false)
 5 FCPATH\index.php(91): CodeIgniter\CodeIgniter->run()
CRITICAL - 2024-01-19 17:58:43 --> Trying to access array offset on value of type null
in APPPATH\Controllers\CurrentTransactionController.php on line 71.
 1 APPPATH\Controllers\CurrentTransactionController.php(71): CodeIgniter\Debug\Exceptions->errorHandler(2, 'Trying to access array offset on value of type null', 'C:\\laragon\\www\\cipharmaplus\\app\\Controllers\\CurrentTransactionController.php', 71)
 2 SYSTEMPATH\CodeIgniter.php(919): App\Controllers\CurrentTransactionController->CurrentTransactionList('null', 'LKZXwZOTcF')
 3 SYSTEMPATH\CodeIgniter.php(494): CodeIgniter\CodeIgniter->runController(Object(App\Controllers\CurrentTransactionController))
 4 SYSTEMPATH\CodeIgniter.php(353): CodeIgniter\CodeIgniter->handleRequest(null, Object(Config\Cache), false)
 5 FCPATH\index.php(91): CodeIgniter\CodeIgniter->run()
CRITICAL - 2024-01-19 17:58:44 --> Trying to access array offset on value of type null
in APPPATH\Controllers\CurrentTransactionController.php on line 71.
 1 APPPATH\Controllers\CurrentTransactionController.php(71): CodeIgniter\Debug\Exceptions->errorHandler(2, 'Trying to access array offset on value of type null', 'C:\\laragon\\www\\cipharmaplus\\app\\Controllers\\CurrentTransactionController.php', 71)
 2 SYSTEMPATH\CodeIgniter.php(919): App\Controllers\CurrentTransactionController->CurrentTransactionList('null', 'LKZXwZOTcF')
 3 SYSTEMPATH\CodeIgniter.php(494): CodeIgniter\CodeIgniter->runController(Object(App\Controllers\CurrentTransactionController))
 4 SYSTEMPATH\CodeIgniter.php(353): CodeIgniter\CodeIgniter->handleRequest(null, Object(Config\Cache), false)
 5 FCPATH\index.php(91): CodeIgniter\CodeIgniter->run()
CRITICAL - 2024-01-19 17:58:45 --> Trying to access array offset on value of type null
in APPPATH\Controllers\CurrentTransactionController.php on line 71.
 1 APPPATH\Controllers\CurrentTransactionController.php(71): CodeIgniter\Debug\Exceptions->errorHandler(2, 'Trying to access array offset on value of type null', 'C:\\laragon\\www\\cipharmaplus\\app\\Controllers\\CurrentTransactionController.php', 71)
 2 SYSTEMPATH\CodeIgniter.php(919): App\Controllers\CurrentTransactionController->CurrentTransactionList('null', 'LKZXwZOTcF')
 3 SYSTEMPATH\CodeIgniter.php(494): CodeIgniter\CodeIgniter->runController(Object(App\Controllers\CurrentTransactionController))
 4 SYSTEMPATH\CodeIgniter.php(353): CodeIgniter\CodeIgniter->handleRequest(null, Object(Config\Cache), false)
 5 FCPATH\index.php(91): CodeIgniter\CodeIgniter->run()
CRITICAL - 2024-01-19 17:58:46 --> Trying to access array offset on value of type null
in APPPATH\Controllers\CurrentTransactionController.php on line 71.
 1 APPPATH\Controllers\CurrentTransactionController.php(71): CodeIgniter\Debug\Exceptions->errorHandler(2, 'Trying to access array offset on value of type null', 'C:\\laragon\\www\\cipharmaplus\\app\\Controllers\\CurrentTransactionController.php', 71)
 2 SYSTEMPATH\CodeIgniter.php(919): App\Controllers\CurrentTransactionController->CurrentTransactionList('null', 'LKZXwZOTcF')
 3 SYSTEMPATH\CodeIgniter.php(494): CodeIgniter\CodeIgniter->runController(Object(App\Controllers\CurrentTransactionController))
 4 SYSTEMPATH\CodeIgniter.php(353): CodeIgniter\CodeIgniter->handleRequest(null, Object(Config\Cache), false)
 5 FCPATH\index.php(91): CodeIgniter\CodeIgniter->run()
CRITICAL - 2024-01-19 17:58:47 --> Trying to access array offset on value of type null
in APPPATH\Controllers\CurrentTransactionController.php on line 71.
 1 APPPATH\Controllers\CurrentTransactionController.php(71): CodeIgniter\Debug\Exceptions->errorHandler(2, 'Trying to access array offset on value of type null', 'C:\\laragon\\www\\cipharmaplus\\app\\Controllers\\CurrentTransactionController.php', 71)
 2 SYSTEMPATH\CodeIgniter.php(919): App\Controllers\CurrentTransactionController->CurrentTransactionList('null', 'LKZXwZOTcF')
 3 SYSTEMPATH\CodeIgniter.php(494): CodeIgniter\CodeIgniter->runController(Object(App\Controllers\CurrentTransactionController))
 4 SYSTEMPATH\CodeIgniter.php(353): CodeIgniter\CodeIgniter->handleRequest(null, Object(Config\Cache), false)
 5 FCPATH\index.php(91): CodeIgniter\CodeIgniter->run()
CRITICAL - 2024-01-19 17:58:48 --> Trying to access array offset on value of type null
in APPPATH\Controllers\CurrentTransactionController.php on line 71.
 1 APPPATH\Controllers\CurrentTransactionController.php(71): CodeIgniter\Debug\Exceptions->errorHandler(2, 'Trying to access array offset on value of type null', 'C:\\laragon\\www\\cipharmaplus\\app\\Controllers\\CurrentTransactionController.php', 71)
 2 SYSTEMPATH\CodeIgniter.php(919): App\Controllers\CurrentTransactionController->CurrentTransactionList('null', 'LKZXwZOTcF')
 3 SYSTEMPATH\CodeIgniter.php(494): CodeIgniter\CodeIgniter->runController(Object(App\Controllers\CurrentTransactionController))
 4 SYSTEMPATH\CodeIgniter.php(353): CodeIgniter\CodeIgniter->handleRequest(null, Object(Config\Cache), false)
 5 FCPATH\index.php(91): CodeIgniter\CodeIgniter->run()
CRITICAL - 2024-01-19 17:58:49 --> Trying to access array offset on value of type null
in APPPATH\Controllers\CurrentTransactionController.php on line 71.
 1 APPPATH\Controllers\CurrentTransactionController.php(71): CodeIgniter\Debug\Exceptions->errorHandler(2, 'Trying to access array offset on value of type null', 'C:\\laragon\\www\\cipharmaplus\\app\\Controllers\\CurrentTransactionController.php', 71)
 2 SYSTEMPATH\CodeIgniter.php(919): App\Controllers\CurrentTransactionController->CurrentTransactionList('null', 'LKZXwZOTcF')
 3 SYSTEMPATH\CodeIgniter.php(494): CodeIgniter\CodeIgniter->runController(Object(App\Controllers\CurrentTransactionController))
 4 SYSTEMPATH\CodeIgniter.php(353): CodeIgniter\CodeIgniter->handleRequest(null, Object(Config\Cache), false)
 5 FCPATH\index.php(91): CodeIgniter\CodeIgniter->run()
CRITICAL - 2024-01-19 17:58:50 --> Trying to access array offset on value of type null
in APPPATH\Controllers\CurrentTransactionController.php on line 71.
 1 APPPATH\Controllers\CurrentTransactionController.php(71): CodeIgniter\Debug\Exceptions->errorHandler(2, 'Trying to access array offset on value of type null', 'C:\\laragon\\www\\cipharmaplus\\app\\Controllers\\CurrentTransactionController.php', 71)
 2 SYSTEMPATH\CodeIgniter.php(919): App\Controllers\CurrentTransactionController->CurrentTransactionList('null', 'LKZXwZOTcF')
 3 SYSTEMPATH\CodeIgniter.php(494): CodeIgniter\CodeIgniter->runController(Object(App\Controllers\CurrentTransactionController))
 4 SYSTEMPATH\CodeIgniter.php(353): CodeIgniter\CodeIgniter->handleRequest(null, Object(Config\Cache), false)
 5 FCPATH\index.php(91): CodeIgniter\CodeIgniter->run()
CRITICAL - 2024-01-19 17:58:51 --> Trying to access array offset on value of type null
in APPPATH\Controllers\CurrentTransactionController.php on line 71.
 1 APPPATH\Controllers\CurrentTransactionController.php(71): CodeIgniter\Debug\Exceptions->errorHandler(2, 'Trying to access array offset on value of type null', 'C:\\laragon\\www\\cipharmaplus\\app\\Controllers\\CurrentTransactionController.php', 71)
 2 SYSTEMPATH\CodeIgniter.php(919): App\Controllers\CurrentTransactionController->CurrentTransactionList('null', 'LKZXwZOTcF')
 3 SYSTEMPATH\CodeIgniter.php(494): CodeIgniter\CodeIgniter->runController(Object(App\Controllers\CurrentTransactionController))
 4 SYSTEMPATH\CodeIgniter.php(353): CodeIgniter\CodeIgniter->handleRequest(null, Object(Config\Cache), false)
 5 FCPATH\index.php(91): CodeIgniter\CodeIgniter->run()
CRITICAL - 2024-01-19 17:58:52 --> Trying to access array offset on value of type null
in APPPATH\Controllers\CurrentTransactionController.php on line 71.
 1 APPPATH\Controllers\CurrentTransactionController.php(71): CodeIgniter\Debug\Exceptions->errorHandler(2, 'Trying to access array offset on value of type null', 'C:\\laragon\\www\\cipharmaplus\\app\\Controllers\\CurrentTransactionController.php', 71)
 2 SYSTEMPATH\CodeIgniter.php(919): App\Controllers\CurrentTransactionController->CurrentTransactionList('null', 'LKZXwZOTcF')
 3 SYSTEMPATH\CodeIgniter.php(494): CodeIgniter\CodeIgniter->runController(Object(App\Controllers\CurrentTransactionController))
 4 SYSTEMPATH\CodeIgniter.php(353): CodeIgniter\CodeIgniter->handleRequest(null, Object(Config\Cache), false)
 5 FCPATH\index.php(91): CodeIgniter\CodeIgniter->run()
CRITICAL - 2024-01-19 17:58:53 --> Trying to access array offset on value of type null
in APPPATH\Controllers\CurrentTransactionController.php on line 71.
 1 APPPATH\Controllers\CurrentTransactionController.php(71): CodeIgniter\Debug\Exceptions->errorHandler(2, 'Trying to access array offset on value of type null', 'C:\\laragon\\www\\cipharmaplus\\app\\Controllers\\CurrentTransactionController.php', 71)
 2 SYSTEMPATH\CodeIgniter.php(919): App\Controllers\CurrentTransactionController->CurrentTransactionList('null', 'LKZXwZOTcF')
 3 SYSTEMPATH\CodeIgniter.php(494): CodeIgniter\CodeIgniter->runController(Object(App\Controllers\CurrentTransactionController))
 4 SYSTEMPATH\CodeIgniter.php(353): CodeIgniter\CodeIgniter->handleRequest(null, Object(Config\Cache), false)
 5 FCPATH\index.php(91): CodeIgniter\CodeIgniter->run()
ERROR - 2024-01-19 18:19:38 --> mysqli_sql_exception: Column 'user_id' cannot be null in C:\laragon\www\cipharmaplus\system\Database\MySQLi\Connection.php:306
Stack trace:
#0 C:\laragon\www\cipharmaplus\system\Database\MySQLi\Connection.php(306): mysqli->query('INSERT INTO `no...', 0)
#1 C:\laragon\www\cipharmaplus\system\Database\BaseConnection.php(692): CodeIgniter\Database\MySQLi\Connection->execute('INSERT INTO `no...')
#2 C:\laragon\www\cipharmaplus\system\Database\BaseConnection.php(606): CodeIgniter\Database\BaseConnection->simpleQuery('INSERT INTO `no...')
#3 C:\laragon\www\cipharmaplus\system\Database\BaseBuilder.php(2308): CodeIgniter\Database\BaseConnection->query('INSERT INTO `no...', Array, false)
#4 C:\laragon\www\cipharmaplus\system\Model.php(319): CodeIgniter\Database\BaseBuilder->insert()
#5 C:\laragon\www\cipharmaplus\system\BaseModel.php(788): CodeIgniter\Model->doInsert(Array)
#6 C:\laragon\www\cipharmaplus\system\Model.php(715): CodeIgniter\BaseModel->insert(Array, false)
#7 C:\laragon\www\cipharmaplus\system\BaseModel.php(698): CodeIgniter\Model->insert(Array, false)
#8 C:\laragon\www\cipharmaplus\app\Controllers\NotesController.php(40): CodeIgniter\BaseModel->save(Array)
#9 C:\laragon\www\cipharmaplus\system\CodeIgniter.php(919): App\Controllers\NotesController->AddNotes()
#10 C:\laragon\www\cipharmaplus\system\CodeIgniter.php(494): CodeIgniter\CodeIgniter->runController(Object(App\Controllers\NotesController))
#11 C:\laragon\www\cipharmaplus\system\CodeIgniter.php(353): CodeIgniter\CodeIgniter->handleRequest(NULL, Object(Config\Cache), false)
#12 C:\laragon\www\cipharmaplus\public\index.php(91): CodeIgniter\CodeIgniter->run()
#13 {main}
CRITICAL - 2024-01-19 18:19:38 --> Column 'user_id' cannot be null
in SYSTEMPATH\Database\BaseConnection.php on line 646.
 1 SYSTEMPATH\Database\BaseBuilder.php(2308): CodeIgniter\Database\BaseConnection->query('INSERT INTO `notes_tbl` (`user_id`, `note_title`, `note_content`, `status`, `created_at`) VALUES (:user_id:, :note_title:, :note_content:, :status:, :created_at:)', [...], false)
 2 SYSTEMPATH\Model.php(319): CodeIgniter\Database\BaseBuilder->insert()
 3 SYSTEMPATH\BaseModel.php(788): CodeIgniter\Model->doInsert([...])
 4 SYSTEMPATH\Model.php(715): CodeIgniter\BaseModel->insert([...], false)
 5 SYSTEMPATH\BaseModel.php(698): CodeIgniter\Model->insert([...], false)
 6 APPPATH\Controllers\NotesController.php(40): CodeIgniter\BaseModel->save([...])
 7 SYSTEMPATH\CodeIgniter.php(919): App\Controllers\NotesController->AddNotes()
 8 SYSTEMPATH\CodeIgniter.php(494): CodeIgniter\CodeIgniter->runController(Object(App\Controllers\NotesController))
 9 SYSTEMPATH\CodeIgniter.php(353): CodeIgniter\CodeIgniter->handleRequest(null, Object(Config\Cache), false)
10 FCPATH\index.php(91): CodeIgniter\CodeIgniter->run()
ERROR - 2024-01-19 18:19:46 --> mysqli_sql_exception: Column 'user_id' cannot be null in C:\laragon\www\cipharmaplus\system\Database\MySQLi\Connection.php:306
Stack trace:
#0 C:\laragon\www\cipharmaplus\system\Database\MySQLi\Connection.php(306): mysqli->query('INSERT INTO `no...', 0)
#1 C:\laragon\www\cipharmaplus\system\Database\BaseConnection.php(692): CodeIgniter\Database\MySQLi\Connection->execute('INSERT INTO `no...')
#2 C:\laragon\www\cipharmaplus\system\Database\BaseConnection.php(606): CodeIgniter\Database\BaseConnection->simpleQuery('INSERT INTO `no...')
#3 C:\laragon\www\cipharmaplus\system\Database\BaseBuilder.php(2308): CodeIgniter\Database\BaseConnection->query('INSERT INTO `no...', Array, false)
#4 C:\laragon\www\cipharmaplus\system\Model.php(319): CodeIgniter\Database\BaseBuilder->insert()
#5 C:\laragon\www\cipharmaplus\system\BaseModel.php(788): CodeIgniter\Model->doInsert(Array)
#6 C:\laragon\www\cipharmaplus\system\Model.php(715): CodeIgniter\BaseModel->insert(Array, false)
#7 C:\laragon\www\cipharmaplus\system\BaseModel.php(698): CodeIgniter\Model->insert(Array, false)
#8 C:\laragon\www\cipharmaplus\app\Controllers\NotesController.php(40): CodeIgniter\BaseModel->save(Array)
#9 C:\laragon\www\cipharmaplus\system\CodeIgniter.php(919): App\Controllers\NotesController->AddNotes()
#10 C:\laragon\www\cipharmaplus\system\CodeIgniter.php(494): CodeIgniter\CodeIgniter->runController(Object(App\Controllers\NotesController))
#11 C:\laragon\www\cipharmaplus\system\CodeIgniter.php(353): CodeIgniter\CodeIgniter->handleRequest(NULL, Object(Config\Cache), false)
#12 C:\laragon\www\cipharmaplus\public\index.php(91): CodeIgniter\CodeIgniter->run()
#13 {main}
CRITICAL - 2024-01-19 18:19:46 --> Column 'user_id' cannot be null
in SYSTEMPATH\Database\BaseConnection.php on line 646.
 1 SYSTEMPATH\Database\BaseBuilder.php(2308): CodeIgniter\Database\BaseConnection->query('INSERT INTO `notes_tbl` (`user_id`, `note_title`, `note_content`, `status`, `created_at`) VALUES (:user_id:, :note_title:, :note_content:, :status:, :created_at:)', [...], false)
 2 SYSTEMPATH\Model.php(319): CodeIgniter\Database\BaseBuilder->insert()
 3 SYSTEMPATH\BaseModel.php(788): CodeIgniter\Model->doInsert([...])
 4 SYSTEMPATH\Model.php(715): CodeIgniter\BaseModel->insert([...], false)
 5 SYSTEMPATH\BaseModel.php(698): CodeIgniter\Model->insert([...], false)
 6 APPPATH\Controllers\NotesController.php(40): CodeIgniter\BaseModel->save([...])
 7 SYSTEMPATH\CodeIgniter.php(919): App\Controllers\NotesController->AddNotes()
 8 SYSTEMPATH\CodeIgniter.php(494): CodeIgniter\CodeIgniter->runController(Object(App\Controllers\NotesController))
 9 SYSTEMPATH\CodeIgniter.php(353): CodeIgniter\CodeIgniter->handleRequest(null, Object(Config\Cache), false)
10 FCPATH\index.php(91): CodeIgniter\CodeIgniter->run()
