CRITICAL - 2024-10-11 00:14:40 --> Undefined array key "product_name"
in APPPATH\Controllers\CurrentTransactionController.php on line 458.
 1 APPPATH\Controllers\CurrentTransactionController.php(458): CodeIgniter\Debug\Exceptions->errorHandler(2, 'Undefined array key "product_name"', 'C:\\laragon\\www\\cipharmaplus\\app\\Controllers\\CurrentTransactionController.php', 458)
 2 SYSTEMPATH\CodeIgniter.php(919): App\Controllers\CurrentTransactionController->SubmitCurrentTransactionAdmin()
 3 SYSTEMPATH\CodeIgniter.php(494): CodeIgniter\CodeIgniter->runController(Object(App\Controllers\CurrentTransactionController))
 4 SYSTEMPATH\CodeIgniter.php(353): CodeIgniter\CodeIgniter->handleRequest(null, Object(Config\Cache), false)
 5 FCPATH\index.php(91): CodeIgniter\CodeIgniter->run()
CRITICAL - 2024-10-11 00:15:44 --> Undefined array key "product_name"
in APPPATH\Controllers\CurrentTransactionController.php on line 47.
 1 APPPATH\Controllers\CurrentTransactionController.php(47): CodeIgniter\Debug\Exceptions->errorHandler(2, 'Undefined array key "product_name"', 'C:\\laragon\\www\\cipharmaplus\\app\\Controllers\\CurrentTransactionController.php', 47)
 2 SYSTEMPATH\CodeIgniter.php(919): App\Controllers\CurrentTransactionController->BranchOrderView()
 3 SYSTEMPATH\CodeIgniter.php(494): CodeIgniter\CodeIgniter->runController(Object(App\Controllers\CurrentTransactionController))
 4 SYSTEMPATH\CodeIgniter.php(353): CodeIgniter\CodeIgniter->handleRequest(null, Object(Config\Cache), false)
 5 FCPATH\index.php(91): CodeIgniter\CodeIgniter->run()
CRITICAL - 2024-10-11 00:15:44 --> Undefined array key "product_name"
in APPPATH\Controllers\CurrentTransactionController.php on line 47.
 1 APPPATH\Controllers\CurrentTransactionController.php(47): CodeIgniter\Debug\Exceptions->errorHandler(2, 'Undefined array key "product_name"', 'C:\\laragon\\www\\cipharmaplus\\app\\Controllers\\CurrentTransactionController.php', 47)
 2 SYSTEMPATH\CodeIgniter.php(919): App\Controllers\CurrentTransactionController->BranchOrderView()
 3 SYSTEMPATH\CodeIgniter.php(494): CodeIgniter\CodeIgniter->runController(Object(App\Controllers\CurrentTransactionController))
 4 SYSTEMPATH\CodeIgniter.php(353): CodeIgniter\CodeIgniter->handleRequest(null, Object(Config\Cache), false)
 5 FCPATH\index.php(91): CodeIgniter\CodeIgniter->run()
CRITICAL - 2024-10-11 00:15:45 --> Undefined array key "product_name"
in APPPATH\Controllers\CurrentTransactionController.php on line 47.
 1 APPPATH\Controllers\CurrentTransactionController.php(47): CodeIgniter\Debug\Exceptions->errorHandler(2, 'Undefined array key "product_name"', 'C:\\laragon\\www\\cipharmaplus\\app\\Controllers\\CurrentTransactionController.php', 47)
 2 SYSTEMPATH\CodeIgniter.php(919): App\Controllers\CurrentTransactionController->BranchOrderView()
 3 SYSTEMPATH\CodeIgniter.php(494): CodeIgniter\CodeIgniter->runController(Object(App\Controllers\CurrentTransactionController))
 4 SYSTEMPATH\CodeIgniter.php(353): CodeIgniter\CodeIgniter->handleRequest(null, Object(Config\Cache), false)
 5 FCPATH\index.php(91): CodeIgniter\CodeIgniter->run()
