CRITICAL - 2024-11-09 19:59:52 --> Trying to access array offset on value of type null
in APPPATH\Controllers\NotificationController.php on line 31.
 1 APPPATH\Controllers\NotificationController.php(31): CodeIgniter\Debug\Exceptions->errorHandler(2, 'Trying to access array offset on value of type null', 'C:\\laragon\\www\\cipharmaplus\\app\\Controllers\\NotificationController.php', 31)
 2 SYSTEMPATH\CodeIgniter.php(919): App\Controllers\NotificationController->BranchNotifications()
 3 SYSTEMPATH\CodeIgniter.php(494): CodeIgniter\CodeIgniter->runController(Object(App\Controllers\NotificationController))
 4 SYSTEMPATH\CodeIgniter.php(353): CodeIgniter\CodeIgniter->handleRequest(null, Object(Config\Cache), false)
 5 FCPATH\index.php(91): CodeIgniter\CodeIgniter->run()
CRITICAL - 2024-11-09 19:59:54 --> Trying to access array offset on value of type null
in APPPATH\Controllers\NotificationController.php on line 31.
 1 APPPATH\Controllers\NotificationController.php(31): CodeIgniter\Debug\Exceptions->errorHandler(2, 'Trying to access array offset on value of type null', 'C:\\laragon\\www\\cipharmaplus\\app\\Controllers\\NotificationController.php', 31)
 2 SYSTEMPATH\CodeIgniter.php(919): App\Controllers\NotificationController->BranchNotifications()
 3 SYSTEMPATH\CodeIgniter.php(494): CodeIgniter\CodeIgniter->runController(Object(App\Controllers\NotificationController))
 4 SYSTEMPATH\CodeIgniter.php(353): CodeIgniter\CodeIgniter->handleRequest(null, Object(Config\Cache), false)
 5 FCPATH\index.php(91): CodeIgniter\CodeIgniter->run()
CRITICAL - 2024-11-09 19:59:59 --> Trying to access array offset on value of type null
in APPPATH\Controllers\NotificationController.php on line 31.
 1 APPPATH\Controllers\NotificationController.php(31): CodeIgniter\Debug\Exceptions->errorHandler(2, 'Trying to access array offset on value of type null', 'C:\\laragon\\www\\cipharmaplus\\app\\Controllers\\NotificationController.php', 31)
 2 SYSTEMPATH\CodeIgniter.php(919): App\Controllers\NotificationController->BranchNotifications()
 3 SYSTEMPATH\CodeIgniter.php(494): CodeIgniter\CodeIgniter->runController(Object(App\Controllers\NotificationController))
 4 SYSTEMPATH\CodeIgniter.php(353): CodeIgniter\CodeIgniter->handleRequest(null, Object(Config\Cache), false)
 5 FCPATH\index.php(91): CodeIgniter\CodeIgniter->run()
CRITICAL - 2024-11-09 20:38:29 --> Trying to access array offset on value of type null
in APPPATH\Controllers\NotificationController.php on line 31.
 1 APPPATH\Controllers\NotificationController.php(31): CodeIgniter\Debug\Exceptions->errorHandler(2, 'Trying to access array offset on value of type null', 'C:\\laragon\\www\\cipharmaplus\\app\\Controllers\\NotificationController.php', 31)
 2 SYSTEMPATH\CodeIgniter.php(919): App\Controllers\NotificationController->BranchNotifications()
 3 SYSTEMPATH\CodeIgniter.php(494): CodeIgniter\CodeIgniter->runController(Object(App\Controllers\NotificationController))
 4 SYSTEMPATH\CodeIgniter.php(353): CodeIgniter\CodeIgniter->handleRequest(null, Object(Config\Cache), false)
 5 FCPATH\index.php(91): CodeIgniter\CodeIgniter->run()
CRITICAL - 2024-11-09 20:38:31 --> Trying to access array offset on value of type null
in APPPATH\Controllers\NotificationController.php on line 31.
 1 APPPATH\Controllers\NotificationController.php(31): CodeIgniter\Debug\Exceptions->errorHandler(2, 'Trying to access array offset on value of type null', 'C:\\laragon\\www\\cipharmaplus\\app\\Controllers\\NotificationController.php', 31)
 2 SYSTEMPATH\CodeIgniter.php(919): App\Controllers\NotificationController->BranchNotifications()
 3 SYSTEMPATH\CodeIgniter.php(494): CodeIgniter\CodeIgniter->runController(Object(App\Controllers\NotificationController))
 4 SYSTEMPATH\CodeIgniter.php(353): CodeIgniter\CodeIgniter->handleRequest(null, Object(Config\Cache), false)
 5 FCPATH\index.php(91): CodeIgniter\CodeIgniter->run()
CRITICAL - 2024-11-09 20:38:34 --> Trying to access array offset on value of type null
in APPPATH\Controllers\NotificationController.php on line 31.
 1 APPPATH\Controllers\NotificationController.php(31): CodeIgniter\Debug\Exceptions->errorHandler(2, 'Trying to access array offset on value of type null', 'C:\\laragon\\www\\cipharmaplus\\app\\Controllers\\NotificationController.php', 31)
 2 SYSTEMPATH\CodeIgniter.php(919): App\Controllers\NotificationController->BranchNotifications()
 3 SYSTEMPATH\CodeIgniter.php(494): CodeIgniter\CodeIgniter->runController(Object(App\Controllers\NotificationController))
 4 SYSTEMPATH\CodeIgniter.php(353): CodeIgniter\CodeIgniter->handleRequest(null, Object(Config\Cache), false)
 5 FCPATH\index.php(91): CodeIgniter\CodeIgniter->run()
CRITICAL - 2024-11-09 20:38:34 --> Trying to access array offset on value of type null
in APPPATH\Controllers\NotificationController.php on line 31.
 1 APPPATH\Controllers\NotificationController.php(31): CodeIgniter\Debug\Exceptions->errorHandler(2, 'Trying to access array offset on value of type null', 'C:\\laragon\\www\\cipharmaplus\\app\\Controllers\\NotificationController.php', 31)
 2 SYSTEMPATH\CodeIgniter.php(919): App\Controllers\NotificationController->BranchNotifications()
 3 SYSTEMPATH\CodeIgniter.php(494): CodeIgniter\CodeIgniter->runController(Object(App\Controllers\NotificationController))
 4 SYSTEMPATH\CodeIgniter.php(353): CodeIgniter\CodeIgniter->handleRequest(null, Object(Config\Cache), false)
 5 FCPATH\index.php(91): CodeIgniter\CodeIgniter->run()
CRITICAL - 2024-11-09 20:38:37 --> Trying to access array offset on value of type null
in APPPATH\Controllers\NotificationController.php on line 31.
 1 APPPATH\Controllers\NotificationController.php(31): CodeIgniter\Debug\Exceptions->errorHandler(2, 'Trying to access array offset on value of type null', 'C:\\laragon\\www\\cipharmaplus\\app\\Controllers\\NotificationController.php', 31)
 2 SYSTEMPATH\CodeIgniter.php(919): App\Controllers\NotificationController->BranchNotifications()
 3 SYSTEMPATH\CodeIgniter.php(494): CodeIgniter\CodeIgniter->runController(Object(App\Controllers\NotificationController))
 4 SYSTEMPATH\CodeIgniter.php(353): CodeIgniter\CodeIgniter->handleRequest(null, Object(Config\Cache), false)
 5 FCPATH\index.php(91): CodeIgniter\CodeIgniter->run()
ERROR - 2024-11-09 22:23:54 --> mysqli_sql_exception: Unknown column 'status' in 'where clause' in C:\laragon\www\cipharmaplus\system\Database\MySQLi\Connection.php:306
Stack trace:
#0 C:\laragon\www\cipharmaplus\system\Database\MySQLi\Connection.php(306): mysqli->query('SELECT *\nFROM `...', 0)
#1 C:\laragon\www\cipharmaplus\system\Database\BaseConnection.php(692): CodeIgniter\Database\MySQLi\Connection->execute('SELECT *\nFROM `...')
#2 C:\laragon\www\cipharmaplus\system\Database\BaseConnection.php(606): CodeIgniter\Database\BaseConnection->simpleQuery('SELECT *\nFROM `...')
#3 C:\laragon\www\cipharmaplus\system\Database\BaseBuilder.php(1615): CodeIgniter\Database\BaseConnection->query('SELECT *\nFROM `...', Array, false)
#4 C:\laragon\www\cipharmaplus\system\Model.php(237): CodeIgniter\Database\BaseBuilder->get()
#5 C:\laragon\www\cipharmaplus\system\BaseModel.php(624): CodeIgniter\Model->doFindAll(0, 0)
#6 C:\laragon\www\cipharmaplus\app\Controllers\CurrentTransactionController.php(43): CodeIgniter\BaseModel->findAll()
#7 C:\laragon\www\cipharmaplus\system\CodeIgniter.php(919): App\Controllers\CurrentTransactionController->BranchOrderView()
#8 C:\laragon\www\cipharmaplus\system\CodeIgniter.php(494): CodeIgniter\CodeIgniter->runController(Object(App\Controllers\CurrentTransactionController))
#9 C:\laragon\www\cipharmaplus\system\CodeIgniter.php(353): CodeIgniter\CodeIgniter->handleRequest(NULL, Object(Config\Cache), false)
#10 C:\laragon\www\cipharmaplus\public\index.php(91): CodeIgniter\CodeIgniter->run()
#11 {main}
CRITICAL - 2024-11-09 22:23:54 --> Unknown column 'status' in 'where clause'
in SYSTEMPATH\Database\BaseConnection.php on line 646.
 1 SYSTEMPATH\Database\BaseBuilder.php(1615): CodeIgniter\Database\BaseConnection->query('SELECT *
FROM `audit_tbl`
WHERE `token_code` = :token_code:
AND `branch_id` = :branch_id:
AND `status` = :status:
ORDER BY `created_at` DESC', [...], false)
 2 SYSTEMPATH\Model.php(237): CodeIgniter\Database\BaseBuilder->get()
 3 SYSTEMPATH\BaseModel.php(624): CodeIgniter\Model->doFindAll(0, 0)
 4 APPPATH\Controllers\CurrentTransactionController.php(43): CodeIgniter\BaseModel->findAll()
 5 SYSTEMPATH\CodeIgniter.php(919): App\Controllers\CurrentTransactionController->BranchOrderView()
 6 SYSTEMPATH\CodeIgniter.php(494): CodeIgniter\CodeIgniter->runController(Object(App\Controllers\CurrentTransactionController))
 7 SYSTEMPATH\CodeIgniter.php(353): CodeIgniter\CodeIgniter->handleRequest(null, Object(Config\Cache), false)
 8 FCPATH\index.php(91): CodeIgniter\CodeIgniter->run()
ERROR - 2024-11-09 22:23:55 --> mysqli_sql_exception: Unknown column 'status' in 'where clause' in C:\laragon\www\cipharmaplus\system\Database\MySQLi\Connection.php:306
Stack trace:
#0 C:\laragon\www\cipharmaplus\system\Database\MySQLi\Connection.php(306): mysqli->query('SELECT *\nFROM `...', 0)
#1 C:\laragon\www\cipharmaplus\system\Database\BaseConnection.php(692): CodeIgniter\Database\MySQLi\Connection->execute('SELECT *\nFROM `...')
#2 C:\laragon\www\cipharmaplus\system\Database\BaseConnection.php(606): CodeIgniter\Database\BaseConnection->simpleQuery('SELECT *\nFROM `...')
#3 C:\laragon\www\cipharmaplus\system\Database\BaseBuilder.php(1615): CodeIgniter\Database\BaseConnection->query('SELECT *\nFROM `...', Array, false)
#4 C:\laragon\www\cipharmaplus\system\Model.php(237): CodeIgniter\Database\BaseBuilder->get()
#5 C:\laragon\www\cipharmaplus\system\BaseModel.php(624): CodeIgniter\Model->doFindAll(0, 0)
#6 C:\laragon\www\cipharmaplus\app\Controllers\CurrentTransactionController.php(43): CodeIgniter\BaseModel->findAll()
#7 C:\laragon\www\cipharmaplus\system\CodeIgniter.php(919): App\Controllers\CurrentTransactionController->BranchOrderView()
#8 C:\laragon\www\cipharmaplus\system\CodeIgniter.php(494): CodeIgniter\CodeIgniter->runController(Object(App\Controllers\CurrentTransactionController))
#9 C:\laragon\www\cipharmaplus\system\CodeIgniter.php(353): CodeIgniter\CodeIgniter->handleRequest(NULL, Object(Config\Cache), false)
#10 C:\laragon\www\cipharmaplus\public\index.php(91): CodeIgniter\CodeIgniter->run()
#11 {main}
CRITICAL - 2024-11-09 22:23:55 --> Unknown column 'status' in 'where clause'
in SYSTEMPATH\Database\BaseConnection.php on line 646.
 1 SYSTEMPATH\Database\BaseBuilder.php(1615): CodeIgniter\Database\BaseConnection->query('SELECT *
FROM `audit_tbl`
WHERE `token_code` = :token_code:
AND `branch_id` = :branch_id:
AND `status` = :status:
ORDER BY `created_at` DESC', [...], false)
 2 SYSTEMPATH\Model.php(237): CodeIgniter\Database\BaseBuilder->get()
 3 SYSTEMPATH\BaseModel.php(624): CodeIgniter\Model->doFindAll(0, 0)
 4 APPPATH\Controllers\CurrentTransactionController.php(43): CodeIgniter\BaseModel->findAll()
 5 SYSTEMPATH\CodeIgniter.php(919): App\Controllers\CurrentTransactionController->BranchOrderView()
 6 SYSTEMPATH\CodeIgniter.php(494): CodeIgniter\CodeIgniter->runController(Object(App\Controllers\CurrentTransactionController))
 7 SYSTEMPATH\CodeIgniter.php(353): CodeIgniter\CodeIgniter->handleRequest(null, Object(Config\Cache), false)
 8 FCPATH\index.php(91): CodeIgniter\CodeIgniter->run()
ERROR - 2024-11-09 22:23:55 --> mysqli_sql_exception: Unknown column 'status' in 'where clause' in C:\laragon\www\cipharmaplus\system\Database\MySQLi\Connection.php:306
Stack trace:
#0 C:\laragon\www\cipharmaplus\system\Database\MySQLi\Connection.php(306): mysqli->query('SELECT *\nFROM `...', 0)
#1 C:\laragon\www\cipharmaplus\system\Database\BaseConnection.php(692): CodeIgniter\Database\MySQLi\Connection->execute('SELECT *\nFROM `...')
#2 C:\laragon\www\cipharmaplus\system\Database\BaseConnection.php(606): CodeIgniter\Database\BaseConnection->simpleQuery('SELECT *\nFROM `...')
#3 C:\laragon\www\cipharmaplus\system\Database\BaseBuilder.php(1615): CodeIgniter\Database\BaseConnection->query('SELECT *\nFROM `...', Array, false)
#4 C:\laragon\www\cipharmaplus\system\Model.php(237): CodeIgniter\Database\BaseBuilder->get()
#5 C:\laragon\www\cipharmaplus\system\BaseModel.php(624): CodeIgniter\Model->doFindAll(0, 0)
#6 C:\laragon\www\cipharmaplus\app\Controllers\CurrentTransactionController.php(43): CodeIgniter\BaseModel->findAll()
#7 C:\laragon\www\cipharmaplus\system\CodeIgniter.php(919): App\Controllers\CurrentTransactionController->BranchOrderView()
#8 C:\laragon\www\cipharmaplus\system\CodeIgniter.php(494): CodeIgniter\CodeIgniter->runController(Object(App\Controllers\CurrentTransactionController))
#9 C:\laragon\www\cipharmaplus\system\CodeIgniter.php(353): CodeIgniter\CodeIgniter->handleRequest(NULL, Object(Config\Cache), false)
#10 C:\laragon\www\cipharmaplus\public\index.php(91): CodeIgniter\CodeIgniter->run()
#11 {main}
CRITICAL - 2024-11-09 22:23:55 --> Unknown column 'status' in 'where clause'
in SYSTEMPATH\Database\BaseConnection.php on line 646.
 1 SYSTEMPATH\Database\BaseBuilder.php(1615): CodeIgniter\Database\BaseConnection->query('SELECT *
FROM `audit_tbl`
WHERE `token_code` = :token_code:
AND `branch_id` = :branch_id:
AND `status` = :status:
ORDER BY `created_at` DESC', [...], false)
 2 SYSTEMPATH\Model.php(237): CodeIgniter\Database\BaseBuilder->get()
 3 SYSTEMPATH\BaseModel.php(624): CodeIgniter\Model->doFindAll(0, 0)
 4 APPPATH\Controllers\CurrentTransactionController.php(43): CodeIgniter\BaseModel->findAll()
 5 SYSTEMPATH\CodeIgniter.php(919): App\Controllers\CurrentTransactionController->BranchOrderView()
 6 SYSTEMPATH\CodeIgniter.php(494): CodeIgniter\CodeIgniter->runController(Object(App\Controllers\CurrentTransactionController))
 7 SYSTEMPATH\CodeIgniter.php(353): CodeIgniter\CodeIgniter->handleRequest(null, Object(Config\Cache), false)
 8 FCPATH\index.php(91): CodeIgniter\CodeIgniter->run()
ERROR - 2024-11-09 22:23:56 --> mysqli_sql_exception: Unknown column 'status' in 'where clause' in C:\laragon\www\cipharmaplus\system\Database\MySQLi\Connection.php:306
Stack trace:
#0 C:\laragon\www\cipharmaplus\system\Database\MySQLi\Connection.php(306): mysqli->query('SELECT *\nFROM `...', 0)
#1 C:\laragon\www\cipharmaplus\system\Database\BaseConnection.php(692): CodeIgniter\Database\MySQLi\Connection->execute('SELECT *\nFROM `...')
#2 C:\laragon\www\cipharmaplus\system\Database\BaseConnection.php(606): CodeIgniter\Database\BaseConnection->simpleQuery('SELECT *\nFROM `...')
#3 C:\laragon\www\cipharmaplus\system\Database\BaseBuilder.php(1615): CodeIgniter\Database\BaseConnection->query('SELECT *\nFROM `...', Array, false)
#4 C:\laragon\www\cipharmaplus\system\Model.php(237): CodeIgniter\Database\BaseBuilder->get()
#5 C:\laragon\www\cipharmaplus\system\BaseModel.php(624): CodeIgniter\Model->doFindAll(0, 0)
#6 C:\laragon\www\cipharmaplus\app\Controllers\CurrentTransactionController.php(43): CodeIgniter\BaseModel->findAll()
#7 C:\laragon\www\cipharmaplus\system\CodeIgniter.php(919): App\Controllers\CurrentTransactionController->BranchOrderView()
#8 C:\laragon\www\cipharmaplus\system\CodeIgniter.php(494): CodeIgniter\CodeIgniter->runController(Object(App\Controllers\CurrentTransactionController))
#9 C:\laragon\www\cipharmaplus\system\CodeIgniter.php(353): CodeIgniter\CodeIgniter->handleRequest(NULL, Object(Config\Cache), false)
#10 C:\laragon\www\cipharmaplus\public\index.php(91): CodeIgniter\CodeIgniter->run()
#11 {main}
CRITICAL - 2024-11-09 22:23:56 --> Unknown column 'status' in 'where clause'
in SYSTEMPATH\Database\BaseConnection.php on line 646.
 1 SYSTEMPATH\Database\BaseBuilder.php(1615): CodeIgniter\Database\BaseConnection->query('SELECT *
FROM `audit_tbl`
WHERE `token_code` IS NULL
AND `branch_id` = :branch_id:
AND `status` = :status:
ORDER BY `created_at` DESC', [...], false)
 2 SYSTEMPATH\Model.php(237): CodeIgniter\Database\BaseBuilder->get()
 3 SYSTEMPATH\BaseModel.php(624): CodeIgniter\Model->doFindAll(0, 0)
 4 APPPATH\Controllers\CurrentTransactionController.php(43): CodeIgniter\BaseModel->findAll()
 5 SYSTEMPATH\CodeIgniter.php(919): App\Controllers\CurrentTransactionController->BranchOrderView()
 6 SYSTEMPATH\CodeIgniter.php(494): CodeIgniter\CodeIgniter->runController(Object(App\Controllers\CurrentTransactionController))
 7 SYSTEMPATH\CodeIgniter.php(353): CodeIgniter\CodeIgniter->handleRequest(null, Object(Config\Cache), false)
 8 FCPATH\index.php(91): CodeIgniter\CodeIgniter->run()
ERROR - 2024-11-09 22:23:58 --> mysqli_sql_exception: Unknown column 'status' in 'where clause' in C:\laragon\www\cipharmaplus\system\Database\MySQLi\Connection.php:306
Stack trace:
#0 C:\laragon\www\cipharmaplus\system\Database\MySQLi\Connection.php(306): mysqli->query('SELECT *\nFROM `...', 0)
#1 C:\laragon\www\cipharmaplus\system\Database\BaseConnection.php(692): CodeIgniter\Database\MySQLi\Connection->execute('SELECT *\nFROM `...')
#2 C:\laragon\www\cipharmaplus\system\Database\BaseConnection.php(606): CodeIgniter\Database\BaseConnection->simpleQuery('SELECT *\nFROM `...')
#3 C:\laragon\www\cipharmaplus\system\Database\BaseBuilder.php(1615): CodeIgniter\Database\BaseConnection->query('SELECT *\nFROM `...', Array, false)
#4 C:\laragon\www\cipharmaplus\system\Model.php(237): CodeIgniter\Database\BaseBuilder->get()
#5 C:\laragon\www\cipharmaplus\system\BaseModel.php(624): CodeIgniter\Model->doFindAll(0, 0)
#6 C:\laragon\www\cipharmaplus\app\Controllers\CurrentTransactionController.php(43): CodeIgniter\BaseModel->findAll()
#7 C:\laragon\www\cipharmaplus\system\CodeIgniter.php(919): App\Controllers\CurrentTransactionController->BranchOrderView()
#8 C:\laragon\www\cipharmaplus\system\CodeIgniter.php(494): CodeIgniter\CodeIgniter->runController(Object(App\Controllers\CurrentTransactionController))
#9 C:\laragon\www\cipharmaplus\system\CodeIgniter.php(353): CodeIgniter\CodeIgniter->handleRequest(NULL, Object(Config\Cache), false)
#10 C:\laragon\www\cipharmaplus\public\index.php(91): CodeIgniter\CodeIgniter->run()
#11 {main}
CRITICAL - 2024-11-09 22:23:58 --> Unknown column 'status' in 'where clause'
in SYSTEMPATH\Database\BaseConnection.php on line 646.
 1 SYSTEMPATH\Database\BaseBuilder.php(1615): CodeIgniter\Database\BaseConnection->query('SELECT *
FROM `audit_tbl`
WHERE `token_code` IS NULL
AND `branch_id` = :branch_id:
AND `status` = :status:
ORDER BY `created_at` DESC', [...], false)
 2 SYSTEMPATH\Model.php(237): CodeIgniter\Database\BaseBuilder->get()
 3 SYSTEMPATH\BaseModel.php(624): CodeIgniter\Model->doFindAll(0, 0)
 4 APPPATH\Controllers\CurrentTransactionController.php(43): CodeIgniter\BaseModel->findAll()
 5 SYSTEMPATH\CodeIgniter.php(919): App\Controllers\CurrentTransactionController->BranchOrderView()
 6 SYSTEMPATH\CodeIgniter.php(494): CodeIgniter\CodeIgniter->runController(Object(App\Controllers\CurrentTransactionController))
 7 SYSTEMPATH\CodeIgniter.php(353): CodeIgniter\CodeIgniter->handleRequest(null, Object(Config\Cache), false)
 8 FCPATH\index.php(91): CodeIgniter\CodeIgniter->run()
ERROR - 2024-11-09 22:23:59 --> mysqli_sql_exception: Unknown column 'status' in 'where clause' in C:\laragon\www\cipharmaplus\system\Database\MySQLi\Connection.php:306
Stack trace:
#0 C:\laragon\www\cipharmaplus\system\Database\MySQLi\Connection.php(306): mysqli->query('SELECT *\nFROM `...', 0)
#1 C:\laragon\www\cipharmaplus\system\Database\BaseConnection.php(692): CodeIgniter\Database\MySQLi\Connection->execute('SELECT *\nFROM `...')
#2 C:\laragon\www\cipharmaplus\system\Database\BaseConnection.php(606): CodeIgniter\Database\BaseConnection->simpleQuery('SELECT *\nFROM `...')
#3 C:\laragon\www\cipharmaplus\system\Database\BaseBuilder.php(1615): CodeIgniter\Database\BaseConnection->query('SELECT *\nFROM `...', Array, false)
#4 C:\laragon\www\cipharmaplus\system\Model.php(237): CodeIgniter\Database\BaseBuilder->get()
#5 C:\laragon\www\cipharmaplus\system\BaseModel.php(624): CodeIgniter\Model->doFindAll(0, 0)
#6 C:\laragon\www\cipharmaplus\app\Controllers\CurrentTransactionController.php(43): CodeIgniter\BaseModel->findAll()
#7 C:\laragon\www\cipharmaplus\system\CodeIgniter.php(919): App\Controllers\CurrentTransactionController->BranchOrderView()
#8 C:\laragon\www\cipharmaplus\system\CodeIgniter.php(494): CodeIgniter\CodeIgniter->runController(Object(App\Controllers\CurrentTransactionController))
#9 C:\laragon\www\cipharmaplus\system\CodeIgniter.php(353): CodeIgniter\CodeIgniter->handleRequest(NULL, Object(Config\Cache), false)
#10 C:\laragon\www\cipharmaplus\public\index.php(91): CodeIgniter\CodeIgniter->run()
#11 {main}
CRITICAL - 2024-11-09 22:23:59 --> Unknown column 'status' in 'where clause'
in SYSTEMPATH\Database\BaseConnection.php on line 646.
 1 SYSTEMPATH\Database\BaseBuilder.php(1615): CodeIgniter\Database\BaseConnection->query('SELECT *
FROM `audit_tbl`
WHERE `token_code` IS NULL
AND `branch_id` = :branch_id:
AND `status` = :status:
ORDER BY `created_at` DESC', [...], false)
 2 SYSTEMPATH\Model.php(237): CodeIgniter\Database\BaseBuilder->get()
 3 SYSTEMPATH\BaseModel.php(624): CodeIgniter\Model->doFindAll(0, 0)
 4 APPPATH\Controllers\CurrentTransactionController.php(43): CodeIgniter\BaseModel->findAll()
 5 SYSTEMPATH\CodeIgniter.php(919): App\Controllers\CurrentTransactionController->BranchOrderView()
 6 SYSTEMPATH\CodeIgniter.php(494): CodeIgniter\CodeIgniter->runController(Object(App\Controllers\CurrentTransactionController))
 7 SYSTEMPATH\CodeIgniter.php(353): CodeIgniter\CodeIgniter->handleRequest(null, Object(Config\Cache), false)
 8 FCPATH\index.php(91): CodeIgniter\CodeIgniter->run()
ERROR - 2024-11-09 22:24:00 --> mysqli_sql_exception: Unknown column 'status' in 'where clause' in C:\laragon\www\cipharmaplus\system\Database\MySQLi\Connection.php:306
Stack trace:
#0 C:\laragon\www\cipharmaplus\system\Database\MySQLi\Connection.php(306): mysqli->query('SELECT *\nFROM `...', 0)
#1 C:\laragon\www\cipharmaplus\system\Database\BaseConnection.php(692): CodeIgniter\Database\MySQLi\Connection->execute('SELECT *\nFROM `...')
#2 C:\laragon\www\cipharmaplus\system\Database\BaseConnection.php(606): CodeIgniter\Database\BaseConnection->simpleQuery('SELECT *\nFROM `...')
#3 C:\laragon\www\cipharmaplus\system\Database\BaseBuilder.php(1615): CodeIgniter\Database\BaseConnection->query('SELECT *\nFROM `...', Array, false)
#4 C:\laragon\www\cipharmaplus\system\Model.php(237): CodeIgniter\Database\BaseBuilder->get()
#5 C:\laragon\www\cipharmaplus\system\BaseModel.php(624): CodeIgniter\Model->doFindAll(0, 0)
#6 C:\laragon\www\cipharmaplus\app\Controllers\CurrentTransactionController.php(43): CodeIgniter\BaseModel->findAll()
#7 C:\laragon\www\cipharmaplus\system\CodeIgniter.php(919): App\Controllers\CurrentTransactionController->BranchOrderView()
#8 C:\laragon\www\cipharmaplus\system\CodeIgniter.php(494): CodeIgniter\CodeIgniter->runController(Object(App\Controllers\CurrentTransactionController))
#9 C:\laragon\www\cipharmaplus\system\CodeIgniter.php(353): CodeIgniter\CodeIgniter->handleRequest(NULL, Object(Config\Cache), false)
#10 C:\laragon\www\cipharmaplus\public\index.php(91): CodeIgniter\CodeIgniter->run()
#11 {main}
CRITICAL - 2024-11-09 22:24:00 --> Unknown column 'status' in 'where clause'
in SYSTEMPATH\Database\BaseConnection.php on line 646.
 1 SYSTEMPATH\Database\BaseBuilder.php(1615): CodeIgniter\Database\BaseConnection->query('SELECT *
FROM `audit_tbl`
WHERE `token_code` IS NULL
AND `branch_id` = :branch_id:
AND `status` = :status:
ORDER BY `created_at` DESC', [...], false)
 2 SYSTEMPATH\Model.php(237): CodeIgniter\Database\BaseBuilder->get()
 3 SYSTEMPATH\BaseModel.php(624): CodeIgniter\Model->doFindAll(0, 0)
 4 APPPATH\Controllers\CurrentTransactionController.php(43): CodeIgniter\BaseModel->findAll()
 5 SYSTEMPATH\CodeIgniter.php(919): App\Controllers\CurrentTransactionController->BranchOrderView()
 6 SYSTEMPATH\CodeIgniter.php(494): CodeIgniter\CodeIgniter->runController(Object(App\Controllers\CurrentTransactionController))
 7 SYSTEMPATH\CodeIgniter.php(353): CodeIgniter\CodeIgniter->handleRequest(null, Object(Config\Cache), false)
 8 FCPATH\index.php(91): CodeIgniter\CodeIgniter->run()
ERROR - 2024-11-09 22:24:01 --> mysqli_sql_exception: Unknown column 'status' in 'where clause' in C:\laragon\www\cipharmaplus\system\Database\MySQLi\Connection.php:306
Stack trace:
#0 C:\laragon\www\cipharmaplus\system\Database\MySQLi\Connection.php(306): mysqli->query('SELECT *\nFROM `...', 0)
#1 C:\laragon\www\cipharmaplus\system\Database\BaseConnection.php(692): CodeIgniter\Database\MySQLi\Connection->execute('SELECT *\nFROM `...')
#2 C:\laragon\www\cipharmaplus\system\Database\BaseConnection.php(606): CodeIgniter\Database\BaseConnection->simpleQuery('SELECT *\nFROM `...')
#3 C:\laragon\www\cipharmaplus\system\Database\BaseBuilder.php(1615): CodeIgniter\Database\BaseConnection->query('SELECT *\nFROM `...', Array, false)
#4 C:\laragon\www\cipharmaplus\system\Model.php(237): CodeIgniter\Database\BaseBuilder->get()
#5 C:\laragon\www\cipharmaplus\system\BaseModel.php(624): CodeIgniter\Model->doFindAll(0, 0)
#6 C:\laragon\www\cipharmaplus\app\Controllers\CurrentTransactionController.php(43): CodeIgniter\BaseModel->findAll()
#7 C:\laragon\www\cipharmaplus\system\CodeIgniter.php(919): App\Controllers\CurrentTransactionController->BranchOrderView()
#8 C:\laragon\www\cipharmaplus\system\CodeIgniter.php(494): CodeIgniter\CodeIgniter->runController(Object(App\Controllers\CurrentTransactionController))
#9 C:\laragon\www\cipharmaplus\system\CodeIgniter.php(353): CodeIgniter\CodeIgniter->handleRequest(NULL, Object(Config\Cache), false)
#10 C:\laragon\www\cipharmaplus\public\index.php(91): CodeIgniter\CodeIgniter->run()
#11 {main}
CRITICAL - 2024-11-09 22:24:01 --> Unknown column 'status' in 'where clause'
in SYSTEMPATH\Database\BaseConnection.php on line 646.
 1 SYSTEMPATH\Database\BaseBuilder.php(1615): CodeIgniter\Database\BaseConnection->query('SELECT *
FROM `audit_tbl`
WHERE `token_code` IS NULL
AND `branch_id` = :branch_id:
AND `status` = :status:
ORDER BY `created_at` DESC', [...], false)
 2 SYSTEMPATH\Model.php(237): CodeIgniter\Database\BaseBuilder->get()
 3 SYSTEMPATH\BaseModel.php(624): CodeIgniter\Model->doFindAll(0, 0)
 4 APPPATH\Controllers\CurrentTransactionController.php(43): CodeIgniter\BaseModel->findAll()
 5 SYSTEMPATH\CodeIgniter.php(919): App\Controllers\CurrentTransactionController->BranchOrderView()
 6 SYSTEMPATH\CodeIgniter.php(494): CodeIgniter\CodeIgniter->runController(Object(App\Controllers\CurrentTransactionController))
 7 SYSTEMPATH\CodeIgniter.php(353): CodeIgniter\CodeIgniter->handleRequest(null, Object(Config\Cache), false)
 8 FCPATH\index.php(91): CodeIgniter\CodeIgniter->run()
ERROR - 2024-11-09 22:24:01 --> mysqli_sql_exception: Unknown column 'status' in 'where clause' in C:\laragon\www\cipharmaplus\system\Database\MySQLi\Connection.php:306
Stack trace:
#0 C:\laragon\www\cipharmaplus\system\Database\MySQLi\Connection.php(306): mysqli->query('SELECT *\nFROM `...', 0)
#1 C:\laragon\www\cipharmaplus\system\Database\BaseConnection.php(692): CodeIgniter\Database\MySQLi\Connection->execute('SELECT *\nFROM `...')
#2 C:\laragon\www\cipharmaplus\system\Database\BaseConnection.php(606): CodeIgniter\Database\BaseConnection->simpleQuery('SELECT *\nFROM `...')
#3 C:\laragon\www\cipharmaplus\system\Database\BaseBuilder.php(1615): CodeIgniter\Database\BaseConnection->query('SELECT *\nFROM `...', Array, false)
#4 C:\laragon\www\cipharmaplus\system\Model.php(237): CodeIgniter\Database\BaseBuilder->get()
#5 C:\laragon\www\cipharmaplus\system\BaseModel.php(624): CodeIgniter\Model->doFindAll(0, 0)
#6 C:\laragon\www\cipharmaplus\app\Controllers\CurrentTransactionController.php(43): CodeIgniter\BaseModel->findAll()
#7 C:\laragon\www\cipharmaplus\system\CodeIgniter.php(919): App\Controllers\CurrentTransactionController->BranchOrderView()
#8 C:\laragon\www\cipharmaplus\system\CodeIgniter.php(494): CodeIgniter\CodeIgniter->runController(Object(App\Controllers\CurrentTransactionController))
#9 C:\laragon\www\cipharmaplus\system\CodeIgniter.php(353): CodeIgniter\CodeIgniter->handleRequest(NULL, Object(Config\Cache), false)
#10 C:\laragon\www\cipharmaplus\public\index.php(91): CodeIgniter\CodeIgniter->run()
#11 {main}
CRITICAL - 2024-11-09 22:24:01 --> Unknown column 'status' in 'where clause'
in SYSTEMPATH\Database\BaseConnection.php on line 646.
 1 SYSTEMPATH\Database\BaseBuilder.php(1615): CodeIgniter\Database\BaseConnection->query('SELECT *
FROM `audit_tbl`
WHERE `token_code` IS NULL
AND `branch_id` = :branch_id:
AND `status` = :status:
ORDER BY `created_at` DESC', [...], false)
 2 SYSTEMPATH\Model.php(237): CodeIgniter\Database\BaseBuilder->get()
 3 SYSTEMPATH\BaseModel.php(624): CodeIgniter\Model->doFindAll(0, 0)
 4 APPPATH\Controllers\CurrentTransactionController.php(43): CodeIgniter\BaseModel->findAll()
 5 SYSTEMPATH\CodeIgniter.php(919): App\Controllers\CurrentTransactionController->BranchOrderView()
 6 SYSTEMPATH\CodeIgniter.php(494): CodeIgniter\CodeIgniter->runController(Object(App\Controllers\CurrentTransactionController))
 7 SYSTEMPATH\CodeIgniter.php(353): CodeIgniter\CodeIgniter->handleRequest(null, Object(Config\Cache), false)
 8 FCPATH\index.php(91): CodeIgniter\CodeIgniter->run()
ERROR - 2024-11-09 22:24:02 --> mysqli_sql_exception: Unknown column 'status' in 'where clause' in C:\laragon\www\cipharmaplus\system\Database\MySQLi\Connection.php:306
Stack trace:
#0 C:\laragon\www\cipharmaplus\system\Database\MySQLi\Connection.php(306): mysqli->query('SELECT *\nFROM `...', 0)
#1 C:\laragon\www\cipharmaplus\system\Database\BaseConnection.php(692): CodeIgniter\Database\MySQLi\Connection->execute('SELECT *\nFROM `...')
#2 C:\laragon\www\cipharmaplus\system\Database\BaseConnection.php(606): CodeIgniter\Database\BaseConnection->simpleQuery('SELECT *\nFROM `...')
#3 C:\laragon\www\cipharmaplus\system\Database\BaseBuilder.php(1615): CodeIgniter\Database\BaseConnection->query('SELECT *\nFROM `...', Array, false)
#4 C:\laragon\www\cipharmaplus\system\Model.php(237): CodeIgniter\Database\BaseBuilder->get()
#5 C:\laragon\www\cipharmaplus\system\BaseModel.php(624): CodeIgniter\Model->doFindAll(0, 0)
#6 C:\laragon\www\cipharmaplus\app\Controllers\CurrentTransactionController.php(43): CodeIgniter\BaseModel->findAll()
#7 C:\laragon\www\cipharmaplus\system\CodeIgniter.php(919): App\Controllers\CurrentTransactionController->BranchOrderView()
#8 C:\laragon\www\cipharmaplus\system\CodeIgniter.php(494): CodeIgniter\CodeIgniter->runController(Object(App\Controllers\CurrentTransactionController))
#9 C:\laragon\www\cipharmaplus\system\CodeIgniter.php(353): CodeIgniter\CodeIgniter->handleRequest(NULL, Object(Config\Cache), false)
#10 C:\laragon\www\cipharmaplus\public\index.php(91): CodeIgniter\CodeIgniter->run()
#11 {main}
CRITICAL - 2024-11-09 22:24:02 --> Unknown column 'status' in 'where clause'
in SYSTEMPATH\Database\BaseConnection.php on line 646.
 1 SYSTEMPATH\Database\BaseBuilder.php(1615): CodeIgniter\Database\BaseConnection->query('SELECT *
FROM `audit_tbl`
WHERE `token_code` IS NULL
AND `branch_id` = :branch_id:
AND `status` = :status:
ORDER BY `created_at` DESC', [...], false)
 2 SYSTEMPATH\Model.php(237): CodeIgniter\Database\BaseBuilder->get()
 3 SYSTEMPATH\BaseModel.php(624): CodeIgniter\Model->doFindAll(0, 0)
 4 APPPATH\Controllers\CurrentTransactionController.php(43): CodeIgniter\BaseModel->findAll()
 5 SYSTEMPATH\CodeIgniter.php(919): App\Controllers\CurrentTransactionController->BranchOrderView()
 6 SYSTEMPATH\CodeIgniter.php(494): CodeIgniter\CodeIgniter->runController(Object(App\Controllers\CurrentTransactionController))
 7 SYSTEMPATH\CodeIgniter.php(353): CodeIgniter\CodeIgniter->handleRequest(null, Object(Config\Cache), false)
 8 FCPATH\index.php(91): CodeIgniter\CodeIgniter->run()
