ERROR - 2023-12-07 00:23:05 --> Error connecting to the database: mysqli_sql_exception: Incorrect database name 'pharmaplus        ' in C:\laragon\www\cipharmaplus\system\Database\MySQLi\Connection.php:185
Stack trace:
#0 C:\laragon\www\cipharmaplus\system\Database\MySQLi\Connection.php(185): mysqli->real_connect('localhost', 'root', '', 'pharmaplus     ...', 3306, '', 0)
#1 C:\laragon\www\cipharmaplus\system\Database\BaseConnection.php(391): CodeIgniter\Database\MySQLi\Connection->connect(false)
#2 C:\laragon\www\cipharmaplus\system\Database\BaseConnection.php(574): CodeIgniter\Database\BaseConnection->initialize()
#3 C:\laragon\www\cipharmaplus\system\Database\BaseBuilder.php(2308): CodeIgniter\Database\BaseConnection->query('INSERT INTO `us...', Array, false)
#4 C:\laragon\www\cipharmaplus\system\Model.php(319): CodeIgniter\Database\BaseBuilder->insert()
#5 C:\laragon\www\cipharmaplus\system\BaseModel.php(788): CodeIgniter\Model->doInsert(Array)
#6 C:\laragon\www\cipharmaplus\system\Model.php(715): CodeIgniter\BaseModel->insert(Array, true)
#7 C:\laragon\www\cipharmaplus\app\Controllers\UserController.php(28): CodeIgniter\Model->insert(Array)
#8 C:\laragon\www\cipharmaplus\system\CodeIgniter.php(919): App\Controllers\UserController->register()
#9 C:\laragon\www\cipharmaplus\system\CodeIgniter.php(494): CodeIgniter\CodeIgniter->runController(Object(App\Controllers\UserController))
#10 C:\laragon\www\cipharmaplus\system\CodeIgniter.php(353): CodeIgniter\CodeIgniter->handleRequest(NULL, Object(Config\Cache), false)
#11 C:\laragon\www\cipharmaplus\public\index.php(91): CodeIgniter\CodeIgniter->run()
#12 {main}

Next CodeIgniter\Database\Exceptions\DatabaseException: Incorrect database name 'pharmaplus        ' in C:\laragon\www\cipharmaplus\system\Database\MySQLi\Connection.php:229
Stack trace:
#0 C:\laragon\www\cipharmaplus\system\Database\BaseConnection.php(391): CodeIgniter\Database\MySQLi\Connection->connect(false)
#1 C:\laragon\www\cipharmaplus\system\Database\BaseConnection.php(574): CodeIgniter\Database\BaseConnection->initialize()
#2 C:\laragon\www\cipharmaplus\system\Database\BaseBuilder.php(2308): CodeIgniter\Database\BaseConnection->query('INSERT INTO `us...', Array, false)
#3 C:\laragon\www\cipharmaplus\system\Model.php(319): CodeIgniter\Database\BaseBuilder->insert()
#4 C:\laragon\www\cipharmaplus\system\BaseModel.php(788): CodeIgniter\Model->doInsert(Array)
#5 C:\laragon\www\cipharmaplus\system\Model.php(715): CodeIgniter\BaseModel->insert(Array, true)
#6 C:\laragon\www\cipharmaplus\app\Controllers\UserController.php(28): CodeIgniter\Model->insert(Array)
#7 C:\laragon\www\cipharmaplus\system\CodeIgniter.php(919): App\Controllers\UserController->register()
#8 C:\laragon\www\cipharmaplus\system\CodeIgniter.php(494): CodeIgniter\CodeIgniter->runController(Object(App\Controllers\UserController))
#9 C:\laragon\www\cipharmaplus\system\CodeIgniter.php(353): CodeIgniter\CodeIgniter->handleRequest(NULL, Object(Config\Cache), false)
#10 C:\laragon\www\cipharmaplus\public\index.php(91): CodeIgniter\CodeIgniter->run()
#11 {main}
CRITICAL - 2023-12-07 00:23:05 --> Unable to connect to the database.
Main connection [MySQLi]: Incorrect database name 'pharmaplus        '
in SYSTEMPATH\Database\BaseConnection.php on line 427.
 1 SYSTEMPATH\Database\BaseConnection.php(574): CodeIgniter\Database\BaseConnection->initialize()
 2 SYSTEMPATH\Database\BaseBuilder.php(2308): CodeIgniter\Database\BaseConnection->query('INSERT INTO `users_tbl` (`email`, `user_password`, `token`, `first_name`, `last_name`, `branch_id`, `status`, `user_role`) VALUES (:email:, :user_password:, :token:, :first_name:, :last_name:, :branch_id:, :status:, :user_role:)', [...], false)
 3 SYSTEMPATH\Model.php(319): CodeIgniter\Database\BaseBuilder->insert()
 4 SYSTEMPATH\BaseModel.php(788): CodeIgniter\Model->doInsert([...])
 5 SYSTEMPATH\Model.php(715): CodeIgniter\BaseModel->insert([...], true)
 6 APPPATH\Controllers\UserController.php(28): CodeIgniter\Model->insert([...])
 7 SYSTEMPATH\CodeIgniter.php(919): App\Controllers\UserController->register()
 8 SYSTEMPATH\CodeIgniter.php(494): CodeIgniter\CodeIgniter->runController(Object(App\Controllers\UserController))
 9 SYSTEMPATH\CodeIgniter.php(353): CodeIgniter\CodeIgniter->handleRequest(null, Object(Config\Cache), false)
10 FCPATH\index.php(91): CodeIgniter\CodeIgniter->run()
ERROR - 2023-12-07 00:23:37 --> Error connecting to the database: mysqli_sql_exception: Incorrect database name 'pharmaplus        ' in C:\laragon\www\cipharmaplus\system\Database\MySQLi\Connection.php:185
Stack trace:
#0 C:\laragon\www\cipharmaplus\system\Database\MySQLi\Connection.php(185): mysqli->real_connect('localhost', 'root', '', 'pharmaplus     ...', 3306, '', 0)
#1 C:\laragon\www\cipharmaplus\system\Database\BaseConnection.php(391): CodeIgniter\Database\MySQLi\Connection->connect(false)
#2 C:\laragon\www\cipharmaplus\system\Database\BaseConnection.php(574): CodeIgniter\Database\BaseConnection->initialize()
#3 C:\laragon\www\cipharmaplus\system\Database\BaseBuilder.php(2308): CodeIgniter\Database\BaseConnection->query('INSERT INTO `us...', Array, false)
#4 C:\laragon\www\cipharmaplus\system\Model.php(319): CodeIgniter\Database\BaseBuilder->insert()
#5 C:\laragon\www\cipharmaplus\system\BaseModel.php(788): CodeIgniter\Model->doInsert(Array)
#6 C:\laragon\www\cipharmaplus\system\Model.php(715): CodeIgniter\BaseModel->insert(Array, true)
#7 C:\laragon\www\cipharmaplus\app\Controllers\UserController.php(28): CodeIgniter\Model->insert(Array)
#8 C:\laragon\www\cipharmaplus\system\CodeIgniter.php(919): App\Controllers\UserController->register()
#9 C:\laragon\www\cipharmaplus\system\CodeIgniter.php(494): CodeIgniter\CodeIgniter->runController(Object(App\Controllers\UserController))
#10 C:\laragon\www\cipharmaplus\system\CodeIgniter.php(353): CodeIgniter\CodeIgniter->handleRequest(NULL, Object(Config\Cache), false)
#11 C:\laragon\www\cipharmaplus\public\index.php(91): CodeIgniter\CodeIgniter->run()
#12 {main}

Next CodeIgniter\Database\Exceptions\DatabaseException: Incorrect database name 'pharmaplus        ' in C:\laragon\www\cipharmaplus\system\Database\MySQLi\Connection.php:229
Stack trace:
#0 C:\laragon\www\cipharmaplus\system\Database\BaseConnection.php(391): CodeIgniter\Database\MySQLi\Connection->connect(false)
#1 C:\laragon\www\cipharmaplus\system\Database\BaseConnection.php(574): CodeIgniter\Database\BaseConnection->initialize()
#2 C:\laragon\www\cipharmaplus\system\Database\BaseBuilder.php(2308): CodeIgniter\Database\BaseConnection->query('INSERT INTO `us...', Array, false)
#3 C:\laragon\www\cipharmaplus\system\Model.php(319): CodeIgniter\Database\BaseBuilder->insert()
#4 C:\laragon\www\cipharmaplus\system\BaseModel.php(788): CodeIgniter\Model->doInsert(Array)
#5 C:\laragon\www\cipharmaplus\system\Model.php(715): CodeIgniter\BaseModel->insert(Array, true)
#6 C:\laragon\www\cipharmaplus\app\Controllers\UserController.php(28): CodeIgniter\Model->insert(Array)
#7 C:\laragon\www\cipharmaplus\system\CodeIgniter.php(919): App\Controllers\UserController->register()
#8 C:\laragon\www\cipharmaplus\system\CodeIgniter.php(494): CodeIgniter\CodeIgniter->runController(Object(App\Controllers\UserController))
#9 C:\laragon\www\cipharmaplus\system\CodeIgniter.php(353): CodeIgniter\CodeIgniter->handleRequest(NULL, Object(Config\Cache), false)
#10 C:\laragon\www\cipharmaplus\public\index.php(91): CodeIgniter\CodeIgniter->run()
#11 {main}
CRITICAL - 2023-12-07 00:23:37 --> Unable to connect to the database.
Main connection [MySQLi]: Incorrect database name 'pharmaplus        '
in SYSTEMPATH\Database\BaseConnection.php on line 427.
 1 SYSTEMPATH\Database\BaseConnection.php(574): CodeIgniter\Database\BaseConnection->initialize()
 2 SYSTEMPATH\Database\BaseBuilder.php(2308): CodeIgniter\Database\BaseConnection->query('INSERT INTO `users_tbl` (`email`, `user_password`, `token`, `first_name`, `last_name`, `branch_id`, `status`, `user_role`) VALUES (:email:, :user_password:, :token:, :first_name:, :last_name:, :branch_id:, :status:, :user_role:)', [...], false)
 3 SYSTEMPATH\Model.php(319): CodeIgniter\Database\BaseBuilder->insert()
 4 SYSTEMPATH\BaseModel.php(788): CodeIgniter\Model->doInsert([...])
 5 SYSTEMPATH\Model.php(715): CodeIgniter\BaseModel->insert([...], true)
 6 APPPATH\Controllers\UserController.php(28): CodeIgniter\Model->insert([...])
 7 SYSTEMPATH\CodeIgniter.php(919): App\Controllers\UserController->register()
 8 SYSTEMPATH\CodeIgniter.php(494): CodeIgniter\CodeIgniter->runController(Object(App\Controllers\UserController))
 9 SYSTEMPATH\CodeIgniter.php(353): CodeIgniter\CodeIgniter->handleRequest(null, Object(Config\Cache), false)
10 FCPATH\index.php(91): CodeIgniter\CodeIgniter->run()
ERROR - 2023-12-07 00:23:56 --> Error connecting to the database: mysqli_sql_exception: Incorrect database name 'pharmaplus        ' in C:\laragon\www\cipharmaplus\system\Database\MySQLi\Connection.php:185
Stack trace:
#0 C:\laragon\www\cipharmaplus\system\Database\MySQLi\Connection.php(185): mysqli->real_connect('localhost', 'root', '', 'pharmaplus     ...', 3306, '', 0)
#1 C:\laragon\www\cipharmaplus\system\Database\BaseConnection.php(391): CodeIgniter\Database\MySQLi\Connection->connect(false)
#2 C:\laragon\www\cipharmaplus\system\Database\BaseConnection.php(574): CodeIgniter\Database\BaseConnection->initialize()
#3 C:\laragon\www\cipharmaplus\system\Database\BaseBuilder.php(2308): CodeIgniter\Database\BaseConnection->query('INSERT INTO `us...', Array, false)
#4 C:\laragon\www\cipharmaplus\system\Model.php(319): CodeIgniter\Database\BaseBuilder->insert()
#5 C:\laragon\www\cipharmaplus\system\BaseModel.php(788): CodeIgniter\Model->doInsert(Array)
#6 C:\laragon\www\cipharmaplus\system\Model.php(715): CodeIgniter\BaseModel->insert(Array, true)
#7 C:\laragon\www\cipharmaplus\app\Controllers\UserController.php(28): CodeIgniter\Model->insert(Array)
#8 C:\laragon\www\cipharmaplus\system\CodeIgniter.php(919): App\Controllers\UserController->register()
#9 C:\laragon\www\cipharmaplus\system\CodeIgniter.php(494): CodeIgniter\CodeIgniter->runController(Object(App\Controllers\UserController))
#10 C:\laragon\www\cipharmaplus\system\CodeIgniter.php(353): CodeIgniter\CodeIgniter->handleRequest(NULL, Object(Config\Cache), false)
#11 C:\laragon\www\cipharmaplus\public\index.php(91): CodeIgniter\CodeIgniter->run()
#12 {main}

Next CodeIgniter\Database\Exceptions\DatabaseException: Incorrect database name 'pharmaplus        ' in C:\laragon\www\cipharmaplus\system\Database\MySQLi\Connection.php:229
Stack trace:
#0 C:\laragon\www\cipharmaplus\system\Database\BaseConnection.php(391): CodeIgniter\Database\MySQLi\Connection->connect(false)
#1 C:\laragon\www\cipharmaplus\system\Database\BaseConnection.php(574): CodeIgniter\Database\BaseConnection->initialize()
#2 C:\laragon\www\cipharmaplus\system\Database\BaseBuilder.php(2308): CodeIgniter\Database\BaseConnection->query('INSERT INTO `us...', Array, false)
#3 C:\laragon\www\cipharmaplus\system\Model.php(319): CodeIgniter\Database\BaseBuilder->insert()
#4 C:\laragon\www\cipharmaplus\system\BaseModel.php(788): CodeIgniter\Model->doInsert(Array)
#5 C:\laragon\www\cipharmaplus\system\Model.php(715): CodeIgniter\BaseModel->insert(Array, true)
#6 C:\laragon\www\cipharmaplus\app\Controllers\UserController.php(28): CodeIgniter\Model->insert(Array)
#7 C:\laragon\www\cipharmaplus\system\CodeIgniter.php(919): App\Controllers\UserController->register()
#8 C:\laragon\www\cipharmaplus\system\CodeIgniter.php(494): CodeIgniter\CodeIgniter->runController(Object(App\Controllers\UserController))
#9 C:\laragon\www\cipharmaplus\system\CodeIgniter.php(353): CodeIgniter\CodeIgniter->handleRequest(NULL, Object(Config\Cache), false)
#10 C:\laragon\www\cipharmaplus\public\index.php(91): CodeIgniter\CodeIgniter->run()
#11 {main}
CRITICAL - 2023-12-07 00:23:56 --> Unable to connect to the database.
Main connection [MySQLi]: Incorrect database name 'pharmaplus        '
in SYSTEMPATH\Database\BaseConnection.php on line 427.
 1 SYSTEMPATH\Database\BaseConnection.php(574): CodeIgniter\Database\BaseConnection->initialize()
 2 SYSTEMPATH\Database\BaseBuilder.php(2308): CodeIgniter\Database\BaseConnection->query('INSERT INTO `users_tbl` (`email`, `user_password`, `token`, `first_name`, `last_name`, `branch_id`, `status`, `user_role`) VALUES (:email:, :user_password:, :token:, :first_name:, :last_name:, :branch_id:, :status:, :user_role:)', [...], false)
 3 SYSTEMPATH\Model.php(319): CodeIgniter\Database\BaseBuilder->insert()
 4 SYSTEMPATH\BaseModel.php(788): CodeIgniter\Model->doInsert([...])
 5 SYSTEMPATH\Model.php(715): CodeIgniter\BaseModel->insert([...], true)
 6 APPPATH\Controllers\UserController.php(28): CodeIgniter\Model->insert([...])
 7 SYSTEMPATH\CodeIgniter.php(919): App\Controllers\UserController->register()
 8 SYSTEMPATH\CodeIgniter.php(494): CodeIgniter\CodeIgniter->runController(Object(App\Controllers\UserController))
 9 SYSTEMPATH\CodeIgniter.php(353): CodeIgniter\CodeIgniter->handleRequest(null, Object(Config\Cache), false)
10 FCPATH\index.php(91): CodeIgniter\CodeIgniter->run()
