ERROR - 2024-05-24 05:50:45 --> Error connecting to the database: ErrorException: Packets out of order. Expected 1 received 0. Packet size=51 in C:\laragon\www\cipharmaplus\system\Database\MySQLi\Connection.php:185
Stack trace:
#0 [internal function]: CodeIgniter\Debug\Exceptions->errorHandler(2, 'Packets out of ...', 'C:\\laragon\\www\\...', 185)
#1 C:\laragon\www\cipharmaplus\system\Database\MySQLi\Connection.php(185): mysqli->real_connect('localhost', 'root', '', 'pharmaplus', 3306, '', 0)
#2 C:\laragon\www\cipharmaplus\system\Database\BaseConnection.php(391): CodeIgniter\Database\MySQLi\Connection->connect(false)
#3 C:\laragon\www\cipharmaplus\system\Database\BaseConnection.php(574): CodeIgniter\Database\BaseConnection->initialize()
#4 C:\laragon\www\cipharmaplus\system\Database\BaseBuilder.php(1615): CodeIgniter\Database\BaseConnection->query('SELECT *\nFROM `...', Array, false)
#5 C:\laragon\www\cipharmaplus\system\Model.php(264): CodeIgniter\Database\BaseBuilder->get()
#6 C:\laragon\www\cipharmaplus\system\BaseModel.php(662): CodeIgniter\Model->doFirst()
#7 C:\laragon\www\cipharmaplus\app\Controllers\NotesController.php(56): CodeIgniter\BaseModel->first()
#8 C:\laragon\www\cipharmaplus\system\CodeIgniter.php(919): App\Controllers\NotesController->notesList('zE1DFsKH6BpMhqG...')
#9 C:\laragon\www\cipharmaplus\system\CodeIgniter.php(494): CodeIgniter\CodeIgniter->runController(Object(App\Controllers\NotesController))
#10 C:\laragon\www\cipharmaplus\system\CodeIgniter.php(353): CodeIgniter\CodeIgniter->handleRequest(NULL, Object(Config\Cache), false)
#11 C:\laragon\www\cipharmaplus\public\index.php(91): CodeIgniter\CodeIgniter->run()
#12 {main}

Next mysqli_sql_exception: MySQL server has gone away in C:\laragon\www\cipharmaplus\system\Database\MySQLi\Connection.php:185
Stack trace:
#0 C:\laragon\www\cipharmaplus\system\Database\MySQLi\Connection.php(185): mysqli->real_connect('localhost', 'root', '', 'pharmaplus', 3306, '', 0)
#1 C:\laragon\www\cipharmaplus\system\Database\BaseConnection.php(391): CodeIgniter\Database\MySQLi\Connection->connect(false)
#2 C:\laragon\www\cipharmaplus\system\Database\BaseConnection.php(574): CodeIgniter\Database\BaseConnection->initialize()
#3 C:\laragon\www\cipharmaplus\system\Database\BaseBuilder.php(1615): CodeIgniter\Database\BaseConnection->query('SELECT *\nFROM `...', Array, false)
#4 C:\laragon\www\cipharmaplus\system\Model.php(264): CodeIgniter\Database\BaseBuilder->get()
#5 C:\laragon\www\cipharmaplus\system\BaseModel.php(662): CodeIgniter\Model->doFirst()
#6 C:\laragon\www\cipharmaplus\app\Controllers\NotesController.php(56): CodeIgniter\BaseModel->first()
#7 C:\laragon\www\cipharmaplus\system\CodeIgniter.php(919): App\Controllers\NotesController->notesList('zE1DFsKH6BpMhqG...')
#8 C:\laragon\www\cipharmaplus\system\CodeIgniter.php(494): CodeIgniter\CodeIgniter->runController(Object(App\Controllers\NotesController))
#9 C:\laragon\www\cipharmaplus\system\CodeIgniter.php(353): CodeIgniter\CodeIgniter->handleRequest(NULL, Object(Config\Cache), false)
#10 C:\laragon\www\cipharmaplus\public\index.php(91): CodeIgniter\CodeIgniter->run()
#11 {main}

Next CodeIgniter\Database\Exceptions\DatabaseException: MySQL server has gone away in C:\laragon\www\cipharmaplus\system\Database\MySQLi\Connection.php:229
Stack trace:
#0 C:\laragon\www\cipharmaplus\system\Database\BaseConnection.php(391): CodeIgniter\Database\MySQLi\Connection->connect(false)
#1 C:\laragon\www\cipharmaplus\system\Database\BaseConnection.php(574): CodeIgniter\Database\BaseConnection->initialize()
#2 C:\laragon\www\cipharmaplus\system\Database\BaseBuilder.php(1615): CodeIgniter\Database\BaseConnection->query('SELECT *\nFROM `...', Array, false)
#3 C:\laragon\www\cipharmaplus\system\Model.php(264): CodeIgniter\Database\BaseBuilder->get()
#4 C:\laragon\www\cipharmaplus\system\BaseModel.php(662): CodeIgniter\Model->doFirst()
#5 C:\laragon\www\cipharmaplus\app\Controllers\NotesController.php(56): CodeIgniter\BaseModel->first()
#6 C:\laragon\www\cipharmaplus\system\CodeIgniter.php(919): App\Controllers\NotesController->notesList('zE1DFsKH6BpMhqG...')
#7 C:\laragon\www\cipharmaplus\system\CodeIgniter.php(494): CodeIgniter\CodeIgniter->runController(Object(App\Controllers\NotesController))
#8 C:\laragon\www\cipharmaplus\system\CodeIgniter.php(353): CodeIgniter\CodeIgniter->handleRequest(NULL, Object(Config\Cache), false)
#9 C:\laragon\www\cipharmaplus\public\index.php(91): CodeIgniter\CodeIgniter->run()
#10 {main}
CRITICAL - 2024-05-24 05:50:46 --> Unable to connect to the database.
Main connection [MySQLi]: MySQL server has gone away
in SYSTEMPATH\Database\BaseConnection.php on line 427.
 1 SYSTEMPATH\Database\BaseConnection.php(574): CodeIgniter\Database\BaseConnection->initialize()
 2 SYSTEMPATH\Database\BaseBuilder.php(1615): CodeIgniter\Database\BaseConnection->query('SELECT *
FROM `users_tbl`
WHERE `token` = :token:
 LIMIT 1', [...], false)
 3 SYSTEMPATH\Model.php(264): CodeIgniter\Database\BaseBuilder->get()
 4 SYSTEMPATH\BaseModel.php(662): CodeIgniter\Model->doFirst()
 5 APPPATH\Controllers\NotesController.php(56): CodeIgniter\BaseModel->first()
 6 SYSTEMPATH\CodeIgniter.php(919): App\Controllers\NotesController->notesList('zE1DFsKH6BpMhqG7AcngQvLuoxCkTbtUVWyYI5e8SPXi90adRf')
 7 SYSTEMPATH\CodeIgniter.php(494): CodeIgniter\CodeIgniter->runController(Object(App\Controllers\NotesController))
 8 SYSTEMPATH\CodeIgniter.php(353): CodeIgniter\CodeIgniter->handleRequest(null, Object(Config\Cache), false)
 9 FCPATH\index.php(91): CodeIgniter\CodeIgniter->run()
